144	1.2	0
-2.356194	1.574060	2.783565
0.000000	0.000000	0.000000
../data/3_zdock/HER2_m.pdb	37.529	5.447	5.464
../data/3_zdock/antibody_m/l12_2.pdb	0.478	8.530	-0.838
-0.523599	0.866395	-2.492918	134	45	132	1450.367
-3.141593	2.115563	0.685730	116	4	113	1318.686
2.094395	1.554776	0.100351	114	10	110	1287.493
2.879793	1.977582	0.969896	108	9	113	1282.136
-2.879793	1.440580	2.260026	102	9	126	1265.198
2.356194	1.683268	0.374177	114	11	109	1256.400
2.094395	1.721184	-0.153948	114	5	114	1253.332
2.617994	2.724429	-0.348782	120	143	121	1245.209
1.308997	0.961715	0.014085	121	3	113	1236.358
1.570796	1.554776	0.100351	117	6	110	1232.483
0.785398	0.571433	-1.188419	113	4	117	1222.312
1.570796	1.113094	-0.272241	111	11	111	1220.692
2.617994	2.404280	-0.174044	118	1	115	1218.809
2.879793	2.115563	0.685730	112	6	113	1209.997
-2.879793	1.872854	1.543456	106	5	124	1192.887
2.094395	2.579248	-2.364801	128	130	35	1186.585
1.570796	1.417623	-0.202254	118	2	115	1184.236
2.617994	1.875281	0.107086	115	8	110	1177.334
1.832596	1.554776	0.100351	123	7	106	1173.584
-0.523599	0.762244	-0.273349	124	5	111	1173.470
1.832596	1.417623	-0.202254	111	10	112	1168.829
0.000000	1.741644	-2.695914	132	128	37	1168.074
0.523599	2.343981	-1.040456	110	4	114	1166.183
0.523599	0.850607	-1.335383	111	4	121	1164.468
-3.141593	1.812176	0.656819	116	8	110	1160.083
-3.141593	1.977582	0.969896	111	7	114	1156.190
2.356194	1.242974	-2.977882	120	142	38	1146.604
-2.879793	1.809167	1.213774	109	4	119	1145.138
2.617994	1.569311	-3.003978	131	119	32	1140.849
-2.094395	0.619654	-2.216909	130	138	35	1138.594
-2.879793	1.310100	1.488307	109	13	109	1137.307
-2.617994	0.910508	1.903534	104	9	118	1133.853
1.570796	0.866955	-0.931351	112	5	114	1133.417
1.308997	1.135834	-1.431087	109	1	124	1124.896
-2.356194	2.063651	-2.044600	128	142	35	1121.706
-2.879793	1.555207	1.708892	107	9	114	1113.572
-3.141593	2.295480	1.008277	111	3	119	1112.660
2.356194	2.579248	-2.364801	129	129	35	1108.479
0.000000	2.356369	3.005869	127	136	37	1108.026
-2.879793	1.168678	2.108595	102	10	122	1107.430
1.570796	2.349581	-2.702517	122	132	35	1106.868
1.832596	1.450119	-2.739050	107	7	118	1105.349
-2.094395	1.134796	2.434290	113	0	125	1104.342
2.879793	2.001437	0.381215	119	6	109	1103.845
1.832596	1.194549	-0.801900	115	9	108	1100.869
-1.308997	1.870545	-2.976234	127	130	37	1099.910
-0.785398	1.756530	-2.105156	126	138	35	1096.836
-2.617994	1.440580	2.260026	105	5	125	1094.117
-2.879793	1.599406	1.426070	110	10	110	1094.082
0.000000	0.615174	-0.666022	117	4	114	1090.296
-2.617994	1.195355	1.200319	112	16	105	1089.367
-2.617994	1.413430	2.550734	105	5	130	1086.910
1.308997	0.615174	-0.666022	114	7	111	1085.668
-2.094395	2.174483	2.653697	130	135	36	1085.606
-2.879793	2.138223	1.678323	105	5	129	1083.072
1.570796	1.184361	0.625864	114	27	103	1082.810
1.832596	1.870545	-2.976234	127	123	34	1082.421
-1.832596	2.187132	-0.479875	119	18	107	1074.448
2.094395	1.417623	-0.202254	118	9	108	1073.838
-2.617994	0.899350	-2.069907	130	138	35	1073.047
0.785398	1.904882	-1.478089	115	2	118	1072.865
0.523599	1.872854	1.543456	32	24	4	1070.031
0.785398	2.138223	1.678323	29	27	8	1069.234
0.523599	0.615174	-0.666022	119	6	109	1067.198
-0.785398	0.961715	0.014085	129	6	108	1067.009
2.356194	1.875281	0.107086	109	6	116	1066.549
2.879793	1.812176	0.656819	113	10	110	1065.717
-0.785398	0.762244	-0.273349	109	10	112	1062.028
-0.261799	2.478122	2.609777	38	120	30	1061.467
-2.617994	0.618092	2.539118	112	2	122	1060.803
2.356194	2.001437	0.381215	106	8	117	1059.847
-2.094395	1.247695	1.809890	127	126	32	1059.767
-2.356194	1.310100	1.488307	104	6	116	1055.127
1.832596	2.033014	2.977192	128	130	36	1054.136
-0.261799	0.458961	-0.107937	115	5	112	1054.124
-2.617994	1.948085	-2.363031	127	137	37	1054.090
-0.523599	2.760637	2.781135	111	3	118	1053.282
1.832596	0.850607	-1.335383	112	3	119	1053.241
-2.617994	1.168678	2.108595	105	7	121	1052.315
2.094395	2.881233	-2.582574	132	134	35	1051.536
0.000000	2.664082	-1.071402	107	7	117	1050.066
-1.570796	2.984978	1.954446	108	7	113	1049.389
1.570796	0.960688	-0.577532	114	8	110	1047.460
-2.617994	1.247695	1.809890	116	2	116	1046.979
1.570796	1.134497	-1.109631	108	5	118	1041.937
-2.356194	0.899350	-2.069907	129	141	35	1041.591
0.523599	1.450119	-2.739050	120	2	129	1041.422
2.356194	1.909857	-0.381669	123	4	109	1035.760
0.000000	1.450119	-2.739050	132	133	38	1035.696
2.617994	1.218453	2.777284	121	139	37	1035.559
2.356194	1.050534	3.042579	115	143	36	1034.273
1.832596	1.113094	-0.272241	114	10	110	1034.141
-2.879793	0.618092	2.539118	114	0	124	1033.809
2.879793	2.379497	0.561089	115	1	117	1033.761
2.879793	1.310100	1.488307	116	127	29	1033.538
2.617994	2.356369	3.005869	135	133	36	1033.500
2.617994	2.089241	-0.114193	115	3	113	1033.441
-2.356194	1.413430	2.550734	109	2	129	1032.965
-2.094395	1.504028	0.636812	107	10	113	1032.828
-0.261799	1.135813	-2.658866	132	45	137	1032.570
-2.617994	1.809167	1.213774	108	1	124	1029.512
1.047198	2.063651	-2.044600	131	122	34	1028.630
-3.141593	1.488617	1.159546	110	14	107	1027.199
1.047198	2.478122	2.609777	129	132	38	1025.515
-2.879793	0.914445	2.687814	116	0	129	1025.383
1.570796	1.869911	2.701025	125	133	36	1025.179
0.785398	1.756530	-2.105156	124	127	36	1024.855
-1.308997	1.391910	3.030322	129	124	37	1024.650
1.570796	1.256302	0.062705	121	5	111	1023.631
-0.261799	1.247695	1.809890	137	126	28	1023.461
1.308997	1.113094	-0.272241	108	13	111	1022.738
2.094395	2.033014	2.977192	129	131	36	1022.619
-3.141593	2.587733	0.232235	118	1	117	1021.509
0.785398	1.766067	2.153843	128	140	35	1021.103
2.617994	1.599406	1.426070	98	21	116	1020.976
1.308997	1.554776	0.100351	114	6	110	1020.366
2.094395	1.134497	-1.109631	119	5	109	1019.253
-0.261799	1.870545	-2.976234	129	130	36	1018.582
-2.356194	0.297065	2.160177	120	143	118	1018.316
-2.094395	0.591903	2.010408	118	7	110	1017.874
-2.879793	1.134796	2.434290	102	9	125	1017.661
2.094395	1.256302	0.062705	117	15	104	1017.161
-1.832596	2.356369	3.005869	129	138	36	1016.030
1.047198	1.699788	2.452890	122	137	36	1014.820
2.094395	1.413347	-1.339188	134	128	31	1014.515
2.617994	1.194549	-0.801900	135	135	27	1014.059
-0.261799	1.168678	2.108595	134	129	31	1011.959
1.832596	0.618092	2.539118	133	137	36	1011.098
1.047198	1.045978	0.343692	120	7	108	1010.763
0.261799	0.571433	-1.188419	108	4	124	1010.621
-1.047198	2.588535	-2.976617	123	119	30	1010.486
1.832596	1.433411	-1.035986	111	5	112	1008.393
2.094395	1.870545	-2.976234	129	126	34	1002.769
0.785398	0.615174	-0.666022	122	7	108	1001.213
2.617994	2.396274	-1.959260	130	125	34	1000.909
1.570796	1.721184	-0.153948	115	2	114	1000.844
2.356194	2.187132	-0.479875	121	2	113	1000.792
-1.832596	0.418037	1.360082	115	2	115	1000.775
2.094395	2.104282	-0.813972	111	4	114	1000.210
0.261799	2.396274	-1.959260	108	4	117	1000.091
-2.356194	0.910508	1.903534	108	5	117	999.826
0.785398	2.063651	-2.044600	128	123	34	999.636
1.570796	1.732874	-0.951685	111	3	116	999.334
1.832596	1.135834	-1.431087	114	2	115	999.325
-0.261799	1.374601	-2.456031	22	16	31	999.266
2.879793	1.809167	1.213774	105	13	111	998.821
-1.308997	1.948085	-2.363031	121	133	37	997.801
-0.785398	2.164094	-2.991358	127	122	34	996.971
2.879793	2.407836	1.410646	102	10	114	996.415
2.094395	1.242974	-2.977882	125	136	37	996.340
2.356194	1.554776	0.100351	118	7	110	996.281
1.308997	1.617114	-1.572037	108	6	113	996.254
-3.141593	1.809167	1.213774	108	10	111	996.077
2.617994	2.033014	2.977192	131	129	36	995.860
2.879793	2.247462	0.191623	120	1	113	995.753
-2.879793	1.488617	1.159546	113	13	106	995.682
-2.617994	0.864993	2.278281	122	133	33	994.366
0.261799	1.135813	-2.658866	108	19	118	994.325
1.832596	1.741644	-2.695914	106	7	121	994.275
1.047198	2.396274	-1.959260	115	0	125	992.889
2.356194	2.089241	-0.114193	110	4	119	992.445
2.094395	1.909857	-0.381669	113	4	114	991.944
1.570796	1.391910	3.030322	129	136	37	991.402
2.356194	2.724429	-0.348782	115	143	121	990.503
1.047198	1.599406	1.426070	119	17	114	990.363
-2.356194	0.591903	2.010408	108	5	117	990.336
-2.094395	0.906588	1.252948	113	2	117	989.017
0.261799	0.496451	0.593859	115	1	116	988.451
0.523599	2.153910	-1.714959	115	143	124	987.742
-2.879793	0.910508	1.903534	100	14	117	987.426
-1.047198	2.863997	0.549740	30	27	4	986.906
1.308997	1.218453	2.777284	128	138	36	985.185
-0.523599	0.910508	1.903534	117	2	126	984.355
1.832596	0.458961	-0.107937	116	12	106	983.852
-2.617994	2.180315	-1.357379	138	126	31	983.256
1.570796	0.571433	-1.188419	111	5	116	983.183
1.570796	2.478122	2.609777	127	137	37	981.964
2.617994	0.080730	-2.622036	121	1	115	981.617
-0.523599	1.247695	1.809890	117	3	120	981.527
-1.308997	1.433411	-1.035986	120	17	109	981.140
-1.047198	1.218453	2.777284	128	132	35	980.809
-2.094395	1.662363	0.915448	107	6	117	980.735
-1.832596	1.662363	0.915448	111	4	117	980.693
1.832596	2.349581	-2.702517	121	132	35	980.456
2.356194	2.455966	-0.641220	122	0	116	979.771
2.617994	1.488617	1.159546	113	133	27	979.500
1.832596	1.184361	0.625864	114	24	103	978.539
-1.832596	0.618092	2.539118	123	132	36	977.919
0.523599	1.948085	-2.363031	129	127	36	977.097
1.570796	2.180315	-1.357379	118	0	117	976.870
-2.879793	0.929350	-2.910676	127	130	38	976.810
0.785398	1.242974	-2.977882	130	127	36	976.068
1.570796	0.961715	0.014085	125	4	113	975.882
1.047198	1.413347	-1.339188	106	7	116	975.384
-0.261799	0.960688	-0.577532	123	9	108	975.286
1.047198	1.050534	3.042579	129	135	36	975.039
-2.879793	2.108018	1.311430	109	3	123	974.979
-0.523599	1.869911	2.701025	30	130	39	974.383
-3.141593	1.168678	2.108595	98	15	121	973.824
2.879793	2.404280	-0.174044	122	2	114	973.783
-0.785398	1.168678	2.108595	113	3	124	973.723
0.261799	2.456751	-1.503343	114	2	118	973.484
-3.141593	1.658653	-2.409879	38	123	32	973.237
0.523599	0.290380	-0.796960	119	3	113	972.797
1.308997	0.960688	-0.577532	111	9	110	972.442
-2.356194	0.685216	-1.712745	132	143	33	971.233
-0.785398	0.203748	0.590255	119	3	113	970.975
-0.785398	0.458961	-0.107937	109	6	117	969.753
2.094395	2.356369	3.005869	130	132	36	968.961
-1.308997	2.089241	-0.114193	113	11	110	968.623
-0.523599	1.256302	0.062705	110	4	117	968.445
0.785398	1.440580	2.260026	123	142	34	968.377
-2.879793	2.001437	0.381215	117	1	116	968.271
0.785398	1.658653	-2.409879	131	130	38	967.694
-1.047198	1.875281	0.107086	113	7	113	967.356
-2.617994	1.488617	1.159546	103	11	111	967.068
-0.261799	1.440580	2.260026	133	127	32	966.326
-1.570796	0.674054	1.013609	120	1	113	965.544
-1.308997	1.413347	-1.339188	118	22	109	964.547
-1.308997	0.496451	0.593859	112	4	115	964.266
2.617994	1.809167	1.213774	98	18	115	964.195
1.832596	0.571433	-1.188419	116	3	115	962.559
-0.523599	2.349581	-2.702517	119	123	35	962.481
-2.617994	2.456751	-1.503343	131	128	36	962.265
-1.308997	0.929350	-2.910676	109	9	130	961.941
1.308997	1.310100	1.488307	126	2	29	961.743
-0.523599	2.637879	2.121598	114	3	135	961.627
-2.094395	1.184361	0.625864	102	14	113	961.626
-2.094395	1.413430	2.550734	113	143	127	961.055
1.570796	1.569311	-3.003978	103	9	123	960.925
-2.617994	1.367556	0.358405	133	123	25	960.868
2.094395	1.606104	-0.451151	117	5	112	960.092
0.261799	0.615174	-0.666022	114	7	111	958.971
1.047198	0.685216	-1.712745	109	3	122	957.962
-2.094395	1.440580	2.260026	113	0	121	957.936
0.000000	1.214854	-1.966664	117	28	20	957.471
0.261799	1.836682	-0.676006	106	4	116	957.125
2.879793	1.488617	1.159546	113	131	27	957.070
-2.879793	1.195355	1.200319	110	18	105	956.595
1.832596	2.664082	-1.071402	108	4	120	956.568
0.261799	1.301460	-0.509251	107	4	116	954.535
-2.356194	1.184361	0.625864	101	16	114	954.223
2.094395	0.910508	1.903534	131	1	32	954.014
0.785398	0.709924	0.218797	117	2	114	953.115
-0.523599	0.960688	-0.577532	121	10	107	952.637
2.094395	1.367556	0.358405	114	17	104	952.399
1.308997	0.685216	-1.712745	113	1	122	952.365
2.617994	1.606104	-0.451151	127	128	26	952.168
0.785398	1.699788	2.452890	124	137	37	951.938
1.570796	2.033014	2.977192	127	128	36	951.447
-1.047198	2.115563	0.685730	116	7	110	951.312
-2.617994	1.870545	-2.976234	125	137	36	951.237
0.523599	1.440580	2.260026	133	47	128	950.852
-0.261799	2.349581	-2.702517	121	124	35	950.850
2.356194	2.033014	2.977192	131	129	36	950.417
-2.617994	0.458961	-0.107937	106	13	112	950.212
0.785398	1.870545	-2.976234	127	139	37	949.907
-0.785398	1.658653	-2.409879	133	136	37	949.785
-0.261799	0.297065	2.160177	131	131	35	949.561
-2.094395	2.478122	2.609777	125	137	37	949.163
0.785398	2.180315	-1.357379	113	4	114	948.904
-0.785398	1.488617	1.159546	113	3	115	948.094
1.570796	1.982574	-1.115518	122	142	117	948.041
0.261799	1.982574	-1.115518	106	3	121	947.540
0.785398	1.696674	-1.253233	101	12	115	947.510
-2.356194	1.504028	0.636812	104	12	113	947.380
-1.047198	1.809167	1.213774	112	6	112	947.374
-1.832596	1.504028	0.636812	110	8	113	947.371
2.356194	1.218453	2.777284	117	141	37	946.618
1.832596	1.134497	-1.109631	114	5	111	944.949
1.308997	1.256302	0.062705	117	4	112	944.516
0.000000	1.194549	-0.801900	121	12	108	944.397
1.570796	0.379747	-1.713059	115	2	115	943.915
-2.617994	2.587733	0.232235	122	1	116	943.703
-1.832596	2.588535	-2.976617	111	12	115	943.386
-2.879793	0.906588	1.252948	117	3	113	943.029
2.617994	1.736875	3.023612	123	133	37	942.481
-1.570796	2.033014	2.977192	132	130	36	942.413
-0.523599	0.458961	-0.107937	112	6	112	942.186
-0.785398	1.045978	0.343692	107	3	122	941.910
-2.879793	0.419640	2.974122	113	2	120	941.656
1.832596	1.218453	2.777284	124	140	37	941.285
-3.141593	1.662363	0.915448	113	11	107	941.208
-2.094395	2.637879	2.121598	127	136	37	941.084
-2.617994	0.591903	2.010408	110	2	121	941.079
-0.523599	1.134796	2.434290	131	130	34	940.899
0.523599	0.640596	-2.797608	103	16	116	940.508
2.356194	1.736875	3.023612	129	125	35	940.353
2.617994	1.050534	3.042579	112	142	36	940.076
2.356194	1.836682	-0.676006	113	3	113	939.676
2.356194	2.115563	0.685730	110	10	108	939.650
-2.879793	1.504028	0.636812	117	3	112	939.467
2.356194	2.588535	-2.976617	131	131	37	938.641
0.523599	1.870545	-2.976234	127	137	37	937.638
2.094395	1.113094	-0.272241	119	13	105	937.481
2.617994	2.041297	-2.664597	129	0	38	937.417
1.047198	2.349581	-2.702517	123	132	35	937.061
-1.047198	2.251330	-2.330739	115	131	35	936.983
-2.879793	2.456751	-1.503343	133	127	34	936.480
2.879793	2.704512	1.488683	101	8	118	936.227
-2.356194	1.134796	2.434290	109	2	126	936.148
2.094395	2.164094	-2.991358	129	127	36	935.469
-2.879793	0.203748	0.590255	112	8	112	934.794
0.785398	2.349581	-2.702517	124	131	34	934.461
-2.879793	0.864993	2.278281	112	0	125	934.453
-1.570796	2.637879	2.121598	31	106	22	934.064
1.832596	1.413347	-1.339188	111	2	116	934.032
1.832596	2.251330	-2.330739	121	126	35	933.914
-0.785398	1.662363	0.915448	113	2	117	933.535
-1.308997	1.809167	1.213774	109	3	119	933.529
-2.617994	1.335669	0.897240	117	17	102	933.219
-2.356194	1.014500	0.906702	98	14	117	932.850
-2.617994	1.134796	2.434290	105	5	125	932.505
-1.047198	1.413347	-1.339188	117	22	109	932.244
2.356194	1.391910	3.030322	127	126	35	932.195
2.094395	2.979456	-1.009304	110	3	123	932.185
2.879793	1.569311	-3.003978	128	124	36	932.168
-0.523599	2.164094	-2.991358	125	125	35	931.719
-1.570796	2.174483	2.653697	130	132	37	931.595
-1.832596	1.134796	2.434290	111	143	125	931.412
2.617994	0.370812	-2.547742	109	4	118	930.004
2.356194	1.721184	-0.153948	115	7	109	929.874
-0.785398	1.391910	3.030322	131	129	37	929.866
0.261799	2.356369	3.005869	126	131	36	929.840
2.094395	2.455966	-0.641220	117	143	119	929.143
-3.141593	1.374601	-2.456031	39	119	30	928.927
-1.047198	2.356369	3.005869	133	140	36	928.778
-1.570796	1.135834	-1.431087	127	142	32	928.598
0.000000	1.846342	-1.796954	127	133	33	928.358
2.617994	2.251330	-2.330739	135	132	34	928.307
2.356194	0.080730	-2.622036	116	1	116	927.808
1.832596	2.396274	-1.959260	123	120	33	927.665
0.261799	2.979456	-1.009304	133	137	37	927.587
-3.141593	2.356369	3.005869	111	23	114	927.519
1.570796	2.664082	-1.071402	103	5	123	927.370
-1.570796	2.164094	-2.991358	130	133	37	927.171
-2.617994	1.025536	1.576859	109	2	120	927.060
1.308997	1.510910	-0.740472	121	127	25	927.015
-2.617994	0.906588	1.252948	121	4	111	926.985
0.000000	1.433411	-1.035986	117	17	107	926.940
-1.047198	1.948085	-2.363031	121	133	37	926.794
-0.785398	1.875281	0.107086	115	6	112	926.691
0.261799	2.164094	-2.991358	122	138	37	926.303
-2.617994	1.599406	1.426070	117	0	118	926.094
-2.879793	1.870545	-2.976234	123	141	37	925.897
0.523599	1.247695	1.809890	135	47	121	925.883
2.094395	1.433411	-1.035986	108	2	122	925.641
1.308997	1.869911	2.701025	125	131	36	925.542
-3.141593	1.310100	1.488307	118	126	29	925.471
-1.570796	2.704512	1.488683	111	6	114	924.766
-1.047198	1.256302	0.062705	122	6	110	924.682
-2.617994	1.310100	1.488307	111	11	109	924.681
2.617994	1.450119	-2.739050	132	115	30	924.660
-3.141593	2.247462	0.191623	118	2	115	924.396
-2.356194	1.599406	1.426070	106	4	116	924.018
1.047198	2.033014	2.977192	130	135	37	923.726
-1.047198	0.496451	0.593859	118	5	110	923.591
2.094395	0.379747	-1.713059	112	5	115	923.059
-0.785398	2.041297	-2.664597	125	126	37	923.050
-0.785398	2.760637	2.781135	114	3	116	922.932
-3.141593	2.001437	0.381215	121	5	110	922.809
0.785398	1.134497	-1.109631	112	11	107	922.629
0.261799	2.104282	-0.813972	106	6	115	922.571
-0.261799	1.113094	-0.272241	104	6	116	921.862
-0.523599	0.618092	2.539118	133	133	35	921.672
-2.617994	2.863997	0.549740	111	1	126	921.604
-3.141593	1.872854	1.543456	103	8	124	921.514
1.308997	1.045978	0.343692	123	7	109	921.004
0.261799	0.850607	-1.335383	121	131	32	920.370
-0.785398	2.063651	-2.044600	115	135	36	919.848
-3.141593	2.478122	2.609777	113	20	113	919.714
0.261799	0.960688	-0.577532	107	1	121	919.432
1.308997	0.850607	-1.335383	117	5	110	919.198
2.879793	2.724429	-0.348782	114	3	118	919.189
0.523599	1.699788	2.452890	126	136	37	918.706
0.523599	2.579248	-2.364801	117	3	115	918.666
-2.617994	1.555207	1.708892	110	7	113	918.545
0.523599	1.766067	2.153843	130	138	35	918.499
2.356194	1.569311	-3.003978	129	128	35	918.464
-2.617994	1.506530	1.988858	105	5	121	918.423
1.832596	2.393226	1.857173	130	138	36	917.770
2.879793	2.089241	-0.114193	119	2	112	916.806
0.261799	2.108018	1.311430	3	40	123	916.676
-2.356194	2.251330	-2.330739	121	142	36	916.448
-2.094395	2.455966	-0.641220	115	18	110	915.829
-1.832596	1.658653	-2.409879	128	137	38	915.002
1.047198	1.998705	2.370472	128	136	37	914.748
1.832596	1.256302	0.062705	114	17	104	914.401
-0.785398	1.809167	1.213774	116	5	112	914.232
-2.094395	2.592629	0.909713	109	6	117	914.053
-3.141593	2.456751	-1.503343	113	3	130	913.531
-1.308997	1.756530	-2.105156	123	138	36	913.458
-1.570796	1.433411	-1.035986	119	17	109	913.370
1.570796	1.218453	2.777284	129	135	35	912.996
1.570796	1.045978	0.343692	116	23	102	912.991
0.523599	1.194549	-0.801900	108	0	121	912.932
1.832596	1.301460	-0.509251	117	1	117	912.573
0.785398	1.194549	-0.801900	113	142	119	912.516
-1.832596	1.050534	3.042579	125	10	117	912.022
-2.094395	1.870545	-2.976234	129	138	37	911.665
-0.785398	1.599406	1.426070	115	2	116	911.339
-1.308997	2.108018	1.311430	116	3	112	910.951
0.000000	2.343981	-1.040456	106	5	120	910.836
0.785398	2.164094	-2.991358	127	135	36	910.599
-0.785398	2.984978	1.954446	119	5	113	910.473
-3.141593	1.335669	0.897240	114	21	102	910.209
1.047198	0.571433	-1.188419	118	4	111	909.528
2.617994	1.909857	-0.381669	112	4	113	909.422
0.785398	1.413347	-1.339188	102	10	116	908.264
2.879793	1.736875	3.023612	121	133	37	908.129
-1.308997	2.984978	1.954446	111	6	113	907.963
0.261799	2.881233	-2.582574	111	4	116	907.900
-1.308997	1.569311	-3.003978	127	127	39	907.512
-0.261799	0.203748	0.590255	116	10	108	907.381
0.000000	1.134497	-1.109631	120	130	28	907.369
-2.879793	2.041297	-2.664597	122	136	38	907.262
-0.785398	2.349581	-2.702517	117	124	35	907.114
1.832596	1.721184	-0.153948	119	1	114	906.965
-3.141593	2.407836	1.410646	124	127	37	906.910
-2.356194	1.440580	2.260026	109	2	122	906.900
1.570796	1.506530	1.988858	124	140	34	906.776
-3.141593	1.683268	0.374177	120	8	107	904.856
-3.141593	1.247695	1.809890	98	18	116	904.696
2.879793	1.168678	2.108595	96	21	121	904.549
-1.308997	2.041297	-2.664597	128	134	36	904.347
2.617994	0.733948	3.021411	127	135	36	904.250
-2.617994	1.569311	-3.003978	124	133	38	904.093
0.261799	2.379497	0.561089	124	136	37	904.092
0.000000	2.637879	2.121598	133	125	35	904.023
1.570796	2.343981	-1.040456	104	6	119	903.668
-1.570796	2.404280	-0.174044	116	14	108	903.667
0.523599	0.910508	1.903534	135	46	118	903.570
-2.094395	1.335669	0.897240	105	7	116	903.357
2.617994	2.108018	1.311430	103	15	109	903.233
-1.047198	2.984978	1.954446	115	5	114	903.146
-3.141593	0.929350	-2.910676	126	131	38	902.878
2.617994	1.870545	-2.976234	128	127	36	902.799
1.047198	1.510910	-0.740472	120	128	25	902.676
-2.356194	2.863997	0.549740	114	1	125	902.591
0.785398	1.741644	-2.695914	117	138	34	902.497
-3.141593	1.599406	1.426070	107	12	111	902.451
2.617994	1.683268	0.374177	120	10	107	902.130
-2.094395	1.488617	1.159546	111	5	111	902.010
1.570796	1.433411	-1.035986	114	2	116	901.942
-2.879793	0.640596	-2.797608	131	123	36	901.880
-3.141593	1.696674	-1.253233	139	132	30	901.559
-0.785398	2.247462	0.191623	1	41	120	901.353
-1.308997	1.977582	0.969896	110	6	115	901.132
-1.308997	2.033014	2.977192	128	137	37	900.634
-1.308997	2.063651	-2.044600	121	140	34	900.432
-3.141593	0.914445	2.687814	114	0	120	900.321
1.047198	0.961715	0.014085	116	2	113	900.175
0.261799	2.478122	2.609777	127	126	38	900.128
-0.523599	2.174483	2.653697	128	137	37	900.097
-2.879793	1.977582	0.969896	106	3	123	900.086
-0.523599	1.417623	-0.202254	113	4	116	899.980
-0.785398	1.824694	1.850876	119	0	116	899.873
-2.356194	0.615174	-0.666022	112	10	111	899.635
1.308997	1.413347	-1.339188	112	8	109	899.163
-2.879793	2.478122	2.609777	131	130	36	898.931
-2.094395	1.195355	1.200319	108	7	111	898.808
0.785398	2.174483	2.653697	124	133	39	898.584
1.570796	1.367556	0.358405	111	23	103	898.511
-1.832596	2.063651	-2.044600	122	138	36	898.320
0.785398	2.664082	-1.071402	118	5	111	898.312
-2.094395	0.290380	-0.796960	107	18	109	898.252
-3.141593	1.948085	-2.363031	129	0	38	898.103
-1.832596	1.413430	2.550734	113	1	123	897.795
-2.356194	1.555207	1.708892	111	136	26	897.761
1.047198	1.617114	-1.572037	103	7	120	897.594
0.785398	2.153910	-1.714959	127	124	33	897.448
2.094395	2.407836	1.410646	107	15	116	897.429
0.261799	0.370812	-2.547742	126	136	35	897.317
1.047198	1.168678	2.108595	117	47	116	896.853
1.308997	2.587733	0.232235	104	9	118	896.676
-1.047198	1.440580	2.260026	139	137	35	896.592
-1.047198	2.063651	-2.044600	118	139	34	896.577
-1.570796	0.370812	-2.547742	134	137	35	896.434
-2.617994	1.736875	3.023612	119	137	36	896.176
-3.141593	1.998705	2.370472	131	131	37	896.014
2.617994	1.555207	1.708892	96	23	120	895.451
0.523599	2.349581	-2.702517	127	126	36	895.286
2.617994	1.247695	1.809890	119	126	30	895.222
-2.356194	0.458961	-0.107937	109	11	111	895.156
-2.356194	0.866955	-0.931351	125	142	32	894.954
1.308997	2.033014	2.977192	128	130	37	894.872
-3.141593	1.569311	-3.003978	124	140	39	894.834
-2.094395	1.569311	-3.003978	128	133	38	894.789
-2.094395	1.050534	3.042579	122	8	118	894.585
-2.094395	1.977582	0.969896	114	0	121	894.543
-0.261799	0.866955	-0.931351	115	7	113	894.303
2.094395	2.115563	0.685730	114	12	105	894.128
-1.570796	2.760637	2.781135	122	116	25	894.009
-3.141593	1.025536	1.576859	121	123	27	894.006
-1.047198	2.001437	0.381215	114	5	113	894.004
-2.356194	1.488617	1.159546	119	1	114	893.829
-1.570796	0.418037	1.360082	111	2	115	893.546
0.261799	2.664082	-1.071402	116	6	111	893.507
1.308997	1.367556	0.358405	118	9	107	893.389
-1.832596	1.367556	0.358405	115	14	104	893.381
0.523599	1.025536	1.576859	117	15	118	893.306
1.308997	1.134796	2.434290	129	140	33	892.697
-1.047198	2.478122	2.609777	128	113	28	892.690
0.000000	2.588535	-2.976617	115	2	117	892.672
0.523599	2.164094	-2.991358	121	133	36	892.500
0.523599	2.478122	2.609777	128	128	38	892.364
-2.617994	1.242974	-2.977882	131	131	37	892.004
2.356194	1.417623	-0.202254	120	9	107	891.466
-0.261799	2.164094	-2.991358	127	125	35	891.402
2.356194	2.393226	1.857173	105	18	118	891.299
0.261799	2.033014	2.977192	125	136	36	891.279
-1.832596	2.407836	1.410646	137	132	35	890.900
1.308997	1.417623	-0.202254	114	2	114	890.725
1.832596	2.104282	-0.813972	107	7	114	890.528
-2.356194	2.295480	1.008277	33	105	8	890.402
2.879793	2.299159	2.264663	126	135	38	890.242
2.617994	1.982574	-1.115518	113	143	126	889.991
2.617994	2.407836	1.410646	100	13	114	889.884
-1.308997	1.135834	-1.431087	119	20	109	889.839
0.000000	1.113094	-0.272241	107	3	115	889.451
1.832596	0.685216	-1.712745	114	5	110	889.343
0.523599	2.063651	-2.044600	125	121	34	889.232
0.523599	2.356369	3.005869	128	133	37	888.965
1.047198	1.135834	-1.431087	107	6	116	888.816
1.308997	1.184361	0.625864	115	30	103	888.602
-0.785398	2.588535	-2.976617	130	140	36	888.463
2.356194	1.869911	2.701025	128	131	37	888.374
-3.141593	0.640596	-2.797608	112	1	128	888.342
-3.141593	2.396274	-1.959260	23	0	41	888.256
-1.308997	1.869911	2.701025	109	4	122	887.967
0.261799	0.831641	0.616218	115	5	110	886.998
-2.356194	1.242974	-2.977882	130	131	37	886.897
-1.570796	0.831641	0.616218	108	9	110	886.796
0.785398	0.831641	0.616218	123	6	110	886.746
-1.570796	0.591903	2.010408	122	126	35	886.345
0.523599	1.756530	-2.105156	124	127	36	886.314
2.094395	1.135813	-2.658866	123	135	40	886.243
2.094395	1.050534	3.042579	121	142	37	886.224
-2.617994	1.374601	-2.456031	33	111	28	885.895
-0.785398	2.251330	-2.330739	115	130	35	885.486
-1.570796	1.662363	0.915448	114	3	116	885.236
-2.094395	1.450119	-2.739050	127	131	38	885.157
1.308997	1.846342	-1.796954	106	4	118	885.062
-2.356194	1.247695	1.809890	114	134	30	885.005
1.047198	1.448123	-2.163292	120	133	37	884.890
2.094395	0.615174	-0.666022	113	7	110	884.730
0.785398	2.033014	2.977192	128	137	37	884.729
-1.308997	1.184361	0.625864	110	4	120	884.623
-2.879793	2.407836	1.410646	126	128	37	884.323
0.261799	1.413347	-1.339188	123	125	30	884.274
0.000000	2.456751	-1.503343	114	3	114	884.194
0.523599	2.041297	-2.664597	120	0	126	884.080
-2.617994	2.033014	2.977192	116	140	35	883.799
2.879793	1.504028	0.636812	121	13	105	883.548
2.879793	2.174483	2.653697	131	130	37	883.242
-2.879793	2.379497	0.561089	102	11	117	883.218
-2.356194	1.948085	-2.363031	125	138	38	882.998
2.879793	2.108018	1.311430	105	12	109	882.771
2.879793	1.247695	1.809890	97	23	116	882.604
1.308997	1.335669	0.897240	116	132	25	882.395
-0.261799	0.762244	-0.273349	127	4	110	882.231
-2.617994	2.041297	-2.664597	120	136	38	881.779
2.879793	1.599406	1.426070	116	131	30	881.302
-1.570796	1.413347	-1.339188	39	17	15	880.793
1.832596	1.134796	2.434290	132	139	35	880.534
0.261799	0.290380	-0.796960	109	3	121	880.507
-2.617994	0.700570	1.559208	118	143	119	880.408
-1.570796	1.569311	-3.003978	123	128	39	880.057
1.047198	2.174483	2.653697	124	134	39	879.891
2.617994	2.001437	0.381215	115	6	111	879.726
-2.356194	2.393226	1.857173	127	132	36	879.720
-1.832596	0.906588	1.252948	107	4	114	879.547
0.523599	0.571433	-1.188419	108	6	115	879.441
-0.261799	1.506530	1.988858	137	122	29	879.410
1.308997	2.478122	2.609777	129	133	38	879.228
1.570796	0.850607	-1.335383	107	4	120	878.939
-2.094395	0.618092	2.539118	123	132	36	878.899
-0.785398	1.569311	-3.003978	127	131	39	878.400
0.261799	0.866955	-0.931351	112	3	118	877.994
2.356194	2.174483	2.653697	130	134	38	877.937
0.000000	2.979456	-1.009304	112	12	108	877.906
1.308997	0.992645	-1.723759	107	2	128	877.744
-1.047198	1.977582	0.969896	114	4	114	877.724
2.094395	1.869911	2.701025	129	130	36	877.553
2.356194	2.979456	-1.009304	107	2	128	877.533
-1.047198	0.203748	0.590255	115	3	113	877.378
2.617994	2.115563	0.685730	108	7	114	877.374
-1.047198	0.674054	1.013609	143	133	123	877.324
-1.570796	1.696674	-1.253233	37	18	16	877.102
-0.261799	2.760637	2.781135	116	3	115	877.062
1.047198	1.696674	-1.253233	106	13	109	876.946
-1.570796	2.180315	-1.357379	35	19	19	876.781
0.523599	2.881233	-2.582574	35	125	33	876.762
-2.356194	1.335669	0.897240	101	11	117	876.477
1.308997	0.762244	-0.273349	118	143	118	876.469
2.094395	0.992645	-1.723759	115	2	114	876.380
2.356194	2.247462	0.191623	107	4	124	876.295
-1.047198	2.247462	0.191623	117	9	109	875.892
-2.356194	1.569311	-3.003978	124	134	38	875.811
-2.617994	2.295480	1.008277	28	104	8	875.756
2.356194	2.704512	1.488683	97	17	118	875.488
-2.879793	2.356369	3.005869	110	21	114	875.400
2.094395	2.704512	1.488683	117	14	112	875.365
-1.570796	1.014500	0.906702	113	4	111	875.364
-0.523599	2.041297	-2.664597	126	126	37	875.146
-2.879793	1.025536	1.576859	117	1	116	875.032
1.047198	1.904882	-1.478089	106	5	121	874.995
-2.094395	0.379747	-1.713059	136	141	34	874.646
-1.570796	1.998705	2.370472	130	134	37	874.569
-2.879793	2.247462	0.191623	123	1	114	874.489
1.570796	2.588535	-2.976617	126	135	36	874.195
0.523599	1.168678	2.108595	134	47	123	874.121
2.617994	0.709924	0.218797	1	22	106	874.070
0.261799	1.310100	1.488307	7	30	113	873.924
-2.356194	2.138223	1.678323	132	130	34	873.755
0.000000	2.349581	-2.702517	111	1	122	873.705
-1.308997	1.135813	-2.658866	26	15	32	873.621
-3.141593	0.864993	2.278281	112	143	124	873.598
1.308997	0.866955	-0.931351	101	13	115	873.349
1.047198	2.984978	1.954446	127	136	38	873.041
0.261799	2.174483	2.653697	126	132	38	873.005
1.308997	2.719179	-1.780644	102	6	126	872.882
1.570796	1.736875	3.023612	123	127	36	872.749
1.570796	1.050534	3.042579	126	138	36	872.717
-3.141593	1.875281	0.107086	116	3	112	872.592
1.832596	2.187132	-0.479875	103	11	113	871.942
-0.523599	0.961715	0.014085	108	3	122	871.809
2.356194	2.379497	0.561089	109	5	112	871.588
2.094395	2.187132	-0.479875	106	8	113	871.501
1.832596	2.588535	-2.976617	127	134	37	871.382
-2.094395	2.704512	1.488683	120	141	115	871.109
-1.570796	1.242974	-2.977882	130	129	38	871.090
1.308997	2.637879	2.121598	131	140	37	871.057
2.879793	2.164094	-2.991358	134	129	36	870.818
1.047198	0.850607	-1.335383	113	5	111	870.723
-2.617994	1.014500	0.906702	113	23	102	870.699
-0.523599	1.168678	2.108595	134	126	31	870.612
-2.094395	2.979456	-1.009304	132	131	37	870.405
-1.832596	1.440580	2.260026	129	134	35	870.264
-1.832596	0.674054	1.013609	111	2	118	870.185
2.094395	1.301460	-0.509251	117	9	108	869.680
-1.047198	2.089241	-0.114193	115	10	109	869.580
-1.308997	0.864993	2.278281	37	115	29	869.554
0.785398	1.662363	0.915448	128	142	29	869.515
2.094395	1.732874	-0.951685	107	2	126	869.241
-2.617994	1.134497	-1.109631	121	2	30	869.157
1.308997	2.456751	-1.503343	106	5	121	868.811
1.832596	1.510910	-0.740472	117	4	111	868.553
-0.261799	2.984978	1.954446	133	118	32	868.542
-0.523599	2.478122	2.609777	36	118	31	868.449
0.000000	1.025536	1.576859	123	3	121	868.381
1.047198	1.367556	0.358405	115	9	107	867.962
2.617994	1.413347	-1.339188	118	2	113	867.924
-1.308997	0.370812	-2.547742	133	137	36	867.853
-3.141593	2.033014	2.977192	124	137	37	867.774
2.094395	1.683268	0.374177	111	11	109	867.745
1.308997	1.325504	-1.671296	107	2	130	867.730
-1.570796	1.184361	0.625864	120	1	115	867.677
-2.617994	2.153910	-1.714959	134	126	33	867.162
0.785398	1.998705	2.370472	129	134	37	867.058
-2.356194	1.506530	1.988858	110	3	117	867.040
-2.094395	0.370812	-2.547742	129	136	35	867.033
-0.785398	2.356369	3.005869	126	118	32	866.924
-1.047198	0.619654	-2.216909	140	45	126	866.844
1.047198	2.164094	-2.991358	107	7	130	866.838
-2.617994	1.504028	0.636812	101	16	114	866.789
-0.523599	2.033014	2.977192	19	128	43	866.756
-1.832596	2.299159	2.264663	128	134	37	866.544
-2.879793	1.247695	1.809890	100	13	116	866.426
1.570796	0.762244	-0.273349	124	0	117	866.352
1.570796	1.741644	-2.695914	103	10	121	866.256
2.617994	2.979456	-1.009304	30	105	26	866.078
-2.879793	2.704512	1.488683	125	133	37	865.925
-2.617994	1.218453	2.777284	107	4	133	865.777
-1.570796	1.732874	-0.951685	123	15	111	865.754
1.570796	1.310100	1.488307	119	133	26	865.727
-2.617994	0.929350	-2.910676	129	131	38	865.688
-0.523599	1.555207	1.708892	128	0	115	865.557
0.261799	2.588535	-2.976617	125	133	38	865.250
-1.570796	2.588535	-2.976617	113	10	114	865.221
-1.308997	2.187132	-0.479875	133	46	127	865.094
-1.832596	2.704512	1.488683	108	7	113	864.947
-2.356194	1.367556	0.358405	109	20	103	864.786
1.832596	0.379747	-1.713059	120	2	114	864.359
-3.141593	2.404280	-0.174044	126	5	110	864.322
1.570796	2.719179	-1.780644	109	3	121	864.135
0.785398	1.617114	-1.572037	115	0	123	864.004
1.570796	1.617114	-1.572037	112	3	113	863.952
2.879793	1.218453	2.777284	113	138	37	863.795
0.000000	1.218453	2.777284	122	137	35	863.730
-0.523599	1.113094	-0.272241	101	9	117	863.708
-2.617994	2.138223	1.678323	110	2	128	863.652
-1.308997	0.418037	1.360082	118	10	107	863.335
-0.523599	1.662363	0.915448	117	1	117	863.218
0.523599	1.658653	-2.409879	120	1	124	863.079
2.094395	2.393226	1.857173	118	19	112	863.021
-0.261799	2.299159	2.264663	132	132	37	862.838
-0.261799	2.704512	1.488683	129	139	37	862.453
0.000000	2.174483	2.653697	127	130	38	862.426
-2.617994	2.115563	0.685730	114	0	121	862.273
0.523599	1.413430	2.550734	123	140	36	862.250
-2.879793	1.128190	-2.288622	124	137	38	861.972
0.523599	2.001437	0.381215	120	4	114	861.492
-1.832596	1.948085	-2.363031	123	139	38	860.753
-2.356194	0.618092	2.539118	119	4	114	860.700
-2.356194	1.045978	0.343692	0	24	107	860.605
2.879793	1.555207	1.708892	96	18	121	860.487
-2.094395	0.297065	2.160177	114	0	120	860.392
-1.570796	1.504028	0.636812	113	6	113	859.876
2.879793	0.370812	-2.547742	113	3	118	859.729
-3.141593	2.174483	2.653697	131	134	38	859.670
-1.308997	1.050534	3.042579	106	10	127	859.626
2.879793	2.073035	2.027405	125	122	34	859.614
1.308997	0.619654	-2.216909	126	135	36	859.553
2.356194	0.297065	2.160177	112	6	113	859.476
-0.261799	2.407836	1.410646	142	41	128	859.465
1.570796	1.194549	-0.801900	109	6	115	859.331
2.617994	1.256302	0.062705	114	3	114	859.272
1.308997	2.108018	1.311430	128	139	33	858.934
1.308997	1.247695	1.809890	136	45	138	858.816
-1.047198	2.164094	-2.991358	122	124	35	858.583
0.523599	1.218453	2.777284	122	48	137	858.504
-1.570796	1.836682	-0.676006	114	17	111	858.278
0.523599	2.104282	-0.813972	110	4	114	858.207
0.785398	0.850607	-1.335383	110	5	116	858.027
-3.141593	1.134796	2.434290	98	13	125	857.993
-1.832596	0.700570	1.559208	112	2	116	857.937
2.094395	2.637879	2.121598	118	16	118	857.814
-3.141593	1.736875	3.023612	121	133	37	857.668
-1.047198	0.419640	2.974122	126	132	37	857.642
2.879793	0.864993	2.278281	96	20	121	857.484
-2.094395	2.407836	1.410646	33	105	12	857.082
1.047198	1.756530	-2.105156	126	128	36	856.935
0.785398	2.299159	2.264663	131	130	38	856.889
-0.261799	2.174483	2.653697	127	130	38	856.585
2.094395	1.218453	2.777284	119	143	37	856.564
-0.523599	2.251330	-2.330739	115	127	36	856.417
0.523599	1.998705	2.370472	130	133	37	856.370
-2.094395	2.138223	1.678323	131	130	35	856.360
2.879793	1.658653	-2.409879	39	120	31	855.804
-1.308997	1.606104	-0.451151	135	45	116	855.525
-0.785398	1.870545	-2.976234	129	125	37	855.369
0.261799	1.662363	0.915448	117	3	30	855.047
0.523599	2.760637	2.781135	130	122	35	855.013
1.832596	1.606104	-0.451151	112	3	117	855.000
0.523599	1.448123	-2.163292	120	133	37	854.986
-2.617994	1.391910	3.030322	123	131	37	854.921
-1.832596	1.812176	0.656819	113	6	113	854.919
-1.308997	1.721184	-0.153948	136	43	117	854.779
2.356194	2.295480	1.008277	103	12	111	854.769
-1.570796	1.812176	0.656819	117	5	112	854.759
-2.094395	0.640596	-2.797608	126	133	37	854.607
1.308997	1.699788	2.452890	123	135	36	854.266
-1.832596	2.295480	1.008277	139	130	34	854.156
-1.047198	1.391910	3.030322	131	126	37	854.150
-0.523599	1.506530	1.988858	133	120	29	853.865
1.570796	0.733948	3.021411	110	10	110	853.778
2.094395	0.685216	-1.712745	118	4	110	853.769
0.261799	1.812176	0.656819	121	2	31	853.752
-1.832596	1.134497	-1.109631	127	143	29	853.650
-0.523599	1.574060	2.783565	133	127	35	853.450
1.832596	1.391910	3.030322	128	135	37	853.261
-2.879793	1.374601	-2.456031	41	123	30	853.221
2.617994	1.977582	0.969896	105	11	113	853.111
-1.832596	1.184361	0.625864	111	10	108	853.078
-1.308997	1.045978	0.343692	117	2	116	852.860
0.000000	2.164094	-2.991358	124	132	37	852.750
-0.261799	1.256302	0.062705	108	6	111	852.499
1.570796	1.413347	-1.339188	115	7	108	852.492
-1.832596	1.904882	-1.478089	39	16	19	852.484
-0.785398	2.033014	2.977192	130	122	33	852.291
-1.308997	2.407836	1.410646	118	2	113	852.280
2.356194	2.592629	0.909713	118	134	36	852.195
-1.047198	1.699788	2.452890	136	137	37	851.915
-2.094395	0.831641	0.616218	99	15	115	851.819
-3.141593	1.256302	0.062705	2	13	106	851.654
2.094395	2.664082	-1.071402	107	6	116	851.577
-2.879793	1.301460	-0.509251	112	7	111	851.558
0.523599	1.335669	0.897240	113	4	24	851.504
-1.308997	2.180315	-1.357379	32	22	18	851.453
1.570796	1.846342	-1.796954	126	120	36	851.333
0.785398	1.168678	2.108595	122	49	116	851.317
1.047198	2.041297	-2.664597	119	134	35	851.041
0.523599	1.904882	-1.478089	110	3	119	851.019
-1.308997	2.247462	0.191623	114	9	110	850.945
1.832596	1.599406	1.426070	118	143	32	850.806
-3.141593	1.440580	2.260026	99	13	126	850.746
-2.356194	1.809167	1.213774	110	4	113	850.511
-0.523599	1.870545	-2.976234	131	127	36	850.457
0.523599	0.960688	-0.577532	100	24	113	850.333
-1.047198	1.846342	-1.796954	117	142	35	850.319
1.832596	2.138223	1.678323	118	20	111	850.259
0.261799	1.870545	-2.976234	127	135	37	850.247
-2.356194	1.736875	3.023612	123	133	37	850.083
2.356194	1.374601	-2.456031	129	116	29	850.012
-1.308997	2.637879	2.121598	107	5	117	849.980
-2.617994	1.824694	1.850876	103	4	126	849.757
-2.879793	2.063651	-2.044600	135	1	35	849.681
-0.261799	0.618092	2.539118	127	129	37	849.423
-1.308997	2.343981	-1.040456	33	22	17	849.305
1.308997	2.174483	2.653697	123	135	39	849.300
-2.617994	2.251330	-2.330739	124	142	36	849.019
-1.832596	0.370812	-2.547742	126	138	36	849.011
-2.094395	1.506530	1.988858	126	132	33	848.934
-1.570796	1.869911	2.701025	132	132	37	848.933
-1.308997	2.356369	3.005869	128	136	38	848.691
1.570796	2.881233	-2.582574	42	119	27	848.688
1.832596	1.846342	-1.796954	128	128	35	848.657
0.523599	0.914445	2.687814	122	51	132	848.518
-2.879793	2.174483	2.653697	110	143	31	848.399
-2.617994	2.343981	-1.040456	117	22	110	848.253
0.000000	0.203748	0.590255	119	11	108	848.194
0.000000	1.128190	-2.288622	110	19	115	848.191
1.570796	1.875281	0.107086	98	19	115	848.172
0.261799	2.760637	2.781135	115	2	132	848.041
0.261799	1.606104	-0.451151	107	7	111	847.961
-1.047198	1.756530	-2.105156	121	136	38	847.818
1.047198	1.545873	-1.877082	119	127	37	847.772
-2.879793	2.760637	2.781135	106	16	121	847.653
2.617994	2.247462	0.191623	117	2	114	847.351
-1.047198	2.637879	2.121598	111	4	117	847.280
1.570796	1.836682	-0.676006	119	143	115	847.238
0.523599	1.391910	3.030322	120	45	141	847.213
-3.141593	1.741644	-2.695914	35	124	35	847.075
-0.261799	0.619654	-2.216909	124	131	36	846.793
1.570796	1.301460	-0.509251	108	6	116	846.680
0.000000	2.393226	1.857173	141	40	131	846.678
2.879793	1.870545	-2.976234	129	129	36	846.672
-2.617994	2.379497	0.561089	116	142	123	846.648
0.523599	1.812176	0.656819	117	1	32	846.575
-0.785398	2.001437	0.381215	2	37	115	846.341
0.261799	1.128190	-2.288622	110	17	114	846.304
-1.832596	1.413347	-1.339188	126	3	31	846.174
0.000000	2.579248	-2.364801	107	4	117	845.842
-2.879793	1.413430	2.550734	102	8	130	845.807
2.617994	1.554776	0.100351	116	12	105	845.430
2.617994	1.574060	2.783565	126	130	36	845.416
-0.785398	2.637879	2.121598	115	2	118	845.375
2.879793	1.050534	3.042579	122	136	37	845.316
0.000000	2.033014	2.977192	121	133	38	845.118
-2.356194	1.374601	-2.456031	131	136	39	844.867
0.785398	2.984978	1.954446	127	135	38	844.816
1.570796	2.407836	1.410646	120	34	12	844.775
-2.356194	1.662363	0.915448	104	8	117	844.765
0.785398	1.555207	1.708892	140	44	134	844.750
0.261799	2.180315	-1.357379	108	4	119	844.671
-0.261799	2.041297	-2.664597	127	128	37	844.497
-1.832596	1.736875	3.023612	113	6	127	844.158
1.832596	1.617114	-1.572037	116	2	112	844.108
-0.523599	1.374601	-2.456031	22	19	28	843.766
2.356194	1.756530	-2.105156	112	0	121	843.745
-1.832596	0.297065	2.160177	118	8	110	843.734
-1.832596	2.637879	2.121598	102	12	113	843.646
-3.141593	2.153910	-1.714959	43	124	27	843.644
-2.617994	2.404280	-0.174044	47	119	11	843.457
-2.879793	1.662363	0.915448	116	11	106	843.332
-2.617994	1.977582	0.969896	110	1	123	843.306
1.832596	2.174483	2.653697	125	136	37	843.069
1.047198	0.709924	0.218797	122	2	114	842.909
1.832596	0.866955	-0.931351	127	7	106	842.761
1.308997	0.733948	3.021411	106	13	111	842.613
0.523599	1.977582	0.969896	115	141	34	842.463
-2.094395	0.700570	1.559208	141	131	127	842.320
0.523599	2.299159	2.264663	131	133	38	842.097
2.356194	2.404280	-0.174044	113	2	114	842.063
1.308997	2.349581	-2.702517	123	131	36	841.978
-2.879793	1.658653	-2.409879	40	126	32	841.787
2.356194	2.664082	-1.071402	109	1	122	841.779
-0.785398	0.850607	-1.335383	120	127	33	841.562
1.047198	1.242974	-2.977882	130	130	37	841.550
0.261799	1.440580	2.260026	128	139	35	841.460
-3.141593	2.063651	-2.044600	21	138	43	841.433
-1.047198	2.033014	2.977192	127	122	34	841.252
1.047198	2.588535	-2.976617	121	2	128	841.224
0.000000	1.683268	0.374177	113	4	114	841.145
-1.308997	0.203748	0.590255	107	3	123	841.110
-1.308997	2.138223	1.678323	111	4	114	840.903
-3.141593	2.704512	1.488683	126	132	37	840.859
-1.047198	1.134497	-1.109631	120	51	121	840.858
-2.617994	2.349581	-2.702517	127	135	37	840.822
2.094395	2.379497	0.561089	114	135	34	840.757
-2.356194	0.700570	1.559208	111	13	107	840.733
-0.523599	0.080730	-2.622036	129	132	36	840.676
1.832596	1.045978	0.343692	117	22	102	840.589
2.356194	0.640596	-2.797608	107	4	116	840.562
-0.261799	1.869911	2.701025	128	136	37	840.109
2.356194	1.555207	1.708892	119	130	32	840.089
2.617994	1.904882	-1.478089	117	142	122	840.050
-1.047198	0.733948	3.021411	111	8	130	839.863
0.261799	2.704512	1.488683	123	140	38	839.706
1.047198	1.325504	-1.671296	107	6	113	839.543
2.879793	2.587733	0.232235	113	1	116	839.348
-2.617994	2.760637	2.781135	113	15	113	839.247
-1.047198	2.108018	1.311430	111	4	115	839.171
2.879793	1.875281	0.107086	117	6	109	839.123
2.356194	0.864993	2.278281	129	138	35	838.966
-3.141593	2.724429	-0.348782	120	3	115	838.666
0.261799	1.741644	-2.695914	116	1	124	838.591
2.617994	2.063651	-2.044600	119	142	126	838.182
-0.523599	1.195355	1.200319	116	0	119	838.014
-1.047198	1.194549	-0.801900	129	138	27	837.877
-2.879793	1.948085	-2.363031	132	135	35	837.778
1.832596	1.736875	3.023612	123	128	35	837.755
-1.047198	1.569311	-3.003978	125	129	39	837.729
1.308997	0.899350	-2.069907	129	131	36	837.574
2.617994	1.732874	-0.951685	112	0	121	837.295
-2.879793	2.153910	-1.714959	133	122	32	837.224
-0.785398	1.135813	-2.658866	26	21	26	837.164
-1.047198	0.961715	0.014085	126	6	108	837.122
-2.879793	1.904882	-1.478089	135	139	33	837.121
-2.356194	1.050534	3.042579	129	125	36	836.545
-1.308997	2.164094	-2.991358	132	138	36	836.522
1.832596	0.370812	-2.547742	105	10	111	836.253
-0.261799	2.588535	-2.976617	129	133	36	836.092
0.785398	1.413430	2.550734	124	138	36	835.854
1.047198	1.440580	2.260026	120	142	34	835.503
0.000000	1.736875	3.023612	128	130	37	835.114
-0.261799	0.864993	2.278281	134	130	34	835.073
-3.141593	1.045978	0.343692	142	17	107	834.980
-2.356194	1.391910	3.030322	124	129	37	834.708
2.879793	2.478122	2.609777	113	21	112	834.659
-1.047198	1.310100	1.488307	115	142	121	834.616
0.785398	2.115563	0.685730	117	139	35	833.699
-2.617994	2.704512	1.488683	125	134	38	833.659
1.047198	0.615174	-0.666022	111	13	107	833.623
-1.570796	1.510910	-0.740472	120	12	111	833.580
-1.832596	1.569311	-3.003978	114	6	130	833.306
-2.094395	1.869911	2.701025	106	5	125	833.103
-0.785398	0.929350	-2.910676	118	19	115	833.058
-0.523599	1.128190	-2.288622	132	45	136	832.975
-0.523599	1.599406	1.426070	120	2	115	832.869
-0.261799	2.356369	3.005869	129	135	37	832.701
0.000000	1.869911	2.701025	129	138	36	832.575
0.261799	2.153910	-1.714959	110	1	124	832.571
2.094395	2.719179	-1.780644	116	143	125	832.461
2.094395	1.510910	-0.740472	107	2	122	832.102
1.832596	2.579248	-2.364801	124	1	123	831.713
2.617994	2.704512	1.488683	98	12	118	831.682
2.356194	1.135813	-2.658866	122	136	40	831.403
-2.879793	0.709924	0.218797	105	9	116	831.279
2.879793	0.080730	-2.622036	117	143	120	831.059
-2.617994	1.658653	-2.409879	129	132	38	830.728
-2.356194	2.343981	-1.040456	135	128	34	830.682
2.617994	0.864993	2.278281	96	26	121	830.680
-0.785398	1.247695	1.809890	106	4	125	830.587
-0.261799	1.025536	1.576859	115	1	129	830.587
-1.832596	1.433411	-1.035986	118	16	109	830.548
2.094395	1.875281	0.107086	114	3	115	830.136
-1.047198	2.343981	-1.040456	113	5	25	830.057
-1.832596	1.450119	-2.739050	133	8	116	829.891
-2.094395	0.866395	-2.492918	123	140	35	829.619
2.617994	1.134497	-1.109631	133	133	31	829.550
1.832596	1.374601	-2.456031	127	113	25	829.467
2.879793	1.766067	2.153843	125	128	36	829.374
0.261799	1.696674	-1.253233	101	5	124	829.251
-2.356194	0.906588	1.252948	113	14	105	829.036
-2.094395	1.846342	-1.796954	130	139	34	828.950
-2.094395	1.014500	0.906702	100	10	117	828.895
-0.523599	1.658653	-2.409879	133	134	38	828.893
2.879793	1.756530	-2.105156	138	133	36	828.767
0.523599	2.174483	2.653697	128	133	38	828.583
0.523599	2.180315	-1.357379	113	2	118	828.452
0.000000	2.407836	1.410646	138	44	128	828.426
-2.879793	2.295480	1.008277	114	1	119	828.149
-1.308997	1.741644	-2.695914	122	132	40	828.037
-2.356194	2.979456	-1.009304	133	132	37	828.030
-2.879793	0.899350	-2.069907	131	135	35	827.944
2.617994	2.164094	-2.991358	131	131	36	827.944
-1.047198	1.998705	2.370472	133	133	36	827.832
0.000000	2.379497	0.561089	125	135	37	827.748
-2.356194	1.218453	2.777284	130	132	35	827.655
2.879793	0.733948	3.021411	126	130	37	827.480
0.000000	2.295480	1.008277	133	47	124	827.380
0.785398	2.760637	2.781135	128	134	38	827.204
1.047198	2.115563	0.685730	117	139	34	826.931
0.000000	2.396274	-1.959260	104	7	118	826.911
0.000000	0.290380	-0.796960	106	5	121	826.883
-1.308997	2.174483	2.653697	130	129	37	826.856
0.523599	0.458961	-0.107937	113	14	106	826.669
0.523599	2.379497	0.561089	124	136	36	826.636
0.785398	1.545873	-1.877082	118	127	37	826.547
1.570796	2.115563	0.685730	111	134	35	826.508
2.617994	1.510910	-0.740472	124	129	26	826.503
0.261799	1.195355	1.200319	136	123	27	826.177
0.523599	0.203748	0.590255	27	21	13	826.094
-2.094395	1.045978	0.343692	101	19	111	826.070
-0.785398	1.948085	-2.363031	124	130	37	825.877
-0.785398	2.719179	-1.780644	102	11	118	825.863
0.261799	0.619654	-2.216909	105	12	116	825.814
0.523599	0.866955	-0.931351	97	25	117	825.570
0.261799	2.295480	1.008277	1	43	124	825.521
0.523599	2.108018	1.311430	0	42	124	825.077
0.523599	0.831641	0.616218	119	5	110	825.022
1.832596	1.836682	-0.676006	131	3	108	824.865
2.356194	2.343981	-1.040456	120	125	33	824.854
-2.617994	2.164094	-2.991358	107	22	116	824.853
-0.785398	0.733948	3.021411	25	33	11	824.705
-1.570796	1.574060	2.783565	131	126	36	824.635
2.617994	0.619654	-2.216909	111	2	130	824.553
-0.261799	1.413347	-1.339188	121	134	30	824.540
-3.141593	2.637879	2.121598	96	14	122	824.484
1.832596	1.869911	2.701025	124	133	37	824.382
1.047198	1.869911	2.701025	117	139	37	824.248
-0.785398	1.869911	2.701025	128	138	38	824.157
-1.047198	0.850607	-1.335383	116	17	109	823.849
-1.047198	2.073035	2.027405	115	1	116	823.824
-1.570796	1.335669	0.897240	109	4	122	823.702
1.832596	2.343981	-1.040456	121	141	120	823.586
0.785398	2.041297	-2.664597	120	134	35	823.490
1.047198	2.719179	-1.780644	105	4	129	823.443
0.261799	2.579248	-2.364801	113	2	116	823.440
-2.356194	2.579248	-2.364801	141	47	136	823.371
1.308997	1.721184	-0.153948	110	3	113	823.309
-1.570796	1.413430	2.550734	14	128	43	823.062
-2.094395	2.393226	1.857173	131	134	36	822.924
0.523599	1.662363	0.915448	114	1	30	822.654
0.523599	0.619654	-2.216909	107	8	116	822.494
2.617994	0.929350	-2.910676	101	10	137	822.461
-3.141593	2.379497	0.561089	118	0	116	822.365
2.356194	2.180315	-1.357379	117	125	32	822.348
0.261799	1.218453	2.777284	132	47	132	822.254
-0.523599	1.824694	1.850876	45	115	20	822.222
2.617994	0.961715	0.014085	4	16	106	822.199
-1.570796	2.153910	-1.714959	124	44	1	822.127
-2.617994	1.135813	-2.658866	42	121	28	822.069
1.570796	2.456751	-1.503343	122	140	126	821.762
-1.308997	2.251330	-2.330739	114	132	36	821.473
-2.094395	1.766067	2.153843	124	136	35	821.460
1.047198	1.872854	1.543456	2	44	126	821.434
1.308997	1.194549	-0.801900	99	14	117	821.320
-1.570796	0.929350	-2.910676	107	12	130	821.269
-3.141593	0.419640	2.974122	109	3	121	821.100
-3.141593	1.555207	1.708892	97	13	121	821.042
-2.879793	1.812176	0.656819	112	1	118	820.852
0.000000	1.374601	-2.456031	109	22	116	820.798
-1.308997	0.619654	-2.216909	129	50	129	820.766
-1.308997	0.379747	-1.713059	119	132	37	820.405
-1.047198	1.599406	1.426070	117	0	117	820.275
2.617994	1.741644	-2.695914	131	127	34	820.219
-0.261799	0.700570	1.559208	121	5	116	820.165
1.570796	1.135834	-1.431087	104	4	123	820.053
-0.523599	2.588535	-2.976617	122	119	33	820.013
1.832596	1.909857	-0.381669	136	102	5	819.965
1.047198	1.846342	-1.796954	129	120	33	819.881
1.047198	2.153910	-1.714959	129	118	32	819.692
-0.261799	2.979456	-1.009304	104	14	114	819.625
2.356194	0.619654	-2.216909	130	126	36	819.382
-2.879793	1.335669	0.897240	120	3	112	819.365
0.000000	2.587733	0.232235	128	132	37	819.163
0.261799	1.413430	2.550734	126	135	35	818.903
-1.832596	1.335669	0.897240	105	6	122	818.902
-2.356194	2.153910	-1.714959	141	11	33	818.662
-2.094395	1.242974	-2.977882	128	124	38	818.632
1.570796	0.914445	2.687814	121	0	36	818.553
0.000000	0.960688	-0.577532	119	10	107	818.510
2.879793	2.295480	1.008277	108	7	110	818.505
-0.523599	2.299159	2.264663	41	121	28	818.446
0.261799	0.906588	1.252948	122	3	126	818.051
-0.523599	1.301460	-0.509251	100	12	116	817.923
2.617994	1.721184	-0.153948	118	7	108	817.822
-0.785398	1.310100	1.488307	120	142	120	817.662
-1.570796	2.881233	-2.582574	104	13	114	817.605
-1.832596	2.404280	-0.174044	112	14	112	817.567
-0.785398	2.455966	-0.641220	112	6	21	817.372
2.094395	1.391910	3.030322	124	141	38	817.305
-2.094395	2.115563	0.685730	118	1	118	817.246
-1.570796	1.982574	-1.115518	35	18	21	817.211
-0.261799	2.033014	2.977192	127	123	36	817.163
0.261799	0.914445	2.687814	138	45	129	817.145
1.570796	1.683268	0.374177	117	11	103	817.086
-0.785398	0.709924	0.218797	118	10	106	817.084
-2.094395	2.863997	0.549740	118	8	110	817.016
2.094395	1.194549	-0.801900	119	6	109	816.986
2.617994	1.417623	-0.202254	114	1	117	816.783
-1.047198	2.138223	1.678323	115	3	113	816.696
-0.523599	2.455966	-0.641220	108	3	21	816.657
-1.308997	2.393226	1.857173	115	4	112	816.542
1.832596	1.875281	0.107086	116	5	111	816.509
1.570796	2.104282	-0.813972	118	142	117	816.498
-1.570796	2.063651	-2.044600	119	0	35	816.433
0.261799	0.640596	-2.797608	102	19	116	816.412
-3.141593	0.910508	1.903534	107	1	124	816.312
2.617994	1.658653	-2.409879	39	113	26	816.151
2.879793	1.696674	-1.253233	136	130	31	816.128
0.785398	0.906588	1.252948	122	12	113	815.881
-1.047198	1.741644	-2.695914	118	133	39	815.830
-0.523599	1.218453	2.777284	125	135	35	815.807
1.308997	1.809167	1.213774	119	14	117	815.795
-2.094395	1.872854	1.543456	134	126	33	815.714
1.047198	0.906588	1.252948	136	47	124	815.699
-1.570796	1.545873	-1.877082	126	142	36	815.687
2.879793	2.033014	2.977192	131	132	37	815.675
1.570796	2.587733	0.232235	106	6	117	815.535
2.879793	1.242974	-2.977882	126	119	34	815.025
0.000000	1.977582	0.969896	120	142	34	814.975
2.094395	2.478122	2.609777	133	136	37	814.783
0.523599	2.115563	0.685730	119	140	35	814.638
0.261799	1.569311	-3.003978	121	42	1	814.438
1.308997	0.571433	-1.188419	118	2	115	814.354
-2.617994	0.914445	2.687814	117	1	118	814.320
2.094395	2.001437	0.381215	119	8	105	814.292
-2.356194	1.168678	2.108595	108	4	121	814.281
-2.879793	1.184361	0.625864	114	4	112	814.020
-2.356194	0.290380	-0.796960	125	138	36	813.920
0.261799	2.404280	-0.174044	124	40	7	813.908
-2.094395	0.709924	0.218797	117	35	102	813.825
2.094395	1.736875	3.023612	125	129	36	813.660
-3.141593	1.904882	-1.478089	38	117	27	813.509
0.261799	1.433411	-1.035986	119	128	27	813.487
2.356194	0.615174	-0.666022	116	6	109	813.459
1.047198	1.488617	1.159546	119	13	116	813.391
-1.047198	1.869911	2.701025	129	140	38	813.341
1.308997	1.756530	-2.105156	127	130	36	813.284
0.523599	1.301460	-0.509251	99	27	115	812.706
-0.785398	1.194549	-0.801900	103	9	119	812.688
-2.617994	0.674054	1.013609	117	3	112	812.589
-1.047198	1.510910	-0.740472	0	39	115	812.462
1.308997	2.295480	1.008277	112	15	114	812.354
2.094395	2.404280	-0.174044	115	142	123	812.258
-0.785398	1.301460	-0.509251	106	7	117	812.218
1.308997	0.290380	-0.796960	113	8	111	812.106
2.094395	1.450119	-2.739050	128	139	39	811.975
-1.570796	1.218453	2.777284	130	123	36	811.834
2.094395	1.836682	-0.676006	108	5	114	811.795
2.879793	2.356369	3.005869	112	24	114	811.762
2.094395	1.025536	1.576859	127	2	30	811.278
1.570796	0.685216	-1.712745	112	2	115	811.172
1.047198	0.290380	-0.796960	123	4	110	811.127
-2.094395	2.063651	-2.044600	125	138	35	810.916
-2.356194	1.870545	-2.976234	126	138	37	810.911
2.879793	1.662363	0.915448	110	14	107	810.896
0.785398	0.866955	-0.931351	116	9	107	810.865
-1.570796	2.587733	0.232235	116	10	110	810.833
-0.785398	2.073035	2.027405	32	109	27	810.832
2.617994	1.413430	2.550734	129	130	35	810.811
-2.356194	1.846342	-1.796954	132	136	33	810.681
0.000000	1.599406	1.426070	127	4	28	810.677
1.047198	1.413430	2.550734	117	139	36	810.646
-1.047198	2.349581	-2.702517	116	124	36	810.479
2.356194	2.041297	-2.664597	131	122	35	810.312
-3.141593	1.242974	-2.977882	125	136	38	810.166
0.785398	0.762244	-0.273349	112	16	104	810.158
-0.523599	2.579248	-2.364801	113	123	33	810.115
2.356194	1.809167	1.213774	97	23	115	810.056
-0.523599	2.247462	0.191623	132	136	36	810.052
2.617994	1.310100	1.488307	115	129	29	809.946
-2.617994	2.719179	-1.780644	132	128	36	809.921
2.617994	1.869911	2.701025	127	132	37	809.914
-2.879793	2.115563	0.685730	113	3	115	809.901
-1.047198	2.041297	-2.664597	121	127	37	809.852
-2.617994	1.982574	-1.115518	136	121	29	809.502
0.523599	1.617114	-1.572037	112	1	123	809.487
0.000000	1.948085	-2.363031	118	132	37	809.482
-0.523599	0.419640	2.974122	133	134	36	809.371
1.832596	2.455966	-0.641220	103	7	118	809.331
1.570796	1.440580	2.260026	123	136	34	809.316
2.356194	2.299159	2.264663	130	132	37	809.205
0.261799	2.115563	0.685730	0	43	124	809.176
0.000000	1.242974	-2.977882	133	135	39	809.071
1.570796	2.001437	0.381215	98	18	119	808.935
1.832596	2.407836	1.410646	119	132	37	808.877
2.094395	0.864993	2.278281	131	142	34	808.784
-1.832596	0.914445	2.687814	116	142	131	808.615
-3.141593	1.870545	-2.976234	13	129	44	808.473
-0.523599	2.063651	-2.044600	115	132	37	808.377
-2.879793	1.824694	1.850876	99	8	126	808.223
-2.879793	0.992645	-1.723759	136	138	35	808.132
1.570796	2.863997	0.549740	127	134	37	808.106
-1.570796	1.870545	-2.976234	126	133	38	807.990
-0.261799	0.591903	2.010408	128	6	120	807.975
-3.141593	1.134497	-1.109631	126	0	31	807.933
0.000000	0.866955	-0.931351	118	6	112	807.810
-0.261799	1.135834	-1.431087	108	139	32	807.777
-2.879793	1.134497	-1.109631	125	2	30	807.775
2.617994	2.637879	2.121598	104	17	121	807.731
-1.570796	1.756530	-2.105156	124	143	36	807.691
-1.047198	1.904882	-1.478089	113	4	31	807.537
-2.617994	1.741644	-2.695914	123	131	39	807.506
1.047198	0.960688	-0.577532	107	11	110	807.459
-2.879793	1.506530	1.988858	112	1	122	807.384
-1.308997	2.704512	1.488683	115	5	114	807.266
1.047198	0.762244	-0.273349	117	141	118	807.234
-1.570796	1.909857	-0.381669	114	13	112	807.065
0.523599	1.554776	0.100351	2	22	107	807.018
0.000000	1.732874	-0.951685	134	127	131	806.994
1.308997	1.391910	3.030322	130	127	36	806.888
-2.356194	1.256302	0.062705	134	122	25	806.679
1.308997	0.418037	1.360082	2	142	34	806.672
-1.570796	0.618092	2.539118	124	133	36	806.666
1.047198	2.295480	1.008277	115	133	37	806.579
1.047198	1.134497	-1.109631	114	10	107	806.385
0.785398	1.504028	0.636812	111	2	27	806.330
0.000000	2.041297	-2.664597	123	129	37	806.114
-1.832596	2.115563	0.685730	121	6	109	805.996
-0.261799	2.456751	-1.503343	106	5	123	805.938
1.570796	2.174483	2.653697	128	128	38	805.913
1.570796	2.579248	-2.364801	118	0	125	805.901
0.523599	2.073035	2.027405	132	139	37	805.818
1.047198	2.456751	-1.503343	101	7	126	805.620
-0.261799	2.115563	0.685730	2	38	115	805.618
-1.832596	1.247695	1.809890	131	121	34	805.470
-2.356194	0.762244	-0.273349	111	10	111	805.439
-3.141593	0.899350	-2.069907	128	133	37	805.326
-1.308997	1.658653	-2.409879	23	22	28	805.289
2.356194	1.194549	-0.801900	122	7	107	805.209
-2.879793	1.391910	3.030322	106	8	142	805.136
2.879793	0.618092	2.539118	110	0	120	805.095
-1.832596	1.195355	1.200319	112	4	110	804.675
2.094395	1.325504	-1.671296	129	131	34	804.231
-2.617994	1.135834	-1.431087	50	125	10	804.155
-0.785398	2.393226	1.857173	32	104	21	803.965
-1.832596	2.478122	2.609777	125	136	38	803.933
0.000000	0.458961	-0.107937	118	3	111	803.810
-0.523599	0.379747	-1.713059	120	137	35	803.732
0.785398	1.335669	0.897240	108	1	24	803.608
1.308997	1.977582	0.969896	141	43	126	803.320
1.308997	0.419640	2.974122	130	135	36	803.142
-0.785398	1.218453	2.777284	133	132	35	802.965
-1.047198	1.812176	0.656819	136	129	29	802.746
2.617994	2.295480	1.008277	106	10	110	802.179
-2.356194	2.704512	1.488683	114	141	116	802.111
1.832596	1.367556	0.358405	112	20	104	801.970
-1.308997	1.545873	-1.877082	124	142	36	801.959
0.261799	0.910508	1.903534	139	44	119	801.857
-0.261799	0.910508	1.903534	123	2	125	801.816
-2.094395	1.168678	2.108595	104	3	119	801.751
-2.617994	0.297065	2.160177	112	1	118	801.736
-1.047198	2.180315	-1.357379	0	45	133	801.652
1.047198	1.812176	0.656819	111	14	109	801.488
1.570796	0.615174	-0.666022	125	141	119	801.438
1.570796	2.396274	-1.959260	121	121	33	801.415
2.617994	0.866395	-2.492918	108	5	135	801.330
-1.832596	1.135834	-1.431087	130	1	32	801.311
-1.570796	2.979456	-1.009304	27	17	29	801.297
0.261799	1.977582	0.969896	118	143	34	801.259
0.000000	0.618092	2.539118	127	131	37	801.090
1.570796	1.325504	-1.671296	115	2	113	801.061
0.523599	2.407836	1.410646	143	43	128	800.879
1.570796	1.766067	2.153843	128	43	0	800.652
-1.047198	0.910508	1.903534	38	112	24	800.619
-2.879793	1.756530	-2.105156	135	133	36	800.594
2.356194	1.134497	-1.109631	133	130	31	800.549
-0.785398	1.506530	1.988858	113	3	118	800.434
-3.141593	0.866395	-2.492918	127	127	39	800.355
0.785398	0.640596	-2.797608	105	12	116	800.345
-2.356194	2.164094	-2.991358	106	19	117	800.079
1.570796	1.904882	-1.478089	126	120	33	800.007
-2.356194	1.545873	-1.877082	136	136	35	799.984
-2.879793	1.683268	0.374177	115	1	114	799.921
1.047198	2.379497	0.561089	119	137	36	799.792
-2.094395	0.458961	-0.107937	113	10	108	799.780
-2.356194	2.041297	-2.664597	105	20	120	799.743
2.617994	1.301460	-0.509251	125	126	24	799.736
-1.570796	2.187132	-0.479875	114	16	108	799.418
-1.570796	0.640596	-2.797608	122	137	37	799.401
-1.570796	1.948085	-2.363031	121	133	38	799.396
2.356194	1.606104	-0.451151	5	113	133	799.389
-0.261799	1.977582	0.969896	2	36	115	799.302
-1.832596	1.574060	2.783565	113	1	128	799.255
-1.308997	0.640596	-2.797608	111	10	133	798.738
1.570796	1.135813	-2.658866	126	134	40	798.680
-1.570796	2.299159	2.264663	123	133	38	798.521
2.094395	0.297065	2.160177	109	8	115	798.518
0.523599	2.588535	-2.976617	124	133	38	798.425
1.832596	1.335669	0.897240	111	27	105	798.255
-2.094395	2.579248	-2.364801	134	128	37	798.140
-3.141593	2.349581	-2.702517	129	131	37	798.091
-1.308997	0.992645	-1.723759	128	138	34	798.001
2.356194	0.960688	-0.577532	113	4	113	797.781
-1.308997	1.504028	0.636812	114	5	114	797.775
-2.356194	0.619654	-2.216909	129	139	35	797.740
2.617994	1.545873	-1.877082	133	116	29	797.705
-0.261799	0.640596	-2.797608	135	47	129	797.680
1.832596	1.904882	-1.478089	129	117	33	797.640
0.261799	1.391910	3.030322	126	142	36	797.600
-0.523599	2.863997	0.549740	134	46	131	797.592
-1.308997	1.699788	2.452890	135	136	37	797.513
-0.261799	1.325504	-1.671296	115	135	36	797.438
-2.094395	1.135834	-1.431087	130	137	33	797.410
0.523599	1.413347	-1.339188	105	15	109	797.333
-2.879793	1.135813	-2.658866	135	133	39	797.161
-1.832596	1.045978	0.343692	105	14	111	797.119
0.261799	1.504028	0.636812	115	5	114	797.118
-0.261799	1.450119	-2.739050	131	132	39	797.014
-1.832596	0.591903	2.010408	122	8	109	796.913
-1.832596	2.979456	-1.009304	29	15	30	796.875
-0.785398	1.325504	-1.671296	119	22	110	796.835
0.261799	1.756530	-2.105156	122	126	37	796.640
-1.832596	1.128190	-2.288622	108	16	126	796.623
-3.141593	1.135813	-2.658866	110	7	1	796.511
-2.094395	0.850607	-1.335383	123	48	114	796.429
1.308997	2.153910	-1.714959	118	134	31	796.292
-1.047198	0.458961	-0.107937	99	11	121	796.144
0.523599	1.696674	-1.253233	111	3	118	796.132
-1.308997	1.574060	2.783565	126	119	35	796.132
-2.879793	2.180315	-1.357379	115	1	128	796.096
-1.832596	2.174483	2.653697	130	134	37	796.095
-1.570796	0.866395	-2.492918	109	11	132	796.084
-0.785398	2.299159	2.264663	40	118	28	796.011
-1.308997	1.909857	-0.381669	135	45	123	795.961
0.785398	1.812176	0.656819	114	143	32	795.958
-2.356194	2.299159	2.264663	128	132	35	795.898
-2.879793	0.591903	2.010408	108	3	118	795.894
2.879793	2.719179	-1.780644	130	128	37	795.827
-0.523599	1.812176	0.656819	133	136	30	795.794
1.308997	1.683268	0.374177	112	10	107	795.785
-2.094395	2.396274	-1.959260	118	141	35	795.705
-0.523599	0.203748	0.590255	115	11	107	795.392
1.570796	1.606104	-0.451151	118	142	116	795.281
2.356194	1.977582	0.969896	107	15	106	795.208
-2.356194	1.732874	-0.951685	115	4	125	795.185
-0.785398	2.153910	-1.714959	111	138	33	795.037
-2.094395	1.658653	-2.409879	103	18	125	794.955
-2.879793	1.417623	-0.202254	111	4	114	794.923
1.832596	1.050534	3.042579	120	137	39	794.917
0.785398	2.356369	3.005869	122	126	39	794.907
-2.617994	1.413347	-1.339188	132	134	32	794.747
-2.094395	0.674054	1.013609	122	0	113	794.612
-1.832596	1.014500	0.906702	117	1	113	794.612
-0.785398	1.134796	2.434290	132	128	33	794.576
2.094395	1.812176	0.656819	118	15	101	794.466
2.617994	1.134796	2.434290	112	141	35	794.309
-1.308997	2.456751	-1.503343	113	0	31	794.285
-0.261799	1.195355	1.200319	121	0	119	794.066
-1.047198	1.683268	0.374177	119	11	105	793.876
1.308997	1.374601	-2.456031	137	134	38	793.866
1.570796	0.619654	-2.216909	126	135	37	793.863
0.261799	1.617114	-1.572037	101	5	130	793.836
2.879793	0.866395	-2.492918	125	126	39	793.564
-2.094395	0.929350	-2.910676	46	127	27	793.411
-0.523599	0.615174	-0.666022	116	4	114	793.399
1.047198	1.732874	-0.951685	123	123	26	793.349
-0.261799	1.766067	2.153843	33	123	36	793.309
-1.570796	2.349581	-2.702517	126	142	36	793.299
-1.832596	2.724429	-0.348782	28	29	6	793.102
-0.785398	2.343981	-1.040456	108	4	24	793.037
-0.261799	2.664082	-1.071402	104	10	117	793.018
-1.308997	0.419640	2.974122	127	131	37	792.930
-3.141593	1.195355	1.200319	115	125	26	792.861
2.094395	0.619654	-2.216909	108	5	113	792.829
0.000000	0.496451	0.593859	110	2	115	792.695
2.356194	1.699788	2.452890	123	134	37	792.671
1.570796	1.450119	-2.739050	130	127	38	792.635
1.047198	0.419640	2.974122	103	12	118	792.622
2.356194	2.407836	1.410646	98	18	114	792.585
1.832596	1.569311	-3.003978	127	121	32	792.373
-0.785398	1.113094	-0.272241	111	13	108	792.216
2.617994	1.836682	-0.676006	116	2	112	792.106
-1.570796	2.089241	-0.114193	110	13	112	792.058
1.832596	0.961715	0.014085	119	18	102	791.978
1.308997	2.001437	0.381215	111	140	33	791.746
-0.261799	2.251330	-2.330739	116	126	36	791.724
-2.094395	1.555207	1.708892	112	133	26	791.658
0.523599	0.370812	-2.547742	107	11	114	791.656
-1.047198	2.592629	0.909713	132	139	37	791.418
2.356194	1.574060	2.783565	126	130	36	791.392
0.785398	1.977582	0.969896	115	17	108	791.255
2.094395	0.850607	-1.335383	107	4	117	791.023
-2.879793	2.587733	0.232235	118	1	118	790.913
1.832596	2.295480	1.008277	115	129	37	790.787
-0.261799	2.108018	1.311430	32	24	11	790.727
1.832596	1.732874	-0.951685	115	0	120	790.717
-0.523599	2.396274	-1.959260	142	137	41	790.706
-0.785398	2.174483	2.653697	122	140	38	790.604
1.308997	1.872854	1.543456	140	45	131	790.600
-2.356194	2.379497	0.561089	108	9	113	790.526
-1.047198	1.433411	-1.035986	120	51	120	790.351
2.356194	1.599406	1.426070	97	26	117	790.312
2.879793	1.367556	0.358405	140	11	106	790.080
-2.356194	2.115563	0.685730	118	0	120	789.773
2.094395	2.247462	0.191623	112	3	112	789.730
-3.141593	2.719179	-1.780644	117	3	131	789.718
0.261799	1.699788	2.452890	128	130	35	789.631
-1.047198	1.574060	2.783565	47	125	22	789.604
-0.785398	1.736875	3.023612	127	125	37	789.528
0.785398	2.295480	1.008277	117	134	37	789.165
0.785398	2.579248	-2.364801	123	123	33	789.146
0.261799	1.948085	-2.363031	128	124	36	789.111
0.785398	2.719179	-1.780644	118	141	120	789.096
2.356194	2.063651	-2.044600	132	134	37	788.905
-3.141593	2.979456	-1.009304	46	123	23	788.754
0.261799	2.041297	-2.664597	124	1	116	788.714
0.000000	0.914445	2.687814	137	46	126	788.539
-0.261799	1.050534	3.042579	138	133	36	788.508
0.000000	1.417623	-0.202254	107	7	110	788.410
0.523599	1.134497	-1.109631	115	9	110	788.220
-3.141593	0.618092	2.539118	115	143	120	788.212
-1.308997	1.872854	1.543456	108	2	121	788.186
2.356194	1.450119	-2.739050	126	140	39	788.036
0.000000	1.301460	-0.509251	103	7	115	787.920
-2.094395	2.187132	-0.479875	111	18	110	787.908
1.047198	2.187132	-0.479875	121	119	21	787.820
-1.832596	1.218453	2.777284	130	126	36	787.732
-1.832596	0.831641	0.616218	101	12	115	787.666
1.047198	1.433411	-1.035986	102	6	119	787.610
-1.308997	1.134497	-1.109631	120	15	109	787.570
-1.047198	0.709924	0.218797	113	7	110	787.563
-2.879793	1.574060	2.783565	124	135	36	787.534
-1.308997	1.617114	-1.572037	120	26	111	787.533
1.047198	1.662363	0.915448	124	143	29	787.529
-2.879793	2.724429	-0.348782	45	117	18	787.523
1.047198	0.619654	-2.216909	118	136	36	787.506
-1.047198	0.370812	-2.547742	131	138	37	787.480
2.617994	1.242974	-2.977882	120	140	38	787.431
2.356194	1.812176	0.656819	104	15	109	787.264
0.261799	1.683268	0.374177	117	3	114	786.956
-2.094395	1.218453	2.777284	115	143	132	786.848
2.617994	1.948085	-2.363031	133	139	38	786.823
-2.356194	1.824694	1.850876	119	133	34	786.817
1.047198	0.929350	-2.910676	115	17	107	786.699
-3.141593	1.391910	3.030322	120	138	37	786.626
-0.261799	1.736875	3.023612	130	132	37	786.563
-2.617994	0.080730	-2.622036	120	9	109	786.428
-1.832596	1.242974	-2.977882	42	127	31	786.406
-0.261799	2.719179	-1.780644	133	141	37	786.400
1.570796	2.153910	-1.714959	108	3	118	786.339
-1.570796	1.391910	3.030322	126	123	37	786.330
1.308997	0.496451	0.593859	115	17	105	786.285
2.879793	1.134497	-1.109631	132	136	31	786.056
-1.047198	1.135834	-1.431087	113	21	110	786.015
2.879793	1.904882	-1.478089	137	131	33	785.939
-1.570796	1.194549	-0.801900	119	134	28	785.920
-1.047198	1.721184	-0.153948	128	43	108	785.702
1.570796	1.510910	-0.740472	114	5	111	785.671
-0.523599	0.640596	-2.797608	139	46	129	785.570
-2.356194	2.664082	-1.071402	27	32	9	785.570
0.261799	2.299159	2.264663	132	132	37	785.361
0.261799	1.736875	3.023612	130	137	37	785.106
2.094395	0.571433	-1.188419	27	104	1	784.961
0.000000	2.704512	1.488683	29	23	16	784.828
2.356194	1.413430	2.550734	126	131	35	784.667
1.832596	2.115563	0.685730	113	12	106	784.646
1.047198	1.025536	1.576859	126	51	120	784.564
-2.356194	2.592629	0.909713	111	0	125	784.484
1.047198	1.256302	0.062705	113	4	111	784.480
0.000000	1.325504	-1.671296	112	134	36	784.376
-2.879793	1.545873	-1.877082	34	116	31	784.373
0.523599	0.866395	-2.492918	103	12	119	784.356
-2.617994	0.850607	-1.335383	129	143	33	783.909
1.047198	2.407836	1.410646	136	46	128	783.873
2.356194	0.370812	-2.547742	108	3	120	783.854
2.094395	2.592629	0.909713	100	12	115	783.821
2.617994	0.419640	2.974122	121	7	106	783.811
0.000000	1.606104	-0.451151	110	4	115	783.809
1.308997	2.579248	-2.364801	23	132	41	783.617
-2.879793	2.396274	-1.959260	129	128	36	783.590
-2.356194	2.356369	3.005869	109	17	114	783.505
2.356194	1.948085	-2.363031	135	136	38	783.419
2.094395	2.760637	2.781135	137	137	37	783.374
0.785398	1.948085	-2.363031	131	127	36	783.290
2.356194	1.433411	-1.035986	118	4	110	783.203
0.523599	1.134796	2.434290	121	0	33	783.007
1.832596	2.379497	0.561089	113	138	34	782.673
2.094395	2.041297	-2.664597	114	2	125	782.657
1.308997	1.135813	-2.658866	126	132	39	782.626
0.785398	1.391910	3.030322	29	23	26	782.531
-0.261799	1.413430	2.550734	129	130	35	782.530
0.785398	1.301460	-0.509251	8	136	121	782.242
2.094395	2.089241	-0.114193	105	6	119	782.026
2.094395	0.709924	0.218797	23	132	126	781.984
1.832596	2.637879	2.121598	131	138	38	781.770
-2.356194	1.025536	1.576859	114	9	109	781.563
-1.047198	1.870545	-2.976234	131	130	37	781.549
-2.879793	2.033014	2.977192	128	136	38	781.475
0.785398	1.134796	2.434290	118	0	32	781.429
1.047198	1.134796	2.434290	131	140	34	781.415
-1.570796	0.762244	-0.273349	118	39	104	781.390
1.832596	2.881233	-2.582574	123	11	113	781.353
1.308997	2.356369	3.005869	125	127	39	781.294
-0.523599	0.899350	-2.069907	2	44	128	781.293
-2.094395	0.733948	3.021411	120	10	113	781.080
-1.047198	2.174483	2.653697	130	115	29	780.925
-0.523599	1.440580	2.260026	132	124	32	780.881
-2.617994	0.419640	2.974122	115	2	120	780.838
-0.785398	0.496451	0.593859	122	5	109	780.389
2.617994	2.592629	0.909713	118	133	37	780.112
-2.356194	1.325504	-1.671296	134	141	36	780.091
-1.832596	1.699788	2.452890	126	138	38	780.066
0.785398	2.456751	-1.503343	113	4	113	780.056
-2.879793	0.458961	-0.107937	104	15	112	780.039
2.617994	2.138223	1.678323	120	125	35	780.013
-2.356194	1.756530	-2.105156	130	134	36	779.973
0.261799	0.674054	1.013609	123	4	112	779.937
1.308997	2.041297	-2.664597	131	136	38	779.925
1.308997	1.050534	3.042579	128	136	36	779.869
0.000000	2.247462	0.191623	130	140	35	779.840
-2.617994	1.325504	-1.671296	43	118	21	779.782
0.000000	2.760637	2.781135	111	3	132	779.720
-1.308997	2.104282	-0.813972	134	48	129	779.719
0.000000	2.478122	2.609777	40	123	31	779.702
-2.094395	1.025536	1.576859	112	4	113	779.466
2.879793	1.391910	3.030322	120	140	38	779.340
2.879793	0.419640	2.974122	115	0	118	779.146
-1.832596	0.685216	-1.712745	131	50	123	778.629
-2.617994	1.683268	0.374177	119	1	113	778.437
-1.570796	2.396274	-1.959260	113	138	35	778.253
2.617994	0.910508	1.903534	98	30	114	778.077
0.261799	0.866395	-2.492918	127	126	35	777.991
0.785398	0.864993	2.278281	130	133	35	777.963
-1.308997	0.618092	2.539118	128	13	110	777.776
0.523599	1.504028	0.636812	115	5	26	777.739
1.832596	1.812176	0.656819	116	16	101	777.607
1.570796	2.356369	3.005869	126	128	39	777.531
-2.617994	2.407836	1.410646	125	129	37	777.527
-1.308997	1.696674	-1.253233	117	24	108	777.134
-2.879793	2.104282	-0.813972	126	121	33	776.954
-1.047198	2.724429	-0.348782	32	23	15	776.875
-0.261799	0.080730	-2.622036	129	133	36	776.650
-0.261799	1.194549	-0.801900	99	10	120	776.602
0.261799	2.724429	-0.348782	108	14	108	776.578
-2.094395	1.909857	-0.381669	119	4	115	776.404
-0.261799	1.909857	-0.381669	2	44	129	776.238
-1.832596	0.866395	-2.492918	107	14	133	776.235
-1.832596	2.455966	-0.641220	116	17	108	776.233
0.785398	1.045978	0.343692	116	6	108	776.153
-1.570796	1.367556	0.358405	117	13	103	776.143
-2.356194	0.571433	-1.188419	127	136	35	776.128
2.879793	1.574060	2.783565	122	135	35	776.092
2.356194	2.356369	3.005869	130	135	37	776.006
2.094395	0.290380	-0.796960	116	9	108	775.635
1.308997	2.396274	-1.959260	105	3	124	775.304
1.047198	0.866955	-0.931351	119	8	108	775.259
-0.523599	1.367556	0.358405	103	9	113	775.223
-1.308997	1.413430	2.550734	130	119	34	775.096
-1.047198	1.554776	0.100351	111	5	117	774.990
0.523599	2.396274	-1.959260	118	142	123	774.902
-1.308997	2.760637	2.781135	123	116	27	774.741
1.308997	1.696674	-1.253233	108	11	108	774.711
-2.356194	1.977582	0.969896	108	4	117	774.621
-2.094395	1.809167	1.213774	107	3	124	774.438
-1.308997	2.404280	-0.174044	117	13	107	774.374
-2.356194	2.001437	0.381215	38	111	1	774.346
-2.617994	0.571433	-1.188419	124	139	36	774.253
0.523599	2.456751	-1.503343	108	6	113	774.197
0.000000	1.135834	-1.431087	108	136	33	774.169
0.523599	1.846342	-1.796954	111	1	123	774.168
0.523599	2.719179	-1.780644	110	6	112	774.103
-0.261799	2.295480	1.008277	137	45	123	774.080
0.000000	1.440580	2.260026	132	137	35	773.900
-2.879793	2.349581	-2.702517	132	131	36	773.889
0.523599	1.741644	-2.695914	128	130	40	773.881
2.094395	2.251330	-2.330739	123	126	36	773.750
2.356194	0.733948	3.021411	125	115	28	773.628
-2.356194	0.850607	-1.335383	135	46	118	773.602
1.308997	1.812176	0.656819	113	12	109	773.326
-2.617994	0.709924	0.218797	109	7	113	773.281
-0.785398	1.977582	0.969896	115	3	113	772.950
-1.570796	1.050534	3.042579	105	12	127	772.834
1.832596	1.756530	-2.105156	123	137	35	772.759
1.832596	0.960688	-0.577532	116	7	110	772.614
2.094395	1.824694	1.850876	122	137	36	772.587
1.832596	1.683268	0.374177	119	12	103	772.581
2.879793	1.982574	-1.115518	122	120	30	772.429
-1.047198	0.379747	-1.713059	1	45	130	772.344
-0.523599	0.929350	-2.910676	118	19	116	772.215
0.261799	1.732874	-0.951685	107	3	121	772.160
-2.879793	0.700570	1.559208	119	122	25	772.155
-2.094395	2.760637	2.781135	121	139	37	772.146
1.832596	0.992645	-1.723759	104	6	116	772.045
-1.047198	2.299159	2.264663	115	0	117	772.026
-2.094395	2.001437	0.381215	120	10	106	772.006
2.617994	1.766067	2.153843	124	128	36	771.673
0.000000	2.299159	2.264663	131	130	37	771.594
0.000000	2.881233	-2.582574	116	140	123	771.516
1.832596	1.242974	-2.977882	125	132	40	770.896
-2.356194	2.637879	2.121598	123	136	36	770.805
1.832596	2.356369	3.005869	131	132	37	770.708
-0.523599	0.685216	-1.712745	138	43	131	770.609
1.570796	2.379497	0.561089	116	136	35	770.555
-1.308997	1.510910	-0.740472	116	133	26	770.535
2.617994	1.812176	0.656819	116	12	105	770.302
2.356194	1.982574	-1.115518	116	122	30	770.289
0.000000	1.836682	-0.676006	102	8	117	770.243
-1.570796	1.135813	-2.658866	47	127	20	770.077
-0.785398	1.554776	0.100351	112	3	117	770.058
2.094395	0.914445	2.687814	114	142	36	770.054
2.356194	1.658653	-2.409879	35	110	27	770.049
-2.356194	2.587733	0.232235	113	0	123	770.016
-3.141593	2.187132	-0.479875	44	111	10	769.948
0.000000	0.864993	2.278281	135	128	33	769.696
0.523599	2.704512	1.488683	125	140	38	769.556
1.832596	0.914445	2.687814	117	143	36	769.459
-1.047198	1.606104	-0.451151	124	46	110	769.406
-0.261799	1.391910	3.030322	131	134	37	769.399
0.523599	0.929350	-2.910676	132	126	35	769.346
1.832596	1.699788	2.452890	125	132	37	769.175
-0.523599	1.766067	2.153843	31	119	36	769.152
-2.356194	1.872854	1.543456	128	124	34	769.113
-2.356194	1.450119	-2.739050	103	21	125	769.098
0.523599	1.736875	3.023612	128	1	121	769.086
2.617994	0.640596	-2.797608	113	0	123	769.077
-0.261799	1.128190	-2.288622	107	21	118	769.002
-1.308997	1.662363	0.915448	108	5	117	768.957
1.832596	1.128190	-2.288622	125	126	40	768.884
0.523599	1.433411	-1.035986	108	18	106	768.868
0.785398	0.914445	2.687814	128	139	36	768.851
-2.094395	1.683268	0.374177	115	14	104	768.712
-1.570796	0.496451	0.593859	103	9	114	768.668
-1.308997	1.256302	0.062705	119	5	111	768.542
0.261799	1.134497	-1.109631	106	15	107	768.227
-3.141593	2.180315	-1.357379	111	2	128	768.092
-0.785398	2.579248	-2.364801	113	5	114	767.920
2.356194	2.881233	-2.582574	131	130	37	767.743
-1.047198	1.555207	1.708892	137	133	33	767.646
-0.523599	1.391910	3.030322	132	132	37	767.643
0.785398	0.960688	-0.577532	100	21	113	767.577
1.308997	0.379747	-1.713059	110	3	114	767.501
-3.141593	0.992645	-1.723759	134	137	35	767.449
-0.785398	2.664082	-1.071402	9	45	136	767.427
1.832596	2.456751	-1.503343	121	116	29	767.368
2.356194	1.872854	1.543456	95	25	122	767.249
0.523599	1.869911	2.701025	131	138	36	767.077
-2.356194	0.709924	0.218797	119	36	102	766.961
0.000000	2.455966	-0.641220	107	10	111	766.946
1.832596	0.297065	2.160177	103	10	120	766.915
-1.570796	0.864993	2.278281	34	111	29	766.873
-1.570796	2.863997	0.549740	117	8	112	766.632
-2.617994	0.961715	0.014085	110	7	113	766.544
2.617994	1.824694	1.850876	120	131	36	766.526
-0.261799	2.063651	-2.044600	131	15	37	766.485
-2.617994	0.496451	0.593859	113	36	105	766.400
0.785398	1.325504	-1.671296	103	9	114	766.215
0.785398	1.554776	0.100351	1	23	107	766.173
2.094395	2.349581	-2.702517	17	139	44	766.138
-0.785398	0.992645	-1.723759	110	19	116	766.087
0.000000	0.762244	-0.273349	107	0	120	765.968
-2.617994	1.184361	0.625864	100	19	114	765.712
0.785398	1.247695	1.809890	123	2	33	765.620
0.785398	0.290380	-0.796960	109	12	108	765.421
2.879793	1.335669	0.897240	112	131	24	765.318
-1.308997	2.115563	0.685730	113	8	110	765.207
1.047198	0.591903	2.010408	8	45	134	765.195
-2.879793	2.343981	-1.040456	113	2	133	765.171
-2.356194	1.812176	0.656819	105	10	114	765.006
0.523599	1.128190	-2.288622	120	138	37	764.949
-2.356194	2.478122	2.609777	126	135	37	764.920
0.785398	2.407836	1.410646	131	141	35	764.788
-3.141593	0.591903	2.010408	103	5	118	764.783
2.094395	2.299159	2.264663	116	22	112	764.747
0.261799	2.063651	-2.044600	127	124	34	764.382
-0.785398	1.872854	1.543456	118	3	113	764.077
1.308997	2.343981	-1.040456	97	14	118	764.014
-0.785398	0.866955	-0.931351	102	9	124	764.003
0.785398	2.881233	-2.582574	107	2	131	763.955
2.094395	1.741644	-2.695914	114	1	122	763.874
1.570796	2.251330	-2.330739	109	0	126	763.832
-2.356194	2.455966	-0.641220	120	3	120	763.658
0.261799	2.349581	-2.702517	120	128	36	763.516
-2.879793	1.696674	-1.253233	141	130	29	763.277
1.047198	0.992645	-1.723759	102	5	128	763.268
-0.785398	1.367556	0.358405	109	4	117	763.245
2.879793	1.606104	-0.451151	12	140	120	763.230
1.047198	1.335669	0.897240	116	15	107	763.217
-2.617994	1.045978	0.343692	133	119	23	763.085
2.879793	1.134796	2.434290	125	135	35	763.061
-3.141593	2.041297	-2.664597	129	136	37	763.041
1.308997	2.588535	-2.976617	126	121	37	762.931
2.879793	1.948085	-2.363031	30	126	39	762.910
2.617994	2.379497	0.561089	113	4	111	762.866
1.308997	1.658653	-2.409879	140	132	40	762.859
-0.785398	1.555207	1.708892	117	143	120	762.839
-0.785398	0.080730	-2.622036	129	130	36	762.835
0.785398	1.135834	-1.431087	109	8	111	762.813
-2.617994	2.984978	1.954446	141	104	30	762.812
1.570796	2.592629	0.909713	122	129	38	762.776
2.094395	1.135834	-1.431087	118	2	113	762.775
0.523599	0.709924	0.218797	117	19	102	762.720
2.094395	0.866395	-2.492918	104	5	118	762.709
-3.141593	2.251330	-2.330739	133	127	35	762.607
2.617994	2.153910	-1.714959	135	133	35	762.577
-1.308997	0.571433	-1.188419	122	131	34	762.567
-0.523599	2.115563	0.685730	138	44	120	762.535
-1.570796	0.899350	-2.069907	130	50	131	762.520
1.308997	2.063651	-2.044600	128	123	37	762.403
-2.617994	1.766067	2.153843	107	3	122	762.372
-1.832596	1.135813	-2.658866	105	14	129	762.339
1.308997	2.180315	-1.357379	103	6	121	762.247
1.047198	1.569311	-3.003978	128	142	39	762.156
1.308997	1.433411	-1.035986	107	2	120	762.123
-2.617994	0.866955	-0.931351	121	143	33	762.103
-1.570796	0.619654	-2.216909	125	140	37	761.984
-3.141593	0.733948	3.021411	116	0	130	761.938
-2.356194	0.831641	0.616218	98	20	115	761.930
0.785398	2.108018	1.311430	0	43	123	761.875
-2.617994	2.724429	-0.348782	120	143	121	761.867
2.879793	0.640596	-2.797608	112	0	132	761.799
-2.617994	1.812176	0.656819	117	3	113	761.752
-3.141593	2.343981	-1.040456	122	142	119	761.727
-1.570796	0.709924	0.218797	101	15	113	761.711
-0.523599	1.184361	0.625864	106	4	115	761.663
1.570796	0.290380	-0.796960	129	0	116	761.574
1.308997	1.904882	-1.478089	105	8	113	761.439
2.094395	1.413430	2.550734	130	133	35	761.318
2.617994	2.299159	2.264663	125	123	35	761.210
2.617994	2.073035	2.027405	122	122	34	761.194
1.047198	2.073035	2.027405	28	28	14	761.109
-1.047198	2.153910	-1.714959	127	141	35	761.067
2.356194	2.637879	2.121598	104	20	120	761.032
-3.141593	2.299159	2.264663	108	17	116	760.920
-3.141593	2.164094	-2.991358	109	26	115	760.890
-3.141593	2.760637	2.781135	105	18	121	760.867
-2.879793	2.299159	2.264663	122	138	38	760.811
-1.047198	0.297065	2.160177	124	13	108	760.773
-1.832596	1.696674	-1.253233	41	17	14	760.770
0.000000	1.998705	2.370472	26	113	35	760.729
-2.617994	1.256302	0.062705	115	5	109	760.703
-3.141593	1.194549	-0.801900	138	129	25	760.625
0.261799	1.809167	1.213774	135	116	19	760.621
-1.047198	1.872854	1.543456	113	3	115	760.583
2.094395	2.295480	1.008277	116	127	37	760.555
1.832596	2.704512	1.488683	104	18	120	760.386
1.308997	0.864993	2.278281	127	0	33	760.190
-3.141593	2.108018	1.311430	107	9	109	760.036
-3.141593	2.073035	2.027405	125	123	35	760.017
-1.308997	2.349581	-2.702517	118	3	36	759.870
2.356194	2.456751	-1.503343	119	129	34	759.732
-1.308997	2.724429	-0.348782	134	131	38	759.613
2.879793	2.637879	2.121598	115	17	111	759.603
0.785398	1.846342	-1.796954	115	0	125	759.594
-0.523599	2.592629	0.909713	133	140	36	759.549
-1.570796	0.914445	2.687814	127	130	35	759.528
2.879793	2.041297	-2.664597	128	135	37	759.375
-0.785398	0.297065	2.160177	132	134	36	759.076
-0.785398	2.180315	-1.357379	108	143	29	759.025
-0.523599	1.554776	0.100351	100	14	111	758.773
2.094395	1.504028	0.636812	128	134	27	758.757
-1.570796	2.295480	1.008277	124	1	113	758.495
2.879793	1.417623	-0.202254	121	118	26	758.463
-0.261799	2.579248	-2.364801	116	4	112	758.378
1.832596	2.984978	1.954446	123	51	132	758.320
-2.617994	1.732874	-0.951685	119	3	119	758.206
-0.785398	0.640596	-2.797608	129	49	133	758.168
1.308997	1.766067	2.153843	15	15	35	758.090
2.356194	2.349581	-2.702517	24	132	43	758.040
2.617994	0.685216	-1.712745	112	2	116	758.006
0.261799	0.929350	-2.910676	27	24	24	757.930
-2.879793	2.664082	-1.071402	117	17	112	757.842
-2.617994	2.001437	0.381215	124	4	110	757.680
-1.832596	2.592629	0.909713	113	8	111	757.643
-2.094395	2.404280	-0.174044	124	2	117	757.500
-1.047198	0.080730	-2.622036	128	130	37	757.468
2.617994	0.618092	2.539118	127	137	37	757.458
0.523599	0.762244	-0.273349	124	10	105	757.407
-3.141593	0.080730	-2.622036	117	5	113	757.326
0.261799	0.080730	-2.622036	116	9	110	757.267
1.047198	1.741644	-2.695914	26	17	27	757.258
2.094395	0.960688	-0.577532	109	5	113	757.176
0.785398	2.592629	0.909713	142	45	125	757.174
-3.141593	1.450119	-2.739050	34	121	34	757.105
1.832596	2.592629	0.909713	120	133	37	757.041
-2.617994	1.904882	-1.478089	133	142	33	756.938
2.879793	1.683268	0.374177	116	8	108	756.898
2.617994	1.872854	1.543456	96	20	121	756.752
-3.141593	1.554776	0.100351	6	136	120	756.734
1.570796	2.760637	2.781135	127	135	37	756.703
2.879793	2.393226	1.857173	125	127	36	756.603
1.308997	1.168678	2.108595	129	0	33	756.464
-0.261799	1.014500	0.906702	116	0	121	756.437
1.570796	2.164094	-2.991358	22	112	38	756.282
1.047198	1.218453	2.777284	130	135	36	756.248
-1.047198	1.045978	0.343692	140	138	120	756.078
-3.141593	0.709924	0.218797	143	23	107	756.073
0.785398	1.982574	-1.115518	103	20	109	756.057
-1.832596	0.992645	-1.723759	0	42	125	755.995
-0.785398	0.866395	-2.492918	139	46	132	755.840
1.047198	2.104282	-0.813972	123	119	24	755.837
-0.261799	1.218453	2.777284	134	135	36	755.772
1.570796	2.247462	0.191623	111	139	34	755.703
-1.832596	2.396274	-1.959260	115	140	35	755.692
-0.785398	1.699788	2.452890	136	138	36	755.593
-1.047198	2.104282	-0.813972	126	50	118	755.564
0.523599	2.138223	1.678323	33	23	8	755.523
0.261799	2.343981	-1.040456	106	6	114	755.175
-2.879793	1.741644	-2.695914	123	130	39	755.166
2.617994	1.367556	0.358405	115	17	103	755.139
-0.785398	0.910508	1.903534	107	4	132	755.043
-0.523599	0.906588	1.252948	129	125	29	754.981
0.523599	1.545873	-1.877082	116	127	37	754.978
-0.523599	1.413430	2.550734	126	131	35	754.906
-1.047198	1.325504	-1.671296	117	1	36	754.874
-1.308997	1.875281	0.107086	109	8	116	754.826
-1.570796	1.809167	1.213774	104	6	119	754.552
-2.356194	0.496451	0.593859	117	6	108	754.505
2.094395	0.899350	-2.069907	113	2	116	754.447
-0.261799	0.615174	-0.666022	119	3	114	754.439
-0.523599	2.456751	-1.503343	132	143	35	754.421
2.617994	2.393226	1.857173	124	127	36	754.380
-1.832596	2.001437	0.381215	122	12	105	754.315
2.879793	0.379747	-1.713059	117	5	111	754.311
-2.617994	1.872854	1.543456	110	2	123	754.276
-0.523599	1.050534	3.042579	139	134	36	754.215
1.047198	2.356369	3.005869	123	127	39	754.080
-0.261799	1.335669	0.897240	117	2	115	754.067
0.000000	1.135813	-2.658866	25	19	29	753.758
-2.094395	1.756530	-2.105156	128	133	37	753.151
0.261799	0.762244	-0.273349	122	10	104	753.129
1.570796	1.872854	1.543456	132	13	115	752.874
2.094395	2.588535	-2.976617	130	131	37	752.839
-2.094395	2.104282	-0.813972	110	20	114	752.775
-1.308997	1.836682	-0.676006	118	18	106	752.397
1.570796	1.870545	-2.976234	100	12	122	752.278
-0.523599	2.073035	2.027405	25	27	24	752.250
-3.141593	2.104282	-0.813972	46	114	13	752.190
0.523599	2.393226	1.857173	33	25	12	752.164
-1.308997	1.450119	-2.739050	101	9	124	752.008
-0.261799	2.637879	2.121598	31	104	24	751.992
0.261799	1.014500	0.906702	118	2	124	751.921
-0.785398	1.721184	-0.153948	108	6	116	751.892
-0.261799	1.214854	-1.966664	116	140	36	751.743
1.047198	1.658653	-2.409879	109	4	123	751.687
-2.879793	1.050534	3.042579	106	5	136	751.628
-0.523599	0.297065	2.160177	129	135	36	751.589
1.308997	1.025536	1.576859	139	45	135	751.578
1.308997	0.297065	2.160177	132	132	36	751.371
1.308997	2.760637	2.781135	115	8	130	751.349
-1.570796	1.658653	-2.409879	127	138	38	751.280
0.261799	2.001437	0.381215	124	1	33	751.226
-3.141593	1.506530	1.988858	97	13	125	751.075
1.832596	2.979456	-1.009304	101	9	122	750.986
-1.570796	1.374601	-2.456031	21	18	31	750.938
0.261799	0.992645	-1.723759	113	136	35	750.927
2.617994	2.579248	-2.364801	133	128	35	750.876
-0.785398	1.417623	-0.202254	109	5	117	750.854
-2.356194	1.683268	0.374177	134	129	29	750.804
-2.356194	1.699788	2.452890	102	5	125	750.696
1.570796	0.618092	2.539118	134	138	35	750.629
2.356194	1.168678	2.108595	128	138	33	750.590
0.000000	2.108018	1.311430	137	45	122	750.428
1.308997	1.569311	-3.003978	132	131	39	750.340
2.094395	1.948085	-2.363031	129	120	35	750.299
-2.094395	1.367556	0.358405	104	17	109	750.142
2.879793	1.195355	1.200319	113	127	27	750.018
-1.570796	2.393226	1.857173	110	5	113	749.973
2.617994	1.846342	-1.796954	115	0	121	749.867
0.261799	1.194549	-0.801900	104	3	120	749.788
-2.094395	0.571433	-1.188419	120	139	36	749.698
-1.047198	1.413430	2.550734	42	129	31	749.525
-2.356194	0.864993	2.278281	119	3	113	749.505
-0.785398	1.448123	-2.163292	19	17	32	749.484
0.785398	1.824694	1.850876	107	18	125	749.423
2.094395	1.846342	-1.796954	128	129	35	749.406
-1.308997	0.831641	0.616218	111	6	110	749.376
0.261799	2.138223	1.678323	137	46	127	749.371
0.261799	1.506530	1.988858	139	47	134	749.207
-1.308997	0.850607	-1.335383	119	128	33	749.063
0.785398	2.379497	0.561089	121	138	36	749.008
-2.094395	1.374601	-2.456031	103	18	128	748.877
2.356194	0.618092	2.539118	107	3	119	748.835
-2.879793	1.699788	2.452890	112	0	129	748.750
-1.308997	2.478122	2.609777	120	137	38	748.617
-2.094395	0.866955	-0.931351	115	142	33	748.602
0.000000	1.982574	-1.115518	117	143	117	748.533
0.785398	1.869911	2.701025	133	138	36	748.477
-0.523599	1.696674	-1.253233	119	136	28	748.366
-2.356194	2.180315	-1.357379	135	127	33	748.322
-1.047198	2.704512	1.488683	129	140	38	748.015
-1.570796	2.478122	2.609777	121	139	37	747.975
0.785398	0.458961	-0.107937	112	0	119	747.908
2.879793	2.579248	-2.364801	125	130	38	747.800
0.523599	2.592629	0.909713	121	130	38	747.731
2.094395	0.496451	0.593859	1	27	107	747.723
0.785398	1.450119	-2.739050	134	137	39	747.665
2.356194	0.929350	-2.910676	98	14	137	747.646
1.308997	2.115563	0.685730	113	136	35	747.637
2.356194	1.870545	-2.976234	129	126	35	747.421
-1.570796	1.450119	-2.739050	125	133	40	747.373
0.000000	1.696674	-1.253233	106	4	119	747.320
1.570796	2.187132	-0.479875	136	121	129	747.247
0.523599	1.569311	-3.003978	118	42	1	747.183
-1.570796	0.290380	-0.796960	121	10	106	747.156
-1.047198	2.579248	-2.364801	104	8	119	747.134
0.523599	1.506530	1.988858	134	47	125	747.021
1.308997	2.863997	0.549740	128	133	37	746.982
0.261799	1.242974	-2.977882	132	138	39	746.941
-0.785398	0.419640	2.974122	131	134	36	746.938
-1.047198	1.113094	-0.272241	122	8	109	746.846
-2.094395	2.295480	1.008277	108	2	129	746.782
-0.261799	2.587733	0.232235	128	130	37	746.762
-2.617994	2.073035	2.027405	102	5	131	746.717
1.047198	0.864993	2.278281	131	134	35	746.676
-2.094395	2.719179	-1.780644	134	130	36	746.590
0.000000	1.413430	2.550734	119	138	38	746.538
-1.570796	1.904882	-1.478089	131	49	120	746.476
0.523599	1.982574	-1.115518	107	3	117	746.356
1.047198	1.504028	0.636812	115	12	109	746.340
1.047198	2.579248	-2.364801	122	1	118	746.302
1.308997	1.732874	-0.951685	125	122	27	746.252
-0.785398	1.242974	-2.977882	132	135	38	746.179
2.879793	2.153910	-1.714959	43	119	26	746.158
-0.261799	1.134796	2.434290	27	31	10	746.008
2.094395	1.809167	1.213774	96	27	117	745.906
-1.570796	1.977582	0.969896	137	138	34	745.896
2.356194	2.164094	-2.991358	131	126	36	745.703
-0.785398	2.478122	2.609777	108	3	121	745.666
0.523599	1.242974	-2.977882	129	141	39	745.553
2.356194	0.914445	2.687814	129	136	37	745.548
0.000000	1.391910	3.030322	131	136	38	745.481
2.094395	0.866955	-0.931351	27	105	0	745.410
2.879793	1.045978	0.343692	143	17	106	745.409
2.094395	1.696674	-1.253233	116	3	111	745.409
-2.094395	2.379497	0.561089	112	6	114	745.369
-1.570796	1.741644	-2.695914	121	133	40	745.255
1.047198	2.138223	1.678323	140	46	131	745.254
0.785398	2.588535	-2.976617	121	120	37	745.089
1.570796	2.063651	-2.044600	111	0	123	744.848
2.094395	0.762244	-0.273349	112	8	109	744.828
-0.785398	1.413430	2.550734	16	130	44	744.608
2.879793	2.251330	-2.330739	135	129	34	744.399
0.261799	1.909857	-0.381669	107	6	112	744.198
-1.570796	1.699788	2.452890	96	17	120	744.176
-1.832596	1.732874	-0.951685	121	10	117	744.125
-1.047198	1.335669	0.897240	106	7	111	744.032
-1.832596	2.393226	1.857173	116	140	118	744.029
-2.879793	2.637879	2.121598	99	9	123	743.920
2.879793	1.846342	-1.796954	120	2	117	743.881
1.832596	2.760637	2.781135	133	136	37	743.870
2.094395	1.699788	2.452890	125	133	37	743.846
1.047198	2.881233	-2.582574	112	0	131	743.615
-0.261799	1.721184	-0.153948	0	46	136	743.488
-1.308997	1.242974	-2.977882	132	128	38	743.475
-0.785398	1.836682	-0.676006	112	6	115	743.432
-2.879793	1.736875	3.023612	122	132	37	743.376
-1.832596	0.615174	-0.666022	131	43	112	743.350
-2.094395	1.325504	-1.671296	23	29	25	743.276
-2.356194	2.588535	-2.976617	106	15	123	743.153
-1.832596	1.168678	2.108595	109	0	119	743.124
1.570796	0.864993	2.278281	122	0	34	743.080
-1.832596	2.881233	-2.582574	102	16	116	742.964
0.000000	1.195355	1.200319	117	0	125	742.900
0.523599	0.591903	2.010408	138	47	133	742.895
1.570796	1.756530	-2.105156	125	126	39	742.749
-0.523599	0.591903	2.010408	124	4	120	742.714
-1.047198	1.488617	1.159546	109	4	115	742.474
0.785398	1.872854	1.543456	30	27	4	742.391
-1.308997	2.881233	-2.582574	108	13	109	742.307
1.047198	0.914445	2.687814	125	139	36	742.249
-0.523599	1.242974	-2.977882	133	136	39	742.227
0.261799	1.448123	-2.163292	115	1	126	742.197
1.047198	1.113094	-0.272241	108	14	107	742.057
-2.879793	2.979456	-1.009304	115	13	119	742.007
0.261799	0.618092	2.539118	126	132	37	742.005
1.832596	2.247462	0.191623	108	5	113	741.994
-1.047198	2.407836	1.410646	118	7	108	741.966
-1.570796	0.685216	-1.712745	127	51	124	741.896
1.308997	1.870545	-2.976234	132	140	39	741.828
0.000000	1.569311	-3.003978	134	129	39	741.792
0.785398	0.733948	3.021411	133	131	36	741.776
-2.094395	2.588535	-2.976617	107	13	121	741.688
1.308997	2.592629	0.909713	1	47	141	741.602
-1.570796	0.379747	-1.713059	120	133	37	741.554
0.000000	2.153910	-1.714959	127	130	32	741.499
-1.308997	0.866395	-2.492918	133	48	134	741.459
-1.832596	0.619654	-2.216909	131	140	36	741.433
0.785398	1.736875	3.023612	104	11	133	741.321
-3.141593	2.881233	-2.582574	127	132	38	741.259
0.523599	1.135813	-2.658866	108	15	117	741.253
2.879793	0.290380	-0.796960	117	7	107	741.225
-0.261799	1.998705	2.370472	140	140	36	741.045
-3.141593	1.574060	2.783565	115	140	37	741.004
-3.141593	2.984978	1.954446	132	132	37	740.984
2.617994	2.984978	1.954446	104	13	128	740.818
0.523599	2.251330	-2.330739	117	1	120	740.815
-0.523599	2.356369	3.005869	129	119	33	740.646
2.356194	2.104282	-0.813972	112	0	118	740.637
-0.785398	1.374601	-2.456031	127	131	40	740.591
-0.523599	1.450119	-2.739050	119	138	38	740.348
-2.094395	0.418037	1.360082	136	134	123	740.348
2.094395	1.574060	2.783565	126	129	36	740.079
-1.832596	1.325504	-1.671296	127	141	36	740.054
0.000000	0.571433	-1.188419	114	4	117	739.979
2.356194	1.510910	-0.740472	117	5	109	739.961
0.261799	1.555207	1.708892	8	34	118	739.772
-0.523599	1.335669	0.897240	112	3	115	739.636
1.047198	0.297065	2.160177	131	129	36	739.620
-3.141593	1.050534	3.042579	116	131	39	739.619
-0.785398	0.619654	-2.216909	136	45	126	739.567
-1.832596	0.640596	-2.797608	108	13	133	739.447
0.261799	2.073035	2.027405	133	137	37	739.295
-2.356194	2.349581	-2.702517	114	140	36	739.190
1.308997	2.251330	-2.330739	31	11	22	739.129
-2.617994	2.063651	-2.044600	126	136	37	738.927
1.308997	1.413430	2.550734	123	132	36	738.918
-0.261799	0.899350	-2.069907	108	17	117	738.473
0.523599	2.033014	2.977192	120	136	38	738.406
0.523599	0.618092	2.539118	124	52	126	738.271
2.356194	1.824694	1.850876	120	137	36	738.196
-2.617994	2.592629	0.909713	30	103	12	738.055
-2.879793	1.242974	-2.977882	125	134	38	737.913
-1.047198	2.760637	2.781135	105	7	115	737.831
0.000000	2.115563	0.685730	124	141	35	737.654
-0.261799	2.247462	0.191623	131	138	36	737.606
-1.047198	2.393226	1.857173	120	4	110	737.590
-0.261799	1.812176	0.656819	130	139	30	737.518
-1.832596	1.870545	-2.976234	127	134	39	737.505
0.523599	2.295480	1.008277	117	135	37	737.471
-1.308997	1.325504	-1.671296	121	143	36	737.461
-0.523599	1.135834	-1.431087	114	140	33	737.384
-1.832596	2.153910	-1.714959	123	143	33	737.356
2.617994	0.992645	-1.723759	135	130	35	737.354
2.356194	1.135834	-1.431087	130	130	34	737.349
