144	1.2	0
-2.356194	1.574060	2.783565
0.000000	0.000000	0.000000
../data/3_zdock/HER2_m.pdb	37.529	5.447	5.464
../data/3_zdock/antibody_m/l12_4.pdb	0.858	8.700	-0.402
2.094395	1.554776	0.100351	113	9	111	1362.866
1.832596	1.554776	0.100351	120	5	110	1351.677
2.879793	1.809167	1.213774	106	12	111	1300.986
0.000000	2.356369	3.005869	128	137	37	1261.475
-2.879793	0.914445	2.687814	116	143	129	1258.965
2.094395	2.579248	-2.364801	127	130	35	1236.552
1.570796	1.113094	-0.272241	110	10	111	1235.511
2.356194	1.450119	-2.739050	131	134	38	1235.073
2.617994	1.875281	0.107086	113	4	115	1231.486
2.879793	2.001437	0.381215	112	3	116	1205.741
-0.523599	0.866395	-2.492918	135	46	133	1195.014
-2.094395	0.700570	1.559208	141	131	126	1188.859
-0.785398	1.599406	1.426070	116	2	117	1185.908
-0.261799	0.960688	-0.577532	123	10	108	1185.228
-3.141593	1.134796	2.434290	98	13	125	1181.891
-2.879793	0.419640	2.974122	113	3	120	1180.977
-2.356194	0.899350	-2.069907	129	141	35	1179.299
-2.879793	0.864993	2.278281	111	0	125	1176.965
-2.617994	1.413430	2.550734	105	4	129	1176.776
-2.879793	0.910508	1.903534	107	2	122	1176.215
2.094395	1.721184	-0.153948	113	5	114	1169.904
-1.570796	2.164094	-2.991358	130	133	37	1166.087
-2.094395	0.619654	-2.216909	131	138	36	1152.372
2.879793	1.977582	0.969896	108	9	112	1152.160
1.832596	1.134497	-1.109631	114	5	112	1151.905
2.356194	1.391910	3.030322	123	140	38	1150.292
2.094395	1.367556	0.358405	115	17	104	1148.506
1.832596	1.433411	-1.035986	111	5	112	1145.697
-2.879793	0.906588	1.252948	117	3	112	1142.261
2.356194	2.455966	-0.641220	122	143	117	1141.094
2.356194	1.242974	-2.977882	119	141	38	1137.193
2.617994	2.356369	3.005869	135	133	37	1134.208
2.617994	2.724429	-0.348782	120	142	123	1126.324
-2.879793	1.555207	1.708892	107	9	114	1123.806
1.570796	1.417623	-0.202254	118	1	115	1122.074
0.785398	2.063651	-2.044600	127	122	35	1118.519
-2.879793	2.001437	0.381215	117	0	116	1114.959
2.617994	1.736875	3.023612	122	133	37	1114.861
-2.617994	0.910508	1.903534	111	0	121	1114.787
2.094395	1.113094	-0.272241	119	11	105	1113.527
2.617994	2.404280	-0.174044	117	143	117	1113.387
0.000000	2.664082	-1.071402	107	7	117	1111.741
2.356194	1.050534	3.042579	114	143	36	1107.334
-0.261799	2.041297	-2.664597	127	128	37	1103.198
2.094395	1.909857	-0.381669	114	1	119	1103.055
2.356194	2.187132	-0.479875	109	5	113	1100.533
-1.047198	1.872854	1.543456	114	4	115	1099.686
-2.879793	1.025536	1.576859	118	1	115	1099.641
-1.308997	0.496451	0.593859	112	4	115	1098.383
1.832596	1.301460	-0.509251	116	1	117	1097.760
0.000000	1.741644	-2.695914	132	128	38	1097.040
0.523599	0.850607	-1.335383	110	4	121	1096.294
2.356194	1.875281	0.107086	109	6	115	1094.640
1.308997	0.685216	-1.712745	112	1	120	1093.954
1.047198	2.063651	-2.044600	130	123	35	1093.714
0.523599	1.658653	-2.409879	126	132	38	1091.721
0.261799	1.982574	-1.115518	106	4	120	1089.986
1.308997	1.256302	0.062705	117	4	111	1088.632
-2.094395	1.335669	0.897240	118	5	108	1088.056
0.261799	2.456751	-1.503343	114	3	117	1087.907
2.879793	1.662363	0.915448	110	13	107	1087.608
1.570796	1.413347	-1.339188	112	0	122	1085.719
-1.832596	2.356369	3.005869	129	138	37	1085.225
-1.832596	1.812176	0.656819	114	7	113	1084.630
1.570796	1.256302	0.062705	110	14	109	1082.405
1.570796	1.554776	0.100351	116	5	110	1082.301
-3.141593	1.599406	1.426070	106	12	111	1081.631
-0.523599	0.458961	-0.107937	118	3	113	1080.967
-2.356194	1.413430	2.550734	109	1	129	1080.697
0.000000	0.960688	-0.577532	120	10	107	1079.486
-3.141593	2.001437	0.381215	115	1	115	1077.988
1.832596	2.033014	2.977192	128	131	36	1077.744
-0.785398	2.588535	-2.976617	131	140	37	1076.500
-1.308997	1.433411	-1.035986	120	18	109	1076.454
0.785398	0.571433	-1.188419	111	4	114	1076.155
1.832596	1.194549	-0.801900	115	9	108	1074.106
1.308997	1.413347	-1.339188	108	4	116	1073.998
-2.617994	1.310100	1.488307	111	11	108	1073.665
0.785398	1.699788	2.452890	124	138	36	1073.656
0.785398	1.756530	-2.105156	124	128	37	1073.548
2.356194	2.033014	2.977192	130	128	36	1069.738
0.785398	1.846342	-1.796954	127	122	33	1069.377
-2.094395	1.134796	2.434290	114	0	125	1068.105
-0.261799	0.203748	0.590255	116	11	107	1066.360
1.832596	1.417623	-0.202254	112	8	112	1063.809
-0.523599	0.762244	-0.273349	124	5	111	1057.167
1.047198	1.599406	1.426070	119	17	114	1056.667
1.047198	1.998705	2.370472	127	136	37	1056.559
2.356194	1.569311	-3.003978	129	118	32	1056.390
-3.141593	1.809167	1.213774	108	9	110	1054.865
1.570796	2.033014	2.977192	127	129	36	1054.712
-0.785398	2.164094	-2.991358	128	122	35	1053.130
1.047198	1.413347	-1.339188	107	5	119	1053.113
-0.785398	1.809167	1.213774	116	6	111	1053.098
0.785398	2.349581	-2.702517	125	131	35	1052.797
-2.879793	1.413430	2.550734	102	8	130	1051.751
-2.617994	1.134796	2.434290	105	5	124	1051.576
1.308997	2.587733	0.232235	104	9	118	1048.095
0.785398	1.741644	-2.695914	117	139	34	1047.194
2.094395	1.417623	-0.202254	120	8	107	1047.098
-2.094395	1.506530	1.988858	126	131	33	1046.986
0.000000	1.450119	-2.739050	132	133	38	1046.337
2.094395	1.413347	-1.339188	133	128	31	1046.189
1.047198	1.440580	2.260026	119	143	33	1043.018
2.617994	1.870545	-2.976234	133	123	35	1041.935
-1.047198	2.174483	2.653697	130	135	38	1040.404
1.308997	0.961715	0.014085	121	2	112	1038.234
1.570796	0.290380	-0.796960	129	0	115	1038.039
-0.261799	1.135813	-2.658866	132	45	137	1037.961
0.523599	1.948085	-2.363031	128	127	38	1037.866
-1.832596	1.247695	1.809890	130	125	33	1037.823
0.523599	0.571433	-1.188419	108	6	115	1037.113
1.832596	1.617114	-1.572037	116	2	112	1036.419
1.570796	1.135834	-1.431087	112	0	122	1035.770
1.832596	1.741644	-2.695914	105	7	122	1035.708
-2.617994	2.001437	0.381215	124	1	113	1035.265
-0.785398	2.174483	2.653697	131	134	37	1034.868
-1.570796	1.135834	-1.431087	128	143	32	1034.843
1.570796	1.869911	2.701025	124	133	37	1033.975
-3.141593	1.741644	-2.695914	34	124	37	1033.622
-2.356194	1.875281	0.107086	127	11	105	1033.231
-2.879793	1.809167	1.213774	106	3	120	1032.693
2.879793	1.569311	-3.003978	127	125	36	1032.251
2.356194	1.218453	2.777284	117	141	37	1031.429
-1.308997	2.164094	-2.991358	130	133	38	1031.015
-2.094395	1.440580	2.260026	128	133	34	1030.887
0.523599	1.756530	-2.105156	123	127	37	1030.062
0.000000	2.588535	-2.976617	115	2	118	1029.437
-2.879793	1.310100	1.488307	108	14	108	1028.940
-0.523599	2.164094	-2.991358	130	123	34	1027.689
-1.832596	0.906588	1.252948	2	130	124	1027.475
-1.047198	2.063651	-2.044600	116	137	36	1027.089
1.047198	1.904882	-1.478089	102	8	121	1026.787
-1.832596	2.187132	-0.479875	120	18	107	1026.194
0.785398	1.998705	2.370472	129	135	37	1025.777
-1.047198	2.984978	1.954446	36	111	26	1025.446
0.261799	2.979456	-1.009304	133	137	37	1024.849
-1.047198	2.356369	3.005869	134	141	36	1024.687
-0.785398	2.247462	0.191623	1	42	120	1024.355
0.785398	2.138223	1.678323	29	28	7	1023.969
-2.617994	1.025536	1.576859	122	1	113	1023.130
2.356194	2.247462	0.191623	107	4	124	1022.529
-2.617994	0.458961	-0.107937	107	13	111	1022.501
-3.141593	1.450119	-2.739050	33	119	35	1022.449
0.261799	0.496451	0.593859	115	1	115	1022.360
-2.879793	1.195355	1.200319	118	0	116	1021.445
1.570796	1.184361	0.625864	114	26	102	1020.984
0.261799	0.866955	-0.931351	115	7	111	1020.872
-2.879793	2.104282	-0.813972	49	121	13	1020.672
2.094395	2.881233	-2.582574	132	134	36	1019.816
1.047198	0.850607	-1.335383	113	5	111	1019.425
2.879793	1.870545	-2.976234	127	134	37	1018.601
-0.261799	1.168678	2.108595	135	129	30	1018.524
2.094395	2.455966	-0.641220	117	143	118	1018.234
1.308997	0.850607	-1.335383	117	5	109	1018.111
0.523599	1.699788	2.452890	126	138	36	1018.101
-3.141593	0.864993	2.278281	111	143	125	1018.084
2.356194	1.504028	0.636812	113	16	105	1017.833
1.832596	1.391910	3.030322	127	137	37	1017.709
-1.047198	1.875281	0.107086	113	7	113	1017.683
-2.617994	0.906588	1.252948	121	4	110	1017.628
-1.570796	2.089241	-0.114193	117	13	109	1017.043
-2.094395	1.014500	0.906702	134	127	128	1016.864
2.879793	1.488617	1.159546	107	17	107	1016.536
-2.356194	2.063651	-2.044600	128	142	36	1015.345
2.617994	2.247462	0.191623	110	1	121	1015.342
0.000000	0.290380	-0.796960	102	9	114	1012.928
-3.141593	1.875281	0.107086	117	3	111	1010.617
-0.523599	2.760637	2.781135	111	3	119	1010.488
-1.308997	2.187132	-0.479875	135	47	127	1010.043
-3.141593	1.870545	-2.976234	125	135	37	1010.021
1.570796	0.571433	-1.188419	121	5	109	1009.363
-2.617994	1.168678	2.108595	104	6	121	1009.051
2.617994	1.242974	-2.977882	119	140	38	1008.558
1.308997	1.554776	0.100351	113	6	110	1008.223
2.094395	2.033014	2.977192	127	131	36	1008.220
2.879793	1.134796	2.434290	96	18	125	1008.164
1.832596	1.870545	-2.976234	126	124	34	1007.990
1.308997	1.433411	-1.035986	107	1	120	1007.781
-0.785398	1.045978	0.343692	108	3	121	1006.844
2.094395	1.134497	-1.109631	119	5	109	1006.529
-2.879793	0.618092	2.539118	114	143	124	1006.314
-2.879793	1.391910	3.030322	106	8	142	1005.541
-1.047198	2.001437	0.381215	114	6	113	1005.357
0.785398	1.904882	-1.478089	114	2	119	1004.890
1.570796	1.045978	0.343692	116	22	101	1004.486
-2.617994	2.704512	1.488683	125	134	38	1004.479
0.523599	2.153910	-1.714959	115	143	125	1004.211
0.000000	1.948085	-2.363031	118	132	37	1003.942
-2.356194	1.134796	2.434290	109	2	125	1003.854
1.308997	0.992645	-1.723759	109	2	125	1003.570
-1.570796	1.696674	-1.253233	37	19	16	1003.211
1.047198	1.696674	-1.253233	103	9	116	1003.174
-1.308997	0.203748	0.590255	105	5	115	1002.613
-1.832596	2.407836	1.410646	138	132	35	1002.605
-2.879793	2.587733	0.232235	120	1	117	1002.523
2.356194	1.417623	-0.202254	122	8	107	1002.350
2.879793	2.404280	-0.174044	123	143	116	1002.215
-3.141593	1.736875	3.023612	120	132	37	1002.195
1.308997	1.134796	2.434290	129	141	33	1001.784
0.523599	1.413430	2.550734	127	141	34	1001.419
1.570796	1.721184	-0.153948	115	2	115	1000.692
2.879793	0.733948	3.021411	126	130	37	1000.551
-1.570796	2.984978	1.954446	108	7	114	999.999
-2.094395	1.977582	0.969896	114	0	121	999.430
-1.047198	0.496451	0.593859	113	4	111	999.407
0.261799	2.164094	-2.991358	123	140	38	998.627
-2.879793	0.591903	2.010408	108	3	118	998.008
2.879793	2.379497	0.561089	114	1	116	997.719
0.785398	1.824694	1.850876	32	27	9	996.945
0.785398	2.592629	0.909713	142	45	125	996.539
-1.832596	1.367556	0.358405	109	13	110	995.444
-2.617994	2.180315	-1.357379	137	125	32	995.388
1.308997	0.571433	-1.188419	123	5	108	995.340
-2.356194	0.619654	-2.216909	128	139	34	994.789
-2.094395	0.591903	2.010408	118	7	110	994.575
-3.141593	2.174483	2.653697	132	135	38	994.552
-0.261799	2.349581	-2.702517	121	123	36	994.126
2.356194	2.579248	-2.364801	129	130	36	994.096
-2.879793	1.134796	2.434290	101	8	125	993.167
0.000000	0.618092	2.539118	127	131	36	993.115
2.094395	2.356369	3.005869	130	132	37	993.111
1.832596	2.349581	-2.702517	121	133	36	993.101
1.832596	1.450119	-2.739050	107	7	118	992.544
-1.832596	0.674054	1.013609	106	5	118	991.613
-2.879793	1.168678	2.108595	100	10	121	991.494
1.308997	1.367556	0.358405	110	24	103	991.469
-0.261799	2.760637	2.781135	117	4	114	991.416
1.047198	1.948085	-2.363031	128	131	37	990.934
-0.785398	1.658653	-2.409879	134	137	37	990.776
0.523599	2.041297	-2.664597	128	3	115	990.678
-2.879793	1.599406	1.426070	109	10	110	990.076
1.047198	2.073035	2.027405	28	28	14	989.406
-1.832596	2.299159	2.264663	128	133	37	988.872
-2.879793	0.203748	0.590255	112	8	112	988.782
-3.141593	2.247462	0.191623	119	142	118	988.652
2.356194	2.404280	-0.174044	103	8	116	988.592
-2.356194	1.014500	0.906702	132	129	128	988.489
-0.523599	2.478122	2.609777	133	134	36	988.118
-2.617994	1.812176	0.656819	118	2	113	987.999
0.785398	2.579248	-2.364801	117	143	128	987.820
-1.308997	2.063651	-2.044600	121	140	35	987.550
0.000000	1.134497	-1.109631	118	131	28	987.242
-1.308997	1.413347	-1.339188	36	19	15	987.074
1.832596	1.256302	0.062705	113	12	109	986.981
-2.879793	2.478122	2.609777	131	129	36	984.881
-1.047198	1.948085	-2.363031	120	133	38	984.638
0.785398	1.658653	-2.409879	131	130	39	984.492
1.570796	2.588535	-2.976617	126	135	37	983.919
0.261799	2.881233	-2.582574	111	4	116	983.001
-3.141593	2.396274	-1.959260	23	143	41	982.691
-1.570796	1.998705	2.370472	130	134	37	982.651
2.617994	1.050534	3.042579	111	141	36	982.533
-2.617994	1.440580	2.260026	104	5	124	982.487
-0.785398	1.168678	2.108595	113	3	124	982.038
0.261799	1.391910	3.030322	127	142	37	981.995
-2.356194	1.736875	3.023612	123	133	37	980.790
-0.785398	2.041297	-2.664597	122	127	38	980.590
2.879793	1.391910	3.030322	119	140	38	980.405
2.617994	2.164094	-2.991358	131	131	35	979.851
-2.356194	1.504028	0.636812	121	1	113	979.806
-0.785398	1.756530	-2.105156	127	138	36	979.613
-2.094395	0.297065	2.160177	119	143	118	979.381
-0.785398	0.961715	0.014085	129	6	108	979.369
-2.617994	1.555207	1.708892	110	7	112	979.325
-1.047198	2.089241	-0.114193	115	11	109	978.799
0.000000	2.343981	-1.040456	106	5	121	978.759
0.785398	1.134497	-1.109631	110	11	108	978.581
-2.617994	1.506530	1.988858	117	143	121	978.521
1.308997	1.977582	0.969896	142	43	126	977.664
-2.094395	0.831641	0.616218	106	12	108	977.409
0.523599	2.343981	-1.040456	110	4	114	977.317
-0.261799	0.762244	-0.273349	121	8	108	976.921
2.617994	1.488617	1.159546	113	133	27	976.860
-2.617994	1.247695	1.809890	116	2	116	976.633
2.094395	1.948085	-2.363031	127	136	39	976.345
-0.523599	0.960688	-0.577532	121	11	107	974.479
1.832596	1.113094	-0.272241	114	9	110	973.656
0.000000	2.704512	1.488683	29	23	16	972.859
-3.141593	2.295480	1.008277	110	3	118	972.155
2.094395	1.301460	-0.509251	123	3	110	971.727
-3.141593	0.419640	2.974122	107	4	120	971.715
-0.261799	1.440580	2.260026	132	127	32	971.118
-2.094395	1.450119	-2.739050	116	8	134	970.637
0.523599	1.766067	2.153843	130	139	35	970.233
-1.308997	1.045978	0.343692	119	3	115	969.878
-2.879793	1.488617	1.159546	113	13	105	969.414
-2.617994	2.404280	-0.174044	47	119	11	968.853
-3.141593	2.033014	2.977192	123	136	37	968.219
2.094395	2.704512	1.488683	106	15	120	967.315
0.261799	2.664082	-1.071402	116	6	111	967.299
-1.832596	1.504028	0.636812	111	8	112	967.154
2.094395	2.393226	1.857173	117	19	113	967.094
1.047198	1.736875	3.023612	125	140	38	966.359
-0.523599	2.174483	2.653697	129	136	37	966.252
-0.785398	1.869911	2.701025	131	139	37	965.908
-1.570796	2.033014	2.977192	129	135	39	965.781
-1.832596	2.164094	-2.991358	130	136	37	965.714
1.047198	0.571433	-1.188419	120	4	110	965.249
-2.617994	2.587733	0.232235	121	2	117	964.975
1.308997	1.869911	2.701025	124	132	37	964.917
0.261799	1.741644	-2.695914	133	126	38	964.798
-1.308997	1.809167	1.213774	109	4	119	963.681
-0.523599	1.506530	1.988858	133	122	28	963.661
0.523599	1.168678	2.108595	135	48	122	962.299
1.832596	0.685216	-1.712745	117	1	115	962.044
0.000000	1.977582	0.969896	3	40	121	961.972
2.879793	1.736875	3.023612	121	132	37	961.676
1.047198	1.846342	-1.796954	129	120	33	961.528
-1.570796	0.203748	0.590255	100	9	117	961.431
2.356194	2.724429	-0.348782	113	142	124	961.258
2.879793	1.310100	1.488307	116	127	29	960.993
-1.308997	0.370812	-2.547742	131	138	36	960.293
-2.617994	0.864993	2.278281	115	142	124	959.652
1.047198	2.984978	1.954446	126	136	38	959.477
-0.523599	0.910508	1.903534	117	2	126	959.406
-1.570796	0.831641	0.616218	112	8	108	959.128
-0.261799	0.591903	2.010408	128	6	121	959.031
2.094395	1.732874	-0.951685	114	5	110	958.489
-3.141593	1.488617	1.159546	110	14	106	958.460
1.047198	2.760637	2.781135	33	9	33	957.964
-1.308997	1.948085	-2.363031	123	135	37	957.731
2.879793	1.599406	1.426070	116	130	30	957.598
0.785398	1.440580	2.260026	123	143	34	957.449
2.617994	1.218453	2.777284	120	139	37	957.403
0.785398	1.872854	1.543456	30	28	5	956.469
-1.832596	0.914445	2.687814	116	142	130	956.256
0.785398	1.617114	-1.572037	115	0	123	956.148
1.832596	0.379747	-1.713059	119	1	113	955.672
-0.523599	2.356369	3.005869	134	143	36	955.323
1.570796	1.433411	-1.035986	107	6	113	955.226
2.094395	1.809167	1.213774	96	26	116	955.105
-0.785398	0.929350	-2.910676	130	47	139	954.582
-3.141593	2.456751	-1.503343	113	3	132	954.310
1.047198	2.478122	2.609777	129	132	38	953.814
1.047198	1.699788	2.452890	122	138	36	953.713
-2.617994	0.700570	1.559208	108	4	115	953.412
-2.094395	1.732874	-0.951685	27	32	11	953.383
0.785398	2.174483	2.653697	128	130	38	953.380
1.832596	1.135834	-1.431087	112	2	116	952.963
1.308997	1.417623	-0.202254	113	2	116	952.934
-1.308997	2.108018	1.311430	117	3	112	952.871
-2.879793	1.662363	0.915448	110	5	114	952.712
-0.785398	2.349581	-2.702517	135	134	38	952.318
2.356194	2.115563	0.685730	110	9	108	952.256
-1.832596	1.014500	0.906702	115	4	110	952.136
0.261799	0.615174	-0.666022	112	6	111	951.933
0.785398	2.180315	-1.357379	113	4	114	951.725
1.832596	0.866955	-0.931351	116	8	109	951.686
1.570796	0.831641	0.616218	121	12	107	951.335
2.879793	2.115563	0.685730	112	5	112	950.977
-2.356194	1.599406	1.426070	108	2	115	950.964
0.000000	1.846342	-1.796954	127	132	33	950.931
1.308997	1.325504	-1.671296	105	2	128	950.921
1.047198	1.050534	3.042579	129	135	36	950.445
1.308997	1.113094	-0.272241	107	13	111	950.347
0.261799	2.396274	-1.959260	108	4	118	949.876
2.094395	1.683268	0.374177	109	8	116	949.806
-1.570796	0.850607	-1.335383	1	48	137	949.547
1.570796	0.850607	-1.335383	114	0	117	949.395
-2.356194	1.335669	0.897240	134	128	126	949.201
-1.047198	2.033014	2.977192	132	134	37	949.099
-1.832596	1.134796	2.434290	112	143	125	949.082
1.308997	0.418037	1.360082	2	142	33	948.759
2.617994	2.001437	0.381215	110	5	116	948.669
-2.356194	2.343981	-1.040456	135	128	34	948.426
1.308997	1.184361	0.625864	114	28	102	948.411
0.000000	1.113094	-0.272241	105	4	116	947.994
2.094395	2.115563	0.685730	114	11	106	947.631
0.261799	1.413347	-1.339188	123	126	30	947.550
-0.261799	0.290380	-0.796960	99	12	114	947.305
2.617994	1.606104	-0.451151	127	127	26	946.605
1.047198	1.617114	-1.572037	104	9	113	946.258
2.356194	1.554776	0.100351	117	7	110	946.124
-1.570796	1.050534	3.042579	119	2	131	945.682
-2.879793	0.929350	-2.910676	127	129	38	945.342
2.356194	0.960688	-0.577532	113	3	113	945.268
2.617994	1.569311	-3.003978	127	126	36	945.252
2.617994	2.295480	1.008277	106	9	111	944.815
2.094395	1.869911	2.701025	21	2	41	944.737
0.785398	1.413430	2.550734	119	140	36	944.723
-0.261799	1.870545	-2.976234	130	130	37	944.683
2.094395	0.910508	1.903534	131	2	31	944.586
0.785398	1.766067	2.153843	128	141	35	944.149
0.000000	2.407836	1.410646	138	45	128	944.143
2.356194	2.063651	-2.044600	131	134	37	943.804
0.523599	1.870545	-2.976234	129	136	38	943.550
-0.523599	2.041297	-2.664597	122	129	37	943.492
1.570796	1.948085	-2.363031	129	132	38	943.246
0.523599	2.579248	-2.364801	117	2	116	943.171
0.523599	1.696674	-1.253233	111	3	118	942.441
0.261799	2.041297	-2.664597	124	130	38	942.285
1.570796	1.617114	-1.572037	112	3	113	942.092
-2.356194	1.218453	2.777284	111	1	134	941.862
2.356194	1.836682	-0.676006	112	3	113	941.713
-3.141593	0.733948	3.021411	116	143	129	941.699
-1.832596	1.440580	2.260026	129	134	35	941.598
2.094395	1.433411	-1.035986	115	4	111	941.530
1.832596	0.458961	-0.107937	116	11	106	941.279
1.832596	1.045978	0.343692	117	20	102	941.261
-0.523599	1.756530	-2.105156	128	137	36	939.790
-2.617994	1.809167	1.213774	109	1	124	939.789
-1.570796	2.587733	0.232235	117	10	110	939.477
1.308997	1.741644	-2.695914	126	138	39	939.381
-0.785398	0.458961	-0.107937	109	6	115	939.313
-1.570796	2.356369	3.005869	128	136	37	939.302
0.523599	0.831641	0.616218	119	5	109	939.248
-3.141593	2.108018	1.311430	106	6	115	939.176
2.879793	2.033014	2.977192	121	138	37	939.151
2.617994	1.599406	1.426070	98	21	115	939.132
-1.047198	2.164094	-2.991358	130	130	37	939.065
0.261799	2.579248	-2.364801	113	2	117	938.628
-0.785398	1.875281	0.107086	116	6	112	938.374
-0.523599	1.662363	0.915448	117	2	116	938.176
1.047198	1.045978	0.343692	120	7	108	938.108
1.047198	2.396274	-1.959260	115	0	125	937.974
1.570796	2.349581	-2.702517	122	132	37	937.788
0.261799	2.349581	-2.702517	122	139	39	937.684
0.785398	2.164094	-2.991358	127	136	37	937.532
1.047198	2.033014	2.977192	131	136	38	937.465
-1.047198	2.760637	2.781135	127	115	29	937.343
2.356194	0.370812	-2.547742	114	0	119	937.271
0.523599	2.164094	-2.991358	125	134	36	937.122
-1.832596	0.831641	0.616218	109	10	108	937.036
-0.261799	2.356369	3.005869	128	135	37	936.499
2.094395	2.379497	0.561089	112	7	108	936.424
1.570796	1.134497	-1.109631	100	9	119	936.274
1.308997	2.108018	1.311430	127	139	33	935.785
0.261799	2.379497	0.561089	124	136	37	935.634
1.832596	2.664082	-1.071402	118	141	124	935.445
1.047198	0.866955	-0.931351	119	9	106	935.360
0.785398	0.733948	3.021411	1	46	0	935.227
2.094395	2.979456	-1.009304	110	3	124	935.111
2.617994	1.741644	-2.695914	131	128	36	934.484
2.617994	0.080730	-2.622036	119	4	110	934.203
-1.308997	2.704512	1.488683	115	5	114	933.964
-1.832596	1.696674	-1.253233	42	17	16	933.957
-1.570796	2.349581	-2.702517	126	142	37	933.892
1.308997	1.025536	1.576859	133	45	136	933.883
-2.094395	1.247695	1.809890	127	126	32	933.724
2.356194	1.909857	-0.381669	108	5	114	933.503
0.523599	1.247695	1.809890	135	47	120	933.280
2.094395	1.606104	-0.451151	105	3	122	933.254
-2.617994	1.736875	3.023612	118	132	37	933.243
-3.141593	0.640596	-2.797608	112	1	128	932.330
0.523599	2.881233	-2.582574	35	124	33	931.900
0.000000	2.349581	-2.702517	128	125	36	931.668
1.308997	1.699788	2.452890	120	138	37	930.875
-1.570796	1.184361	0.625864	121	1	116	930.693
2.094395	1.218453	2.777284	119	143	37	930.660
-1.047198	1.699788	2.452890	137	137	36	930.503
0.000000	1.869911	2.701025	130	139	36	930.319
2.879793	1.050534	3.042579	128	135	37	930.218
-3.141593	0.914445	2.687814	114	143	120	930.062
-1.570796	2.343981	-1.040456	130	48	137	929.922
1.047198	1.135834	-1.431087	107	3	121	929.472
-0.261799	2.251330	-2.330739	115	127	36	929.449
-1.308997	2.984978	1.954446	112	5	114	929.348
0.785398	1.948085	-2.363031	130	127	36	929.152
2.356194	2.041297	-2.664597	128	143	40	929.102
-2.617994	2.478122	2.609777	131	131	37	929.039
0.261799	1.658653	-2.409879	126	130	39	929.004
2.356194	2.393226	1.857173	106	18	117	928.953
-1.832596	2.174483	2.653697	131	130	37	928.677
-0.261799	1.766067	2.153843	33	123	36	928.580
2.094395	2.247462	0.191623	112	3	112	928.385
0.523599	2.349581	-2.702517	128	126	37	928.361
-2.094395	1.488617	1.159546	3	141	115	928.160
1.047198	1.134796	2.434290	114	143	32	928.091
-2.356194	1.812176	0.656819	123	2	112	928.043
0.785398	1.870545	-2.976234	126	139	37	928.014
0.785398	1.599406	1.426070	9	39	118	927.941
-2.094395	0.640596	-2.797608	126	133	37	927.829
-2.879793	1.242974	-2.977882	126	133	38	927.730
-2.094395	1.184361	0.625864	104	12	113	927.224
0.523599	2.379497	0.561089	123	137	36	927.035
-1.832596	1.699788	2.452890	128	138	37	926.618
-2.356194	0.866955	-0.931351	124	142	32	926.616
-2.617994	0.419640	2.974122	117	2	119	926.490
-1.570796	2.393226	1.857173	110	5	113	926.385
2.094395	1.134796	2.434290	129	138	36	926.024
0.523599	1.998705	2.370472	130	134	37	925.385
2.356194	2.174483	2.653697	129	135	38	924.505
-0.785398	2.063651	-2.044600	115	135	37	924.499
-2.879793	2.704512	1.488683	126	132	38	924.430
1.570796	2.379497	0.561089	106	10	113	924.321
-1.832596	1.617114	-1.572037	33	25	7	924.273
2.617994	0.370812	-2.547742	109	3	119	924.017
1.570796	1.367556	0.358405	110	22	103	923.680
2.094395	2.104282	-0.813972	110	4	114	923.314
-3.141593	2.356369	3.005869	110	23	114	923.001
-2.617994	2.247462	0.191623	125	3	112	922.867
-3.141593	1.977582	0.969896	104	4	120	922.734
-1.832596	1.218453	2.777284	131	125	36	922.628
-0.523599	1.440580	2.260026	131	124	32	922.570
0.261799	1.836682	-0.676006	105	4	117	922.410
-2.356194	0.685216	-1.712745	132	142	33	922.404
0.261799	2.343981	-1.040456	121	3	111	922.342
-1.570796	1.766067	2.153843	134	130	35	922.267
2.356194	1.869911	2.701025	127	131	37	922.110
1.308997	1.617114	-1.572037	108	6	113	921.812
-1.570796	0.297065	2.160177	134	0	115	921.562
-1.570796	1.870545	-2.976234	130	133	38	921.519
-2.356194	2.393226	1.857173	128	132	36	921.516
-0.785398	0.910508	1.903534	108	4	131	921.404
0.523599	1.440580	2.260026	125	142	34	921.288
2.617994	1.134796	2.434290	124	137	36	921.224
-2.094395	0.615174	-0.666022	111	14	108	920.916
-2.617994	0.899350	-2.069907	131	137	36	920.853
1.832596	1.606104	-0.451151	113	2	117	920.478
1.570796	1.194549	-0.801900	102	8	117	920.404
-0.523599	2.349581	-2.702517	130	2	37	919.937
1.308997	1.391910	3.030322	130	133	37	919.760
0.261799	1.696674	-1.253233	102	5	123	919.648
-2.094395	0.290380	-0.796960	107	18	109	919.508
1.570796	0.685216	-1.712745	111	2	116	919.500
2.617994	2.187132	-0.479875	126	4	109	918.653
0.785398	1.168678	2.108595	122	2	31	918.111
1.308997	1.247695	1.809890	137	46	137	917.973
1.570796	1.242974	-2.977882	105	13	112	917.880
1.570796	0.960688	-0.577532	110	7	113	917.865
-2.879793	2.247462	0.191623	117	1	115	917.775
-1.308997	2.343981	-1.040456	33	22	18	917.500
-1.308997	2.174483	2.653697	131	129	37	917.430
0.261799	0.864993	2.278281	0	45	126	917.324
2.879793	2.073035	2.027405	125	122	33	917.154
1.047198	1.488617	1.159546	119	14	114	917.119
-2.617994	0.379747	-1.713059	133	139	34	917.105
-0.785398	0.496451	0.593859	116	3	110	916.497
2.094395	1.741644	-2.695914	133	136	39	916.487
0.785398	2.153910	-1.714959	127	114	31	916.402
-1.047198	1.870545	-2.976234	131	130	37	916.377
-1.308997	2.041297	-2.664597	130	133	37	916.363
1.832596	2.863997	0.549740	103	7	120	916.174
0.261799	1.218453	2.777284	135	47	131	916.133
-0.261799	1.025536	1.576859	114	1	128	915.729
1.570796	2.343981	-1.040456	103	6	120	915.109
0.523599	1.413347	-1.339188	104	15	109	914.837
-2.617994	1.662363	0.915448	114	3	114	914.595
-2.094395	1.325504	-1.671296	24	29	25	914.356
-0.261799	2.588535	-2.976617	19	119	41	914.274
-3.141593	1.310100	1.488307	106	16	109	913.980
0.785398	1.134796	2.434290	118	0	32	913.928
2.879793	2.295480	1.008277	106	5	116	913.899
2.617994	2.396274	-1.959260	130	125	35	913.793
-0.523599	1.134796	2.434290	131	130	34	913.586
2.879793	1.218453	2.777284	115	139	36	913.577
2.356194	1.721184	-0.153948	112	4	115	913.011
2.617994	1.194549	-0.801900	136	134	27	912.863
2.617994	1.977582	0.969896	104	11	113	912.848
1.047198	1.367556	0.358405	114	9	107	912.845
1.832596	1.413347	-1.339188	111	2	117	912.651
-1.308997	2.393226	1.857173	114	4	113	912.594
-2.356194	0.458961	-0.107937	109	11	110	911.913
-2.094395	0.618092	2.539118	123	132	36	911.136
2.356194	1.683268	0.374177	115	5	113	910.723
1.047198	0.685216	-1.712745	106	4	122	910.666
-2.094395	0.910508	1.903534	112	2	116	910.454
2.094395	2.187132	-0.479875	106	8	113	910.315
-2.617994	0.591903	2.010408	112	1	119	910.016
1.832596	2.251330	-2.330739	121	127	36	909.803
1.570796	1.510910	-0.740472	124	140	117	909.754
2.356194	2.001437	0.381215	100	7	124	909.575
0.000000	1.506530	1.988858	136	127	29	909.519
0.523599	1.134796	2.434290	132	49	126	909.352
0.000000	0.615174	-0.666022	117	4	113	909.329
-2.094395	2.396274	-1.959260	119	141	35	908.922
0.785398	2.664082	-1.071402	117	4	112	908.500
-0.261799	2.478122	2.609777	132	135	37	908.495
-0.785398	1.218453	2.777284	133	132	35	908.179
-2.879793	1.135813	-2.658866	135	132	38	908.172
1.832596	1.875281	0.107086	116	4	111	907.542
0.000000	1.658653	-2.409879	125	129	39	907.271
2.617994	1.809167	1.213774	98	18	114	907.258
1.308997	0.960688	-0.577532	117	140	121	907.250
-1.832596	0.297065	2.160177	119	8	109	906.960
0.523599	1.741644	-2.695914	122	136	38	906.929
0.261799	0.831641	0.616218	115	5	109	906.835
1.308997	1.606104	-0.451151	111	143	119	906.656
0.523599	2.456751	-1.503343	118	1	117	906.586
0.000000	2.174483	2.653697	128	131	38	906.583
-1.832596	2.588535	-2.976617	128	136	37	906.402
-0.523599	1.134497	-1.109631	103	8	121	906.155
1.832596	2.407836	1.410646	107	18	116	906.098
1.047198	1.325504	-1.671296	106	4	125	905.848
-1.047198	1.998705	2.370472	134	134	36	905.286
1.047198	0.290380	-0.796960	121	8	106	905.153
-2.356194	1.555207	1.708892	113	4	112	905.056
2.879793	0.419640	2.974122	112	143	122	905.033
0.523599	2.356369	3.005869	129	134	37	904.949
1.832596	1.683268	0.374177	119	12	102	904.908
1.308997	1.195355	1.200319	115	39	106	904.603
1.047198	0.961715	0.014085	116	2	113	904.515
-1.308997	2.089241	-0.114193	113	12	110	904.356
0.000000	2.760637	2.781135	129	130	37	904.200
-1.832596	0.370812	-2.547742	127	137	35	904.164
-0.785398	2.343981	-1.040456	110	4	24	903.729
2.879793	2.089241	-0.114193	110	3	115	903.632
-1.832596	2.295480	1.008277	27	100	8	903.543
2.617994	0.619654	-2.216909	111	1	129	903.391
-2.879793	1.872854	1.543456	103	4	129	903.293
1.832596	2.041297	-2.664597	133	138	40	903.218
-1.047198	2.343981	-1.040456	29	24	18	903.031
0.000000	1.214854	-1.966664	118	138	36	902.964
1.308997	1.310100	1.488307	138	45	131	902.734
2.094395	1.194549	-0.801900	118	8	107	902.547
-2.617994	0.080730	-2.622036	120	9	109	902.425
-2.879793	1.904882	-1.478089	135	139	33	902.008
-1.308997	0.571433	-1.188419	129	47	116	901.506
0.785398	1.696674	-1.253233	100	13	116	901.460
-2.356194	2.138223	1.678323	132	130	34	901.438
0.523599	2.138223	1.678323	33	24	7	901.391
-2.094395	1.242974	-2.977882	128	122	38	901.260
-1.047198	0.864993	2.278281	46	115	5	900.803
-0.261799	1.998705	2.370472	29	120	38	900.563
-2.617994	1.488617	1.159546	109	2	119	900.436
-0.523599	1.025536	1.576859	109	3	128	900.371
0.523599	2.478122	2.609777	128	128	38	900.083
2.094395	1.256302	0.062705	120	13	104	900.076
1.570796	0.418037	1.360082	0	33	110	899.796
0.523599	2.180315	-1.357379	113	1	119	899.708
-1.308997	0.929350	-2.910676	109	9	130	899.481
-0.523599	2.456751	-1.503343	132	143	36	899.420
-0.523599	0.419640	2.974122	134	135	35	899.330
0.000000	2.456751	-1.503343	114	3	115	899.275
0.523599	1.025536	1.576859	116	15	119	899.218
-2.617994	1.870545	-2.976234	121	134	39	899.180
-2.879793	2.108018	1.311430	110	6	109	899.027
1.047198	1.134497	-1.109631	113	9	107	898.684
1.308997	2.174483	2.653697	129	131	37	898.485
-0.523599	2.588535	-2.976617	127	120	32	898.457
1.308997	1.504028	0.636812	109	30	103	897.399
0.523599	0.914445	2.687814	116	1	31	897.221
0.261799	0.960688	-0.577532	106	1	120	897.023
0.261799	1.301460	-0.509251	106	4	116	896.981
0.523599	2.063651	-2.044600	124	122	36	896.841
0.261799	2.588535	-2.976617	126	134	38	896.790
-0.261799	1.554776	0.100351	21	2	122	896.596
-2.617994	1.433411	-1.035986	130	142	29	896.535
-0.523599	0.297065	2.160177	131	129	35	896.403
1.832596	0.618092	2.539118	133	137	36	896.083
-2.617994	1.504028	0.636812	116	2	113	895.938
-0.261799	1.506530	1.988858	135	125	29	895.746
-2.617994	2.349581	-2.702517	127	136	37	895.422
-0.523599	2.299159	2.264663	26	113	38	895.297
-3.141593	1.998705	2.370472	130	131	36	895.273
-2.094395	1.195355	1.200319	121	1	111	894.938
2.094395	1.736875	3.023612	138	136	39	894.664
-0.523599	1.555207	1.708892	47	117	17	894.540
-0.261799	0.297065	2.160177	131	130	35	894.438
2.879793	2.356369	3.005869	111	24	114	894.409
-2.356194	2.379497	0.561089	109	9	113	894.377
0.523599	2.115563	0.685730	119	140	35	894.360
-2.617994	1.325504	-1.671296	43	118	22	894.355
-2.879793	0.709924	0.218797	0	25	107	894.181
1.570796	1.696674	-1.253233	106	2	120	894.118
-2.356194	1.450119	-2.739050	128	132	38	893.833
-0.261799	1.869911	2.701025	129	136	37	893.645
-2.356194	2.863997	0.549740	115	8	110	893.406
1.832596	0.961715	0.014085	119	16	102	893.401
-2.617994	1.977582	0.969896	108	6	110	893.311
-3.141593	2.407836	1.410646	126	126	37	893.261
-3.141593	1.948085	-2.363031	133	134	36	892.939
-0.523599	1.417623	-0.202254	113	4	116	892.838
1.308997	1.134497	-1.109631	110	4	114	892.532
-1.308997	1.869911	2.701025	131	134	38	892.384
-1.570796	1.948085	-2.363031	121	133	38	891.827
1.832596	2.588535	-2.976617	127	135	38	891.731
2.094395	1.836682	-0.676006	105	2	128	891.716
-0.785398	2.637879	2.121598	115	3	118	891.632
0.261799	1.662363	0.915448	117	4	29	891.502
1.308997	1.721184	-0.153948	110	3	113	891.393
1.308997	2.153910	-1.714959	121	140	128	891.289
-1.308997	1.699788	2.452890	136	135	37	891.149
0.785398	1.433411	-1.035986	131	127	29	891.135
-2.094395	1.846342	-1.796954	130	138	34	890.710
1.832596	1.909857	-0.381669	136	102	6	889.875
2.356194	0.615174	-0.666022	116	6	108	889.598
-1.832596	1.184361	0.625864	107	9	113	889.431
-2.617994	1.599406	1.426070	112	8	108	889.385
1.308997	1.948085	-2.363031	127	131	38	889.292
1.832596	1.504028	0.636812	107	13	113	889.141
-1.308997	2.247462	0.191623	114	10	110	889.041
-0.785398	2.760637	2.781135	127	112	29	888.735
-2.356194	2.115563	0.685730	114	5	113	888.655
0.261799	1.135813	-2.658866	108	19	118	888.583
1.570796	1.506530	1.988858	124	140	33	888.560
-2.356194	1.683268	0.374177	106	17	108	888.454
0.523599	1.335669	0.897240	112	4	24	888.128
-0.261799	1.599406	1.426070	138	139	31	888.121
1.308997	2.180315	-1.357379	131	109	27	888.057
-1.832596	0.615174	-0.666022	132	44	112	888.017
2.094395	1.391910	3.030322	127	134	37	887.995
2.094395	1.135813	-2.658866	122	134	40	887.908
-2.094395	0.370812	-2.547742	129	135	35	887.757
-1.570796	2.478122	2.609777	121	139	37	887.337
-2.617994	0.674054	1.013609	117	3	112	887.294
-0.785398	1.662363	0.915448	113	3	117	887.203
1.570796	0.866955	-0.931351	124	11	104	887.179
-2.094395	1.504028	0.636812	108	9	112	886.969
-2.356194	0.591903	2.010408	114	6	111	886.804
-0.523599	1.450119	-2.739050	25	18	31	886.672
1.047198	0.762244	-0.273349	117	141	118	886.500
1.308997	2.579248	-2.364801	23	132	42	886.005
2.879793	2.587733	0.232235	119	141	119	885.910
1.832596	1.836682	-0.676006	104	9	112	885.778
-2.617994	0.618092	2.539118	110	3	121	885.468
-2.094395	1.367556	0.358405	105	17	109	885.177
0.785398	0.866955	-0.931351	116	9	106	885.152
1.047198	1.756530	-2.105156	125	128	37	885.149
1.308997	0.619654	-2.216909	125	135	36	885.122
-2.356194	1.367556	0.358405	104	20	108	884.725
0.523599	1.450119	-2.739050	121	2	129	884.514
-1.047198	2.251330	-2.330739	115	130	36	884.465
1.832596	1.732874	-0.951685	107	5	113	884.350
2.879793	2.724429	-0.348782	106	2	123	884.034
1.832596	0.960688	-0.577532	126	6	106	884.015
2.879793	0.864993	2.278281	94	22	120	883.925
-0.261799	2.295480	1.008277	137	45	122	883.879
0.000000	2.393226	1.857173	141	41	131	883.424
-2.617994	2.979456	-1.009304	31	26	11	883.250
1.832596	1.721184	-0.153948	119	1	115	883.237
1.308997	2.637879	2.121598	131	140	37	883.221
0.785398	2.041297	-2.664597	121	136	35	883.202
-2.879793	2.041297	-2.664597	130	128	37	883.169
0.000000	2.637879	2.121598	134	125	35	883.071
2.094395	1.870545	-2.976234	127	118	34	883.045
0.261799	1.242974	-2.977882	132	138	39	882.887
-2.879793	1.741644	-2.695914	35	126	37	882.635
-0.261799	2.164094	-2.991358	128	124	37	882.427
2.879793	2.393226	1.857173	124	126	36	882.402
-2.356194	1.870545	-2.976234	125	137	38	882.309
-1.832596	2.089241	-0.114193	116	14	109	882.232
1.047198	1.128190	-2.288622	118	24	21	882.221
0.785398	0.914445	2.687814	128	139	36	882.050
1.308997	1.045978	0.343692	123	7	108	881.863
0.261799	2.104282	-0.813972	105	6	116	881.729
-2.094395	0.674054	1.013609	106	7	113	881.555
-1.047198	2.637879	2.121598	115	1	118	881.469
-2.879793	1.824694	1.850876	113	0	125	881.445
2.094395	2.063651	-2.044600	130	133	36	881.356
1.308997	0.615174	-0.666022	114	10	106	881.177
-1.308997	1.756530	-2.105156	123	137	37	881.150
1.308997	1.135834	-1.431087	113	5	110	881.001
2.094395	2.001437	0.381215	112	7	108	880.773
1.570796	0.762244	-0.273349	128	11	103	880.571
0.261799	0.850607	-1.335383	120	132	32	880.085
-2.094395	1.413430	2.550734	113	143	127	879.918
1.570796	0.914445	2.687814	120	0	36	879.234
0.261799	1.440580	2.260026	128	140	35	879.228
-1.832596	0.685216	-1.712745	124	50	119	878.824
-3.141593	2.478122	2.609777	106	18	120	878.784
-1.570796	2.041297	-2.664597	125	136	39	878.777
1.832596	0.850607	-1.335383	104	6	117	878.753
-2.617994	2.153910	-1.714959	135	125	32	878.602
0.523599	2.760637	2.781135	129	122	36	878.343
2.879793	1.721184	-0.153948	117	7	106	878.332
1.570796	2.664082	-1.071402	103	5	124	878.182
1.570796	0.961715	0.014085	126	3	112	877.916
-0.523599	1.374601	-2.456031	22	20	28	877.891
0.261799	2.356369	3.005869	126	136	38	877.809
-2.094395	1.050534	3.042579	122	8	118	877.583
2.879793	2.407836	1.410646	124	126	36	877.386
1.832596	1.812176	0.656819	116	16	101	877.368
1.832596	1.367556	0.358405	124	13	102	877.318
0.261799	2.153910	-1.714959	106	5	119	877.192
-1.570796	0.496451	0.593859	108	5	115	877.125
0.261799	1.732874	-0.951685	106	3	121	876.937
2.879793	1.766067	2.153843	125	127	36	876.781
-2.094395	0.850607	-1.335383	124	48	114	876.652
-2.356194	2.587733	0.232235	126	2	116	876.473
1.832596	2.979456	-1.009304	104	4	129	876.460
2.094395	1.696674	-1.253233	116	2	112	876.176
0.000000	2.041297	-2.664597	124	130	38	876.082
1.832596	0.864993	2.278281	132	140	34	876.021
1.570796	1.870545	-2.976234	128	142	39	875.581
2.094395	1.242974	-2.977882	121	142	38	875.530
-0.785398	2.455966	-0.641220	113	6	21	875.207
1.570796	1.909857	-0.381669	113	143	117	875.162
0.000000	2.164094	-2.991358	124	132	37	874.945
2.356194	2.180315	-1.357379	117	125	32	874.627
1.308997	1.218453	2.777284	128	137	36	874.552
-2.617994	1.948085	-2.363031	127	138	38	874.423
1.308997	1.846342	-1.796954	116	133	30	874.371
1.047198	2.343981	-1.040456	96	19	117	874.338
-2.356194	1.168678	2.108595	108	3	120	874.284
-2.879793	0.674054	1.013609	112	4	113	873.709
2.094395	2.251330	-2.330739	122	127	36	873.663
1.308997	0.866955	-0.931351	101	12	114	872.795
-1.570796	2.404280	-0.174044	116	14	108	872.783
0.000000	2.579248	-2.364801	126	134	37	872.781
-1.570796	1.242974	-2.977882	46	122	21	872.743
0.785398	2.588535	-2.976617	126	127	36	872.376
-1.047198	1.256302	0.062705	122	7	110	871.997
-3.141593	2.704512	1.488683	126	132	37	871.981
0.785398	2.115563	0.685730	117	139	35	871.767
-0.261799	2.719179	-1.780644	133	142	37	871.610
2.617994	2.407836	1.410646	100	13	114	871.512
-1.047198	0.709924	0.218797	113	7	110	871.502
-0.785398	2.033014	2.977192	124	140	38	871.426
-0.523599	1.195355	1.200319	116	0	119	871.403
2.094395	0.615174	-0.666022	112	7	110	871.385
1.570796	0.619654	-2.216909	125	135	37	871.283
2.356194	0.619654	-2.216909	130	126	36	871.270
-0.523599	2.251330	-2.330739	115	127	37	870.943
0.523599	0.640596	-2.797608	103	16	116	870.931
-1.570796	1.736875	3.023612	129	129	37	870.883
-1.570796	1.134497	-1.109631	119	133	29	870.853
1.570796	2.478122	2.609777	127	137	38	870.636
2.356194	0.571433	-1.188419	30	105	2	870.531
0.523599	1.301460	-0.509251	98	27	115	870.147
-2.879793	2.456751	-1.503343	133	127	35	870.055
1.308997	1.050534	3.042579	128	131	36	869.912
-2.879793	2.881233	-2.582574	130	129	37	869.910
1.570796	2.587733	0.232235	106	5	117	869.606
-1.832596	1.574060	2.783565	113	1	128	869.402
-0.261799	1.301460	-0.509251	113	3	117	869.171
-2.094395	1.683268	0.374177	108	15	108	869.080
-0.785398	2.153910	-1.714959	111	138	34	868.791
2.617994	2.033014	2.977192	131	129	37	868.788
0.261799	1.374601	-2.456031	108	20	116	868.622
-1.832596	2.153910	-1.714959	123	142	34	868.588
-2.094395	2.637879	2.121598	127	136	37	868.587
-1.832596	0.618092	2.539118	123	132	36	868.490
-2.356194	1.440580	2.260026	126	133	35	868.425
1.832596	2.455966	-0.641220	102	7	118	868.386
0.523599	1.374601	-2.456031	125	136	39	868.220
-0.785398	2.719179	-1.780644	138	139	38	868.166
-1.047198	2.247462	0.191623	117	9	109	867.658
2.094395	0.080730	-2.622036	111	2	116	867.611
-2.617994	2.379497	0.561089	117	0	119	867.434
2.879793	0.080730	-2.622036	114	8	111	867.302
-1.570796	0.418037	1.360082	116	3	112	867.115
0.523599	0.709924	0.218797	117	18	102	867.059
0.785398	0.615174	-0.666022	122	8	106	867.011
-2.879793	1.977582	0.969896	110	1	122	866.519
-1.047198	0.733948	3.021411	111	8	130	866.512
-1.308997	2.379497	0.561089	114	7	112	866.342
2.356194	1.736875	3.023612	123	128	37	866.189
-1.832596	1.335669	0.897240	105	6	122	866.170
-0.261799	2.108018	1.311430	32	25	11	866.117
0.261799	0.290380	-0.796960	111	5	110	866.014
2.879793	2.478122	2.609777	112	21	113	865.945
0.785398	0.960688	-0.577532	101	19	112	865.752
-3.141593	2.299159	2.264663	127	125	35	865.003
-0.523599	0.640596	-2.797608	139	46	128	864.910
1.047198	2.349581	-2.702517	125	130	36	864.782
-0.523599	0.591903	2.010408	124	4	120	864.575
2.879793	0.370812	-2.547742	113	3	118	864.378
0.785398	2.343981	-1.040456	115	6	111	864.335
1.570796	2.001437	0.381215	110	8	112	864.303
0.261799	2.251330	-2.330739	113	1	121	864.279
-0.261799	0.640596	-2.797608	137	47	130	864.223
0.261799	0.906588	1.252948	122	3	124	864.158
0.000000	1.194549	-0.801900	120	12	108	863.673
-2.879793	2.863997	0.549740	114	142	126	863.469
1.832596	2.089241	-0.114193	116	1	110	863.192
-1.570796	1.982574	-1.115518	35	18	22	863.141
-1.047198	0.370812	-2.547742	132	137	37	863.129
-2.879793	2.407836	1.410646	126	127	37	862.997
0.785398	0.850607	-1.335383	101	8	118	862.938
-0.261799	0.619654	-2.216909	124	132	36	862.907
1.832596	2.393226	1.857173	129	138	36	862.564
-2.356194	0.762244	-0.273349	111	10	110	862.430
2.617994	1.909857	-0.381669	112	4	113	862.361
-2.879793	0.640596	-2.797608	130	123	36	862.234
0.523599	1.242974	-2.977882	129	141	39	862.189
0.000000	1.374601	-2.456031	125	135	39	862.031
-0.785398	1.367556	0.358405	109	5	116	861.940
-1.832596	2.704512	1.488683	136	131	36	861.883
0.785398	2.299159	2.264663	131	132	39	861.723
-1.047198	0.297065	2.160177	124	13	107	861.622
1.570796	2.393226	1.857173	25	23	24	861.578
-2.617994	1.982574	-1.115518	136	121	29	861.460
-0.523599	1.256302	0.062705	110	4	116	861.359
1.832596	2.104282	-0.813972	107	6	114	861.265
1.832596	2.063651	-2.044600	131	128	38	861.114
2.879793	2.164094	-2.991358	130	133	36	861.068
0.000000	2.299159	2.264663	27	109	33	860.975
2.356194	1.812176	0.656819	114	12	105	860.974
-1.570796	1.812176	0.656819	117	6	112	860.953
2.356194	0.496451	0.593859	0	28	107	860.942
2.356194	0.640596	-2.797608	106	4	115	860.754
0.261799	2.760637	2.781135	36	108	27	860.644
-3.141593	0.700570	1.559208	121	119	23	860.638
1.047198	2.393226	1.857173	29	28	15	860.469
1.308997	0.419640	2.974122	130	136	36	860.442
-1.832596	2.063651	-2.044600	122	138	36	860.351
-1.570796	2.063651	-2.044600	119	138	37	860.237
0.261799	0.370812	-2.547742	126	136	35	860.169
-2.094395	1.025536	1.576859	104	2	119	860.151
-2.617994	2.456751	-1.503343	131	128	37	859.783
1.047198	1.413430	2.550734	117	139	36	859.761
0.523599	1.977582	0.969896	1	44	127	859.262
-1.832596	0.619654	-2.216909	131	140	36	859.167
2.617994	2.089241	-0.114193	106	5	115	859.166
-0.261799	2.174483	2.653697	127	129	38	859.029
-0.523599	2.455966	-0.641220	109	4	21	859.010
1.832596	1.904882	-1.478089	129	122	33	858.608
-0.785398	1.374601	-2.456031	25	21	28	858.578
0.785398	1.413347	-1.339188	106	12	109	858.480
-1.570796	2.637879	2.121598	105	9	113	858.472
-1.832596	1.135834	-1.431087	130	1	32	858.403
1.047198	1.168678	2.108595	118	48	115	858.105
2.356194	1.870545	-2.976234	129	126	35	858.069
2.617994	1.391910	3.030322	126	139	38	858.034
0.785398	1.045978	0.343692	116	6	108	858.015
1.832596	1.872854	1.543456	116	33	8	857.814
-2.094395	2.478122	2.609777	125	136	37	857.702
2.617994	2.115563	0.685730	112	7	108	857.683
-2.356194	0.864993	2.278281	119	3	113	857.677
0.261799	2.174483	2.653697	132	136	38	857.665
-2.879793	0.080730	-2.622036	134	142	118	857.641
0.000000	1.135834	-1.431087	108	136	33	857.344
1.308997	1.696674	-1.253233	106	6	116	857.311
2.617994	1.812176	0.656819	116	11	104	857.182
-2.094395	1.433411	-1.035986	134	37	106	857.024
1.308997	0.379747	-1.713059	109	3	114	856.985
0.523599	1.812176	0.656819	116	1	31	856.740
-1.570796	1.574060	2.783565	132	125	36	856.613
2.879793	1.696674	-1.253233	135	130	31	856.545
-2.094395	1.948085	-2.363031	17	139	45	856.479
-3.141593	2.115563	0.685730	111	1	119	856.394
-1.570796	1.413347	-1.339188	119	21	109	856.316
2.879793	0.640596	-2.797608	105	3	131	856.248
-2.094395	2.063651	-2.044600	125	138	36	856.213
0.000000	0.733948	3.021411	138	46	129	856.172
0.523599	0.370812	-2.547742	107	12	114	855.982
-2.094395	2.979456	-1.009304	133	132	37	855.914
-1.832596	1.545873	-1.877082	132	49	129	855.895
-2.617994	1.545873	-1.877082	40	119	27	855.528
-3.141593	0.929350	-2.910676	124	130	38	855.469
2.356194	2.592629	0.909713	118	134	37	855.068
2.617994	1.450119	-2.739050	130	114	31	855.018
-1.570796	1.756530	-2.105156	125	142	37	854.817
2.094395	1.510910	-0.740472	106	2	122	854.745
-1.570796	1.214854	-1.966664	142	44	131	854.562
1.308997	2.719179	-1.780644	102	5	126	854.555
2.879793	1.948085	-2.363031	130	143	38	854.514
1.832596	1.869911	2.701025	123	133	37	854.002
1.047198	1.242974	-2.977882	134	140	38	853.993
-0.261799	0.961715	0.014085	106	3	115	853.936
-3.141593	0.080730	-2.622036	128	142	117	853.828
-3.141593	0.831641	0.616218	138	22	106	853.389
2.617994	1.417623	-0.202254	114	0	117	853.328
2.356194	1.367556	0.358405	120	15	102	853.215
-2.356194	0.615174	-0.666022	112	10	111	853.169
2.879793	1.741644	-2.695914	32	123	38	853.143
-0.261799	1.325504	-1.671296	115	136	36	853.128
-3.141593	1.699788	2.452890	129	124	37	853.060
-0.523599	1.870545	-2.976234	131	127	37	852.924
-3.141593	2.404280	-0.174044	22	98	17	852.844
-1.570796	0.864993	2.278281	116	142	122	852.800
1.570796	2.719179	-1.780644	107	2	126	852.453
-1.832596	1.450119	-2.739050	133	8	116	852.403
2.617994	1.413430	2.550734	128	129	34	852.114
-2.356194	1.488617	1.159546	142	140	115	852.068
0.261799	1.909857	-0.381669	107	6	112	851.811
2.879793	2.108018	1.311430	105	12	109	851.397
-3.141593	2.760637	2.781135	104	18	123	851.170
-0.523599	1.194549	-0.801900	106	6	119	851.142
1.047198	1.982574	-1.115518	101	12	115	851.040
2.094395	0.914445	2.687814	113	142	36	850.892
2.617994	1.135813	-2.658866	121	135	40	850.790
1.570796	1.683268	0.374177	114	10	107	850.750
1.832596	1.184361	0.625864	114	23	103	850.740
1.308997	1.335669	0.897240	113	35	104	850.709
1.047198	0.379747	-1.713059	106	5	114	850.670
2.094395	1.025536	1.576859	126	2	29	850.642
2.356194	2.588535	-2.976617	132	131	38	850.639
0.261799	1.756530	-2.105156	122	127	37	850.436
-1.047198	1.413347	-1.339188	118	22	109	850.199
-3.141593	1.025536	1.576859	104	22	107	850.183
1.308997	2.396274	-1.959260	105	3	125	850.041
-2.356194	2.164094	-2.991358	106	19	117	849.863
-2.617994	1.683268	0.374177	120	0	113	849.797
-2.094395	1.766067	2.153843	124	135	36	849.736
-0.261799	2.984978	1.954446	133	118	32	849.736
2.879793	2.174483	2.653697	132	131	38	849.715
1.832596	0.571433	-1.188419	111	4	116	849.588
2.617994	2.108018	1.311430	103	15	109	849.568
2.879793	1.242974	-2.977882	123	136	39	849.531
-1.570796	0.591903	2.010408	122	126	35	849.385
-0.785398	1.247695	1.809890	106	4	125	849.285
-0.785398	2.356369	3.005869	110	143	130	848.993
-0.261799	1.247695	1.809890	138	126	27	848.950
-1.047198	2.041297	-2.664597	130	135	37	848.873
-1.570796	2.174483	2.653697	121	143	38	848.601
2.879793	2.299159	2.264663	126	135	38	848.328
1.308997	2.456751	-1.503343	105	4	127	848.321
-1.047198	1.846342	-1.796954	118	142	35	848.312
-1.832596	1.569311	-3.003978	30	111	32	848.208
2.094395	0.850607	-1.335383	106	4	117	848.148
-1.308997	2.251330	-2.330739	114	132	37	847.988
-2.879793	1.836682	-0.676006	48	119	8	847.905
0.261799	0.640596	-2.797608	102	19	116	847.875
-1.047198	1.977582	0.969896	112	5	113	847.831
-1.308997	2.299159	2.264663	25	100	23	847.480
2.094395	2.041297	-2.664597	135	136	39	847.404
-2.356194	1.506530	1.988858	111	2	117	847.188
-2.356194	0.297065	2.160177	112	9	108	846.937
0.261799	1.433411	-1.035986	119	128	27	846.921
0.785398	0.370812	-2.547742	123	137	35	846.720
-2.617994	0.866955	-0.931351	126	0	32	846.440
-1.308997	2.349581	-2.702517	127	140	37	846.307
2.879793	2.455966	-0.641220	24	99	22	846.211
0.261799	0.914445	2.687814	139	46	128	846.109
1.832596	2.379497	0.561089	114	134	36	845.889
-0.785398	1.948085	-2.363031	125	131	37	845.852
-2.617994	1.391910	3.030322	121	126	37	845.568
0.785398	0.709924	0.218797	117	2	113	845.511
-2.356194	2.579248	-2.364801	141	47	136	845.410
2.094395	0.961715	0.014085	120	16	103	845.362
-0.785398	1.488617	1.159546	118	1	115	845.332
2.879793	2.704512	1.488683	128	131	37	845.014
0.785398	2.478122	2.609777	34	13	31	844.918
-2.356194	0.700570	1.559208	111	13	106	844.584
-1.832596	1.869911	2.701025	114	5	121	844.288
1.570796	0.733948	3.021411	110	11	109	844.152
-0.261799	1.135834	-1.431087	111	139	33	844.022
-0.785398	2.984978	1.954446	119	4	114	843.719
-1.570796	2.396274	-1.959260	113	138	35	843.685
2.879793	2.637879	2.121598	106	14	119	843.663
-1.832596	1.413430	2.550734	111	143	127	843.615
1.832596	1.510910	-0.740472	104	5	120	843.578
-1.832596	0.866395	-2.492918	29	28	11	843.484
0.523599	1.545873	-1.877082	116	129	37	843.436
-1.308997	0.864993	2.278281	124	0	118	843.318
2.879793	0.379747	-1.713059	117	5	111	843.277
-1.308997	0.709924	0.218797	109	8	111	843.132
-2.617994	2.041297	-2.664597	129	131	37	842.911
2.617994	1.948085	-2.363031	140	136	37	842.866
-3.141593	1.128190	-2.288622	41	113	27	842.769
-1.570796	1.134796	2.434290	36	114	30	842.758
0.523599	1.488617	1.159546	34	21	138	842.578
-0.785398	0.709924	0.218797	118	9	105	842.488
-0.523599	1.247695	1.809890	117	2	120	842.448
0.785398	0.458961	-0.107937	117	12	105	842.404
-2.094395	2.295480	1.008277	109	1	130	842.335
-2.879793	1.569311	-3.003978	124	139	40	842.304
-1.308997	1.736875	3.023612	36	125	35	842.152
-2.879793	1.184361	0.625864	115	4	111	842.137
-2.617994	2.343981	-1.040456	117	2	133	842.070
0.785398	1.488617	1.159546	9	35	113	841.923
1.308997	0.899350	-2.069907	129	131	37	841.913
-2.356194	0.571433	-1.188419	127	136	35	841.883
-1.308997	1.325504	-1.671296	122	143	36	841.676
0.261799	2.478122	2.609777	127	126	38	841.600
-1.570796	1.450119	-2.739050	136	138	39	841.593
-1.047198	0.419640	2.974122	50	127	6	841.492
-0.785398	0.203748	0.590255	120	118	137	841.450
-2.094395	0.418037	1.360082	136	134	123	841.285
-0.523599	2.863997	0.549740	132	137	37	841.063
0.261799	0.571433	-1.188419	108	4	124	841.022
-1.308997	1.696674	-1.253233	126	52	121	841.013
2.356194	2.587733	0.232235	105	4	132	840.980
-1.047198	2.153910	-1.714959	114	140	34	840.949
-2.879793	2.396274	-1.959260	129	128	37	840.932
-1.047198	0.910508	1.903534	38	112	24	840.930
-0.261799	1.242974	-2.977882	27	21	28	840.820
1.047198	1.658653	-2.409879	123	134	38	840.783
-1.832596	1.998705	2.370472	121	138	37	840.737
2.094395	0.762244	-0.273349	112	8	109	840.730
-3.141593	1.555207	1.708892	103	12	114	840.641
0.523599	2.251330	-2.330739	123	131	35	840.555
1.570796	2.063651	-2.044600	129	127	37	840.438
-1.832596	1.045978	0.343692	105	14	111	840.218
2.617994	1.504028	0.636812	115	16	103	840.212
0.261799	2.115563	0.685730	121	141	35	840.163
0.261799	1.194549	-0.801900	110	16	105	839.964
1.570796	1.606104	-0.451151	117	142	117	839.859
-0.523599	1.218453	2.777284	126	136	36	839.800
-3.141593	2.379497	0.561089	107	4	114	839.738
-0.261799	2.407836	1.410646	141	41	128	839.592
-2.356194	1.662363	0.915448	107	6	113	839.317
0.261799	1.113094	-0.272241	110	1	115	839.300
-0.261799	1.256302	0.062705	108	6	111	839.130
1.308997	2.478122	2.609777	127	134	38	839.107
2.617994	2.637879	2.121598	105	17	120	838.997
1.832596	2.343981	-1.040456	109	0	123	838.920
-2.617994	1.824694	1.850876	101	3	126	838.369
-1.570796	0.866395	-2.492918	49	130	16	838.266
-1.570796	0.370812	-2.547742	135	137	35	838.222
-1.832596	2.396274	-1.959260	116	140	35	838.170
-2.617994	1.050534	3.042579	24	110	36	838.134
-1.308997	0.733948	3.021411	49	124	11	837.979
0.000000	2.251330	-2.330739	117	125	36	837.953
-1.047198	1.869911	2.701025	131	127	36	837.629
-2.356194	1.948085	-2.363031	104	21	123	837.454
-1.308997	0.831641	0.616218	117	7	107	837.417
-1.832596	1.433411	-1.035986	118	16	109	836.641
-0.785398	2.396274	-1.959260	110	132	34	836.621
2.617994	1.510910	-0.740472	124	128	26	836.381
-2.879793	1.982574	-1.115518	49	124	18	836.143
-2.356194	1.310100	1.488307	117	143	116	836.030
-3.141593	1.569311	-3.003978	123	140	40	835.940
0.523599	1.872854	1.543456	32	25	3	835.906
0.785398	1.977582	0.969896	112	138	34	835.682
-2.356194	1.809167	1.213774	110	3	112	835.488
1.308997	1.658653	-2.409879	139	132	40	835.479
-1.570796	2.863997	0.549740	117	8	112	835.446
-3.141593	1.982574	-1.115518	48	118	17	835.120
-1.832596	1.413347	-1.339188	127	2	31	834.787
-1.047198	0.458961	-0.107937	99	11	121	834.745
2.356194	1.135813	-2.658866	122	136	40	834.391
0.261799	1.413430	2.550734	124	139	36	834.206
-2.356194	1.045978	0.343692	143	24	106	833.922
-0.261799	1.195355	1.200319	121	1	119	833.679
2.617994	2.587733	0.232235	109	2	132	833.645
-3.141593	2.104282	-0.813972	46	114	13	833.527
-2.094395	2.187132	-0.479875	119	18	107	833.501
1.308997	0.290380	-0.796960	124	0	114	833.441
-2.879793	2.404280	-0.174044	128	7	110	833.395
-1.832596	1.050534	3.042579	126	9	117	833.173
-0.785398	2.251330	-2.330739	114	129	37	833.126
-0.261799	1.113094	-0.272241	104	6	116	833.055
1.047198	2.187132	-0.479875	120	119	21	832.881
1.047198	2.174483	2.653697	128	129	37	832.836
-0.261799	2.073035	2.027405	29	110	31	832.715
-1.308997	1.242974	-2.977882	133	128	38	832.693
-2.879793	1.440580	2.260026	101	8	125	832.255
-2.356194	1.569311	-3.003978	123	131	38	832.163
0.261799	2.138223	1.678323	4	40	126	832.115
2.356194	1.599406	1.426070	97	25	115	832.079
-1.047198	2.180315	-1.357379	110	5	28	831.859
1.308997	1.569311	-3.003978	125	0	40	831.828
0.785398	2.456751	-1.503343	113	4	113	831.676
-0.785398	2.664082	-1.071402	108	143	27	831.459
-2.617994	2.115563	0.685730	119	142	118	831.430
2.094395	0.992645	-1.723759	120	1	112	831.329
-0.261799	1.374601	-2.456031	126	134	39	831.106
-1.308997	2.153910	-1.714959	115	4	32	831.106
0.000000	0.619654	-2.216909	128	126	34	830.578
1.832596	0.080730	-2.622036	101	6	120	830.329
0.261799	1.134796	2.434290	136	47	127	830.307
1.308997	1.301460	-0.509251	100	13	115	829.950
-0.523599	0.615174	-0.666022	99	12	121	829.861
0.000000	1.417623	-0.202254	107	8	110	829.827
-3.141593	2.592629	0.909713	112	143	122	829.738
1.570796	1.732874	-0.951685	110	143	120	829.736
-1.570796	1.904882	-1.478089	133	49	120	829.387
-2.617994	1.569311	-3.003978	124	132	38	829.302
-0.785398	1.870545	-2.976234	129	125	37	829.290
-2.879793	1.113094	-0.272241	111	8	110	829.286
0.000000	2.138223	1.678323	141	43	126	829.281
0.261799	2.033014	2.977192	130	137	37	828.877
-2.879793	1.756530	-2.105156	135	133	36	828.738
-1.047198	2.108018	1.311430	116	7	110	828.667
1.832596	2.180315	-1.357379	26	103	5	828.613
-2.617994	2.295480	1.008277	110	2	113	828.596
1.832596	2.396274	-1.959260	123	120	34	828.492
0.261799	1.606104	-0.451151	106	7	111	828.284
2.617994	1.574060	2.783565	125	130	36	828.198
-1.570796	2.704512	1.488683	111	6	114	828.106
-2.094395	0.419640	2.974122	116	142	129	827.943
-1.570796	0.419640	2.974122	126	136	36	827.876
0.000000	1.606104	-0.451151	110	4	115	827.682
0.523599	1.736875	3.023612	130	140	37	827.631
-1.047198	1.662363	0.915448	112	4	117	827.561
-3.141593	1.168678	2.108595	124	127	32	827.310
0.785398	1.662363	0.915448	127	143	29	827.080
2.356194	2.299159	2.264663	130	132	37	827.067
0.000000	1.836682	-0.676006	102	8	117	826.967
-2.094395	0.866395	-2.492918	123	139	36	826.928
-0.785398	1.766067	2.153843	30	112	34	826.873
2.617994	0.899350	-2.069907	7	95	22	826.672
2.617994	2.393226	1.857173	102	12	129	826.580
-2.094395	1.869911	2.701025	106	4	125	826.355
-2.879793	1.335669	0.897240	120	2	112	826.327
0.523599	1.662363	0.915448	112	2	29	826.288
-0.261799	2.579248	-2.364801	130	138	37	826.123
0.785398	0.762244	-0.273349	111	16	104	825.969
-1.308997	2.295480	1.008277	120	7	108	825.651
1.047198	0.419640	2.974122	103	12	118	825.641
-2.356194	2.295480	1.008277	110	1	124	825.631
-0.261799	2.299159	2.264663	132	132	37	825.069
-1.570796	1.662363	0.915448	109	4	120	824.827
-1.047198	1.218453	2.777284	128	132	35	824.741
1.047198	2.379497	0.561089	119	137	36	824.599
-0.261799	1.812176	0.656819	130	139	30	824.596
-3.141593	1.812176	0.656819	111	5	114	824.485
-1.570796	2.187132	-0.479875	120	16	107	824.467
1.570796	1.741644	-2.695914	135	136	39	824.451
1.832596	2.637879	2.121598	131	138	38	824.373
-1.308997	2.404280	-0.174044	118	13	107	824.331
-1.570796	2.251330	-2.330739	8	140	44	824.094
-1.047198	1.904882	-1.478089	114	4	31	823.744
1.047198	0.619654	-2.216909	118	136	36	823.453
0.523599	1.448123	-2.163292	120	133	38	823.450
2.094395	2.404280	-0.174044	117	142	115	823.336
-2.617994	0.297065	2.160177	113	0	118	823.187
0.000000	2.724429	-0.348782	122	36	17	823.118
-0.261799	1.214854	-1.966664	113	21	112	823.003
-2.094395	1.135813	-2.658866	119	8	133	822.929
1.570796	0.615174	-0.666022	125	141	118	822.871
0.785398	1.555207	1.708892	139	45	134	822.758
2.094395	2.478122	2.609777	133	137	37	822.657
-3.141593	0.899350	-2.069907	128	132	38	822.635
2.617994	1.766067	2.153843	123	128	36	822.609
-0.523599	0.618092	2.539118	133	133	35	822.605
2.094395	1.450119	-2.739050	128	114	29	822.604
0.785398	2.984978	1.954446	134	46	137	822.559
2.356194	2.979456	-1.009304	119	1	120	822.435
-0.785398	2.393226	1.857173	136	131	36	822.412
1.832596	2.153910	-1.714959	29	103	10	822.207
1.308997	1.194549	-0.801900	123	141	115	822.160
-2.879793	1.812176	0.656819	113	3	114	822.152
0.261799	1.870545	-2.976234	124	0	120	821.999
-0.785398	2.180315	-1.357379	109	0	29	821.981
-3.141593	1.909857	-0.381669	17	126	126	821.968
2.094395	0.290380	-0.796960	128	136	37	821.869
-2.356194	2.637879	2.121598	126	135	37	821.750
0.523599	1.904882	-1.478089	110	3	119	821.558
0.261799	2.637879	2.121598	140	39	136	821.316
-0.523599	0.370812	-2.547742	129	131	35	820.959
2.356194	2.379497	0.561089	109	5	111	820.736
1.047198	2.180315	-1.357379	97	14	119	820.311
-1.570796	1.014500	0.906702	114	4	110	820.230
-2.879793	2.153910	-1.714959	133	122	32	819.969
-1.047198	1.809167	1.213774	118	3	112	819.855
-3.141593	0.910508	1.903534	107	1	123	819.645
1.570796	2.863997	0.549740	102	10	120	819.574
1.047198	1.741644	-2.695914	26	17	27	819.570
2.879793	1.301460	-0.509251	38	110	0	819.416
2.617994	1.555207	1.708892	96	22	119	819.383
0.000000	1.325504	-1.671296	112	134	36	819.347
-2.617994	1.699788	2.452890	105	4	129	819.266
-2.879793	2.379497	0.561089	30	103	8	818.980
0.000000	2.379497	0.561089	125	136	37	818.868
-1.047198	1.135834	-1.431087	111	19	116	818.846
-1.832596	1.195355	1.200319	114	4	108	818.806
-0.785398	1.977582	0.969896	115	4	113	818.464
-2.094395	2.455966	-0.641220	116	18	109	818.323
-1.047198	2.456751	-1.503343	110	142	30	818.064
0.785398	2.760637	2.781135	132	37	3	818.014
0.523599	2.174483	2.653697	128	128	38	817.763
1.832596	2.138223	1.678323	117	20	111	817.721
1.308997	1.510910	-0.740472	108	5	111	817.542
2.356194	1.658653	-2.409879	133	132	39	817.450
0.261799	1.448123	-2.163292	115	1	126	817.424
2.617994	2.704512	1.488683	98	12	118	817.307
-3.141593	0.618092	2.539118	109	1	123	817.241
2.617994	2.592629	0.909713	118	132	37	817.234
-1.047198	0.640596	-2.797608	134	48	133	816.926
0.523599	1.194549	-0.801900	112	14	106	816.883
1.832596	1.574060	2.783565	126	131	36	816.745
-1.570796	0.899350	-2.069907	131	50	131	816.718
0.261799	2.704512	1.488683	127	140	37	816.492
1.308997	1.736875	3.023612	129	26	34	816.340
-1.047198	1.134497	-1.109631	137	45	129	816.223
1.832596	0.914445	2.687814	116	0	36	816.151
2.617994	1.732874	-0.951685	113	143	122	816.011
-2.879793	1.870545	-2.976234	123	143	38	816.008
0.523599	0.290380	-0.796960	122	5	108	815.985
1.570796	1.766067	2.153843	20	11	37	815.944
0.000000	1.683268	0.374177	112	4	114	815.793
0.785398	2.719179	-1.780644	115	4	112	815.425
-3.141593	2.719179	-1.780644	126	131	39	815.407
2.617994	2.299159	2.264663	126	123	34	815.342
-1.832596	1.391910	3.030322	113	3	131	814.957
2.617994	1.662363	0.915448	107	17	106	814.676
2.879793	1.875281	0.107086	114	3	112	814.648
-1.570796	0.709924	0.218797	103	15	111	814.609
-2.879793	1.128190	-2.288622	124	137	38	814.573
-1.570796	2.588535	-2.976617	113	9	114	814.549
-2.356194	0.910508	1.903534	107	5	116	814.535
1.308997	1.014500	0.906702	132	132	130	814.391
2.094395	0.379747	-1.713059	112	2	117	814.306
-2.879793	1.736875	3.023612	119	134	37	814.217
0.523599	2.984978	1.954446	29	25	18	814.000
-0.261799	2.664082	-1.071402	103	11	118	813.508
-2.617994	1.367556	0.358405	134	123	25	813.372
-1.570796	0.640596	-2.797608	49	126	11	813.355
-1.308997	0.914445	2.687814	115	3	129	813.339
-1.308997	2.456751	-1.503343	113	0	31	813.197
-3.141593	2.587733	0.232235	120	141	120	813.078
-1.832596	1.135813	-2.658866	105	14	129	813.052
1.832596	2.001437	0.381215	116	8	106	813.044
1.570796	1.569311	-3.003978	102	9	123	812.878
-0.785398	1.194549	-0.801900	103	9	119	812.770
2.879793	1.504028	0.636812	134	10	105	812.643
2.094395	1.135834	-1.431087	118	1	114	812.495
1.570796	1.440580	2.260026	123	136	34	812.381
1.308997	2.063651	-2.044600	129	123	37	812.228
0.523599	1.683268	0.374177	114	6	114	812.213
-2.356194	1.195355	1.200319	111	1	119	812.212
1.308997	2.356369	3.005869	20	126	44	812.186
1.832596	0.992645	-1.723759	110	0	121	812.096
-1.832596	1.977582	0.969896	24	101	4	812.047
-1.832596	2.637879	2.121598	23	102	24	811.938
-1.308997	1.658653	-2.409879	127	138	39	811.795
-3.141593	1.872854	1.543456	103	7	124	811.757
-2.094395	2.393226	1.857173	140	101	29	811.757
2.617994	0.733948	3.021411	106	3	118	811.732
2.879793	1.450119	-2.739050	31	116	35	811.700
0.523599	1.417623	-0.202254	128	125	24	811.582
-2.356194	2.041297	-2.664597	105	20	120	811.496
1.047198	1.809167	1.213774	117	14	116	811.454
-1.832596	1.134497	-1.109631	128	0	29	811.436
1.570796	1.982574	-1.115518	105	3	121	811.427
0.000000	1.195355	1.200319	117	1	124	811.261
-1.308997	1.721184	-0.153948	131	44	107	811.116
2.356194	2.637879	2.121598	105	20	120	811.002
-0.785398	0.379747	-1.713059	143	46	130	810.801
-3.141593	2.724429	-0.348782	128	1	115	810.708
2.094395	2.760637	2.781135	137	137	37	810.681
-3.141593	2.164094	-2.991358	109	26	116	810.582
0.523599	2.587733	0.232235	120	36	11	810.571
0.523599	2.396274	-1.959260	118	142	124	810.408
-0.785398	2.863997	0.549740	128	133	39	810.374
-1.832596	2.592629	0.909713	114	8	111	810.339
0.000000	2.979456	-1.009304	112	12	108	810.273
-2.879793	1.574060	2.783565	116	137	37	810.220
-2.879793	2.455966	-0.641220	48	120	15	810.194
2.617994	1.301460	-0.509251	125	126	24	809.999
1.832596	0.297065	2.160177	132	138	34	809.928
-1.308997	1.135813	-2.658866	26	15	33	809.918
-0.523599	1.599406	1.426070	121	1	116	809.900
2.617994	1.836682	-0.676006	116	2	112	809.820
0.523599	2.033014	2.977192	127	139	38	809.786
-2.879793	1.134497	-1.109631	128	140	31	809.691
-2.356194	2.724429	-0.348782	118	13	109	809.674
-2.356194	0.831641	0.616218	104	14	107	809.567
-0.523599	2.073035	2.027405	25	28	24	809.359
-1.570796	2.180315	-1.357379	128	47	140	809.246
2.356194	2.719179	-1.780644	27	112	35	809.235
0.261799	1.488617	1.159546	113	4	26	809.223
1.308997	0.496451	0.593859	115	17	105	809.100
-2.879793	1.247695	1.809890	106	2	123	809.003
0.000000	2.478122	2.609777	43	140	31	808.793
1.047198	1.256302	0.062705	110	18	102	808.784
-3.141593	2.637879	2.121598	97	13	122	808.774
2.094395	1.875281	0.107086	98	9	121	808.738
-1.308997	2.104282	-0.813972	134	48	129	808.664
-2.617994	1.658653	-2.409879	129	132	39	808.501
-0.523599	2.247462	0.191623	132	137	36	808.483
1.570796	1.658653	-2.409879	140	130	41	808.454
-2.356194	2.592629	0.909713	111	0	125	808.250
-1.832596	2.138223	1.678323	139	133	35	808.057
-2.879793	2.180315	-1.357379	116	0	129	807.923
-2.617994	2.407836	1.410646	136	100	20	807.779
-2.879793	1.218453	2.777284	103	6	130	807.674
1.832596	1.134796	2.434290	131	140	35	807.653
2.094395	2.592629	0.909713	100	11	115	807.639
1.570796	1.335669	0.897240	111	29	103	807.636
0.000000	2.881233	-2.582574	111	5	113	807.459
2.094395	2.295480	1.008277	116	127	37	807.452
-2.617994	0.914445	2.687814	117	1	118	807.410
-0.261799	2.456751	-1.503343	106	5	123	807.338
1.047198	0.615174	-0.666022	127	10	104	807.270
-2.617994	1.335669	0.897240	133	129	127	807.263
-2.617994	1.766067	2.153843	101	4	131	807.253
-2.617994	1.195355	1.200319	112	16	104	807.195
1.832596	0.619654	-2.216909	107	1	136	807.059
0.000000	2.001437	0.381215	127	1	34	806.925
2.879793	1.982574	-1.115518	32	102	21	806.922
1.832596	1.128190	-2.288622	125	127	40	806.901
-0.785398	1.391910	3.030322	48	138	24	806.870
2.617994	1.247695	1.809890	118	126	30	806.818
-0.785398	1.014500	0.906702	27	139	125	806.801
-2.356194	1.050534	3.042579	115	0	138	806.775
2.356194	2.407836	1.410646	98	18	114	806.571
-2.356194	1.977582	0.969896	109	1	121	806.546
1.570796	2.115563	0.685730	118	133	35	806.434
-1.570796	2.153910	-1.714959	124	44	2	806.416
0.261799	1.812176	0.656819	120	3	31	806.297
-2.094395	0.458961	-0.107937	113	10	108	806.149
-1.047198	1.756530	-2.105156	122	139	37	806.002
0.785398	1.510910	-0.740472	130	126	25	805.968
1.570796	2.180315	-1.357379	118	0	117	805.840
0.785398	0.290380	-0.796960	116	8	106	805.702
2.094395	1.050534	3.042579	121	142	37	805.507
-1.047198	1.391910	3.030322	132	125	37	805.500
-0.523599	1.128190	-2.288622	131	45	136	805.430
-1.832596	0.733948	3.021411	137	34	143	805.252
-1.047198	1.574060	2.783565	18	134	45	805.237
-0.785398	1.504028	0.636812	135	32	104	805.136
-1.308997	1.545873	-1.877082	125	142	36	804.953
2.617994	1.982574	-1.115518	113	142	127	804.896
1.570796	1.050534	3.042579	126	139	36	804.540
-2.879793	0.899350	-2.069907	132	134	35	804.471
0.000000	2.396274	-1.959260	104	7	118	804.393
-1.047198	1.325504	-1.671296	118	0	36	804.316
-1.570796	1.433411	-1.035986	119	17	109	804.266
-2.879793	2.637879	2.121598	99	9	123	804.149
1.308997	2.349581	-2.702517	123	131	37	804.040
-0.785398	1.310100	1.488307	43	111	13	804.017
-1.570796	1.741644	-2.695914	125	126	38	803.988
2.617994	0.866395	-2.492918	23	104	30	803.883
-1.308997	2.407836	1.410646	119	2	113	803.711
-2.879793	1.869911	2.701025	124	137	38	803.602
1.570796	2.174483	2.653697	128	133	37	803.441
2.356194	2.089241	-0.114193	110	2	120	803.386
0.523599	1.195355	1.200319	48	4	10	803.069
-3.141593	2.180315	-1.357379	111	2	128	803.029
0.000000	1.433411	-1.035986	117	17	107	803.008
-0.785398	2.478122	2.609777	41	125	32	802.914
1.047198	2.295480	1.008277	115	133	37	802.857
-3.141593	2.588535	-2.976617	33	13	31	802.854
-2.356194	2.089241	-0.114193	133	16	103	802.725
1.047198	0.960688	-0.577532	111	141	121	802.711
2.879793	1.756530	-2.105156	14	108	38	802.586
-1.570796	1.869911	2.701025	30	116	36	802.552
2.356194	2.704512	1.488683	97	17	118	802.545
-0.261799	1.662363	0.915448	127	0	29	802.541
-2.094395	2.174483	2.653697	130	134	37	802.539
0.785398	1.242974	-2.977882	24	22	29	802.500
2.879793	1.574060	2.783565	117	133	36	802.398
-0.785398	0.762244	-0.273349	107	16	106	802.252
-2.356194	2.356369	3.005869	109	17	114	802.055
2.356194	1.809167	1.213774	96	22	116	802.013
2.879793	1.134497	-1.109631	133	135	31	801.960
0.785398	1.214854	-1.966664	114	134	36	801.952
-2.617994	1.014500	0.906702	122	3	110	801.939
1.832596	1.242974	-2.977882	133	121	36	801.882
1.047198	1.218453	2.777284	129	135	36	801.829
2.879793	1.335669	0.897240	112	18	103	801.657
2.094395	2.664082	-1.071402	107	5	117	801.439
-2.617994	1.242974	-2.977882	131	131	37	801.375
-2.879793	2.724429	-0.348782	45	117	18	801.280
-1.832596	0.700570	1.559208	119	9	107	801.243
2.879793	0.866395	-2.492918	24	101	28	801.156
0.785398	2.393226	1.857173	119	0	36	801.076
1.832596	1.218453	2.777284	123	140	37	800.945
0.785398	1.569311	-3.003978	133	139	40	800.942
-1.832596	1.242974	-2.977882	132	128	38	800.779
2.356194	1.168678	2.108595	128	138	33	800.737
0.523599	1.134497	-1.109631	104	1	130	800.651
-1.308997	2.356369	3.005869	132	140	37	800.651
0.523599	1.504028	0.636812	115	5	26	800.528
-2.617994	1.218453	2.777284	106	3	132	800.354
-0.523599	1.135813	-2.658866	26	23	23	800.336
0.000000	1.242974	-2.977882	133	136	39	800.158
-0.261799	0.685216	-1.712745	103	10	131	800.102
-1.308997	1.510910	-0.740472	116	134	26	800.063
2.094395	2.138223	1.678323	116	32	17	799.938
0.785398	2.863997	0.549740	122	37	17	799.935
2.879793	2.579248	-2.364801	124	131	38	799.923
-3.141593	1.504028	0.636812	126	124	26	799.823
-2.094395	0.899350	-2.069907	1	41	133	799.769
1.570796	2.396274	-1.959260	121	120	34	799.722
-1.308997	2.588535	-2.976617	109	7	116	799.698
2.094395	0.619654	-2.216909	106	5	115	799.655
-1.308997	1.977582	0.969896	110	6	114	799.564
-2.879793	2.187132	-0.479875	47	117	11	799.545
1.832596	1.948085	-2.363031	127	135	39	799.492
0.785398	0.864993	2.278281	130	134	35	799.467
-2.879793	2.719179	-1.780644	126	132	39	799.405
0.785398	1.135834	-1.431087	108	9	111	799.388
2.356194	0.297065	2.160177	114	7	110	799.324
1.047198	1.869911	2.701025	117	139	37	799.189
-1.570796	0.929350	-2.910676	107	11	130	799.030
1.308997	0.733948	3.021411	106	13	111	798.756
1.832596	2.164094	-2.991358	116	135	35	798.666
-1.832596	2.760637	2.781135	120	139	38	798.651
2.617994	0.379747	-1.713059	30	104	2	798.566
0.261799	2.001437	0.381215	124	1	33	798.483
1.047198	1.977582	0.969896	111	136	34	798.399
0.261799	2.984978	1.954446	33	25	9	798.375
-1.047198	1.335669	0.897240	106	7	110	798.319
-1.047198	0.850607	-1.335383	119	128	33	798.302
1.832596	0.674054	1.013609	27	25	16	798.281
-1.308997	0.618092	2.539118	128	13	110	798.274
0.785398	2.295480	1.008277	116	134	37	798.196
-1.308997	0.419640	2.974122	128	131	36	798.151
-1.832596	1.658653	-2.409879	132	43	1	798.047
1.308997	1.599406	1.426070	138	46	130	797.992
-0.261799	0.864993	2.278281	135	130	34	797.759
-1.047198	1.812176	0.656819	136	130	29	797.751
-2.879793	1.998705	2.370472	131	117	34	797.718
-2.356194	1.433411	-1.035986	136	35	106	797.684
-0.261799	0.458961	-0.107937	117	7	107	797.613
-1.570796	1.367556	0.358405	109	12	108	797.508
1.832596	1.325504	-1.671296	119	1	112	797.412
0.000000	1.569311	-3.003978	135	129	39	797.389
2.094395	1.325504	-1.671296	129	131	34	797.370
-0.261799	1.194549	-0.801900	110	4	119	797.206
1.832596	2.295480	1.008277	115	128	37	797.189
0.261799	1.948085	-2.363031	127	123	36	796.999
-2.879793	1.948085	-2.363031	128	136	38	796.957
-2.879793	0.992645	-1.723759	131	138	35	796.837
2.356194	1.606104	-0.451151	110	1	120	796.775
0.785398	2.033014	2.977192	130	132	37	796.675
-2.356194	2.979456	-1.009304	132	130	37	796.671
0.785398	1.014500	0.906702	106	22	114	796.479
2.617994	1.824694	1.850876	119	131	36	796.315
-2.356194	1.824694	1.850876	106	0	125	796.262
0.000000	2.587733	0.232235	129	133	37	796.160
2.617994	1.696674	-1.253233	116	143	117	796.070
2.617994	1.256302	0.062705	114	2	113	795.990
0.261799	1.128190	-2.288622	120	139	38	795.926
-2.356194	2.153910	-1.714959	136	129	33	795.876
-0.523599	1.168678	2.108595	135	125	31	795.854
1.570796	2.104282	-0.813972	139	117	133	795.771
2.356194	0.866955	-0.931351	113	2	114	795.683
-0.523599	1.113094	-0.272241	111	2	120	795.626
1.308997	0.762244	-0.273349	118	143	118	795.555
-1.308997	1.998705	2.370472	134	135	37	795.537
-0.261799	2.033014	2.977192	122	133	39	795.377
0.785398	1.450119	-2.739050	135	138	39	795.375
-1.047198	1.194549	-0.801900	129	138	27	795.303
0.523599	0.866955	-0.931351	113	9	108	795.281
1.047198	1.662363	0.915448	124	143	28	795.086
-1.570796	1.504028	0.636812	113	6	112	795.038
2.617994	1.658653	-2.409879	7	107	38	794.977
-0.261799	1.128190	-2.288622	20	20	30	794.812
1.570796	1.545873	-1.877082	112	0	118	794.754
-2.094395	1.741644	-2.695914	104	17	123	794.594
-0.785398	1.301460	-0.509251	106	7	117	794.556
-3.141593	2.153910	-1.714959	29	127	38	794.447
1.308997	2.588535	-2.976617	125	134	37	794.435
1.570796	1.488617	1.159546	115	20	106	794.368
0.523599	2.104282	-0.813972	109	3	114	794.291
-0.785398	1.440580	2.260026	132	142	36	794.256
1.570796	2.164094	-2.991358	21	113	39	794.062
-2.617994	1.846342	-1.796954	24	123	39	794.045
-3.141593	1.218453	2.777284	99	11	131	793.681
-2.617994	2.455966	-0.641220	50	125	15	793.618
-2.356194	0.850607	-1.335383	128	47	114	793.454
1.308997	1.732874	-0.951685	105	4	117	793.381
0.000000	1.218453	2.777284	136	46	132	793.340
-2.356194	1.374601	-2.456031	29	108	30	793.270
2.879793	1.555207	1.708892	120	129	31	793.243
-0.523599	1.310100	1.488307	120	0	120	793.221
2.879793	0.899350	-2.069907	129	131	37	793.182
-1.832596	1.662363	0.915448	112	4	117	793.167
-3.141593	1.662363	0.915448	113	10	107	793.070
-0.785398	0.080730	-2.622036	127	132	37	792.932
1.570796	1.736875	3.023612	122	128	36	792.890
2.094395	0.864993	2.278281	131	142	34	792.857
1.570796	0.379747	-1.713059	111	1	118	792.834
-2.356194	1.982574	-1.115518	139	125	30	792.727
-2.094395	2.760637	2.781135	114	12	111	792.663
-1.308997	1.025536	1.576859	3	3	112	792.618
-1.308997	1.875281	0.107086	128	47	111	792.341
-0.261799	1.450119	-2.739050	21	19	30	792.312
0.785398	2.407836	1.410646	131	142	35	792.098
-1.832596	2.115563	0.685730	123	1	118	792.080
-0.523599	0.203748	0.590255	118	143	114	792.080
-1.047198	1.599406	1.426070	111	3	117	792.068
-1.047198	1.168678	2.108595	138	137	34	792.041
-2.617994	1.135813	-2.658866	135	131	39	791.957
1.047198	2.164094	-2.991358	107	7	130	791.946
2.094395	1.413430	2.550734	130	134	35	791.887
-0.785398	1.413430	2.550734	133	127	34	791.831
1.308997	2.343981	-1.040456	127	109	22	791.737
2.356194	2.456751	-1.503343	119	129	34	791.615
0.523599	0.203748	0.590255	28	19	13	791.516
2.617994	2.456751	-1.503343	28	107	32	791.446
-1.047198	0.571433	-1.188419	139	44	126	791.441
2.356194	1.128190	-2.288622	127	131	40	791.402
0.000000	0.370812	-2.547742	127	135	35	791.394
-0.261799	1.014500	0.906702	116	0	121	791.340
-2.094395	1.448123	-2.163292	43	126	27	791.251
-2.617994	2.356369	3.005869	109	19	114	791.231
2.356194	2.356369	3.005869	130	135	37	791.221
-1.047198	0.418037	1.360082	120	13	105	791.205
2.617994	1.367556	0.358405	120	14	103	790.946
0.785398	1.812176	0.656819	113	143	32	790.843
1.047198	2.041297	-2.664597	119	134	36	790.809
1.308997	1.683268	0.374177	112	10	107	790.555
-1.570796	1.194549	-0.801900	119	135	28	790.463
1.308997	2.033014	2.977192	14	128	45	790.378
1.047198	2.153910	-1.714959	104	3	130	790.287
1.047198	1.766067	2.153843	127	140	35	790.273
-2.094395	2.251330	-2.330739	24	2	42	789.865
0.000000	1.599406	1.426070	127	5	27	789.826
-1.570796	1.218453	2.777284	130	123	36	789.664
2.617994	1.195355	1.200319	120	21	106	789.589
-2.617994	0.850607	-1.335383	135	0	32	789.544
1.570796	1.846342	-1.796954	110	1	117	789.525
1.832596	2.881233	-2.582574	117	13	119	789.512
1.832596	1.658653	-2.409879	122	134	40	789.478
2.879793	2.979456	-1.009304	45	118	24	789.360
-2.879793	1.367556	0.358405	110	3	113	789.346
-1.570796	1.413430	2.550734	132	139	36	789.309
-2.617994	0.709924	0.218797	109	7	114	789.304
0.523599	2.295480	1.008277	117	135	37	789.269
0.000000	1.982574	-1.115518	116	143	118	789.221
-2.094395	2.719179	-1.780644	134	130	36	789.208
-3.141593	1.367556	0.358405	109	1	119	789.146
0.523599	0.929350	-2.910676	132	126	35	789.067
-1.047198	2.592629	0.909713	117	5	114	788.857
1.047198	0.992645	-1.723759	129	126	35	788.828
1.570796	2.153910	-1.714959	107	2	119	788.805
0.261799	2.299159	2.264663	132	133	37	788.760
-1.047198	2.407836	1.410646	119	7	108	788.648
-0.261799	2.637879	2.121598	132	127	36	788.621
-1.308997	2.863997	0.549740	120	8	111	788.430
-2.356194	1.909857	-0.381669	134	22	102	788.314
1.308997	0.914445	2.687814	123	142	36	788.222
0.000000	1.025536	1.576859	122	3	123	788.217
0.261799	1.050534	3.042579	133	26	33	788.162
-1.570796	0.906588	1.252948	112	2	111	788.158
1.570796	1.247695	1.809890	120	143	31	788.145
-0.261799	1.721184	-0.153948	143	46	135	788.137
-2.879793	2.356369	3.005869	105	19	122	788.022
-2.879793	0.700570	1.559208	119	123	24	788.020
-0.785398	0.619654	-2.216909	15	45	3	787.636
0.523599	2.704512	1.488683	125	141	38	787.571
2.617994	1.310100	1.488307	115	129	29	787.444
-1.047198	1.310100	1.488307	115	142	120	787.443
-1.308997	1.909857	-0.381669	135	46	123	787.348
-0.785398	2.001437	0.381215	2	38	115	787.337
1.570796	2.407836	1.410646	120	36	13	787.073
-0.523599	2.115563	0.685730	138	45	119	787.023
1.047198	2.588535	-2.976617	124	121	37	786.870
-1.308997	1.134497	-1.109631	120	131	29	786.844
1.047198	0.297065	2.160177	131	129	36	786.808
-0.523599	1.824694	1.850876	130	1	112	786.624
-1.570796	1.335669	0.897240	108	4	123	786.549
-2.617994	1.045978	0.343692	133	120	21	786.372
-2.879793	1.301460	-0.509251	112	7	111	786.369
1.308997	2.115563	0.685730	113	136	35	786.188
-2.356194	1.247695	1.809890	106	5	116	786.177
1.832596	1.050534	3.042579	121	0	37	786.160
-2.617994	0.496451	0.593859	113	7	109	785.990
-2.356194	0.496451	0.593859	116	7	107	785.873
-2.617994	2.187132	-0.479875	49	123	10	785.643
-2.094395	2.138223	1.678323	123	108	20	785.628
2.617994	1.721184	-0.153948	116	3	113	785.594
-1.047198	1.555207	1.708892	33	106	22	785.582
-3.141593	1.574060	2.783565	114	140	37	785.575
-1.832596	0.864993	2.278281	110	143	122	785.446
-0.523599	1.998705	2.370472	27	117	38	785.369
0.523599	2.001437	0.381215	122	0	33	785.357
2.617994	2.180315	-1.357379	119	124	32	785.223
-2.356194	1.025536	1.576859	114	9	108	785.159
-1.570796	0.571433	-1.188419	134	46	116	785.090
-2.094395	2.379497	0.561089	124	2	114	785.084
1.570796	1.998705	2.370472	124	41	4	785.067
2.879793	1.247695	1.809890	120	124	30	785.046
-0.523599	0.864993	2.278281	134	128	33	785.003
-0.523599	1.050534	3.042579	139	134	36	784.687
1.570796	1.014500	0.906702	116	30	102	784.642
2.356194	1.510910	-0.740472	118	8	106	784.428
2.617994	2.041297	-2.664597	128	0	39	784.364
2.617994	2.063651	-2.044600	135	136	37	784.316
1.308997	2.104282	-0.813972	98	17	112	784.185
1.832596	1.846342	-1.796954	115	143	118	784.101
0.000000	2.108018	1.311430	137	46	122	784.041
0.261799	1.545873	-1.877082	116	130	37	783.877
-2.356194	1.134497	-1.109631	118	0	31	783.807
1.570796	1.450119	-2.739050	130	128	38	783.772
2.356194	1.310100	1.488307	115	130	29	783.473
1.570796	1.135813	-2.658866	126	135	39	783.422
0.785398	2.356369	3.005869	123	127	39	783.273
-2.356194	1.846342	-1.796954	137	125	31	783.262
-0.261799	2.247462	0.191623	131	139	36	783.216
-2.879793	2.979456	-1.009304	50	126	23	783.125
-0.523599	2.033014	2.977192	121	143	38	783.042
-2.094395	1.736875	3.023612	26	109	35	783.038
0.261799	1.617114	-1.572037	101	5	130	782.917
-0.785398	1.325504	-1.671296	114	143	36	782.899
0.261799	1.736875	3.023612	131	130	39	782.885
0.000000	1.050534	3.042579	136	46	131	782.838
-1.570796	0.618092	2.539118	120	142	126	782.723
-2.094395	1.872854	1.543456	131	127	33	782.624
2.879793	1.812176	0.656819	115	9	106	782.605
-0.785398	1.699788	2.452890	133	137	37	782.521
2.094395	0.571433	-1.188419	26	103	1	782.512
1.308997	1.870545	-2.976234	132	134	39	782.291
1.047198	1.433411	-1.035986	102	4	120	782.095
-2.617994	2.579248	-2.364801	127	48	143	782.059
-1.047198	2.115563	0.685730	117	6	110	781.846
-1.047198	2.295480	1.008277	115	7	111	781.733
1.047198	1.545873	-1.877082	118	127	37	781.610
-0.523599	2.579248	-2.364801	113	124	33	781.523
-0.523599	1.658653	-2.409879	133	134	38	781.495
2.617994	2.174483	2.653697	132	136	39	781.325
0.523599	0.458961	-0.107937	113	13	105	781.280
1.308997	2.041297	-2.664597	130	137	40	781.138
-3.141593	1.869911	2.701025	128	114	31	781.077
-1.832596	2.587733	0.232235	114	10	110	781.076
-2.356194	0.618092	2.539118	119	2	115	781.003
-0.261799	2.063651	-2.044600	113	131	37	780.923
-1.047198	1.417623	-0.202254	123	44	106	780.876
-1.570796	2.724429	-0.348782	30	27	12	780.875
2.356194	1.194549	-0.801900	122	6	107	780.874
1.570796	1.134796	2.434290	126	141	34	780.841
-0.261799	0.929350	-2.910676	27	26	22	780.828
-1.570796	2.881233	-2.582574	103	12	116	780.668
1.047198	1.374601	-2.456031	121	25	25	780.480
0.785398	1.545873	-1.877082	118	128	37	780.461
2.356194	0.379747	-1.713059	110	6	111	780.399
-1.047198	1.824694	1.850876	30	107	27	780.383
2.879793	2.719179	-1.780644	113	4	133	780.376
1.570796	1.391910	3.030322	128	138	39	780.335
1.308997	1.413430	2.550734	115	137	36	780.325
0.261799	1.214854	-1.966664	117	136	36	780.322
-2.879793	2.063651	-2.044600	135	1	35	780.276
-2.879793	2.349581	-2.702517	107	23	117	780.189
-3.141593	1.696674	-1.253233	140	131	30	780.188
-2.356194	0.290380	-0.796960	125	138	36	780.159
1.832596	1.736875	3.023612	133	138	39	780.126
-2.356194	1.135813	-2.658866	32	107	26	779.801
1.047198	1.113094	-0.272241	109	12	104	779.723
-3.141593	1.433411	-1.035986	139	129	26	779.680
-1.047198	0.203748	0.590255	110	1	120	779.671
2.094395	0.831641	0.616218	133	25	102	779.649
-2.617994	2.881233	-2.582574	132	131	38	779.647
1.047198	1.448123	-2.163292	109	5	118	779.586
-0.261799	1.948085	-2.363031	119	131	39	779.546
2.879793	1.909857	-0.381669	122	3	109	779.338
1.308997	1.756530	-2.105156	127	129	37	778.839
-2.617994	2.063651	-2.044600	127	136	37	778.646
-0.785398	1.824694	1.850876	119	0	116	778.574
-0.523599	1.766067	2.153843	32	120	36	778.546
-2.617994	2.164094	-2.991358	106	21	118	778.429
2.617994	2.251330	-2.330739	134	133	37	778.279
0.261799	1.325504	-1.671296	114	131	36	778.171
2.094395	1.662363	0.915448	98	24	112	778.122
0.261799	1.335669	0.897240	35	14	133	778.045
-1.047198	1.413430	2.550734	23	132	42	777.967
2.094395	0.960688	-0.577532	109	5	114	777.926
0.000000	1.128190	-2.288622	107	19	118	777.834
0.785398	2.379497	0.561089	121	138	36	777.833
0.261799	1.869911	2.701025	23	137	44	777.703
-1.047198	0.929350	-2.910676	27	25	21	777.688
0.785398	0.419640	2.974122	130	137	35	777.668
-1.832596	2.456751	-1.503343	138	128	34	777.549
0.523599	0.864993	2.278281	129	49	137	777.508
-1.832596	2.455966	-0.641220	117	17	108	777.458
2.094395	2.089241	-0.114193	119	1	109	777.447
-2.879793	1.846342	-1.796954	132	126	32	777.443
-2.617994	1.413347	-1.339188	3	33	115	777.294
-1.570796	0.733948	3.021411	48	119	11	777.230
-2.094395	1.569311	-3.003978	124	131	38	777.180
2.879793	2.247462	0.191623	100	7	118	777.085
-2.356194	2.174483	2.653697	103	7	124	777.084
-0.261799	1.741644	-2.695914	128	125	39	777.062
-2.356194	1.325504	-1.671296	134	141	36	777.027
-3.141593	1.904882	-1.478089	123	1	119	776.974
-2.094395	1.218453	2.777284	117	1	124	776.877
-1.308997	0.992645	-1.723759	128	138	34	776.829
-2.094395	1.875281	0.107086	129	16	102	776.815
0.785398	1.869911	2.701025	23	143	44	776.314
1.832596	2.073035	2.027405	17	21	29	776.227
-0.261799	1.545873	-1.877082	118	130	37	775.985
-2.617994	1.510910	-0.740472	117	0	123	775.979
2.094395	1.977582	0.969896	95	23	117	775.720
-1.832596	1.488617	1.159546	126	108	3	775.235
-2.356194	1.741644	-2.695914	104	20	123	775.109
-2.094395	1.391910	3.030322	129	128	37	774.980
-2.879793	2.033014	2.977192	121	136	38	774.930
-1.308997	0.866395	-2.492918	132	48	136	774.912
1.832596	1.247695	1.809890	128	140	32	774.757
2.356194	2.760637	2.781135	27	21	28	774.500
-0.523599	1.699788	2.452890	34	130	38	774.450
0.000000	1.510910	-0.740472	102	8	117	774.390
-2.617994	1.732874	-0.951685	2	28	109	774.197
1.047198	2.138223	1.678323	27	31	7	773.979
2.879793	2.041297	-2.664597	125	137	39	773.958
2.617994	2.588535	-2.976617	27	1	41	773.909
1.832596	1.135813	-2.658866	123	134	40	773.906
-2.879793	1.875281	0.107086	122	2	111	773.893
0.261799	2.063651	-2.044600	111	1	122	773.891
0.000000	0.203748	0.590255	119	11	107	773.708
-3.141593	1.242974	-2.977882	120	135	40	773.597
2.356194	1.741644	-2.695914	130	120	34	773.579
-2.094395	0.379747	-1.713059	135	48	122	773.562
-1.047198	0.619654	-2.216909	142	46	127	773.414
-1.832596	0.992645	-1.723759	2	42	124	773.336
1.570796	0.618092	2.539118	134	138	35	773.222
-1.308997	0.640596	-2.797608	112	10	133	773.158
-2.094395	1.870545	-2.976234	124	136	39	773.074
-2.879793	1.696674	-1.253233	118	7	22	772.821
-0.785398	1.450119	-2.739050	130	46	142	772.762
2.879793	0.961715	0.014085	8	18	106	772.608
1.570796	0.297065	2.160177	132	134	36	772.313
2.356194	0.899350	-2.069907	112	4	111	772.104
0.000000	1.256302	0.062705	19	140	122	771.992
-1.047198	1.488617	1.159546	109	5	115	771.972
0.523599	0.910508	1.903534	135	47	118	771.910
0.000000	2.295480	1.008277	1	42	118	771.721
-2.094395	2.115563	0.685730	119	1	118	771.692
0.000000	2.089241	-0.114193	1	45	128	771.648
0.523599	1.310100	1.488307	114	17	118	771.558
2.094395	1.824694	1.850876	122	137	36	771.415
-2.094395	2.349581	-2.702517	123	140	38	771.328
-2.617994	1.128190	-2.288622	139	42	143	771.258
-2.617994	1.574060	2.783565	104	6	141	771.243
-2.356194	0.418037	1.360082	118	143	115	771.203
-0.523599	1.948085	-2.363031	130	131	37	771.167
-2.617994	2.719179	-1.780644	132	128	37	771.127
-2.617994	1.909857	-0.381669	133	21	102	771.107
1.308997	1.998705	2.370472	126	137	37	771.106
2.617994	0.914445	2.687814	107	143	32	771.103
-2.879793	2.115563	0.685730	114	143	119	771.031
-0.261799	0.379747	-1.713059	111	11	111	770.751
2.356194	1.488617	1.159546	98	24	112	770.707
-1.308997	2.138223	1.678323	31	101	17	770.613
-0.523599	1.135834	-1.431087	113	141	33	770.595
0.000000	0.591903	2.010408	132	126	34	770.500
-1.832596	1.736875	3.023612	128	129	38	770.461
1.308997	0.591903	2.010408	126	141	34	770.410
1.570796	2.187132	-0.479875	136	122	129	770.299
2.879793	2.153910	-1.714959	39	123	33	770.272
-0.785398	2.404280	-0.174044	132	48	127	770.205
2.879793	1.014500	0.906702	128	20	105	770.056
1.832596	1.599406	1.426070	118	143	32	769.964
-0.261799	2.724429	-0.348782	107	2	21	769.914
1.570796	0.992645	-1.723759	109	143	125	769.654
0.000000	1.440580	2.260026	133	129	33	769.589
1.570796	1.301460	-0.509251	120	141	117	769.367
0.261799	1.699788	2.452890	127	136	37	769.163
0.785398	2.073035	2.027405	33	26	14	769.094
1.570796	2.456751	-1.503343	103	5	121	768.683
1.570796	1.904882	-1.478089	126	120	33	768.660
-1.047198	0.080730	-2.622036	129	130	37	768.573
0.261799	1.504028	0.636812	119	2	116	768.517
1.570796	2.041297	-2.664597	98	14	125	768.448
-1.570796	1.325504	-1.671296	130	2	34	768.408
-3.141593	2.089241	-0.114193	114	1	115	768.159
-0.261799	0.700570	1.559208	39	125	135	768.121
1.570796	1.325504	-1.671296	114	2	113	768.033
0.000000	1.998705	2.370472	26	118	38	767.980
0.785398	0.640596	-2.797608	105	13	116	767.964
-3.141593	0.619654	-2.216909	117	1	115	767.872
-0.261799	2.379497	0.561089	126	135	37	767.851
0.785398	2.396274	-1.959260	127	117	33	767.750
2.879793	1.554776	0.100351	120	10	105	767.701
-1.570796	1.135813	-2.658866	47	127	20	767.605
2.094395	0.685216	-1.712745	118	4	110	767.581
0.261799	0.619654	-2.216909	108	14	112	767.514
0.000000	0.864993	2.278281	136	128	33	767.320
-1.047198	1.440580	2.260026	140	137	34	767.181
-2.617994	2.396274	-1.959260	129	130	37	767.164
-1.308997	2.637879	2.121598	107	5	118	767.044
-2.617994	2.760637	2.781135	113	14	113	766.985
-2.094395	2.592629	0.909713	109	6	118	766.769
1.832596	1.545873	-1.877082	134	116	34	766.632
-0.261799	0.615174	-0.666022	107	9	113	766.607
0.785398	1.335669	0.897240	108	1	24	766.599
2.879793	2.456751	-1.503343	40	125	32	766.588
-1.570796	1.977582	0.969896	104	10	113	766.468
-1.047198	2.299159	2.264663	117	142	119	766.387
-2.617994	2.592629	0.909713	115	1	111	766.365
1.570796	2.724429	-0.348782	113	115	26	766.165
-2.617994	0.762244	-0.273349	108	11	112	766.118
-3.141593	0.992645	-1.723759	134	136	35	766.031
2.617994	2.138223	1.678323	120	124	35	766.019
0.523599	2.588535	-2.976617	124	133	39	766.015
-1.832596	1.256302	0.062705	106	20	107	766.009
-2.094395	2.863997	0.549740	119	7	110	765.812
-0.523599	1.367556	0.358405	103	9	112	765.771
-0.523599	2.587733	0.232235	32	25	13	765.766
-1.047198	0.899350	-2.069907	26	31	13	765.735
0.261799	1.025536	1.576859	141	44	117	765.655
2.356194	2.295480	1.008277	115	129	36	765.587
-0.261799	0.080730	-2.622036	126	132	37	765.550
1.308997	1.872854	1.543456	141	46	127	765.488
2.356194	1.134497	-1.109631	25	101	4	765.262
1.570796	1.836682	-0.676006	104	5	129	765.186
2.094395	0.297065	2.160177	109	8	114	765.173
-1.308997	1.617114	-1.572037	126	53	127	765.045
-0.261799	1.846342	-1.796954	127	136	33	765.040
-1.832596	2.033014	2.977192	122	140	40	765.004
-1.832596	2.979456	-1.009304	127	132	40	764.863
2.879793	1.168678	2.108595	95	21	121	764.845
-0.785398	0.419640	2.974122	133	133	36	764.565
-2.356194	1.574060	2.783565	125	135	37	764.061
-2.094395	2.404280	-0.174044	125	2	117	763.906
2.094395	2.174483	2.653697	128	133	38	763.767
2.094395	1.214854	-1.966664	106	5	115	763.503
2.879793	2.592629	0.909713	109	2	114	763.430
-1.832596	2.579248	-2.364801	129	141	36	763.381
2.094395	1.045978	0.343692	4	133	123	763.352
-0.261799	0.370812	-2.547742	128	129	35	763.235
-1.308997	1.662363	0.915448	136	135	30	763.192
-2.356194	2.104282	-0.813972	113	23	110	763.156
2.617994	1.448123	-2.163292	9	102	35	763.034
2.356194	1.872854	1.543456	94	24	122	763.008
-0.523599	1.696674	-1.253233	118	137	28	762.938
-2.094395	1.662363	0.915448	117	5	107	762.908
-0.523599	1.574060	2.783565	134	126	35	762.705
-2.356194	2.455966	-0.641220	128	129	37	762.645
-0.785398	1.256302	0.062705	135	10	105	762.597
0.523599	0.496451	0.593859	127	126	36	762.500
0.000000	0.992645	-1.723759	113	140	35	762.409
2.879793	1.184361	0.625864	133	17	103	762.397
-0.785398	1.554776	0.100351	113	4	116	762.387
2.094395	0.496451	0.593859	3	26	106	762.379
1.047198	1.014500	0.906702	139	123	28	762.336
-1.047198	2.664082	-1.071402	110	3	26	762.276
-1.570796	1.699788	2.452890	127	139	37	762.269
2.617994	1.506530	1.988858	119	125	35	762.094
-1.047198	2.138223	1.678323	115	4	113	762.037
-1.832596	1.168678	2.108595	109	0	118	761.926
-1.308997	1.574060	2.783565	18	133	45	761.875
-2.356194	1.448123	-2.163292	43	121	27	761.614
-3.141593	1.014500	0.906702	130	20	104	761.585
-2.879793	1.256302	0.062705	114	1	114	761.560
1.308997	2.592629	0.909713	143	47	140	761.547
-2.356194	1.732874	-0.951685	115	4	125	761.528
0.261799	1.904882	-1.478089	127	132	32	761.449
2.094395	1.812176	0.656819	117	15	101	761.422
1.570796	1.218453	2.777284	125	142	37	761.394
-1.308997	1.504028	0.636812	115	5	112	761.295
-0.523599	2.396274	-1.959260	110	130	33	761.101
1.832596	0.762244	-0.273349	28	112	137	761.064
0.523599	0.080730	-2.622036	107	9	115	761.054
0.000000	1.135813	-2.658866	25	19	29	760.961
-2.879793	1.766067	2.153843	97	9	131	760.908
-2.879793	1.194549	-0.801900	123	3	29	760.753
-3.141593	1.195355	1.200319	115	125	26	760.666
-0.785398	1.872854	1.543456	118	2	114	760.407
1.047198	2.719179	-1.780644	123	129	36	760.389
-2.356194	1.256302	0.062705	6	24	105	760.387
-2.879793	0.297065	2.160177	104	6	117	760.308
-3.141593	1.045978	0.343692	0	17	106	760.213
0.000000	1.555207	1.708892	136	143	33	760.152
-1.308997	1.870545	-2.976234	130	132	38	759.977
-1.047198	1.128190	-2.288622	27	26	16	759.938
-2.094395	1.310100	1.488307	105	2	117	759.918
2.879793	0.618092	2.539118	110	0	120	759.781
-0.785398	1.184361	0.625864	111	2	120	759.609
0.261799	1.450119	-2.739050	131	135	39	759.526
2.879793	2.760637	2.781135	104	21	123	759.512
-0.785398	1.113094	-0.272241	112	13	107	759.505
1.047198	1.510910	-0.740472	120	128	25	759.493
-0.261799	1.977582	0.969896	137	44	116	759.419
2.094395	2.407836	1.410646	108	15	115	759.232
0.000000	0.640596	-2.797608	4	49	12	759.223
-2.617994	2.664082	-1.071402	116	4	136	759.193
1.832596	1.569311	-3.003978	127	142	40	759.148
-2.879793	1.417623	-0.202254	115	5	110	759.091
1.047198	2.979456	-1.009304	117	115	29	759.004
0.000000	2.153910	-1.714959	128	128	33	759.003
0.785398	1.504028	0.636812	111	2	27	758.998
2.617994	2.760637	2.781135	24	21	29	758.938
-0.785398	1.335669	0.897240	115	2	116	758.816
2.356194	1.982574	-1.115518	116	122	30	758.811
1.570796	0.906588	1.252948	139	46	130	758.672
-1.832596	1.741644	-2.695914	23	116	39	758.540
0.000000	1.736875	3.023612	130	132	38	758.505
1.308997	2.001437	0.381215	107	10	112	758.493
-1.308997	1.135834	-1.431087	4	43	123	758.486
-2.879793	0.619654	-2.216909	133	126	36	758.474
1.832596	2.760637	2.781135	133	136	37	758.351
-2.879793	2.174483	2.653697	109	142	32	758.317
1.570796	1.374601	-2.456031	131	132	40	758.269
-1.047198	2.587733	0.232235	111	12	109	758.252
-2.356194	2.881233	-2.582574	116	50	137	758.216
-1.047198	1.554776	0.100351	128	40	104	758.167
-2.617994	1.756530	-2.105156	133	135	37	758.113
1.308997	1.982574	-1.115518	100	7	121	758.111
-1.308997	1.812176	0.656819	117	7	110	758.096
2.094395	2.180315	-1.357379	115	126	33	758.007
-0.261799	1.658653	-2.409879	123	129	40	757.836
-2.617994	1.134497	-1.109631	121	1	31	757.831
-0.523599	1.301460	-0.509251	110	5	117	757.680
2.094395	1.374601	-2.456031	129	133	40	757.679
0.785398	0.700570	1.559208	132	49	117	757.438
-2.356194	1.242974	-2.977882	128	126	38	757.407
-2.617994	2.089241	-0.114193	122	17	103	757.374
2.094395	1.569311	-3.003978	127	139	40	757.327
1.570796	1.699788	2.452890	118	137	37	757.320
0.523599	1.982574	-1.115518	112	4	114	757.318
-2.094395	1.809167	1.213774	132	125	32	757.284
-1.308997	1.846342	-1.796954	120	143	35	757.272
2.356194	0.080730	-2.622036	114	4	110	757.255
1.047198	1.870545	-2.976234	134	138	39	757.192
-0.261799	1.824694	1.850876	47	120	20	757.186
-1.832596	1.325504	-1.671296	128	141	36	757.100
2.879793	1.658653	-2.409879	10	107	38	756.969
0.261799	1.195355	1.200319	114	6	21	756.900
-2.617994	0.929350	-2.910676	39	112	27	756.834
1.308997	2.299159	2.264663	124	141	37	756.738
-2.879793	2.138223	1.678323	104	7	114	756.709
-0.261799	0.910508	1.903534	123	2	124	756.702
2.879793	1.824694	1.850876	120	130	36	756.546
-0.523599	0.992645	-1.723759	115	19	110	756.545
1.308997	2.295480	1.008277	117	135	36	756.499
0.785398	1.310100	1.488307	116	16	118	756.472
-0.261799	2.587733	0.232235	128	131	37	756.402
2.356194	1.214854	-1.966664	5	97	28	756.227
-0.785398	2.299159	2.264663	41	118	29	756.216
-2.356194	0.674054	1.013609	103	10	112	756.099
0.261799	0.618092	2.539118	134	50	133	755.922
1.308997	0.929350	-2.910676	128	141	37	755.776
-3.141593	1.756530	-2.105156	135	140	37	755.719
0.261799	1.014500	0.906702	135	120	27	755.642
2.356194	2.396274	-1.959260	127	124	35	755.514
-0.261799	1.413430	2.550734	17	135	43	755.336
-0.785398	1.506530	1.988858	135	138	35	755.261
-2.356194	1.998705	2.370472	131	125	37	755.211
1.047198	2.356369	3.005869	117	4	134	755.123
0.000000	1.448123	-2.163292	123	131	37	755.058
-1.832596	0.910508	1.903534	112	142	119	755.038
-1.308997	1.488617	1.159546	106	3	121	754.875
0.785398	1.325504	-1.671296	103	9	114	754.749
0.261799	0.910508	1.903534	120	16	114	754.676
-1.308997	1.050534	3.042579	36	143	37	754.611
-1.308997	1.218453	2.777284	127	127	36	754.497
2.879793	1.256302	0.062705	131	129	127	754.317
-1.832596	0.290380	-0.796960	108	16	109	754.313
-0.261799	1.335669	0.897240	117	3	114	754.273
1.308997	1.242974	-2.977882	118	1	38	754.149
0.785398	1.736875	3.023612	127	139	38	754.082
