144	1.2	0
-2.356194	1.574060	2.783565
0.000000	0.000000	0.000000
../data/3_zdock/HER2_m.pdb	37.529	5.447	5.464
../data/3_zdock/antibody_m/l12_5.pdb	-10.837	2.730	2.338
2.094395	2.299159	2.264663	136	123	33	1436.794
2.617994	1.194549	-0.801900	115	11	113	1314.514
2.879793	0.674054	1.013609	119	1	121	1313.420
1.047198	1.128190	-2.288622	114	0	121	1221.082
2.094395	0.866955	-0.931351	122	9	113	1214.716
2.879793	2.104282	-0.813972	115	3	115	1213.654
1.832596	1.214854	-1.966664	117	7	111	1190.065
-2.094395	2.979456	-1.009304	128	126	31	1180.897
-2.879793	1.506530	1.988858	112	6	130	1179.182
-2.094395	2.704512	1.488683	130	0	34	1166.706
2.879793	0.910508	1.903534	118	1	127	1165.440
-2.094395	1.450119	-2.739050	127	2	32	1165.381
1.570796	0.370812	-2.547742	120	1	117	1161.223
2.094395	1.194549	-0.801900	119	8	114	1157.305
-1.832596	2.579248	-2.364801	140	45	127	1154.125
1.308997	2.579248	-2.364801	128	122	29	1153.782
1.832596	2.174483	2.653697	137	136	35	1152.078
2.617994	0.910508	1.903534	103	13	122	1146.094
2.617994	0.618092	2.539118	120	0	122	1142.176
-2.879793	2.104282	-0.813972	117	8	107	1141.175
2.617994	0.960688	-0.577532	115	15	111	1141.171
1.570796	1.374601	-2.456031	111	3	118	1131.759
-3.141593	0.674054	1.013609	123	1	119	1122.879
0.785398	1.506530	1.988858	131	134	37	1122.472
2.356194	2.299159	2.264663	139	4	36	1120.264
-1.570796	2.704512	1.488683	123	119	30	1119.375
-0.523599	2.863997	0.549740	128	130	33	1118.947
-2.617994	1.998705	2.370472	133	139	37	1110.882
1.570796	1.545873	-1.877082	110	9	111	1107.986
1.832596	1.756530	-2.105156	114	7	107	1102.336
-2.879793	2.455966	-0.641220	113	3	115	1101.655
-3.141593	1.014500	0.906702	111	11	114	1099.655
1.308997	0.370812	-2.547742	114	2	117	1099.213
2.879793	1.168678	2.108595	120	1	131	1093.972
-2.617994	2.881233	-2.582574	135	127	30	1092.293
-1.832596	1.555207	1.708892	133	140	38	1091.716
-1.047198	1.025536	1.576859	134	127	34	1089.108
0.785398	2.984978	1.954446	124	128	32	1088.087
1.570796	1.448123	-2.163292	110	5	114	1087.573
2.879793	1.045978	0.343692	109	16	112	1085.836
2.617994	0.418037	1.360082	119	2	116	1084.843
2.879793	1.195355	1.200319	109	12	118	1084.665
2.617994	1.134497	-1.109631	119	12	109	1083.482
1.570796	0.615174	-0.666022	122	10	112	1082.365
1.570796	1.756530	-2.105156	108	7	114	1082.245
1.570796	1.658653	-2.409879	109	3	121	1081.806
0.523599	0.992645	-1.723759	124	5	109	1081.011
2.356194	0.960688	-0.577532	125	15	107	1080.674
2.879793	1.014500	0.906702	109	14	114	1078.836
1.832596	0.866955	-0.931351	119	8	114	1074.700
2.879793	1.256302	0.062705	110	13	114	1074.574
-3.141593	0.864993	2.278281	121	9	115	1074.301
2.879793	0.080730	-2.622036	119	4	118	1072.543
2.094395	1.134497	-1.109631	120	5	116	1072.242
1.308997	0.619654	-2.216909	118	4	114	1069.370
2.879793	1.662363	0.915448	106	10	131	1068.907
2.617994	1.135834	-1.431087	116	14	108	1068.721
2.094395	0.571433	-1.188419	124	7	115	1068.644
1.308997	1.374601	-2.456031	106	5	119	1068.229
2.617994	1.184361	0.625864	106	16	115	1066.888
1.832596	1.448123	-2.163292	115	4	115	1066.283
1.832596	1.658653	-2.409879	113	1	120	1065.862
-3.141593	0.591903	2.010408	120	8	114	1065.527
-3.141593	1.256302	0.062705	113	12	112	1063.113
-2.879793	1.310100	1.488307	127	134	37	1061.291
1.308997	1.448123	-2.163292	107	8	114	1056.566
1.570796	1.450119	-2.739050	133	127	33	1055.178
-2.617994	2.187132	-0.479875	113	5	113	1053.768
2.356194	0.850607	-1.335383	125	5	117	1051.632
1.832596	2.393226	1.857173	136	129	35	1051.256
2.879793	1.367556	0.358405	108	12	114	1051.233
-3.141593	2.187132	-0.479875	113	2	119	1050.810
1.047198	2.343981	-1.040456	117	6	110	1050.577
2.356194	2.180315	-1.357379	107	6	116	1050.470
1.308997	1.756530	-2.105156	105	9	114	1050.102
2.879793	1.184361	0.625864	108	14	114	1049.933
-1.047198	1.247695	1.809890	129	129	36	1048.698
0.261799	0.379747	-1.713059	111	6	112	1048.439
2.356194	1.448123	-2.163292	117	6	110	1047.344
-1.308997	2.984978	1.954446	125	137	33	1046.748
-2.356194	2.637879	2.121598	129	142	34	1043.364
2.879793	1.247695	1.809890	105	10	126	1042.456
-1.832596	1.242974	-2.977882	126	143	35	1042.208
2.879793	1.554776	0.100351	108	9	119	1041.356
0.523599	2.478122	2.609777	120	133	32	1040.210
1.832596	1.374601	-2.456031	115	1	117	1039.438
2.356194	1.756530	-2.105156	136	127	27	1038.525
-3.141593	1.413347	-1.339188	123	133	24	1038.176
-0.785398	1.045978	0.343692	116	142	122	1037.709
-1.570796	1.872854	1.543456	129	137	37	1034.449
1.570796	2.343981	-1.040456	119	6	109	1034.314
2.617994	1.247695	1.809890	103	13	126	1033.887
2.879793	1.998705	2.370472	126	142	37	1033.003
-3.141593	1.506530	1.988858	109	8	130	1031.377
-1.832596	2.704512	1.488683	125	120	28	1030.673
2.356194	0.899350	-2.069907	118	10	112	1030.215
1.308997	2.455966	-0.641220	117	11	107	1029.204
2.356194	1.184361	0.625864	105	19	115	1028.868
2.356194	2.863997	0.549740	114	15	110	1026.548
-2.094395	0.929350	-2.910676	131	143	35	1025.808
2.617994	2.299159	2.264663	129	138	35	1024.053
2.094395	0.960688	-0.577532	123	14	107	1023.861
1.308997	0.866395	-2.492918	119	143	121	1023.336
2.094395	1.545873	-1.877082	111	10	109	1021.769
2.094395	0.850607	-1.335383	125	3	116	1020.674
2.094395	1.214854	-1.966664	121	7	110	1018.241
-1.832596	0.961715	0.014085	107	5	117	1017.217
-2.879793	1.606104	-0.451151	111	4	116	1016.931
1.047198	0.619654	-2.216909	113	5	114	1015.525
-1.308997	2.637879	2.121598	124	125	31	1015.339
2.617994	1.325504	-1.671296	116	9	110	1015.306
-2.356194	1.413430	2.550734	123	15	117	1015.283
1.570796	1.846342	-1.796954	107	10	111	1013.674
-0.785398	1.310100	1.488307	132	126	34	1013.177
2.356194	1.812176	0.656819	103	18	115	1012.669
0.000000	1.872854	1.543456	126	131	38	1012.478
1.570796	2.063651	-2.044600	106	7	115	1011.456
2.617994	1.756530	-2.105156	135	131	28	1010.761
-2.617994	1.872854	1.543456	125	142	39	1009.339
2.879793	1.504028	0.636812	105	9	127	1008.909
-2.617994	2.404280	-0.174044	107	4	121	1008.154
-2.879793	2.704512	1.488683	129	1	33	1008.037
0.000000	1.741644	-2.695914	107	16	112	1007.860
1.570796	2.153910	-1.714959	118	3	111	1006.745
0.000000	0.906588	1.252948	116	15	123	1006.336
-2.617994	0.831641	0.616218	107	8	115	1006.088
0.523599	2.138223	1.678323	126	127	37	1005.376
-0.785398	0.290380	-0.796960	110	6	113	1005.175
1.832596	0.640596	-2.797608	118	3	115	1004.353
-0.523599	0.866955	-0.931351	123	3	110	1003.908
-1.308997	1.554776	0.100351	111	4	113	1003.717
-3.141593	1.184361	0.625864	103	6	129	1003.593
-1.570796	2.637879	2.121598	120	124	32	1003.058
2.356194	1.194549	-0.801900	124	10	108	1002.759
1.047198	1.014500	0.906702	122	134	31	1001.534
1.832596	1.846342	-1.796954	111	12	105	1001.370
-2.094395	0.762244	-0.273349	99	16	114	1001.002
-0.523599	1.545873	-1.877082	117	15	106	1000.984
-1.047198	2.637879	2.121598	125	125	32	1000.967
2.617994	1.214854	-1.966664	121	12	106	1000.337
0.523599	1.335669	0.897240	120	16	117	1000.089
-2.879793	1.014500	0.906702	104	7	121	999.287
1.308997	1.998705	2.370472	134	131	36	997.985
1.047198	2.180315	-1.357379	110	6	113	997.438
1.570796	1.506530	1.988858	133	130	37	997.413
0.261799	2.393226	1.857173	130	132	36	996.470
2.617994	1.367556	0.358405	107	14	115	995.427
2.356194	1.683268	0.374177	106	16	113	995.103
-3.141593	1.555207	1.708892	108	8	128	994.833
-2.617994	1.506530	1.988858	115	4	129	994.705
0.000000	2.393226	1.857173	127	132	35	994.675
-0.785398	2.579248	-2.364801	120	141	28	994.109
1.308997	0.290380	-0.796960	121	7	114	993.771
1.832596	1.194549	-0.801900	116	8	114	992.947
2.356194	1.128190	-2.288622	115	7	116	992.932
-2.356194	0.831641	0.616218	110	5	115	992.746
1.308997	2.396274	-1.959260	114	2	114	992.586
1.047198	1.135834	-1.431087	114	1	115	990.247
-0.523599	2.407836	1.410646	126	128	37	988.385
-0.261799	1.658653	-2.409879	117	135	31	988.139
-1.308997	0.640596	-2.797608	118	51	118	986.873
0.000000	1.555207	1.708892	123	137	38	986.735
-3.141593	1.554776	0.100351	112	7	117	986.725
-0.261799	2.033014	2.977192	20	13	28	986.646
-0.785398	0.615174	-0.666022	122	143	116	986.412
0.785398	2.343981	-1.040456	108	8	116	986.355
1.047198	2.455966	-0.641220	108	12	112	986.246
-1.308997	2.592629	0.909713	125	130	35	984.620
2.356194	1.982574	-1.115518	106	10	113	983.371
-1.308997	1.836682	-0.676006	109	11	109	982.958
1.570796	2.115563	0.685730	110	19	119	982.860
1.308997	2.153910	-1.714959	114	4	112	982.664
2.094395	1.869911	2.701025	127	141	37	982.256
1.832596	1.998705	2.370472	133	128	35	982.181
2.617994	1.113094	-0.272241	114	15	110	980.333
-3.141593	0.831641	0.616218	112	16	109	979.583
0.785398	1.128190	-2.288622	122	128	30	979.505
2.879793	1.721184	-0.153948	112	7	116	978.459
0.000000	2.984978	1.954446	124	126	31	977.671
1.308997	2.063651	-2.044600	117	0	117	977.535
-0.523599	1.506530	1.988858	121	135	37	977.016
1.047198	1.214854	-1.966664	117	0	115	976.848
-1.570796	2.478122	2.609777	129	137	33	976.238
2.617994	1.606104	-0.451151	107	10	123	975.664
0.000000	2.407836	1.410646	124	130	37	975.157
1.570796	2.664082	-1.071402	115	6	112	974.621
1.047198	1.554776	0.100351	122	138	36	974.454
-0.261799	2.404280	-0.174044	30	13	26	972.973
-1.308997	2.704512	1.488683	124	134	35	972.748
2.094395	1.683268	0.374177	105	19	113	972.230
1.570796	2.174483	2.653697	134	135	36	971.891
2.356194	0.419640	2.974122	122	2	117	971.845
1.047198	0.290380	-0.796960	117	6	114	971.649
-2.094395	0.458961	-0.107937	98	13	118	971.381
0.785398	2.349581	-2.702517	123	125	32	971.325
2.617994	1.869911	2.701025	130	122	33	970.920
-1.308997	1.948085	-2.363031	141	44	128	970.906
-2.617994	1.310100	1.488307	127	135	37	970.829
2.356194	1.135834	-1.431087	117	6	117	970.006
0.523599	1.824694	1.850876	120	131	38	969.947
2.094395	2.073035	2.027405	127	135	36	969.556
-1.832596	1.045978	0.343692	110	1	122	969.519
1.832596	0.615174	-0.666022	124	11	112	969.450
-1.047198	0.831641	0.616218	113	1	121	969.140
1.570796	1.440580	2.260026	120	139	38	968.145
-2.094395	2.396274	-1.959260	134	122	25	967.610
-1.047198	2.456751	-1.503343	140	124	26	967.172
-2.879793	2.299159	2.264663	126	141	35	967.115
-2.617994	2.455966	-0.641220	28	107	23	966.623
1.047198	1.824694	1.850876	119	133	38	965.675
-2.356194	1.696674	-1.253233	43	119	6	965.601
-2.094395	1.242974	-2.977882	128	142	35	965.102
-0.785398	1.846342	-1.796954	121	18	105	964.385
0.261799	1.555207	1.708892	122	137	37	963.614
-2.356194	1.045978	0.343692	110	6	113	963.583
2.617994	0.864993	2.278281	117	0	127	963.479
2.094395	1.824694	1.850876	134	130	37	963.294
-2.094395	2.637879	2.121598	128	139	34	962.513
-0.785398	1.325504	-1.671296	116	10	107	962.360
2.879793	1.836682	-0.676006	114	7	111	961.820
-2.617994	1.824694	1.850876	129	143	39	961.515
0.785398	1.824694	1.850876	120	131	38	960.657
1.570796	2.001437	0.381215	111	17	119	960.644
2.617994	1.242974	-2.977882	113	6	130	960.538
1.832596	1.545873	-1.877082	115	12	104	960.520
2.094395	2.637879	2.121598	140	128	32	960.172
1.832596	2.299159	2.264663	134	120	33	959.618
1.047198	1.977582	0.969896	27	19	28	959.523
2.094395	2.295480	1.008277	119	23	111	959.071
-3.141593	1.247695	1.809890	108	7	126	958.671
2.879793	1.506530	1.988858	106	10	131	958.627
2.356194	0.700570	1.559208	114	0	124	957.920
2.617994	0.850607	-1.335383	118	17	106	957.346
-0.523599	2.704512	1.488683	122	127	34	957.334
-2.356194	2.979456	-1.009304	21	120	36	957.047
-3.141593	1.510910	-0.740472	110	7	112	957.001
1.308997	2.251330	-2.330739	128	121	28	956.855
-1.308997	1.025536	1.576859	112	3	128	956.749
0.261799	1.736875	3.023612	106	13	115	956.464
-1.832596	2.637879	2.121598	121	0	35	956.401
-0.785398	2.704512	1.488683	120	134	35	956.276
2.356194	2.073035	2.027405	136	131	36	955.583
2.094395	1.128190	-2.288622	122	3	113	955.537
-2.094395	1.506530	1.988858	127	125	36	955.301
-0.785398	1.135834	-1.431087	117	5	110	954.829
-0.785398	1.545873	-1.877082	116	15	106	954.742
2.356194	2.001437	0.381215	104	14	116	954.515
-1.832596	2.379497	0.561089	110	3	115	953.865
-0.785398	1.617114	-1.572037	120	12	107	953.034
2.879793	1.335669	0.897240	106	9	126	952.974
-0.523599	1.736875	3.023612	129	43	134	952.500
-2.879793	1.554776	0.100351	107	3	127	952.427
-1.570796	0.929350	-2.910676	131	143	35	951.904
2.094395	1.135813	-2.658866	121	0	118	951.156
2.356194	0.831641	0.616218	112	133	31	950.546
2.617994	1.732874	-0.951685	115	7	110	949.712
-3.141593	2.115563	0.685730	125	138	37	949.511
0.785398	0.619654	-2.216909	108	6	113	949.028
-1.832596	1.135813	-2.658866	128	2	32	948.701
2.879793	0.591903	2.010408	120	0	120	948.512
-2.356194	1.998705	2.370472	112	12	127	947.170
1.570796	1.242974	-2.977882	131	131	36	946.521
2.094395	2.456751	-1.503343	103	6	121	945.421
2.356194	1.134497	-1.109631	113	12	113	945.113
0.785398	1.045978	0.343692	135	45	116	944.785
-3.141593	1.998705	2.370472	126	140	36	944.252
2.879793	0.906588	1.252948	110	14	114	944.141
-1.832596	0.733948	3.021411	127	139	38	943.991
1.570796	1.247695	1.809890	132	134	37	943.517
2.094395	2.478122	2.609777	136	127	31	942.343
-2.356194	2.404280	-0.174044	112	1	119	942.168
2.879793	1.699788	2.452890	23	120	40	941.570
-1.570796	0.615174	-0.666022	100	15	113	940.730
-3.141593	1.025536	1.576859	105	6	127	940.640
-1.832596	1.977582	0.969896	110	3	116	940.342
0.261799	2.073035	2.027405	129	132	37	940.151
1.308997	2.174483	2.653697	105	5	120	939.754
-1.570796	0.618092	2.539118	130	132	38	939.409
-1.832596	2.247462	0.191623	113	5	111	938.842
-2.617994	1.904882	-1.478089	122	122	24	938.704
-1.308997	2.138223	1.678323	127	138	37	938.508
-2.879793	2.407836	1.410646	129	141	36	938.261
-1.308997	1.310100	1.488307	112	3	123	938.144
2.356194	0.733948	3.021411	122	0	119	938.059
-2.879793	0.831641	0.616218	113	13	110	937.761
1.832596	2.089241	-0.114193	108	11	117	937.408
2.879793	0.961715	0.014085	117	15	109	937.342
0.523599	2.760637	2.781135	119	130	29	937.294
-0.785398	1.574060	2.783565	22	22	23	937.281
2.356194	1.545873	-1.877082	114	8	109	936.783
-2.094395	2.393226	1.857173	130	137	35	936.780
0.523599	0.850607	-1.335383	109	2	117	936.513
-1.832596	2.396274	-1.959260	136	126	26	936.402
-1.047198	2.349581	-2.702517	121	139	32	936.160
2.094395	1.391910	3.030322	110	4	117	936.063
0.000000	0.831641	0.616218	36	19	1	935.672
-2.094395	1.977582	0.969896	104	6	117	935.349
-1.832596	2.456751	-1.503343	134	124	28	934.438
1.308997	2.719179	-1.780644	114	0	119	934.379
2.094395	2.180315	-1.357379	104	8	117	934.090
-2.356194	1.440580	2.260026	125	17	117	933.602
-2.094395	0.961715	0.014085	112	8	109	933.089
0.523599	1.872854	1.543456	126	132	38	932.958
2.356194	2.881233	-2.582574	122	123	31	932.866
-2.617994	0.762244	-0.273349	128	122	28	932.595
2.356194	1.014500	0.906702	116	131	34	932.451
2.879793	0.914445	2.687814	116	5	123	931.488
0.523599	0.685216	-1.712745	127	3	110	931.371
2.879793	1.555207	1.708892	106	11	130	931.338
-1.308997	1.440580	2.260026	122	134	38	931.330
-1.832596	2.984978	1.954446	131	137	33	931.118
-2.094395	2.247462	0.191623	109	6	111	930.936
-2.617994	2.587733	0.232235	105	8	112	930.693
2.094395	1.440580	2.260026	132	119	34	929.370
-0.523599	2.592629	0.909713	129	33	1	929.291
-2.617994	1.184361	0.625864	107	5	118	929.202
2.617994	0.906588	1.252948	117	0	124	929.133
1.570796	1.325504	-1.671296	113	12	107	928.212
0.523599	0.619654	-2.216909	103	10	113	927.564
-2.879793	1.247695	1.809890	111	5	126	927.487
2.879793	2.478122	2.609777	129	3	35	927.223
0.000000	1.683268	0.374177	2	38	125	927.002
-1.832596	2.592629	0.909713	106	3	118	926.251
2.879793	2.455966	-0.641220	100	9	121	926.232
-3.141593	2.299159	2.264663	124	143	35	926.195
1.570796	2.407836	1.410646	31	10	34	925.971
1.832596	2.115563	0.685730	110	18	119	925.605
0.261799	1.554776	0.100351	123	137	38	924.780
0.785398	1.448123	-2.163292	125	126	27	924.572
-2.094395	0.709924	0.218797	111	9	110	924.507
-0.523599	2.588535	-2.976617	126	132	31	924.283
-2.879793	1.301460	-0.509251	110	7	112	923.747
-3.141593	1.696674	-1.253233	113	6	110	923.459
2.094395	2.979456	-1.009304	119	126	27	922.924
-1.570796	2.138223	1.678323	125	140	36	922.920
-0.261799	2.704512	1.488683	123	125	35	922.776
-3.141593	2.455966	-0.641220	105	5	119	922.439
-1.832596	2.407836	1.410646	121	141	37	922.309
0.785398	1.696674	-1.253233	110	4	114	922.236
0.261799	0.992645	-1.723759	120	4	110	922.092
1.832596	0.571433	-1.188419	139	135	32	922.073
-3.141593	0.700570	1.559208	118	0	122	921.895
2.617994	1.014500	0.906702	106	17	115	921.540
-2.879793	1.417623	-0.202254	108	5	118	921.491
-1.308997	2.396274	-1.959260	137	47	122	921.154
0.000000	0.379747	-1.713059	107	8	112	921.073
2.356194	0.619654	-2.216909	120	14	108	920.797
-3.141593	1.417623	-0.202254	104	8	118	920.646
2.617994	1.448123	-2.163292	120	6	110	919.983
-1.047198	1.014500	0.906702	117	0	122	919.754
-1.832596	2.108018	1.311430	126	138	38	919.208
-0.523599	1.025536	1.576859	137	45	131	918.930
-1.570796	1.504028	0.636812	109	5	115	918.686
0.000000	2.760637	2.781135	122	126	33	918.403
0.785398	1.014500	0.906702	122	50	125	918.377
0.523599	2.984978	1.954446	122	129	32	918.364
-3.141593	2.588535	-2.976617	131	1	32	918.306
-0.785398	2.349581	-2.702517	24	19	24	917.639
-2.617994	0.864993	2.278281	123	132	39	917.617
0.261799	1.335669	0.897240	32	24	8	917.344
1.832596	1.440580	2.260026	119	138	39	916.826
1.570796	0.866395	-2.492918	115	4	111	916.075
1.570796	2.704512	1.488683	141	132	34	915.994
0.785398	1.904882	-1.478089	108	4	116	915.615
-2.356194	1.869911	2.701025	128	131	36	915.260
2.617994	1.696674	-1.253233	104	8	126	914.997
-1.308997	1.998705	2.370472	126	130	37	914.801
1.308997	2.760637	2.781135	119	127	32	914.372
2.617994	1.433411	-1.035986	115	7	116	914.129
2.879793	1.113094	-0.272241	116	14	109	914.084
-2.356194	2.478122	2.609777	130	1	35	913.971
1.832596	2.153910	-1.714959	108	7	112	913.807
0.785398	1.184361	0.625864	126	51	124	913.756
-0.523599	1.301460	-0.509251	107	0	121	913.741
2.356194	2.174483	2.653697	136	119	30	913.734
2.617994	2.455966	-0.641220	97	13	120	913.604
-1.570796	1.256302	0.062705	115	1	116	913.054
-3.141593	0.906588	1.252948	120	4	118	912.542
-1.832596	2.299159	2.264663	125	132	35	912.101
0.785398	2.478122	2.609777	105	3	124	911.928
0.785398	2.180315	-1.357379	116	1	114	911.886
-1.047198	0.700570	1.559208	116	3	134	911.505
-1.570796	2.343981	-1.040456	131	125	31	911.441
-1.308997	1.367556	0.358405	110	1	118	911.268
-1.832596	0.762244	-0.273349	101	11	113	911.266
-2.356194	1.875281	0.107086	112	2	120	911.136
0.523599	2.251330	-2.330739	130	133	28	911.103
2.356194	2.295480	1.008277	112	18	117	911.000
0.000000	1.506530	1.988858	122	139	37	910.912
2.356194	0.866955	-0.931351	113	16	112	910.787
-2.617994	0.674054	1.013609	108	5	117	910.545
-2.617994	1.606104	-0.451151	31	109	4	910.502
-1.570796	1.218453	2.777284	107	13	133	910.294
2.356194	0.379747	-1.713059	123	5	118	910.035
-0.261799	0.615174	-0.666022	112	0	122	910.018
0.000000	1.554776	0.100351	125	136	38	909.907
-0.785398	0.700570	1.559208	122	4	130	909.738
-2.094395	2.115563	0.685730	107	5	140	909.720
2.617994	1.982574	-1.115518	109	8	113	909.686
-3.141593	0.914445	2.687814	121	6	119	909.579
-1.047198	1.335669	0.897240	119	1	117	909.268
-2.356194	0.458961	-0.107937	96	18	118	909.108
2.094395	0.899350	-2.069907	124	7	110	908.574
1.308997	2.724429	-0.348782	106	15	113	908.453
-1.047198	0.591903	2.010408	116	15	121	908.003
1.308997	1.812176	0.656819	122	18	114	907.786
1.832596	0.960688	-0.577532	120	11	111	907.552
-2.617994	2.089241	-0.114193	108	2	122	907.422
-1.308997	2.407836	1.410646	121	136	37	907.336
0.000000	0.080730	-2.622036	112	3	113	907.285
1.047198	1.982574	-1.115518	111	7	110	906.788
2.879793	0.419640	2.974122	120	13	110	906.783
0.000000	2.637879	2.121598	129	131	34	906.286
2.879793	0.850607	-1.335383	119	17	106	906.010
2.879793	0.960688	-0.577532	117	17	106	905.956
-1.832596	2.349581	-2.702517	135	47	133	905.820
2.094395	0.685216	-1.712745	122	0	120	904.785
-1.570796	2.356369	3.005869	122	132	34	904.309
2.879793	1.440580	2.260026	120	3	134	903.977
0.000000	1.045978	0.343692	120	1	34	903.804
0.261799	0.866955	-0.931351	111	4	112	903.708
-3.141593	0.910508	1.903534	112	5	123	903.376
-1.570796	2.579248	-2.364801	135	48	129	903.059
-0.785398	0.733948	3.021411	123	129	39	903.041
2.879793	1.510910	-0.740472	107	10	114	902.981
0.785398	1.135834	-1.431087	109	3	116	902.973
1.832596	2.295480	1.008277	119	22	112	902.753
-2.356194	2.863997	0.549740	108	5	112	902.716
2.617994	1.510910	-0.740472	123	7	109	902.040
2.094395	1.721184	-0.153948	115	12	109	901.936
-2.094395	0.910508	1.903534	35	113	30	901.806
0.261799	2.637879	2.121598	104	4	127	901.524
2.617994	1.391910	3.030322	111	7	133	901.429
2.094395	1.756530	-2.105156	110	5	113	901.392
2.356194	2.979456	-1.009304	111	4	111	901.202
1.308997	0.080730	-2.622036	114	2	117	901.132
2.617994	1.301460	-0.509251	108	12	116	900.999
2.617994	2.073035	2.027405	123	141	36	900.326
1.832596	1.128190	-2.288622	118	3	114	900.169
2.356194	0.914445	2.687814	120	0	120	899.813
1.570796	1.998705	2.370472	135	130	36	899.495
-1.308997	0.700570	1.559208	110	4	136	899.240
2.617994	2.187132	-0.479875	96	18	118	898.836
-0.785398	2.164094	-2.991358	131	140	33	898.700
0.523599	1.168678	2.108595	127	138	37	898.616
1.832596	1.977582	0.969896	111	20	117	898.288
2.879793	1.194549	-0.801900	111	9	115	898.118
2.356194	2.456751	-1.503343	116	1	114	897.848
-0.261799	1.736875	3.023612	127	42	136	897.756
0.261799	1.824694	1.850876	121	131	38	897.687
1.308997	1.128190	-2.288622	117	0	119	897.623
-1.832596	1.050534	3.042579	123	141	37	897.617
-0.523599	1.218453	2.777284	134	44	130	897.594
0.785398	0.850607	-1.335383	112	1	116	897.135
-1.570796	2.251330	-2.330739	135	47	127	896.242
-2.356194	0.864993	2.278281	130	136	38	896.223
1.308997	2.456751	-1.503343	113	3	114	896.079
-2.356194	1.450119	-2.739050	132	141	34	895.495
2.356194	1.413430	2.550734	114	1	122	895.306
1.570796	0.290380	-0.796960	124	8	114	894.414
-1.832596	1.574060	2.783565	108	15	127	894.408
2.356194	0.992645	-1.723759	117	14	107	894.249
2.094395	1.195355	1.200319	98	24	124	894.004
2.356194	2.108018	1.311430	112	5	30	893.790
-1.047198	1.184361	0.625864	115	1	118	893.699
-2.356194	1.506530	1.988858	118	3	127	893.491
0.261799	0.685216	-1.712745	120	143	115	893.223
0.000000	1.870545	-2.976234	107	18	112	893.075
-1.047198	1.448123	-2.163292	123	141	29	892.921
2.879793	0.418037	1.360082	123	2	115	892.451
-1.308997	2.587733	0.232235	128	115	30	892.315
2.094395	1.599406	1.426070	127	128	39	891.196
1.047198	2.592629	0.909713	35	13	29	890.989
2.617994	2.881233	-2.582574	124	124	31	890.930
0.261799	1.256302	0.062705	123	143	36	890.356
2.617994	1.256302	0.062705	108	15	115	890.284
-2.094395	1.045978	0.343692	107	3	123	889.544
-3.141593	1.194549	-0.801900	117	12	107	889.160
1.570796	0.619654	-2.216909	122	4	113	889.029
0.000000	2.356369	3.005869	126	127	34	888.979
2.879793	2.349581	-2.702517	141	134	31	888.742
1.832596	0.370812	-2.547742	122	2	115	888.461
-1.047198	0.615174	-0.666022	124	143	114	888.410
0.000000	1.766067	2.153843	8	140	44	888.367
-0.523599	1.134796	2.434290	137	43	128	888.271
0.523599	2.587733	0.232235	132	129	36	888.238
-1.308997	1.756530	-2.105156	123	1	28	887.991
1.570796	1.554776	0.100351	123	135	37	887.818
-1.047198	1.606104	-0.451151	111	5	111	887.794
-2.356194	2.033014	2.977192	129	137	36	887.668
-2.879793	1.134796	2.434290	32	118	35	887.637
2.617994	0.866955	-0.931351	119	17	107	887.604
-3.141593	2.174483	2.653697	128	133	35	887.542
0.785398	1.367556	0.358405	137	44	2	887.512
-2.094395	2.379497	0.561089	106	5	115	887.323
0.261799	1.721184	-0.153948	130	135	37	887.152
-0.523599	1.606104	-0.451151	0	36	119	886.510
0.000000	1.335669	0.897240	33	20	7	886.266
-3.141593	0.618092	2.539118	121	12	112	886.248
-3.141593	1.766067	2.153843	13	133	45	886.132
-1.047198	2.396274	-1.959260	132	50	122	885.836
0.523599	1.135834	-1.431087	120	143	116	885.680
-0.523599	1.555207	1.708892	125	131	37	885.650
-0.785398	1.014500	0.906702	138	139	35	885.510
1.047198	2.719179	-1.780644	105	7	113	885.452
2.617994	1.050534	3.042579	110	6	128	885.413
0.523599	2.349581	-2.702517	114	0	116	885.400
1.832596	1.325504	-1.671296	116	12	107	885.378
1.570796	2.396274	-1.959260	106	5	118	885.179
-2.879793	1.699788	2.452890	128	132	37	884.843
-2.879793	2.108018	1.311430	118	1	38	884.670
1.047198	1.766067	2.153843	132	133	37	884.492
-2.879793	1.256302	0.062705	107	6	119	884.446
0.261799	1.662363	0.915448	31	22	11	884.203
-2.356194	2.984978	1.954446	2	131	38	883.676
2.879793	0.618092	2.539118	125	8	113	883.529
-2.879793	2.115563	0.685730	127	138	38	883.507
2.879793	1.310100	1.488307	104	11	124	883.466
-1.832596	1.836682	-0.676006	44	123	7	883.318
0.785398	1.256302	0.062705	117	141	36	882.806
0.261799	1.506530	1.988858	117	136	37	882.580
1.832596	2.073035	2.027405	128	133	36	882.496
0.000000	1.809167	1.213774	131	133	38	882.242
2.617994	2.343981	-1.040456	106	5	119	882.147
2.094395	2.592629	0.909713	116	20	112	882.035
2.879793	0.866955	-0.931351	120	17	107	881.806
-3.141593	1.367556	0.358405	108	6	122	881.634
-0.785398	1.766067	2.153843	128	131	37	881.472
1.308997	1.846342	-1.796954	103	13	112	880.903
2.356194	2.033014	2.977192	133	118	28	880.810
2.094395	2.115563	0.685730	128	134	36	880.730
2.617994	1.413347	-1.339188	105	9	121	880.664
-1.047198	1.617114	-1.572037	118	7	114	880.638
2.356194	2.478122	2.609777	135	131	31	880.632
-1.047198	1.846342	-1.796954	131	45	111	880.483
2.356194	1.721184	-0.153948	116	11	108	880.331
0.785398	0.961715	0.014085	114	3	31	880.314
-3.141593	0.496451	0.593859	118	2	117	880.158
2.879793	1.683268	0.374177	107	9	123	880.048
2.356194	2.719179	-1.780644	105	2	118	880.032
-2.094395	1.168678	2.108595	120	2	128	879.923
2.094395	1.982574	-1.115518	103	13	113	879.893
0.261799	1.872854	1.543456	126	131	38	879.557
0.000000	2.001437	0.381215	133	136	37	879.216
-3.141593	2.104282	-0.813972	120	3	112	879.110
-1.047198	1.909857	-0.381669	115	7	107	879.027
2.356194	1.214854	-1.966664	119	11	107	878.967
-0.261799	1.870545	-2.976234	15	20	22	878.906
1.570796	2.089241	-0.114193	107	14	117	878.439
1.570796	2.456751	-1.503343	116	1	115	878.374
-1.832596	2.115563	0.685730	112	0	118	878.225
-2.879793	1.510910	-0.740472	114	5	111	878.213
2.356194	0.418037	1.360082	112	1	121	878.161
1.308997	1.554776	0.100351	123	135	37	878.088
0.523599	2.164094	-2.991358	118	142	121	877.949
2.879793	0.297065	2.160177	118	2	117	877.914
-1.570796	1.214854	-1.966664	116	143	29	877.794
-0.785398	1.301460	-0.509251	111	2	115	877.681
-2.356194	2.588535	-2.976617	127	140	33	877.651
-0.785398	1.606104	-0.451151	115	3	110	877.601
-0.785398	2.138223	1.678323	124	134	37	877.006
-1.047198	2.153910	-1.714959	133	46	118	876.746
-1.832596	1.699788	2.452890	128	130	37	876.733
2.617994	0.591903	2.010408	104	12	118	876.661
2.356194	1.510910	-0.740472	120	7	109	876.555
1.308997	1.662363	0.915448	136	16	115	876.131
2.356194	1.325504	-1.671296	120	7	110	876.078
2.356194	1.732874	-0.951685	119	3	114	875.827
-0.523599	2.247462	0.191623	130	132	36	875.308
2.094395	2.984978	1.954446	133	130	34	875.279
-1.047198	1.310100	1.488307	131	120	34	875.092
2.617994	0.914445	2.687814	121	5	115	874.904
-1.047198	0.906588	1.252948	112	1	130	874.770
1.832596	1.135813	-2.658866	116	0	119	874.623
2.094395	1.014500	0.906702	116	133	34	874.575
1.047198	0.080730	-2.622036	112	1	119	874.215
0.523599	2.063651	-2.044600	123	131	26	874.205
-1.570796	2.407836	1.410646	121	139	37	874.084
0.785398	2.592629	0.909713	138	133	35	874.078
-0.523599	2.033014	2.977192	23	14	28	873.797
-2.879793	1.766067	2.153843	130	138	37	873.791
2.094395	0.419640	2.974122	118	0	118	873.786
2.617994	1.417623	-0.202254	114	9	115	873.509
-3.141593	0.960688	-0.577532	115	16	107	873.221
0.785398	2.393226	1.857173	129	122	35	873.083
-2.617994	0.370812	-2.547742	115	18	108	872.920
2.617994	0.640596	-2.797608	130	3	117	872.891
-2.094395	2.180315	-1.357379	112	0	126	872.868
1.570796	2.455966	-0.641220	120	9	107	872.547
2.879793	0.864993	2.278281	124	4	117	872.466
-0.785398	0.914445	2.687814	12	44	9	872.037
-2.094395	2.299159	2.264663	127	135	36	871.945
0.785398	0.831641	0.616218	126	49	118	871.704
-1.570796	0.961715	0.014085	111	3	117	871.478
0.261799	2.379497	0.561089	30	29	4	871.441
-1.570796	2.760637	2.781135	119	141	33	871.422
-1.570796	2.393226	1.857173	119	141	37	871.083
-1.570796	0.379747	-1.713059	102	9	117	871.051
2.617994	1.168678	2.108595	121	2	118	870.917
-3.141593	1.846342	-1.796954	114	3	112	870.825
2.879793	1.134796	2.434290	122	2	128	870.651
-0.523599	1.391910	3.030322	129	44	130	870.553
-0.523599	2.724429	-0.348782	132	126	34	870.301
2.094395	2.001437	0.381215	103	17	116	870.188
2.094395	2.719179	-1.780644	114	143	119	870.064
1.308997	1.658653	-2.409879	104	6	120	869.964
2.879793	1.135834	-1.431087	118	13	107	869.866
-1.047198	0.914445	2.687814	129	135	38	869.588
-2.356194	2.001437	0.381215	104	4	135	869.491
1.308997	2.664082	-1.071402	116	7	109	869.084
-0.785398	1.982574	-1.115518	21	35	139	869.043
2.617994	1.335669	0.897240	99	16	122	868.919
-1.570796	1.555207	1.708892	134	140	38	868.902
-1.570796	0.866395	-2.492918	118	139	37	868.767
2.094395	2.760637	2.781135	134	128	32	868.722
2.879793	1.417623	-0.202254	114	10	112	868.513
0.000000	2.115563	0.685730	123	137	37	868.410
2.617994	0.297065	2.160177	114	15	109	868.407
-2.094395	1.875281	0.107086	127	37	122	868.379
-1.570796	1.998705	2.370472	125	129	37	868.224
1.832596	2.063651	-2.044600	109	7	108	868.061
2.617994	0.992645	-1.723759	120	13	107	867.551
-2.617994	1.836682	-0.676006	116	11	105	867.342
-0.785398	2.637879	2.121598	128	3	34	867.193
2.879793	1.617114	-1.572037	115	8	107	867.049
2.094395	2.704512	1.488683	115	23	112	866.890
1.570796	2.979456	-1.009304	119	127	27	866.815
-3.141593	1.872854	1.543456	131	139	38	866.785
1.047198	0.831641	0.616218	121	50	119	866.745
-0.523599	0.370812	-2.547742	114	3	113	866.694
-1.570796	1.050534	3.042579	121	142	37	866.671
2.094395	0.615174	-0.666022	116	25	106	866.459
2.617994	2.407836	1.410646	113	3	29	866.321
2.356194	1.113094	-0.272241	113	15	111	865.797
-1.832596	2.001437	0.381215	114	2	113	865.711
0.000000	2.664082	-1.071402	114	141	26	865.610
-0.261799	1.325504	-1.671296	117	43	113	865.364
-3.141593	1.195355	1.200319	116	2	126	865.305
-2.356194	1.766067	2.153843	111	6	133	865.159
-1.308997	1.335669	0.897240	113	0	121	865.030
-3.141593	0.418037	1.360082	113	13	111	864.977
-0.261799	1.766067	2.153843	9	140	44	864.937
-1.570796	1.025536	1.576859	108	5	128	864.629
2.617994	1.574060	2.783565	129	118	31	864.593
-1.047198	0.640596	-2.797608	121	136	38	864.497
-2.879793	1.869911	2.701025	133	137	36	864.451
1.047198	2.349581	-2.702517	125	125	32	864.136
-1.832596	0.615174	-0.666022	98	20	113	863.944
2.094395	1.736875	3.023612	127	132	38	863.681
2.356194	1.836682	-0.676006	116	4	112	863.521
2.617994	1.413430	2.550734	119	1	122	863.278
1.308997	1.766067	2.153843	116	126	37	863.252
1.570796	1.699788	2.452890	126	134	39	863.153
-3.141593	1.574060	2.783565	130	134	38	862.901
2.356194	2.379497	0.561089	101	14	122	862.860
-1.047198	1.506530	1.988858	123	131	38	862.617
-1.308997	0.864993	2.278281	132	133	37	862.610
-3.141593	0.866955	-0.931351	111	6	116	862.454
-2.094395	1.569311	-3.003978	123	1	34	862.365
-1.308997	1.662363	0.915448	132	129	38	862.239
-0.523599	2.104282	-0.813972	132	43	128	862.227
2.356194	0.929350	-2.910676	115	9	111	862.098
-2.617994	1.721184	-0.153948	113	0	121	862.061
0.000000	2.478122	2.609777	121	142	115	861.945
-0.261799	1.824694	1.850876	122	128	37	861.084
0.523599	1.256302	0.062705	120	142	36	861.073
-2.617994	0.290380	-0.796960	138	21	110	861.013
2.879793	2.664082	-1.071402	102	5	118	860.308
2.879793	2.393226	1.857173	118	2	33	860.305
-0.261799	2.187132	-0.479875	33	21	12	860.234
2.617994	1.506530	1.988858	105	14	131	860.219
-1.832596	1.413430	2.550734	119	7	131	860.043
0.785398	1.982574	-1.115518	112	5	113	859.961
1.570796	1.128190	-2.288622	119	5	109	859.630
0.523599	1.554776	0.100351	121	137	39	859.395
-2.617994	1.247695	1.809890	115	3	125	859.177
2.879793	1.869911	2.701025	130	139	38	859.125
0.523599	1.247695	1.809890	127	138	37	859.000
0.261799	1.134796	2.434290	123	137	38	858.975
-3.141593	2.393226	1.857173	120	14	120	858.864
1.047198	0.370812	-2.547742	108	4	116	858.857
-1.832596	0.709924	0.218797	107	3	122	858.792
-0.261799	0.850607	-1.335383	124	3	109	858.714
-0.785398	1.448123	-2.163292	117	126	26	858.696
0.523599	2.001437	0.381215	136	136	37	858.672
-2.879793	0.906588	1.252948	106	5	122	858.629
-2.094395	0.960688	-0.577532	129	124	29	858.412
-1.308997	1.448123	-2.163292	126	2	28	858.344
1.047198	2.579248	-2.364801	124	121	29	858.341
-1.308997	1.050534	3.042579	126	139	38	858.014
0.261799	0.850607	-1.335383	106	4	117	857.770
2.879793	0.733948	3.021411	120	10	113	857.542
-1.308997	0.496451	0.593859	28	137	131	857.529
0.261799	1.050534	3.042579	125	130	36	857.329
1.832596	1.696674	-1.253233	110	18	104	857.276
-1.308997	2.063651	-2.044600	118	26	105	857.259
1.308997	1.134796	2.434290	133	133	39	857.221
-3.141593	2.984978	1.954446	132	141	33	857.168
-2.094395	2.407836	1.410646	130	143	36	857.031
0.000000	0.571433	-1.188419	133	1	110	856.961
2.617994	1.045978	0.343692	108	18	112	856.779
2.094395	2.153910	-1.714959	117	1	113	856.669
1.832596	1.869911	2.701025	128	138	37	856.589
-1.047198	2.407836	1.410646	120	135	37	856.577
-1.308997	2.588535	-2.976617	118	134	34	856.411
-3.141593	1.606104	-0.451151	106	6	118	856.346
-2.879793	0.496451	0.593859	112	19	107	856.051
1.308997	1.824694	1.850876	119	132	38	856.036
-1.047198	2.984978	1.954446	107	3	116	855.913
-3.141593	0.685216	-1.712745	112	12	111	855.875
0.523599	2.396274	-1.959260	126	132	26	855.504
-0.523599	1.325504	-1.671296	118	10	107	855.416
-2.617994	2.138223	1.678323	123	3	39	855.320
-2.617994	2.760637	2.781135	108	23	114	855.160
-1.570796	1.506530	1.988858	108	7	124	854.812
0.523599	1.545873	-1.877082	121	127	24	854.602
-3.141593	1.045978	0.343692	111	13	112	854.444
-0.785398	2.760637	2.781135	118	127	33	854.199
1.047198	1.904882	-1.478089	112	2	116	854.174
1.047198	2.456751	-1.503343	114	4	115	854.166
-3.141593	0.992645	-1.723759	112	7	114	854.056
2.094395	1.417623	-0.202254	119	14	106	853.985
1.308997	1.242974	-2.977882	122	131	36	853.855
0.261799	1.045978	0.343692	117	0	34	853.778
0.261799	2.664082	-1.071402	111	139	26	853.639
-1.047198	2.063651	-2.044600	130	49	117	853.443
1.047198	2.396274	-1.959260	109	4	114	853.362
-3.141593	1.504028	0.636812	109	6	126	853.308
0.000000	1.050534	3.042579	124	130	36	853.047
0.261799	2.760637	2.781135	113	138	33	852.491
-1.047198	2.719179	-1.780644	135	46	138	852.141
-3.141593	2.704512	1.488683	111	19	112	851.841
-1.047198	2.108018	1.311430	124	117	32	851.725
0.261799	1.440580	2.260026	127	131	38	851.616
-3.141593	2.881233	-2.582574	138	129	29	851.340
-2.094395	2.719179	-1.780644	132	125	29	851.177
0.261799	0.709924	0.218797	119	6	28	851.106
-3.141593	1.732874	-0.951685	107	6	112	850.942
2.879793	2.588535	-2.976617	134	143	32	850.895
-2.879793	1.617114	-1.572037	113	3	116	850.753
2.617994	0.961715	0.014085	109	20	109	850.370
2.617994	1.504028	0.636812	104	14	117	850.217
-2.094395	1.812176	0.656819	22	101	14	850.031
-1.308997	0.591903	2.010408	123	8	122	849.760
1.047198	0.864993	2.278281	132	136	37	849.756
2.356194	0.910508	1.903534	100	16	122	849.570
-1.570796	2.588535	-2.976617	119	135	34	849.413
2.356194	2.153910	-1.714959	128	121	27	849.351
-2.617994	2.863997	0.549740	104	8	113	848.985
-2.617994	2.251330	-2.330739	37	118	24	848.890
0.785398	0.914445	2.687814	130	131	38	848.853
2.617994	2.138223	1.678323	115	2	33	848.833
-2.617994	1.909857	-0.381669	17	100	16	848.828
1.832596	0.379747	-1.713059	119	18	106	848.744
-1.047198	2.592629	0.909713	126	122	33	848.555
1.308997	2.115563	0.685730	110	21	119	848.525
-0.523599	1.554776	0.100351	138	39	122	848.212
-1.832596	0.674054	1.013609	29	100	14	847.984
0.785398	1.846342	-1.796954	104	4	119	847.651
1.047198	1.504028	0.636812	134	10	118	847.124
2.617994	1.134796	2.434290	120	2	119	847.119
1.832596	2.396274	-1.959260	114	143	118	847.061
0.523599	1.218453	2.777284	102	8	119	846.573
2.094395	1.433411	-1.035986	118	4	113	846.563
2.356194	1.904882	-1.478089	111	6	112	846.533
2.094395	1.374601	-2.456031	115	3	114	846.364
-3.141593	1.617114	-1.572037	105	10	109	846.295
-1.047198	1.545873	-1.877082	127	43	108	846.231
-2.094395	1.904882	-1.478089	113	143	123	846.064
0.785398	1.809167	1.213774	132	40	3	845.938
-3.141593	2.251330	-2.330739	140	133	29	845.306
-0.523599	2.760637	2.781135	118	127	33	845.229
2.879793	2.299159	2.264663	125	143	36	844.887
-1.832596	1.184361	0.625864	102	4	124	844.725
1.047198	1.374601	-2.456031	102	8	118	844.344
-1.832596	2.138223	1.678323	107	6	121	844.264
-1.570796	1.982574	-1.115518	110	19	106	844.125
-2.356194	2.063651	-2.044600	133	138	29	844.089
2.879793	1.050534	3.042579	117	4	126	844.024
2.356194	1.135813	-2.658866	114	5	119	843.929
-1.308997	1.014500	0.906702	118	142	122	843.918
2.617994	0.370812	-2.547742	119	16	109	843.914
1.047198	2.379497	0.561089	122	14	119	843.849
-0.523599	2.115563	0.685730	31	17	14	843.820
2.094395	1.448123	-2.163292	121	7	106	843.586
1.047198	0.961715	0.014085	125	43	108	843.557
-3.141593	1.721184	-0.153948	115	5	116	843.529
-0.523599	2.579248	-2.364801	115	138	30	843.385
-1.308997	2.760637	2.781135	117	132	33	843.235
-1.832596	1.554776	0.100351	118	2	111	843.161
-3.141593	1.134497	-1.109631	124	131	25	843.145
-0.785398	2.456751	-1.503343	136	46	132	842.566
1.047198	0.458961	-0.107937	124	12	111	842.532
-0.261799	2.984978	1.954446	122	126	31	842.424
-2.879793	1.440580	2.260026	133	135	37	842.341
-1.570796	2.592629	0.909713	126	131	35	842.268
2.879793	2.979456	-1.009304	100	5	124	842.172
1.832596	1.736875	3.023612	128	131	38	842.142
0.785398	2.356369	3.005869	134	127	36	841.912
-1.308997	2.979456	-1.009304	127	128	33	841.687
-0.785398	0.910508	1.903534	118	16	119	841.417
1.832596	2.407836	1.410646	140	133	36	841.183
-2.356194	1.909857	-0.381669	117	3	113	840.873
-1.047198	2.455966	-0.641220	27	28	5	840.656
-0.785398	2.984978	1.954446	112	1	116	840.572
-1.832596	1.683268	0.374177	27	101	10	840.562
2.617994	2.979456	-1.009304	120	135	31	840.487
1.570796	1.741644	-2.695914	108	1	125	840.372
-1.570796	1.194549	-0.801900	119	18	101	840.298
-1.570796	0.960688	-0.577532	116	14	103	840.290
2.617994	1.545873	-1.877082	107	7	119	840.285
-2.879793	1.904882	-1.478089	112	1	120	839.705
1.308997	2.393226	1.857173	133	128	35	839.375
-1.570796	0.709924	0.218797	109	1	125	839.373
-0.261799	2.881233	-2.582574	122	130	27	839.324
-2.617994	2.063651	-2.044600	36	116	21	839.209
-2.617994	2.174483	2.653697	126	136	36	839.054
1.047198	1.440580	2.260026	125	138	39	839.040
-0.785398	1.433411	-1.035986	135	40	118	838.752
0.261799	2.478122	2.609777	127	143	114	838.700
-2.617994	1.134796	2.434290	34	119	35	838.541
0.000000	1.025536	1.576859	123	46	118	838.291
-3.141593	1.683268	0.374177	103	7	133	838.277
-2.617994	2.001437	0.381215	115	2	113	838.166
-1.308997	0.866395	-2.492918	116	138	36	838.131
0.261799	1.448123	-2.163292	108	135	28	838.029
-2.879793	1.325504	-1.671296	133	140	25	837.998
-1.832596	1.113094	-0.272241	117	9	107	837.843
2.356194	1.977582	0.969896	129	128	37	837.802
-1.047198	1.836682	-0.676006	113	9	107	837.790
2.356194	0.640596	-2.797608	116	12	111	837.549
2.879793	1.812176	0.656819	106	10	130	837.257
-2.879793	0.618092	2.539118	124	12	112	837.068
-1.047198	2.041297	-2.664597	123	139	33	836.893
2.094395	2.356369	3.005869	119	0	116	836.802
0.261799	1.504028	0.636812	34	23	2	836.750
-3.141593	1.168678	2.108595	122	5	118	836.502
-2.094395	1.699788	2.452890	128	131	37	836.381
-0.523599	0.762244	-0.273349	113	143	121	835.962
1.832596	1.699788	2.452890	122	142	37	835.833
-2.879793	2.724429	-0.348782	105	3	125	835.704
-0.261799	2.349581	-2.702517	127	135	31	835.492
0.523599	2.393226	1.857173	129	127	36	835.388
-1.047198	2.138223	1.678323	127	138	37	835.275
-1.832596	0.960688	-0.577532	103	17	109	835.099
-2.356194	2.704512	1.488683	124	141	35	834.959
-0.523599	0.864993	2.278281	130	47	137	834.805
1.308997	2.073035	2.027405	123	127	38	833.919
2.879793	0.831641	0.616218	113	128	32	833.870
0.000000	1.824694	1.850876	121	131	38	833.778
-1.047198	1.045978	0.343692	111	143	122	833.721
-1.570796	1.335669	0.897240	108	2	121	833.617
-1.047198	0.866395	-2.492918	116	135	36	833.601
1.047198	2.073035	2.027405	122	127	38	833.599
1.832596	1.135834	-1.431087	119	17	103	833.578
-1.047198	1.554776	0.100351	116	1	112	833.508
2.879793	0.619654	-2.216909	134	141	37	833.441
-2.356194	1.256302	0.062705	104	7	117	832.466
2.879793	2.343981	-1.040456	114	9	107	832.238
0.000000	0.929350	-2.910676	119	132	36	832.155
1.308997	0.458961	-0.107937	141	126	34	832.005
-2.879793	2.138223	1.678323	132	142	38	831.864
2.879793	1.413347	-1.339188	108	6	121	831.840
-1.308997	1.325504	-1.671296	127	36	103	831.759
2.094395	1.904882	-1.478089	112	10	108	831.746
-2.094395	0.618092	2.539118	130	134	39	831.440
-2.617994	2.247462	0.191623	129	135	36	831.428
1.570796	1.904882	-1.478089	127	125	22	831.360
2.879793	1.134497	-1.109631	108	7	119	831.354
1.832596	0.685216	-1.712745	115	18	106	831.271
2.879793	1.488617	1.159546	115	3	128	831.254
2.617994	1.766067	2.153843	122	126	37	831.166
2.356194	1.391910	3.030322	114	3	117	831.092
0.261799	1.134497	-1.109631	120	0	115	831.021
-1.832596	1.214854	-1.966664	116	2	29	831.006
0.261799	2.719179	-1.780644	111	135	28	830.939
-2.879793	1.113094	-0.272241	103	4	122	830.938
-3.141593	2.592629	0.909713	122	0	36	830.715
-2.356194	1.554776	0.100351	106	5	118	830.613
-2.879793	1.045978	0.343692	105	4	123	830.496
1.832596	0.992645	-1.723759	121	11	106	830.403
1.308997	0.640596	-2.797608	106	2	129	830.206
-1.832596	0.914445	2.687814	125	134	39	830.058
2.356194	0.685216	-1.712745	128	4	115	829.881
-2.094395	2.033014	2.977192	32	13	31	829.736
-0.785398	1.510910	-0.740472	111	6	110	829.656
-2.879793	2.588535	-2.976617	135	137	31	829.415
2.879793	1.599406	1.426070	116	4	128	829.399
1.308997	1.683268	0.374177	124	130	37	829.290
-2.617994	0.591903	2.010408	123	124	39	829.215
2.356194	1.599406	1.426070	130	114	29	829.199
1.047198	0.866395	-2.492918	112	0	124	829.140
-1.047198	1.569311	-3.003978	23	28	12	828.906
2.879793	0.700570	1.559208	121	1	120	828.858
0.261799	2.187132	-0.479875	113	2	17	828.743
-2.356194	1.134796	2.434290	118	3	132	828.677
-1.308997	1.545873	-1.877082	130	40	105	828.638
1.570796	1.977582	0.969896	111	21	117	828.536
1.047198	1.846342	-1.796954	113	2	114	828.475
-2.094395	0.203748	0.590255	110	4	118	828.454
-1.570796	0.864993	2.278281	125	8	122	828.424
2.879793	2.579248	-2.364801	136	133	32	828.386
2.617994	1.195355	1.200319	119	126	39	828.348
-2.356194	1.242974	-2.977882	121	4	35	828.333
0.785398	0.370812	-2.547742	100	6	126	828.238
0.261799	1.599406	1.426070	126	137	38	828.199
2.094395	2.343981	-1.040456	96	19	115	828.032
0.785398	0.899350	-2.069907	122	1	112	827.964
-1.047198	1.367556	0.358405	113	143	117	827.963
2.617994	1.554776	0.100351	106	12	118	827.779
1.570796	2.349581	-2.702517	129	128	32	827.730
2.094395	1.218453	2.777284	111	3	117	827.658
2.617994	2.001437	0.381215	125	135	38	827.601
-0.785398	0.496451	0.593859	116	143	125	827.387
-1.570796	2.295480	1.008277	108	1	121	827.334
-3.141593	1.699788	2.452890	128	133	38	827.213
-2.617994	2.979456	-1.009304	19	119	36	827.200
-2.879793	1.214854	-1.966664	129	2	30	827.103
0.785398	2.138223	1.678323	126	130	38	827.022
1.047198	1.506530	1.988858	131	135	38	826.738
-1.570796	1.247695	1.809890	109	5	129	826.621
1.047198	1.699788	2.452890	131	132	36	826.548
-3.141593	1.310100	1.488307	107	8	124	826.538
-0.785398	1.506530	1.988858	126	131	38	826.509
-1.308997	1.256302	0.062705	115	2	113	826.411
-2.356194	2.138223	1.678323	123	2	39	826.314
2.094395	1.301460	-0.509251	118	12	107	826.047
1.832596	1.335669	0.897240	99	28	124	826.029
1.308997	1.325504	-1.671296	114	143	118	825.871
2.356194	1.417623	-0.202254	99	14	125	825.815
1.308997	2.001437	0.381215	110	18	119	825.756
-1.570796	0.458961	-0.107937	110	6	113	825.584
0.000000	2.863997	0.549740	134	129	33	825.356
2.094395	2.033014	2.977192	132	135	37	825.229
1.570796	2.108018	1.311430	26	12	35	825.113
-1.047198	2.760637	2.781135	121	128	31	824.942
1.832596	2.033014	2.977192	133	133	36	824.850
-2.094395	1.050534	3.042579	107	18	135	824.743
-1.570796	0.914445	2.687814	124	135	39	824.368
0.261799	1.658653	-2.409879	114	132	32	824.338
2.617994	1.699788	2.452890	114	142	35	824.231
-1.570796	1.683268	0.374177	115	3	111	824.204
-0.785398	2.588535	-2.976617	118	132	33	824.132
0.000000	2.592629	0.909713	130	127	36	824.121
-2.617994	2.588535	-2.976617	128	139	33	824.084
2.879793	1.301460	-0.509251	113	13	109	824.074
-2.094395	1.374601	-2.456031	129	3	30	824.068
-2.356194	1.168678	2.108595	115	2	129	823.923
-2.617994	1.417623	-0.202254	112	2	118	823.582
2.094395	1.846342	-1.796954	106	8	111	823.438
-2.879793	1.025536	1.576859	110	6	121	823.372
0.785398	1.554776	0.100351	125	136	36	823.242
-0.523599	2.349581	-2.702517	125	137	31	823.183
1.570796	2.637879	2.121598	134	124	34	823.134
-2.356194	2.089241	-0.114193	109	1	122	823.098
-1.570796	1.184361	0.625864	106	2	125	823.030
-1.047198	2.588535	-2.976617	119	138	32	822.912
1.308997	2.180315	-1.357379	115	7	108	822.888
1.570796	2.299159	2.264663	131	117	33	822.692
-1.832596	2.180315	-1.357379	132	123	28	822.680
-0.523599	1.732874	-0.951685	131	43	123	822.592
1.047198	2.115563	0.685730	135	136	37	822.528
-1.570796	1.367556	0.358405	106	4	119	822.464
-3.141593	2.478122	2.609777	128	138	34	822.411
-1.308997	2.089241	-0.114193	114	5	110	822.383
2.617994	0.419640	2.974122	127	3	116	822.326
-0.785398	2.478122	2.609777	129	126	34	822.319
1.570796	1.736875	3.023612	130	130	37	822.272
-1.832596	2.073035	2.027405	123	3	38	822.218
-0.523599	1.982574	-1.115518	130	44	127	822.195
-0.523599	0.674054	1.013609	119	1	131	822.124
2.356194	0.615174	-0.666022	130	19	106	822.073
2.094395	0.674054	1.013609	113	128	32	822.042
2.356194	2.343981	-1.040456	98	13	116	822.016
-3.141593	1.218453	2.777284	130	127	36	821.758
1.308997	0.910508	1.903534	132	140	37	821.737
-1.308997	1.413430	2.550734	22	8	40	821.718
-2.879793	0.619654	-2.216909	115	13	109	821.658
-1.047198	2.295480	1.008277	125	128	37	821.550
2.617994	1.909857	-0.381669	103	10	130	821.367
-2.617994	1.214854	-1.966664	128	142	29	821.295
-2.356194	2.174483	2.653697	122	135	37	821.184
2.356194	1.374601	-2.456031	110	8	112	821.060
-2.356194	1.721184	-0.153948	33	108	7	821.045
-1.570796	1.440580	2.260026	127	134	37	821.000
-0.261799	1.128190	-2.288622	134	39	128	820.998
-0.261799	0.571433	-1.188419	128	2	110	820.994
0.523599	0.961715	0.014085	118	4	31	820.960
-1.570796	2.664082	-1.071402	128	126	33	820.880
2.617994	2.760637	2.781135	130	137	33	820.804
2.879793	1.218453	2.777284	117	4	125	820.636
2.094395	1.510910	-0.740472	117	7	109	820.563
2.617994	0.685216	-1.712745	126	5	119	820.543
1.047198	1.448123	-2.163292	114	3	115	820.424
-1.570796	1.662363	0.915448	110	2	118	820.358
-1.832596	1.413347	-1.339188	131	28	101	820.237
-2.879793	2.349581	-2.702517	135	143	33	820.171
-0.261799	1.014500	0.906702	131	3	34	820.170
1.570796	1.214854	-1.966664	114	8	110	819.950
-1.832596	0.458961	-0.107937	100	9	118	819.870
-2.356194	2.180315	-1.357379	105	6	121	819.761
0.523599	1.014500	0.906702	128	50	125	819.744
2.356194	2.760637	2.781135	135	131	32	819.636
2.094395	0.866395	-2.492918	125	5	111	819.432
-2.094395	1.683268	0.374177	22	101	10	819.418
-0.785398	2.299159	2.264663	129	9	36	819.133
2.879793	2.001437	0.381215	124	135	38	819.088
-0.785398	1.242974	-2.977882	132	45	124	819.037
-2.356194	0.709924	0.218797	141	2	115	818.959
-1.570796	1.413347	-1.339188	131	30	102	818.930
1.570796	1.555207	1.708892	113	135	36	818.929
-1.570796	1.014500	0.906702	113	143	123	818.843
0.261799	2.343981	-1.040456	112	142	22	818.146
-0.785398	1.732874	-0.951685	133	42	124	818.127
-0.261799	0.080730	-2.622036	116	0	117	817.976
1.832596	2.001437	0.381215	102	21	116	817.956
0.785398	0.674054	1.013609	120	50	122	817.915
2.094395	1.050534	3.042579	113	6	113	817.600
-0.261799	2.407836	1.410646	128	128	37	817.590
-1.047198	1.325504	-1.671296	125	38	104	817.555
-2.879793	1.721184	-0.153948	98	7	122	817.328
-1.570796	1.325504	-1.671296	129	35	103	817.261
-0.523599	0.831641	0.616218	113	3	123	817.247
-1.047198	0.619654	-2.216909	105	12	110	817.222
0.523599	1.721184	-0.153948	129	136	37	817.150
1.047198	1.696674	-1.253233	112	2	115	817.087
0.000000	1.977582	0.969896	0	37	134	817.082
0.785398	1.440580	2.260026	126	134	38	816.821
-3.141593	1.335669	0.897240	106	6	131	816.763
1.047198	1.756530	-2.105156	106	12	107	816.574
0.785398	1.732874	-0.951685	121	2	110	816.472
1.308997	1.214854	-1.966664	117	10	105	816.466
2.879793	1.732874	-0.951685	119	7	109	816.385
-1.570796	1.948085	-2.363031	135	48	122	816.297
-0.523599	1.194549	-0.801900	112	2	115	816.273
2.617994	2.033014	2.977192	132	122	31	815.898
-1.308997	2.299159	2.264663	125	127	33	815.862
-2.094395	1.135813	-2.658866	125	3	34	815.735
1.308997	1.310100	1.488307	132	137	37	815.728
-2.879793	2.637879	2.121598	108	22	114	815.630
2.617994	0.733948	3.021411	116	6	118	815.540
2.356194	1.168678	2.108595	102	16	127	815.525
0.785398	1.617114	-1.572037	106	5	116	815.498
-0.261799	1.869911	2.701025	128	131	38	815.224
0.785398	1.214854	-1.966664	112	3	115	815.149
-2.879793	1.998705	2.370472	124	131	37	815.148
0.261799	2.356369	3.005869	122	141	117	815.002
2.617994	1.374601	-2.456031	125	6	108	814.996
1.047198	2.664082	-1.071402	112	9	108	814.955
1.832596	2.588535	-2.976617	130	132	34	814.936
2.094395	1.617114	-1.572037	125	1	113	814.805
-0.523599	0.290380	-0.796960	114	4	113	814.752
2.879793	2.187132	-0.479875	98	13	118	814.691
2.094395	2.579248	-2.364801	113	142	117	814.684
2.617994	2.984978	1.954446	130	137	34	814.603
-2.879793	2.187132	-0.479875	107	6	115	814.511
2.617994	1.836682	-0.676006	119	4	112	814.490
-1.570796	1.128190	-2.288622	118	139	33	814.202
0.261799	1.135834	-1.431087	103	7	115	814.037
-2.617994	1.846342	-1.796954	136	132	25	814.021
-3.141593	1.134796	2.434290	121	6	119	813.778
-2.356194	1.599406	1.426070	29	20	22	813.734
2.879793	2.295480	1.008277	133	43	130	813.637
2.617994	1.812176	0.656819	104	15	115	813.587
-2.356194	2.379497	0.561089	103	8	115	813.272
-2.617994	1.325504	-1.671296	133	132	24	813.225
2.094395	1.488617	1.159546	122	131	39	813.190
2.617994	0.929350	-2.910676	113	5	125	813.090
-2.356194	2.247462	0.191623	106	9	111	813.010
1.832596	2.379497	0.561089	120	18	111	812.970
-2.617994	2.478122	2.609777	26	140	40	812.926
2.879793	2.251330	-2.330739	127	133	31	812.812
-2.617994	1.555207	1.708892	132	138	39	812.648
-2.617994	1.766067	2.153843	132	132	38	812.633
0.523599	1.555207	1.708892	131	136	38	812.609
-1.047198	1.510910	-0.740472	107	8	112	812.579
-0.523599	1.617114	-1.572037	130	44	122	812.564
0.261799	2.033014	2.977192	126	132	36	812.546
-1.832596	1.256302	0.062705	110	3	117	812.534
-0.261799	1.025536	1.576859	116	15	121	812.377
-0.785398	2.393226	1.857173	119	138	36	812.237
-2.356194	1.982574	-1.115518	43	117	10	812.127
-3.141593	1.391910	3.030322	136	131	36	812.096
-0.261799	2.637879	2.121598	121	142	114	812.051
-0.261799	0.700570	1.559208	115	14	124	811.725
-2.617994	1.875281	0.107086	107	3	121	811.429
1.832596	0.929350	-2.910676	121	142	118	811.092
-1.308997	0.961715	0.014085	114	1	115	811.046
0.000000	0.850607	-1.335383	128	4	108	810.937
-2.356194	2.393226	1.857173	129	132	35	810.749
1.832596	2.984978	1.954446	140	132	32	810.292
1.047198	2.979456	-1.009304	142	133	36	809.920
-2.094395	1.766067	2.153843	126	132	38	809.819
0.000000	1.218453	2.777284	3	42	2	809.789
-0.523599	2.587733	0.232235	133	131	34	809.627
0.785398	1.413347	-1.339188	109	5	114	809.622
0.785398	1.218453	2.777284	109	10	108	809.582
-3.141593	2.979456	-1.009304	121	122	29	809.553
0.523599	1.045978	0.343692	113	142	34	809.537
-0.261799	1.310100	1.488307	133	44	136	809.516
1.047198	1.599406	1.426070	21	8	40	809.377
1.047198	2.063651	-2.044600	112	1	117	809.276
0.523599	2.588535	-2.976617	115	142	119	809.012
1.832596	0.619654	-2.216909	115	16	107	808.922
-2.879793	0.591903	2.010408	123	11	112	808.875
-0.785398	0.370812	-2.547742	101	12	114	808.858
1.308997	1.417623	-0.202254	116	142	36	808.667
2.094395	2.863997	0.549740	130	141	33	808.655
2.094395	0.992645	-1.723759	106	16	113	808.533
1.308997	1.545873	-1.877082	107	11	110	808.286
2.617994	1.555207	1.708892	104	14	130	808.215
-1.832596	1.135834	-1.431087	110	4	118	808.077
-2.356194	1.836682	-0.676006	117	12	104	807.975
1.047198	2.251330	-2.330739	100	12	113	807.854
0.261799	2.164094	-2.991358	122	129	34	807.730
-2.094395	2.073035	2.027405	127	129	36	807.604
2.356194	1.869911	2.701025	125	139	38	807.551
1.308997	0.379747	-1.713059	35	109	142	807.537
-3.141593	2.356369	3.005869	133	1	36	807.507
-2.356194	2.356369	3.005869	104	24	120	807.190
2.356194	1.134796	2.434290	115	2	120	807.120
2.094395	2.396274	-1.959260	117	133	25	807.093
1.308997	2.299159	2.264663	129	121	34	806.881
-0.523599	1.658653	-2.409879	118	136	31	806.820
0.261799	1.301460	-0.509251	115	2	114	806.781
1.047198	0.899350	-2.069907	125	1	112	806.696
1.047198	2.588535	-2.976617	112	2	117	806.680
-3.141593	2.349581	-2.702517	140	137	31	806.673
0.261799	0.733948	3.021411	127	130	38	806.607
0.000000	1.599406	1.426070	141	40	139	806.306
-0.523599	1.510910	-0.740472	115	4	109	806.298
-2.356194	1.113094	-0.272241	128	127	32	806.214
-0.785398	1.134796	2.434290	127	131	39	806.198
0.523599	0.831641	0.616218	130	47	118	806.172
2.094395	2.407836	1.410646	117	24	112	806.069
1.308997	2.247462	0.191623	121	30	14	806.058
0.261799	0.419640	2.974122	108	5	118	806.034
2.094395	2.063651	-2.044600	112	5	108	805.993
-2.879793	1.555207	1.708892	128	139	38	805.947
1.308997	2.041297	-2.664597	121	128	33	805.864
-1.047198	1.440580	2.260026	122	135	38	805.732
-1.832596	1.872854	1.543456	40	131	31	805.671
2.094395	0.910508	1.903534	99	21	123	805.621
-2.094395	1.417623	-0.202254	116	9	106	805.604
2.356194	1.998705	2.370472	129	126	35	805.531
0.261799	1.569311	-3.003978	127	115	31	805.348
0.261799	2.001437	0.381215	134	136	36	805.318
2.879793	1.948085	-2.363031	28	102	12	805.227
-1.308997	2.349581	-2.702517	123	143	32	805.123
-2.617994	2.115563	0.685730	111	1	118	804.943
1.308997	0.709924	0.218797	114	35	108	804.894
-1.047198	0.496451	0.593859	27	100	15	804.836
2.094395	1.998705	2.370472	133	119	33	804.615
-0.261799	1.683268	0.374177	135	42	124	804.555
0.785398	2.456751	-1.503343	114	3	112	804.447
1.832596	1.417623	-0.202254	118	13	108	804.446
1.308997	0.992645	-1.723759	104	23	113	804.364
-0.261799	2.299159	2.264663	113	136	35	804.208
-1.570796	2.984978	1.954446	121	125	29	803.966
-0.261799	1.721184	-0.153948	135	43	124	803.834
-2.094395	1.440580	2.260026	123	130	39	803.705
2.356194	2.063651	-2.044600	116	3	108	803.645
-1.047198	1.696674	-1.253233	126	8	107	803.614
0.261799	0.618092	2.539118	130	131	39	803.595
0.785398	2.979456	-1.009304	131	0	32	803.475
-1.570796	1.732874	-0.951685	117	1	114	803.435
-2.617994	1.554776	0.100351	27	107	7	803.397
-2.879793	2.247462	0.191623	101	14	110	803.360
1.308997	2.343981	-1.040456	116	8	110	803.345
2.094395	2.588535	-2.976617	129	134	34	803.280
2.879793	0.992645	-1.723759	109	9	115	803.183
2.879793	1.766067	2.153843	128	137	37	802.918
-0.261799	2.174483	2.653697	131	126	36	802.810
0.000000	1.504028	0.636812	34	18	5	802.758
0.261799	2.349581	-2.702517	112	134	31	802.737
-2.879793	2.760637	2.781135	109	25	114	802.735
2.617994	0.571433	-1.188419	119	21	105	802.720
-2.356194	1.417623	-0.202254	31	109	3	802.500
-2.879793	2.174483	2.653697	128	139	36	802.279
0.261799	2.138223	1.678323	125	126	37	802.263
0.785398	0.379747	-1.713059	123	7	108	802.252
1.047198	1.134497	-1.109631	134	125	24	802.251
2.617994	1.617114	-1.572037	106	7	121	802.057
-1.832596	1.128190	-2.288622	125	2	32	802.035
-0.523599	2.637879	2.121598	120	131	34	802.009
0.785398	1.555207	1.708892	126	131	38	801.974
2.617994	2.108018	1.311430	112	20	117	801.807
-2.617994	2.041297	-2.664597	33	117	27	801.558
-0.785398	1.658653	-2.409879	118	142	32	801.530
-2.879793	1.836682	-0.676006	113	12	105	801.500
-0.261799	2.592629	0.909713	111	5	129	801.474
-1.570796	2.180315	-1.357379	136	125	28	801.367
1.832596	2.979456	-1.009304	103	9	112	801.315
0.261799	1.113094	-0.272241	119	1	116	801.269
0.000000	2.979456	-1.009304	136	131	32	801.227
-1.570796	1.766067	2.153843	123	136	38	800.986
-2.094395	1.555207	1.708892	132	141	39	800.974
-0.785398	1.699788	2.452890	132	134	37	800.570
-3.141593	2.153910	-1.714959	115	124	25	800.464
1.308997	0.831641	0.616218	116	50	119	800.445
-1.570796	0.899350	-2.069907	120	141	33	800.393
-0.523599	2.881233	-2.582574	113	132	31	800.300
-1.047198	1.721184	-0.153948	113	3	112	800.299
-0.523599	1.168678	2.108595	135	44	127	800.067
2.356194	1.506530	1.988858	103	17	130	799.945
-1.570796	2.863997	0.549740	105	1	130	799.915
2.617994	0.831641	0.616218	112	130	32	799.790
2.356194	2.393226	1.857173	135	136	36	799.727
1.047198	0.992645	-1.723759	111	143	120	799.651
-1.832596	2.295480	1.008277	132	138	36	799.569
-2.356194	2.579248	-2.364801	23	127	36	799.541
-0.523599	2.984978	1.954446	117	134	35	799.527
-0.785398	1.374601	-2.456031	126	46	116	799.453
-0.261799	2.587733	0.232235	128	128	36	799.336
1.570796	0.080730	-2.622036	122	4	112	799.335
0.785398	2.041297	-2.664597	120	129	33	799.122
-1.047198	1.766067	2.153843	118	133	37	799.060
-2.094395	1.836682	-0.676006	43	120	8	799.039
-2.356194	2.881233	-2.582574	46	8	22	799.011
1.570796	0.960688	-0.577532	118	11	110	798.995
1.832596	0.419640	2.974122	109	1	129	798.942
-0.261799	1.135813	-2.658866	116	130	35	798.848
1.570796	2.592629	0.909713	117	20	111	798.693
0.523599	1.195355	1.200319	128	139	37	798.685
2.094395	1.554776	0.100351	115	17	107	798.675
0.261799	1.168678	2.108595	113	141	34	798.611
-1.047198	0.733948	3.021411	124	128	38	798.206
1.832596	2.724429	-0.348782	114	13	106	798.096
-0.785398	0.929350	-2.910676	121	133	36	798.072
-0.785398	1.413347	-1.339188	123	8	106	798.060
-1.832596	1.218453	2.777284	105	16	133	797.948
2.094395	1.184361	0.625864	100	25	118	797.769
-2.879793	1.870545	-2.976234	126	143	34	797.691
-0.261799	1.506530	1.988858	120	138	37	797.597
2.094395	2.379497	0.561089	134	131	36	797.458
0.785398	0.618092	2.539118	108	4	120	797.420
-0.785398	1.184361	0.625864	120	0	118	797.355
0.261799	2.299159	2.264663	101	7	130	797.268
-1.047198	1.050534	3.042579	126	136	38	797.257
-3.141593	1.050534	3.042579	134	124	35	797.194
-0.523599	2.251330	-2.330739	116	140	31	797.169
2.879793	2.073035	2.027405	122	140	37	797.115
2.879793	2.407836	1.410646	115	14	119	796.696
-2.094395	2.863997	0.549740	9	109	36	796.625
-0.261799	1.214854	-1.966664	134	39	128	796.422
1.832596	1.433411	-1.035986	113	4	116	796.302
-0.523599	1.417623	-0.202254	3	142	33	796.263
0.261799	1.025536	1.576859	119	45	118	796.090
1.047198	2.393226	1.857173	129	125	36	795.935
1.047198	1.555207	1.708892	116	135	38	795.737
1.570796	2.579248	-2.364801	130	122	30	795.677
2.356194	1.450119	-2.739050	118	4	111	795.650
-3.141593	0.619654	-2.216909	114	14	110	795.588
-0.523599	0.615174	-0.666022	106	1	123	795.582
0.000000	0.203748	0.590255	124	8	114	795.445
-2.879793	1.450119	-2.739050	130	137	35	795.430
0.261799	0.910508	1.903534	129	134	38	795.334
2.879793	1.658653	-2.409879	29	104	9	795.242
-2.356194	2.456751	-1.503343	109	1	124	795.112
-0.785398	0.619654	-2.216909	107	9	110	795.028
-2.879793	1.909857	-0.381669	112	5	115	795.007
-0.261799	0.370812	-2.547742	108	6	113	795.006
2.879793	2.592629	0.909713	124	143	36	794.981
2.617994	2.637879	2.121598	113	26	113	794.934
2.879793	1.325504	-1.671296	119	12	104	794.927
-2.094395	1.256302	0.062705	107	4	117	794.802
-3.141593	0.419640	2.974122	123	13	110	794.646
1.047198	2.164094	-2.991358	122	131	34	794.612
2.617994	0.762244	-0.273349	117	21	106	794.542
2.094395	0.733948	3.021411	117	0	119	794.513
-1.832596	1.247695	1.809890	35	116	31	794.465
-0.523599	1.569311	-3.003978	129	44	132	794.461
-1.308997	1.184361	0.625864	116	0	117	794.448
-2.879793	2.295480	1.008277	125	140	37	793.977
2.879793	0.640596	-2.797608	120	10	113	793.915
-2.356194	0.496451	0.593859	108	8	113	793.892
-1.308997	1.617114	-1.572037	132	35	104	793.837
2.879793	1.606104	-0.451151	104	10	118	793.763
-2.356194	2.455966	-0.641220	30	106	21	793.644
0.523599	1.050534	3.042579	106	6	116	793.591
-0.261799	0.418037	1.360082	121	12	120	793.503
0.261799	1.391910	3.030322	101	13	115	793.496
-1.570796	0.762244	-0.273349	107	6	115	793.476
-0.261799	2.579248	-2.364801	114	135	31	793.334
-0.785398	0.640596	-2.797608	135	33	112	793.296
-2.879793	0.929350	-2.910676	119	10	112	793.209
1.570796	1.824694	1.850876	119	132	38	792.996
1.570796	0.992645	-1.723759	104	22	114	792.947
1.570796	2.073035	2.027405	134	122	35	792.823
-0.785398	2.153910	-1.714959	134	45	130	792.809
2.356194	0.591903	2.010408	124	2	114	792.555
0.000000	1.134497	-1.109631	115	40	113	792.504
0.523599	2.881233	-2.582574	106	3	116	792.437
1.570796	1.872854	1.543456	130	133	39	792.433
0.000000	1.658653	-2.409879	112	136	32	792.370
1.832596	2.719179	-1.780644	98	10	118	792.338
-2.356194	2.295480	1.008277	117	138	38	792.305
1.570796	1.696674	-1.253233	102	23	107	792.249
1.570796	1.113094	-0.272241	118	16	105	792.128
1.570796	1.948085	-2.363031	107	3	122	792.004
2.356194	1.504028	0.636812	105	20	112	791.678
-1.570796	2.299159	2.264663	100	9	121	791.630
0.261799	1.870545	-2.976234	105	13	115	791.622
2.094395	1.732874	-0.951685	115	3	114	791.501
-2.356194	1.683268	0.374177	110	2	122	791.477
1.570796	2.393226	1.857173	135	128	35	791.425
-1.308997	1.658653	-2.409879	125	141	32	791.390
-1.570796	2.104282	-0.813972	126	126	34	791.248
0.523599	1.214854	-1.966664	120	127	27	791.115
-0.523599	2.478122	2.609777	125	128	34	790.996
-2.356194	0.960688	-0.577532	125	124	28	790.930
2.617994	1.721184	-0.153948	111	7	119	790.899
1.308997	1.982574	-1.115518	115	5	109	790.832
-1.047198	0.929350	-2.910676	117	131	38	790.680
2.879793	2.724429	-0.348782	114	142	118	790.678
2.879793	0.571433	-1.188419	134	17	107	790.567
1.308997	1.113094	-0.272241	111	2	31	790.532
1.832596	1.617114	-1.572037	105	15	107	790.425
-0.523599	1.135834	-1.431087	100	7	117	790.390
0.261799	1.242974	-2.977882	102	9	116	790.248
-0.261799	1.812176	0.656819	137	41	129	790.071
1.308997	1.948085	-2.363031	107	3	122	789.930
-0.785398	2.719179	-1.780644	119	141	29	789.894
0.000000	1.696674	-1.253233	117	1	112	789.759
0.000000	1.721184	-0.153948	130	133	38	789.720
-0.261799	2.001437	0.381215	132	136	37	789.709
1.832596	1.301460	-0.509251	101	25	115	789.627
0.523599	2.719179	-1.780644	119	131	26	789.514
-0.785398	0.458961	-0.107937	110	143	127	789.378
-1.308997	2.247462	0.191623	114	2	114	789.302
-3.141593	1.450119	-2.739050	132	135	35	789.163
0.785398	0.700570	1.559208	26	27	19	789.000
-2.356194	0.961715	0.014085	101	9	117	788.939
-1.047198	1.168678	2.108595	128	132	38	788.580
1.570796	1.135813	-2.658866	112	1	119	788.510
2.879793	1.696674	-1.253233	108	8	110	788.457
-2.094395	2.592629	0.909713	104	6	115	788.455
-3.141593	2.637879	2.121598	110	24	114	788.200
2.356194	0.618092	2.539118	116	143	123	788.183
2.356194	1.433411	-1.035986	127	6	109	788.132
1.308997	0.899350	-2.069907	103	23	115	788.126
-0.785398	1.413430	2.550734	26	21	24	787.977
-2.094395	1.554776	0.100351	115	1	118	787.958
-0.785398	2.407836	1.410646	124	127	37	787.894
0.261799	2.251330	-2.330739	128	135	28	787.864
0.000000	2.180315	-1.357379	136	142	28	787.850
0.785398	0.709924	0.218797	109	1	29	787.805
0.523599	2.379497	0.561089	31	23	17	787.734
1.832596	2.881233	-2.582574	30	9	18	787.652
2.617994	2.356369	3.005869	22	113	37	787.540
2.094395	1.875281	0.107086	105	14	114	787.442
-2.879793	2.587733	0.232235	127	141	36	787.398
2.617994	2.863997	0.549740	142	129	36	787.364
1.570796	0.640596	-2.797608	114	2	114	787.272
2.356194	1.617114	-1.572037	118	13	102	787.047
-2.356194	2.073035	2.027405	113	10	124	786.907
1.832596	1.134497	-1.109631	116	4	115	786.854
1.832596	2.579248	-2.364801	129	122	31	786.829
-0.523599	0.571433	-1.188419	109	11	109	786.772
-0.785398	0.674054	1.013609	113	1	132	786.747
-2.356194	0.615174	-0.666022	103	29	106	786.730
2.356194	1.440580	2.260026	130	140	39	786.669
-1.308997	2.393226	1.857173	115	0	36	786.633
-1.832596	2.153910	-1.714959	135	122	25	786.596
0.785398	1.545873	-1.877082	123	126	24	786.514
-1.047198	1.756530	-2.105156	128	48	112	786.268
-2.879793	1.367556	0.358405	105	3	128	786.190
-1.308997	2.164094	-2.991358	124	134	35	786.094
2.879793	0.685216	-1.712745	110	13	111	785.965
-2.094395	1.721184	-0.153948	107	9	110	785.867
-3.141593	2.073035	2.027405	120	140	37	785.741
-3.141593	1.488617	1.159546	110	7	121	785.676
-2.879793	1.569311	-3.003978	126	138	36	785.483
-1.308997	0.910508	1.903534	128	131	38	785.290
2.094395	1.574060	2.783565	122	136	39	785.147
2.094395	1.506530	1.988858	130	124	37	785.051
0.261799	0.929350	-2.910676	108	6	113	784.999
2.356194	0.866395	-2.492918	131	8	107	784.991
0.000000	1.214854	-1.966664	103	4	119	784.719
0.785398	1.168678	2.108595	124	138	38	784.555
-0.523599	2.138223	1.678323	125	134	37	784.386
-0.785398	2.356369	3.005869	130	133	34	784.342
-1.570796	1.809167	1.213774	128	129	40	784.276
-2.617994	1.662363	0.915448	132	132	37	784.145
-0.261799	2.247462	0.191623	130	133	36	784.129
-1.570796	0.910508	1.903534	108	6	137	783.947
-0.261799	2.393226	1.857173	120	131	36	783.764
-2.879793	1.184361	0.625864	108	3	127	783.710
2.617994	0.619654	-2.216909	122	11	110	783.423
-1.308997	0.379747	-1.713059	105	6	115	783.334
-2.094395	2.138223	1.678323	123	0	39	783.312
-0.785398	1.872854	1.543456	126	122	36	783.288
-2.879793	2.478122	2.609777	108	26	117	783.230
0.000000	0.992645	-1.723759	106	1	121	783.170
2.094395	0.619654	-2.216909	114	15	110	783.027
-2.617994	1.699788	2.452890	27	109	29	782.953
0.785398	1.242974	-2.977882	110	2	114	782.898
0.000000	2.343981	-1.040456	113	1	22	782.786
0.785398	1.504028	0.636812	120	16	116	782.526
-0.261799	1.998705	2.370472	122	136	36	782.503
-2.356194	2.592629	0.909713	121	118	28	782.468
1.832596	0.733948	3.021411	117	140	122	782.336
-0.523599	2.379497	0.561089	126	131	37	782.250
-2.617994	2.379497	0.561089	101	13	111	782.237
-3.141593	1.214854	-1.966664	133	136	29	782.151
-1.308997	0.418037	1.360082	132	127	35	782.132
2.879793	2.863997	0.549740	131	139	35	782.120
0.523599	1.658653	-2.409879	113	131	32	782.019
0.523599	0.571433	-1.188419	111	0	117	782.004
2.617994	1.683268	0.374177	107	14	112	781.904
1.832596	1.113094	-0.272241	120	16	105	781.782
0.000000	2.379497	0.561089	125	132	37	781.731
-2.879793	0.992645	-1.723759	133	138	27	781.701
-1.047198	1.195355	1.200319	111	0	126	781.695
-0.523599	2.719179	-1.780644	116	140	29	781.669
0.261799	0.831641	0.616218	141	39	117	781.624
-1.832596	2.393226	1.857173	122	140	38	781.310
-1.308997	1.504028	0.636812	108	0	121	781.309
1.570796	0.685216	-1.712745	113	18	106	781.282
-2.879793	1.413347	-1.339188	111	4	116	781.124
-0.523599	2.664082	-1.071402	137	46	133	780.953
-1.308997	0.458961	-0.107937	109	1	125	780.864
-0.261799	2.073035	2.027405	10	133	45	780.800
0.523599	0.379747	-1.713059	119	6	108	780.785
-0.261799	1.606104	-0.451151	135	43	121	780.535
-0.261799	1.504028	0.636812	137	42	125	780.527
1.308997	1.977582	0.969896	123	19	114	780.223
-0.261799	2.760637	2.781135	120	127	33	780.000
-2.879793	1.448123	-2.163292	129	141	30	779.996
0.785398	2.073035	2.027405	120	125	38	779.994
0.785398	1.875281	0.107086	3	42	125	779.987
1.570796	1.812176	0.656819	111	18	117	779.970
-1.047198	2.343981	-1.040456	23	34	3	779.848
-2.617994	2.349581	-2.702517	137	134	30	779.800
-2.094395	1.134796	2.434290	47	130	25	779.686
2.617994	2.704512	1.488683	114	16	121	779.642
-2.094395	2.356369	3.005869	28	16	31	779.589
-2.094395	2.001437	0.381215	109	4	113	779.580
-2.879793	2.153910	-1.714959	118	123	24	779.505
2.356194	1.335669	0.897240	103	18	117	779.500
-2.617994	2.299159	2.264663	120	11	124	779.403
-2.617994	1.440580	2.260026	25	105	27	779.355
-1.570796	0.640596	-2.797608	124	136	38	779.336
2.356194	2.407836	1.410646	116	25	112	779.176
-0.523599	1.836682	-0.676006	131	43	126	778.787
-2.617994	0.640596	-2.797608	117	14	110	778.749
2.094395	1.113094	-0.272241	121	17	105	778.740
-0.261799	1.367556	0.358405	136	42	122	778.671
-1.832596	1.870545	-2.976234	105	20	122	778.606
2.094395	1.025536	1.576859	99	25	121	778.555
-0.785398	1.812176	0.656819	134	126	37	778.359
-2.617994	1.450119	-2.739050	132	140	33	778.342
-1.832596	1.440580	2.260026	126	132	38	778.243
2.356194	1.875281	0.107086	107	12	114	778.222
-1.047198	1.555207	1.708892	125	125	37	778.193
2.094395	0.379747	-1.713059	121	18	106	778.110
2.094395	1.699788	2.452890	122	142	36	778.054
1.570796	1.766067	2.153843	118	125	37	778.042
1.047198	1.998705	2.370472	104	5	123	778.039
2.094395	1.325504	-1.671296	103	14	116	777.958
-2.356194	1.732874	-0.951685	41	117	6	777.897
-2.094395	2.089241	-0.114193	109	4	114	777.835
-3.141593	0.080730	-2.622036	123	5	118	777.734
-0.261799	0.203748	0.590255	120	7	115	777.465
-1.047198	1.417623	-0.202254	110	1	115	777.453
1.832596	1.875281	0.107086	104	17	113	777.291
-2.879793	1.413430	2.550734	34	124	36	777.271
-0.523599	1.683268	0.374177	139	39	125	777.229
2.879793	1.214854	-1.966664	122	11	106	777.207
-1.570796	1.448123	-2.163292	26	27	18	777.047
0.000000	2.073035	2.027405	127	134	37	777.046
1.832596	1.014500	0.906702	99	28	120	777.038
-1.308997	1.135813	-2.658866	117	51	118	776.875
-1.308997	1.247695	1.809890	129	127	37	776.871
0.261799	0.080730	-2.622036	117	2	112	776.819
-1.570796	1.045978	0.343692	114	143	120	776.704
-1.047198	2.704512	1.488683	122	134	35	776.523
-0.261799	0.297065	2.160177	0	143	38	776.431
-3.141593	0.929350	-2.910676	119	10	114	776.358
1.047198	0.419640	2.974122	131	36	131	776.117
-1.832596	1.391910	3.030322	104	17	133	775.859
-1.047198	1.904882	-1.478089	121	7	113	775.807
-2.617994	0.733948	3.021411	123	14	112	775.775
2.356194	1.696674	-1.253233	125	3	111	775.643
-2.094395	2.984978	1.954446	132	140	34	775.573
1.832596	1.574060	2.783565	123	136	38	775.375
-2.356194	1.555207	1.708892	131	139	40	775.222
1.832596	1.506530	1.988858	130	128	37	775.180
2.879793	1.574060	2.783565	130	135	38	775.089
2.094395	1.836682	-0.676006	101	20	112	775.074
1.570796	1.413430	2.550734	120	131	40	775.063
-2.094395	2.724429	-0.348782	33	123	29	775.001
1.047198	2.299159	2.264663	123	121	36	774.969
0.000000	2.299159	2.264663	124	133	36	774.755
0.785398	0.685216	-1.712745	131	2	111	774.668
-0.523599	0.914445	2.687814	124	123	38	774.652
-3.141593	0.709924	0.218797	95	26	117	774.535
-1.047198	1.662363	0.915448	25	101	27	774.398
0.261799	1.218453	2.777284	99	12	119	774.240
2.617994	0.700570	1.559208	120	2	118	774.227
-0.261799	0.674054	1.013609	124	4	125	773.996
-1.047198	0.910508	1.903534	134	129	36	773.891
1.308997	1.506530	1.988858	113	132	36	773.738
1.570796	1.875281	0.107086	112	14	118	773.635
2.879793	1.025536	1.576859	104	11	121	773.392
-2.617994	0.709924	0.218797	115	17	106	773.339
0.261799	1.869911	2.701025	126	135	38	773.226
2.356194	1.301460	-0.509251	98	15	122	773.194
-0.785398	1.904882	-1.478089	124	136	22	773.102
-2.356194	0.866955	-0.931351	105	5	116	773.069
2.879793	1.824694	1.850876	104	13	139	772.962
-1.308997	2.251330	-2.330739	132	50	124	772.902
2.094395	2.393226	1.857173	138	9	38	772.869
2.879793	2.115563	0.685730	128	135	38	772.767
-2.879793	0.674054	1.013609	105	8	117	772.740
-3.141593	1.599406	1.426070	109	7	125	772.693
0.523599	2.115563	0.685730	31	23	16	772.273
2.094395	2.247462	0.191623	102	14	119	772.183
0.523599	0.899350	-2.069907	119	1	114	772.099
2.617994	0.674054	1.013609	114	0	124	771.949
-1.832596	2.979456	-1.009304	131	125	31	771.834
2.617994	2.587733	0.232235	130	142	36	771.694
1.047198	0.709924	0.218797	4	41	120	771.433
-2.356194	1.699788	2.452890	125	14	118	771.377
-0.523599	1.766067	2.153843	128	132	38	771.374
-1.832596	1.374601	-2.456031	141	45	126	771.012
-2.356194	1.128190	-2.288622	30	113	13	771.004
2.356194	1.809167	1.213774	129	123	35	770.858
1.308997	2.588535	-2.976617	109	0	118	770.848
-2.879793	2.073035	2.027405	112	140	36	770.808
0.000000	1.998705	2.370472	117	40	143	770.585
-2.617994	2.704512	1.488683	4	118	38	770.231
2.356194	2.664082	-1.071402	118	143	116	770.203
-0.261799	0.496451	0.593859	118	3	128	770.086
0.000000	1.135813	-2.658866	116	128	35	770.035
-2.617994	1.014500	0.906702	126	123	36	770.003
1.047198	2.984978	1.954446	123	129	32	769.998
2.094395	1.948085	-2.363031	118	1	110	769.992
1.832596	1.450119	-2.739050	114	143	123	769.875
-2.094395	2.174483	2.653697	121	135	37	769.790
-1.047198	0.709924	0.218797	107	4	115	769.660
-1.308997	1.218453	2.777284	109	10	133	769.647
1.047198	1.875281	0.107086	127	134	37	769.616
0.785398	2.588535	-2.976617	121	142	117	769.576
0.785398	0.992645	-1.723759	107	2	120	769.382
-0.523599	1.014500	0.906702	127	4	31	769.307
0.523599	1.870545	-2.976234	121	132	35	769.277
2.879793	2.108018	1.311430	127	141	39	769.232
-1.570796	1.135813	-2.658866	129	2	34	769.204
-1.047198	1.413347	-1.339188	118	6	110	769.186
-0.785398	1.756530	-2.105156	116	21	105	769.145
0.261799	1.367556	0.358405	118	139	37	769.015
-1.308997	2.295480	1.008277	124	130	37	769.000
0.261799	0.961715	0.014085	124	2	119	768.905
-1.047198	0.674054	1.013609	118	143	128	768.771
-1.832596	2.251330	-2.330739	131	137	29	768.699
-2.879793	0.960688	-0.577532	103	4	123	768.534
-2.094395	1.824694	1.850876	24	112	34	768.311
-0.785398	2.251330	-2.330739	119	141	31	768.148
2.879793	2.704512	1.488683	111	20	113	768.142
2.617994	2.349581	-2.702517	139	132	33	768.113
-0.261799	0.640596	-2.797608	114	7	108	768.021
1.308997	2.704512	1.488683	136	133	35	767.994
2.617994	2.592629	0.909713	116	19	110	767.941
-2.879793	0.700570	1.559208	118	11	112	767.862
0.785398	2.664082	-1.071402	134	0	32	767.855
-2.879793	0.615174	-0.666022	139	17	109	767.716
-1.832596	1.869911	2.701025	125	133	38	767.605
0.785398	2.001437	0.381215	127	125	36	767.552
2.094395	0.591903	2.010408	114	142	123	767.520
0.785398	2.164094	-2.991358	128	127	34	767.434
2.356194	0.674054	1.013609	134	125	136	767.398
0.523599	0.709924	0.218797	115	4	29	767.299
-2.356194	0.762244	-0.273349	99	19	113	767.254
-2.879793	0.571433	-1.188419	1	19	108	767.074
0.523599	1.242974	-2.977882	105	5	116	767.069
0.523599	1.417623	-0.202254	127	143	35	767.035
-1.832596	1.335669	0.897240	133	124	37	767.010
0.000000	1.256302	0.062705	126	143	36	766.949
1.308997	2.379497	0.561089	109	20	120	766.722
2.617994	1.741644	-2.695914	114	5	111	766.717
0.261799	1.374601	-2.456031	122	124	31	766.645
2.356194	1.242974	-2.977882	114	6	112	766.642
1.047198	2.001437	0.381215	127	130	37	766.621
0.785398	0.496451	0.593859	119	36	108	766.600
1.308997	2.881233	-2.582574	117	124	30	766.461
-1.047198	1.599406	1.426070	33	119	34	766.451
-3.141593	1.836682	-0.676006	118	4	112	766.423
-3.141593	2.724429	-0.348782	118	142	117	766.268
0.785398	1.413430	2.550734	102	11	113	766.193
-1.570796	2.979456	-1.009304	126	127	33	766.180
1.570796	1.168678	2.108595	134	133	39	766.159
2.094395	1.134796	2.434290	131	129	38	766.022
2.879793	0.762244	-0.273349	118	19	106	766.000
2.617994	1.870545	-2.976234	41	107	15	765.984
2.094395	2.587733	0.232235	136	135	36	765.980
-1.308997	0.762244	-0.273349	110	4	115	765.931
-3.141593	1.440580	2.260026	121	4	121	765.919
-0.261799	1.440580	2.260026	7	4	42	765.912
-2.356194	0.591903	2.010408	124	124	39	765.907
-1.832596	1.504028	0.636812	27	101	12	765.902
0.261799	2.295480	1.008277	128	135	36	765.749
0.000000	2.724429	-0.348782	136	128	33	765.635
-1.308997	1.683268	0.374177	110	2	114	765.597
-2.617994	2.104282	-0.813972	120	8	106	765.501
-2.094395	1.367556	0.358405	108	1	122	765.344
2.356194	2.396274	-1.959260	111	2	112	765.282
-3.141593	1.909857	-0.381669	112	4	115	765.178
0.000000	0.674054	1.013609	49	6	18	765.160
-0.523599	1.448123	-2.163292	113	122	28	765.143
1.832596	0.866395	-2.492918	108	12	113	765.068
-3.141593	2.295480	1.008277	123	138	38	764.910
1.308997	0.618092	2.539118	115	1	117	764.834
1.047198	1.617114	-1.572037	122	124	23	764.705
-0.785398	1.247695	1.809890	132	129	37	764.688
-2.879793	2.396274	-1.959260	135	133	29	764.642
2.094395	2.174483	2.653697	133	124	33	764.622
2.356194	2.115563	0.685730	101	17	119	764.567
-2.356194	1.824694	1.850876	114	5	125	764.456
1.832596	0.297065	2.160177	118	118	27	763.981
-3.141593	2.863997	0.549740	113	122	28	763.800
0.523599	1.869911	2.701025	129	120	35	763.771
1.832596	1.413430	2.550734	118	139	37	763.741
-2.094395	1.301460	-0.509251	105	17	106	763.738
-2.879793	0.910508	1.903534	122	134	36	763.738
2.356194	1.554776	0.100351	116	16	106	763.610
-0.785398	2.033014	2.977192	19	20	26	763.586
1.047198	1.256302	0.062705	114	140	36	763.436
2.094395	2.881233	-2.582574	121	123	31	763.364
1.308997	0.762244	-0.273349	125	40	105	763.349
1.570796	2.760637	2.781135	120	127	32	763.048
-1.047198	0.866955	-0.931351	118	142	115	763.004
0.785398	1.417623	-0.202254	127	4	115	762.890
-0.261799	1.045978	0.343692	123	0	34	762.862
1.308997	2.295480	1.008277	124	16	116	762.766
2.356194	2.251330	-2.330739	128	130	31	762.626
-1.832596	1.809167	1.213774	126	136	40	762.531
-1.570796	1.812176	0.656819	111	4	113	762.489
1.832596	1.599406	1.426070	126	126	39	762.461
1.308997	0.615174	-0.666022	119	9	111	762.440
0.000000	1.413347	-1.339188	115	43	115	762.247
-2.094395	1.617114	-1.572037	114	7	19	762.176
2.094395	1.977582	0.969896	128	127	37	762.174
-1.570796	0.591903	2.010408	134	132	37	762.046
2.356194	1.736875	3.023612	127	135	38	761.929
-1.832596	1.824694	1.850876	127	0	39	761.924
-2.094395	0.864993	2.278281	48	124	20	761.903
1.832596	2.760637	2.781135	132	123	32	761.886
1.308997	2.108018	1.311430	30	10	35	761.864
0.523599	1.433411	-1.035986	107	9	110	761.812
-0.785398	1.218453	2.777284	25	25	20	761.688
-0.523599	1.721184	-0.153948	133	42	121	761.576
-2.094395	2.063651	-2.044600	131	141	29	761.456
0.000000	0.700570	1.559208	136	47	134	761.441
1.047198	0.685216	-1.712745	114	142	120	761.291
-3.141593	0.379747	-1.713059	139	19	107	761.281
-2.879793	0.418037	1.360082	117	9	111	761.188
2.617994	1.875281	0.107086	108	10	113	761.178
0.000000	2.033014	2.977192	126	132	36	761.124
2.617994	0.080730	-2.622036	114	4	119	761.112
0.523599	0.914445	2.687814	106	9	111	761.072
-1.308997	2.174483	2.653697	118	134	37	761.068
2.356194	0.370812	-2.547742	39	109	2	761.057
2.356194	1.413347	-1.339188	104	11	119	760.907
2.094395	1.335669	0.897240	117	134	39	760.861
2.879793	2.033014	2.977192	41	119	28	760.678
-1.308997	0.419640	2.974122	130	131	38	760.672
1.047198	1.195355	1.200319	126	142	37	760.616
0.261799	2.104282	-0.813972	113	1	17	760.559
-2.617994	2.984978	1.954446	126	2	33	760.481
-0.785398	1.696674	-1.253233	33	18	11	760.461
1.832596	1.310100	1.488307	99	29	124	760.438
1.047198	2.041297	-2.664597	120	128	33	760.295
1.308997	2.349581	-2.702517	135	123	33	760.095
-0.261799	1.050534	3.042579	124	124	36	760.092
-2.617994	0.961715	0.014085	130	127	32	759.758
2.879793	2.881233	-2.582574	109	3	119	759.686
1.570796	1.869911	2.701025	5	109	38	759.618
1.570796	2.881233	-2.582574	119	124	30	759.558
-1.570796	1.554776	0.100351	113	3	113	759.545
0.785398	2.881233	-2.582574	112	1	116	759.475
2.356194	1.218453	2.777284	115	3	117	759.124
-0.261799	2.115563	0.685730	126	135	37	759.055
-0.523599	1.909857	-0.381669	137	40	126	759.037
1.570796	1.683268	0.374177	113	16	116	758.974
-0.261799	2.153910	-1.714959	113	1	25	758.963
-1.308997	2.579248	-2.364801	122	139	31	758.919
0.000000	1.875281	0.107086	2	39	123	758.857
-2.879793	2.001437	0.381215	111	4	113	758.705
-0.785398	1.050534	3.042579	134	45	125	758.609
2.356194	1.195355	1.200319	99	22	119	758.606
-1.308997	0.685216	-1.712745	119	1	116	758.594
1.308997	2.033014	2.977192	140	132	37	758.490
2.879793	2.174483	2.653697	128	143	37	758.393
-1.570796	1.756530	-2.105156	136	45	115	758.376
-2.356194	1.214854	-1.966664	126	143	29	758.375
0.523599	2.073035	2.027405	120	126	37	758.356
-2.617994	1.374601	-2.456031	132	141	32	758.235
-1.570796	1.574060	2.783565	104	12	128	758.224
-1.308997	1.721184	-0.153948	109	4	112	758.167
0.785398	1.113094	-0.272241	120	6	116	758.161
1.570796	2.295480	1.008277	138	134	36	758.120
0.000000	2.174483	2.653697	121	139	122	758.096
-1.832596	1.766067	2.153843	125	124	37	757.903
-2.356194	1.606104	-0.451151	123	10	105	757.860
1.832596	1.904882	-1.478089	108	13	107	757.787
1.047198	1.367556	0.358405	130	50	125	757.764
1.570796	2.379497	0.561089	109	18	120	757.581
-2.879793	0.733948	3.021411	122	13	112	757.438
-0.261799	0.733948	3.021411	124	128	39	757.411
0.000000	1.014500	0.906702	35	20	4	757.398
0.000000	2.104282	-0.813972	115	2	18	757.379
-2.617994	1.696674	-1.253233	110	0	123	757.280
-1.832596	1.025536	1.576859	37	111	27	757.174
-2.617994	1.045978	0.343692	106	8	114	757.139
-1.047198	1.135834	-1.431087	113	5	111	757.045
0.000000	1.606104	-0.451151	11	137	119	756.770
-2.094395	0.700570	1.559208	3	2	119	756.745
1.832596	1.721184	-0.153948	107	15	138	756.487
-1.570796	1.413430	2.550734	24	8	39	756.467
0.000000	1.194549	-0.801900	120	0	113	756.109
1.832596	1.168678	2.108595	127	138	40	756.089
1.047198	2.704512	1.488683	136	128	34	756.047
2.356194	1.699788	2.452890	122	137	39	756.041
-1.570796	1.134796	2.434290	129	135	38	756.000
-1.832596	2.343981	-1.040456	112	0	131	755.822
0.523599	2.579248	-2.364801	103	4	118	755.662
2.356194	1.247695	1.809890	101	17	126	755.653
-2.356194	2.587733	0.232235	108	5	112	755.652
1.832596	0.591903	2.010408	133	143	38	755.603
-1.047198	1.413430	2.550734	112	21	116	755.527
-3.141593	0.899350	-2.069907	114	10	111	755.482
-1.832596	0.571433	-1.188419	108	4	113	755.371
0.261799	1.998705	2.370472	129	141	122	755.324
0.523599	2.174483	2.653697	123	140	128	755.164
-1.047198	0.379747	-1.713059	111	4	111	755.151
-2.617994	1.256302	0.062705	101	11	117	755.105
-3.141593	1.448123	-2.163292	131	138	30	754.955
-1.047198	2.979456	-1.009304	129	129	34	754.851
-2.879793	1.134497	-1.109631	110	5	114	754.825
1.832596	0.961715	0.014085	121	22	104	754.822
-2.879793	0.762244	-0.273349	102	30	107	754.803
2.356194	2.592629	0.909713	116	20	110	754.659
2.356194	0.297065	2.160177	127	5	110	754.502
2.094395	2.138223	1.678323	119	138	37	754.490
-0.523599	1.433411	-1.035986	127	41	109	754.479
-1.308997	0.831641	0.616218	113	143	121	754.417
-1.570796	1.699788	2.452890	128	130	38	754.384
0.523599	1.662363	0.915448	30	27	11	754.375
-2.094395	2.164094	-2.991358	103	23	122	754.315
-2.094395	2.041297	-2.664597	133	133	30	754.252
2.879793	2.247462	0.191623	120	141	37	754.184
-1.047198	1.998705	2.370472	128	129	37	754.181
-2.617994	1.413430	2.550734	128	133	37	754.180
0.523599	2.187132	-0.479875	8	45	131	754.117
-2.356194	0.618092	2.539118	124	17	111	754.003
-1.308997	2.153910	-1.714959	142	46	132	753.992
2.617994	1.846342	-1.796954	116	6	107	753.864
-1.308997	2.881233	-2.582574	103	17	108	753.778
-1.047198	2.478122	2.609777	122	128	34	753.595
0.523599	2.299159	2.264663	29	16	21	753.492
-3.141593	0.961715	0.014085	96	26	115	753.419
1.832596	1.948085	-2.363031	114	2	110	753.318
0.523599	2.637879	2.121598	108	1	127	753.313
-2.617994	2.180315	-1.357379	119	123	27	753.312
2.879793	1.242974	-2.977882	117	5	129	753.308
-2.356194	1.504028	0.636812	18	101	10	753.270
2.617994	2.089241	-0.114193	103	12	135	753.230
-1.570796	2.115563	0.685730	26	102	21	753.160
-1.570796	1.433411	-1.035986	113	141	20	753.005
1.832596	2.349581	-2.702517	1	125	35	752.984
-1.308997	1.506530	1.988858	129	131	36	752.916
1.832596	2.704512	1.488683	115	24	111	752.764
-0.261799	1.554776	0.100351	136	43	123	752.652
1.832596	1.555207	1.708892	112	133	36	752.617
-1.047198	2.863997	0.549740	124	127	35	752.573
-0.261799	1.184361	0.625864	117	143	35	752.541
-2.356194	1.247695	1.809890	113	2	125	752.486
0.785398	1.325504	-1.671296	105	3	122	752.471
-2.356194	2.396274	-1.959260	131	140	29	752.373
0.261799	2.456751	-1.503343	111	139	25	752.326
-0.523599	0.733948	3.021411	123	129	39	752.283
-2.356194	1.977582	0.969896	133	139	38	752.255
0.261799	2.588535	-2.976617	113	10	30	751.996
2.094395	2.664082	-1.071402	112	7	108	751.957
2.617994	1.128190	-2.288622	120	9	109	751.835
1.047198	1.325504	-1.671296	132	125	26	751.798
-0.785398	2.863997	0.549740	21	125	39	751.753
-1.047198	2.393226	1.857173	118	142	36	751.628
1.047198	0.618092	2.539118	111	2	118	751.614
-1.308997	0.914445	2.687814	127	136	38	751.590
-1.832596	1.812176	0.656819	110	1	118	751.585
0.523599	2.704512	1.488683	125	132	35	751.416
-0.523599	1.696674	-1.253233	132	44	121	751.387
2.617994	2.719179	-1.780644	110	143	118	751.385
0.000000	2.396274	-1.959260	111	138	29	751.137
2.879793	0.709924	0.218797	125	118	31	751.095
-0.523599	1.413347	-1.339188	131	43	117	750.938
-2.879793	1.696674	-1.253233	110	2	121	750.631
-0.785398	2.115563	0.685730	139	34	132	750.552
-1.308997	1.846342	-1.796954	134	44	113	750.503
-2.879793	0.914445	2.687814	129	135	39	750.478
0.523599	0.733948	3.021411	106	4	118	750.439
-3.141593	2.396274	-1.959260	132	133	29	750.315
-2.094395	1.510910	-0.740472	10	128	124	750.198
0.523599	1.367556	0.358405	115	137	37	750.149
-3.141593	2.379497	0.561089	114	142	35	750.043
0.000000	0.866955	-0.931351	113	0	116	750.027
0.000000	0.615174	-0.666022	105	3	119	749.980
-2.879793	1.335669	0.897240	104	6	123	749.943
-2.617994	1.168678	2.108595	116	2	130	749.897
2.094395	1.766067	2.153843	12	125	45	749.845
2.617994	0.899350	-2.069907	120	13	107	749.818
-1.308997	1.168678	2.108595	128	130	38	749.663
2.094395	1.812176	0.656819	102	21	115	749.641
1.570796	1.417623	-0.202254	121	141	35	749.616
-1.832596	1.948085	-2.363031	127	0	33	749.613
-1.570796	2.001437	0.381215	114	6	108	749.577
-2.356194	0.674054	1.013609	109	2	119	749.569
-2.094395	2.108018	1.311430	123	138	39	749.555
-1.570796	1.545873	-1.877082	125	141	27	749.397
1.832596	2.587733	0.232235	136	135	36	749.371
-1.308997	2.863997	0.549740	124	121	32	749.315
2.879793	2.984978	1.954446	134	139	33	749.173
-1.570796	2.881233	-2.582574	103	20	108	749.104
-0.523599	1.824694	1.850876	36	6	31	749.072
1.570796	0.458961	-0.107937	117	30	106	749.059
-2.094395	2.456751	-1.503343	132	123	27	749.051
1.570796	2.033014	2.977192	135	132	36	748.971
-3.141593	1.242974	-2.977882	133	127	36	748.857
-2.879793	1.875281	0.107086	97	8	129	748.844
1.308997	1.413347	-1.339188	135	126	23	748.789
0.523599	2.356369	3.005869	120	143	120	748.711
-1.570796	0.906588	1.252948	116	142	129	748.645
-1.308997	2.073035	2.027405	127	124	35	748.600
-0.261799	1.662363	0.915448	137	42	129	748.584
2.356194	2.104282	-0.813972	97	18	114	748.564
-1.832596	0.591903	2.010408	121	26	110	748.549
-1.308997	1.214854	-1.966664	124	141	27	748.491
-0.261799	0.618092	2.539118	6	44	135	748.434
0.523599	2.033014	2.977192	101	5	124	748.386
0.523599	1.440580	2.260026	127	134	39	748.331
1.308997	1.413430	2.550734	113	4	111	748.222
-2.356194	0.080730	-2.622036	114	20	109	748.148
0.523599	1.184361	0.625864	7	39	124	748.038
2.617994	2.664082	-1.071402	99	9	118	747.749
-1.047198	2.174483	2.653697	121	133	37	747.727
1.570796	1.599406	1.426070	114	139	36	747.655
-2.356194	0.906588	1.252948	129	125	37	747.635
1.308997	1.440580	2.260026	123	138	39	747.506
0.523599	1.574060	2.783565	107	7	119	747.422
-1.832596	1.168678	2.108595	46	128	26	747.388
0.261799	1.135813	-2.658866	117	127	35	747.288
0.785398	1.247695	1.809890	130	138	36	747.261
-1.047198	1.433411	-1.035986	124	3	109	747.247
2.094395	0.640596	-2.797608	123	3	114	747.193
-1.570796	2.153910	-1.714959	127	4	25	747.154
2.094395	2.108018	1.311430	132	122	33	747.117
2.879793	2.637879	2.121598	111	26	114	747.000
-0.523599	0.700570	1.559208	116	16	119	746.971
-2.879793	2.664082	-1.071402	26	109	28	746.840
2.094395	1.242974	-2.977882	111	7	113	746.824
0.000000	2.587733	0.232235	128	130	36	746.652
0.785398	1.195355	1.200319	127	141	37	746.552
1.832596	1.413347	-1.339188	125	130	23	746.536
-0.785398	2.455966	-0.641220	133	122	34	746.458
0.000000	2.719179	-1.780644	128	4	28	746.457
1.047198	1.417623	-0.202254	118	143	36	746.390
-1.047198	0.458961	-0.107937	110	0	124	746.379
0.261799	2.174483	2.653697	128	130	37	746.341
-2.617994	0.619654	-2.216909	130	0	37	746.084
0.261799	1.756530	-2.105156	123	131	27	746.033
1.047198	1.134796	2.434290	108	5	113	745.829
-1.308997	1.045978	0.343692	109	0	122	745.780
2.094395	2.251330	-2.330739	115	0	112	745.675
-0.261799	2.164094	-2.991358	118	130	36	745.666
0.785398	2.174483	2.653697	125	137	37	745.642
0.261799	2.407836	1.410646	123	130	38	745.634
1.047198	2.033014	2.977192	133	123	34	745.612
-1.047198	0.864993	2.278281	132	134	37	745.589
-0.523599	1.113094	-0.272241	137	130	30	745.490
2.617994	2.379497	0.561089	119	141	37	745.367
1.047198	0.379747	-1.713059	16	98	4	745.312
-2.617994	2.407836	1.410646	127	137	36	745.000
0.000000	2.164094	-2.991358	17	26	14	744.953
-2.094395	2.295480	1.008277	106	5	117	744.773
-0.785398	0.961715	0.014085	111	7	110	744.768
-1.047198	2.579248	-2.364801	121	140	30	744.616
-2.617994	0.910508	1.903534	115	1	126	744.604
-2.617994	2.396274	-1.959260	127	138	30	744.587
1.047198	1.683268	0.374177	129	51	126	744.516
-2.617994	1.113094	-0.272241	112	1	117	744.497
-1.832596	1.662363	0.915448	104	2	125	744.441
0.000000	0.960688	-0.577532	119	1	114	744.382
1.047198	2.881233	-2.582574	108	0	126	744.344
0.261799	2.404280	-0.174044	29	18	26	744.047
-3.141593	1.135813	-2.658866	116	7	114	744.014
-2.094395	1.113094	-0.272241	131	129	32	743.797
-2.356194	2.349581	-2.702517	133	138	32	743.733
-0.785398	0.866955	-0.931351	118	2	110	743.702
-1.832596	0.899350	-2.069907	128	45	110	743.663
-0.523599	1.756530	-2.105156	112	0	29	743.579
-0.523599	1.128190	-2.288622	139	41	127	743.576
-0.785398	0.850607	-1.335383	116	1	114	743.490
-3.141593	2.404280	-0.174044	98	10	123	743.466
1.832596	2.108018	1.311430	28	22	25	743.391
-2.879793	1.195355	1.200319	112	137	32	743.329
-2.617994	0.419640	2.974122	124	135	41	743.302
2.617994	1.488617	1.159546	99	15	127	743.257
-2.879793	0.370812	-2.547742	17	10	118	742.932
2.617994	2.393226	1.857173	132	138	37	742.700
1.308997	1.135834	-1.431087	104	24	114	742.683
-2.617994	1.504028	0.636812	130	128	38	742.642
-1.570796	2.719179	-1.780644	133	129	31	742.603
-0.523599	2.393226	1.857173	118	131	37	742.484
1.047198	1.218453	2.777284	113	8	108	742.426
2.356194	2.349581	-2.702517	35	19	11	742.414
0.000000	2.881233	-2.582574	126	135	31	742.301
-0.785398	2.592629	0.909713	125	119	35	742.296
0.785398	2.299159	2.264663	13	109	39	742.096
-0.261799	1.809167	1.213774	132	133	38	741.938
0.261799	1.417623	-0.202254	129	142	36	741.927
-0.523599	1.812176	0.656819	139	38	129	741.912
-1.570796	2.456751	-1.503343	132	126	30	741.893
-1.308997	2.719179	-1.780644	123	142	30	741.887
2.879793	1.391910	3.030322	133	132	37	741.850
-2.356194	1.756530	-2.105156	135	135	28	741.840
-3.141593	2.760637	2.781135	125	141	33	741.836
-1.832596	2.863997	0.549740	121	130	35	741.726
1.308997	2.164094	-2.991358	112	143	117	741.492
-0.785398	1.736875	3.023612	21	22	23	741.141
1.308997	1.574060	2.783565	142	105	34	741.026
-3.141593	0.571433	-1.188419	111	10	112	740.981
1.047198	2.138223	1.678323	126	131	38	740.846
-1.832596	2.174483	2.653697	120	135	37	740.525
-1.570796	2.073035	2.027405	125	124	35	740.516
1.047198	2.478122	2.609777	97	12	122	740.389
-2.094395	0.914445	2.687814	125	140	39	740.240
2.617994	1.025536	1.576859	113	4	119	740.129
1.832596	2.247462	0.191623	132	135	36	739.982
1.308997	2.863997	0.549740	143	47	130	739.914
1.832596	1.025536	1.576859	100	29	121	739.745
0.261799	1.732874	-0.951685	8	42	128	739.742
0.785398	0.290380	-0.796960	34	135	130	739.622
-3.141593	0.370812	-2.547742	128	140	37	739.333
-1.832596	1.569311	-3.003978	118	2	34	739.274
1.570796	2.588535	-2.976617	129	129	34	739.167
-0.785398	2.180315	-1.357379	139	124	28	738.943
-1.832596	2.455966	-0.641220	45	120	18	738.900
-1.308997	2.104282	-0.813972	113	14	106	738.898
-0.785398	1.417623	-0.202254	116	143	114	738.857
0.523599	1.510910	-0.740472	142	45	139	738.848
-2.617994	2.153910	-1.714959	117	1	115	738.807
-1.570796	0.866955	-0.931351	102	20	108	738.751
-1.047198	1.488617	1.159546	42	114	24	738.697
-0.261799	2.180315	-1.357379	112	3	21	738.322
-0.261799	1.599406	1.426070	128	138	39	738.257
2.356194	0.864993	2.278281	117	143	124	738.213
1.832596	1.766067	2.153843	118	126	38	738.005
2.617994	0.866395	-2.492918	111	12	111	737.869
0.785398	1.683268	0.374177	123	130	37	737.790
2.879793	1.982574	-1.115518	118	5	109	737.696
2.879793	1.128190	-2.288622	112	8	114	737.688
1.832596	1.184361	0.625864	99	29	121	737.515
1.570796	1.135834	-1.431087	123	1	112	737.460
-1.047198	1.256302	0.062705	121	1	112	737.438
-2.617994	2.724429	-0.348782	112	1	119	737.379
-2.356194	1.545873	-1.877082	124	1	26	737.333
1.047198	2.187132	-0.479875	116	12	106	737.333
-0.261799	2.863997	0.549740	131	129	33	737.208
1.308997	0.850607	-1.335383	19	140	120	737.068
-0.785398	2.724429	-0.348782	130	124	34	736.994
-2.879793	1.736875	3.023612	138	137	37	736.903
-0.785398	2.089241	-0.114193	29	24	0	736.812
0.261799	0.571433	-1.188419	113	143	124	736.628
0.261799	2.984978	1.954446	119	142	123	736.541
-0.261799	2.396274	-1.959260	113	140	28	736.364
0.785398	1.134497	-1.109631	113	4	112	736.345
-0.261799	1.168678	2.108595	129	47	128	736.209
-2.879793	1.168678	2.108595	112	3	131	736.200
-1.047198	2.299159	2.264663	128	126	34	736.117
-2.356194	0.910508	1.903534	118	130	39	736.052
-2.879793	1.741644	-2.695914	130	142	33	736.034
-2.617994	1.194549	-0.801900	109	8	108	735.938
1.570796	1.617114	-1.572037	110	15	106	735.739
1.570796	2.247462	0.191623	110	14	122	735.594
-0.261799	1.555207	1.708892	126	125	37	735.586
0.000000	2.108018	1.311430	44	114	23	735.514
-3.141593	1.545873	-1.877082	115	7	108	735.347
0.261799	0.674054	1.013609	122	6	130	735.188
2.094395	0.618092	2.539118	122	140	121	735.139
-0.523599	0.496451	0.593859	113	2	128	735.067
1.047198	1.869911	2.701025	115	6	114	734.984
1.570796	0.618092	2.539118	121	2	113	734.960
-2.879793	2.863997	0.549740	102	4	120	734.772
-0.785398	1.168678	2.108595	119	15	119	734.750
2.356194	2.579248	-2.364801	132	127	32	734.723
1.832596	2.664082	-1.071402	118	4	111	734.620
-1.570796	2.063651	-2.044600	124	4	29	734.447
0.261799	1.014500	0.906702	115	15	123	734.374
