144	1.2	0
-2.356194	1.574060	2.783565
0.000000	0.000000	0.000000
../data/3_zdock/HER2_m.pdb	37.529	5.447	5.464
../data/3_zdock/antibody_m/l12_3.pdb	-0.983	9.199	-1.449
1.047198	1.134497	-1.109631	112	9	107	1277.505
1.308997	2.180315	-1.357379	103	5	122	1250.805
0.785398	2.041297	-2.664597	120	133	33	1250.571
2.356194	1.554776	0.100351	116	14	105	1250.120
-2.879793	0.419640	2.974122	115	3	119	1243.158
2.094395	2.579248	-2.364801	128	129	34	1240.929
0.785398	2.349581	-2.702517	124	129	33	1233.182
0.523599	1.948085	-2.363031	128	125	35	1232.564
-1.832596	2.588535	-2.976617	129	137	36	1228.581
2.356194	1.242974	-2.977882	121	142	38	1216.476
2.094395	1.554776	0.100351	124	8	109	1208.666
-2.879793	0.914445	2.687814	117	0	130	1207.600
-3.141593	1.242974	-2.977882	127	135	39	1205.570
1.570796	1.554776	0.100351	118	7	110	1192.289
-3.141593	1.977582	0.969896	110	8	112	1188.937
2.879793	1.809167	1.213774	105	14	112	1178.988
-2.617994	0.910508	1.903534	112	0	123	1177.936
-2.879793	1.545873	-1.877082	40	117	25	1163.181
1.308997	1.696674	-1.253233	110	6	113	1162.716
-2.879793	0.618092	2.539118	115	0	125	1161.703
2.094395	1.417623	-0.202254	116	10	109	1153.510
2.356194	1.050534	3.042579	115	142	37	1151.006
-1.308997	2.356369	3.005869	131	141	37	1147.750
2.879793	1.977582	0.969896	107	10	112	1147.257
-0.785398	2.174483	2.653697	128	136	37	1146.836
2.879793	2.247462	0.191623	112	2	118	1136.717
1.308997	0.290380	-0.796960	120	7	109	1129.553
1.832596	2.349581	-2.702517	123	131	35	1129.144
1.308997	2.456751	-1.503343	105	4	125	1128.253
-1.570796	1.218453	2.777284	129	125	36	1126.923
-1.308997	2.033014	2.977192	131	127	35	1126.255
1.832596	1.417623	-0.202254	126	4	110	1116.384
-2.094395	1.413430	2.550734	130	138	35	1111.073
1.832596	1.554776	0.100351	121	7	109	1110.723
-1.047198	1.875281	0.107086	113	6	112	1108.908
-0.261799	2.588535	-2.976617	122	121	33	1108.673
-0.261799	2.164094	-2.991358	124	134	38	1107.788
-2.094395	1.440580	2.260026	128	134	35	1107.117
1.570796	1.301460	-0.509251	108	9	116	1102.411
-1.832596	0.674054	1.013609	110	3	117	1100.710
-2.879793	1.134796	2.434290	102	9	127	1100.613
2.879793	2.404280	-0.174044	114	5	111	1093.164
-3.141593	1.569311	-3.003978	125	141	40	1092.568
2.094395	1.413347	-1.339188	134	128	30	1091.980
2.356194	0.080730	-2.622036	113	0	120	1089.453
-2.094395	0.906588	1.252948	109	1	119	1089.056
-1.832596	2.881233	-2.582574	138	135	37	1088.787
1.047198	2.063651	-2.044600	130	122	34	1088.420
-2.879793	1.195355	1.200319	118	0	118	1088.258
1.570796	2.033014	2.977192	128	127	36	1087.598
-3.141593	2.247462	0.191623	116	0	118	1087.227
-2.094395	1.134796	2.434290	114	1	126	1086.597
0.785398	2.164094	-2.991358	126	134	35	1082.436
-1.308997	2.247462	0.191623	114	8	110	1082.167
-3.141593	1.574060	2.783565	130	112	27	1082.060
-1.308997	0.418037	1.360082	119	10	108	1082.029
-0.261799	1.374601	-2.456031	21	16	31	1081.465
1.308997	1.256302	0.062705	118	6	111	1081.270
1.308997	1.325504	-1.671296	109	1	125	1081.061
1.570796	1.510910	-0.740472	114	1	114	1080.529
2.356194	1.683268	0.374177	111	16	105	1079.750
-1.832596	2.187132	-0.479875	119	17	106	1078.641
2.356194	1.721184	-0.153948	118	8	106	1078.233
2.094395	2.104282	-0.813972	108	2	117	1076.961
2.094395	1.869911	2.701025	129	130	36	1076.465
-3.141593	1.391910	3.030322	121	138	39	1074.009
1.308997	0.850607	-1.335383	116	4	111	1072.923
-0.785398	2.349581	-2.702517	120	125	33	1071.837
2.879793	1.450119	-2.739050	128	138	40	1064.847
-1.832596	2.356369	3.005869	129	140	36	1064.813
-2.356194	0.899350	-2.069907	129	142	35	1064.626
1.832596	2.343981	-1.040456	109	2	119	1063.921
-0.523599	0.203748	0.590255	116	11	107	1063.196
2.356194	1.218453	2.777284	117	141	38	1062.881
2.617994	1.218453	2.777284	116	139	39	1062.270
2.617994	2.041297	-2.664597	131	0	37	1062.017
-2.094395	0.619654	-2.216909	131	140	36	1060.574
2.094395	1.606104	-0.451151	119	4	110	1060.518
1.832596	1.194549	-0.801900	114	5	113	1058.741
-3.141593	2.001437	0.381215	113	3	115	1058.035
-2.617994	1.413430	2.550734	106	5	130	1057.706
-1.308997	2.579248	-2.364801	130	142	35	1057.699
-2.356194	0.685216	-1.712745	131	0	33	1054.981
-3.141593	2.115563	0.685730	114	5	111	1053.067
-1.047198	2.356369	3.005869	133	141	37	1052.756
1.047198	1.045978	0.343692	121	7	109	1052.336
1.047198	2.153910	-1.714959	102	5	128	1052.319
-2.617994	0.899350	-2.069907	131	139	35	1052.049
-1.047198	2.001437	0.381215	114	4	113	1051.105
1.570796	1.113094	-0.272241	112	11	111	1050.393
0.523599	1.658653	-2.409879	126	130	37	1050.068
-2.094395	0.591903	2.010408	118	6	112	1049.805
-3.141593	1.662363	0.915448	111	12	108	1048.900
-2.879793	0.864993	2.278281	101	10	123	1047.910
2.094395	2.881233	-2.582574	132	133	35	1047.642
-0.523599	1.135813	-2.658866	24	23	22	1046.055
0.785398	1.904882	-1.478089	114	1	116	1045.668
2.356194	2.579248	-2.364801	131	129	34	1044.469
-3.141593	1.736875	3.023612	121	134	37	1044.046
1.570796	2.343981	-1.040456	104	5	119	1043.606
-0.785398	2.588535	-2.976617	128	140	36	1042.771
-2.094395	1.247695	1.809890	127	126	34	1042.677
0.000000	2.356369	3.005869	127	136	37	1042.453
-0.523599	1.756530	-2.105156	126	137	35	1041.367
-3.141593	2.478122	2.609777	114	21	113	1040.551
-3.141593	0.733948	3.021411	117	143	130	1040.541
2.617994	2.033014	2.977192	127	135	37	1039.327
-2.617994	1.242974	-2.977882	131	132	38	1038.205
-3.141593	2.407836	1.410646	125	128	37	1037.824
-1.570796	2.164094	-2.991358	128	140	37	1037.186
2.879793	2.089241	-0.114193	112	3	112	1035.898
0.261799	2.979456	-1.009304	133	138	36	1035.486
0.261799	2.164094	-2.991358	121	137	37	1035.227
1.832596	1.606104	-0.451151	124	0	114	1034.219
2.617994	1.812176	0.656819	107	15	107	1033.579
2.617994	1.736875	3.023612	124	134	37	1033.149
2.356194	2.164094	-2.991358	130	130	36	1032.829
0.785398	2.299159	2.264663	131	131	39	1032.153
1.047198	2.396274	-1.959260	114	143	124	1031.271
1.570796	1.417623	-0.202254	119	2	115	1029.919
2.617994	2.407836	1.410646	100	15	114	1028.098
1.832596	1.510910	-0.740472	119	1	112	1027.974
-0.785398	2.164094	-2.991358	124	122	35	1027.736
-1.308997	1.809167	1.213774	108	2	120	1027.371
0.261799	1.982574	-1.115518	107	4	118	1026.809
2.617994	1.662363	0.915448	105	19	107	1026.337
2.617994	1.948085	-2.363031	136	142	37	1024.935
-2.879793	1.242974	-2.977882	127	135	39	1024.587
-2.356194	1.335669	0.897240	107	5	115	1024.044
-2.356194	1.413430	2.550734	109	2	130	1022.942
-1.570796	0.831641	0.616218	112	6	111	1022.835
-3.141593	2.404280	-0.174044	118	5	111	1022.355
2.094395	1.256302	0.062705	130	11	106	1021.793
-2.617994	1.555207	1.708892	114	0	122	1021.574
-2.617994	1.367556	0.358405	132	123	25	1021.468
2.879793	2.033014	2.977192	126	136	37	1020.395
-2.356194	1.195355	1.200319	106	2	119	1020.155
2.094395	2.164094	-2.991358	130	128	36	1018.777
1.047198	2.349581	-2.702517	125	129	34	1018.541
2.094395	2.033014	2.977192	124	133	37	1017.933
2.094395	1.301460	-0.509251	118	10	106	1016.782
2.879793	1.662363	0.915448	109	14	108	1016.712
1.832596	1.948085	-2.363031	129	133	38	1016.536
-3.141593	1.809167	1.213774	106	11	112	1016.286
-2.879793	0.640596	-2.797608	132	125	36	1016.040
2.356194	1.836682	-0.676006	113	4	111	1015.759
1.308997	0.992645	-1.723759	110	2	121	1015.614
-1.570796	1.135834	-1.431087	127	143	31	1014.998
2.617994	2.396274	-1.959260	131	124	33	1013.659
0.785398	1.948085	-2.363031	131	123	36	1013.385
2.094395	1.135834	-1.431087	116	1	115	1012.858
0.000000	1.450119	-2.739050	131	132	38	1012.780
2.617994	0.080730	-2.622036	118	143	120	1012.250
-2.356194	0.297065	2.160177	116	143	121	1010.047
2.356194	1.391910	3.030322	122	139	39	1009.484
1.308997	1.134497	-1.109631	116	7	107	1007.190
0.261799	1.836682	-0.676006	107	4	115	1006.347
1.308997	1.554776	0.100351	114	7	110	1005.679
1.832596	2.164094	-2.991358	118	134	35	1005.126
1.832596	0.618092	2.539118	133	136	37	1004.340
0.523599	0.831641	0.616218	120	6	111	1003.846
1.308997	0.961715	0.014085	122	4	113	1003.729
-1.832596	1.554776	0.100351	120	19	100	1002.949
-1.047198	1.194549	-0.801900	128	137	26	1002.758
-2.617994	1.168678	2.108595	114	143	129	1001.867
1.047198	1.948085	-2.363031	129	129	35	1001.771
-2.094395	1.506530	1.988858	125	132	35	1001.710
-1.570796	2.984978	1.954446	106	7	113	1000.338
1.308997	1.904882	-1.478089	104	3	122	999.506
2.094395	1.135813	-2.658866	124	134	40	999.482
0.523599	2.104282	-0.813972	110	4	113	998.610
1.570796	0.866955	-0.931351	114	4	116	997.913
-2.617994	1.809167	1.213774	105	1	122	997.624
-1.308997	2.343981	-1.040456	133	48	132	997.219
-1.570796	2.033014	2.977192	131	130	36	996.749
0.000000	1.658653	-2.409879	123	129	38	995.134
1.832596	1.135834	-1.431087	112	2	115	994.764
0.785398	2.063651	-2.044600	128	122	33	994.462
1.308997	0.685216	-1.712745	112	1	119	994.357
-2.879793	1.247695	1.809890	106	2	127	994.327
1.047198	0.866955	-0.931351	117	8	106	992.334
2.356194	2.455966	-0.641220	113	5	112	991.831
2.617994	1.367556	0.358405	120	16	103	991.649
1.832596	1.721184	-0.153948	119	3	114	991.560
-1.308997	2.108018	1.311430	115	2	113	991.226
0.785398	0.960688	-0.577532	102	19	112	990.831
0.785398	0.850607	-1.335383	110	4	115	990.410
0.523599	2.174483	2.653697	128	131	39	990.282
-2.094395	1.846342	-1.796954	137	47	128	989.180
2.356194	1.367556	0.358405	119	18	103	989.057
-1.832596	1.904882	-1.478089	134	49	123	988.699
2.094395	1.391910	3.030322	128	134	37	988.385
-1.832596	2.407836	1.410646	136	132	35	988.253
2.094395	1.836682	-0.676006	109	5	112	987.754
-2.617994	1.134796	2.434290	105	5	126	987.668
1.308997	1.569311	-3.003978	125	143	39	986.682
-0.523599	1.218453	2.777284	24	29	19	986.594
0.785398	2.579248	-2.364801	116	143	126	986.535
-2.879793	1.555207	1.708892	107	10	115	985.487
1.308997	2.587733	0.232235	105	10	117	985.356
-2.617994	1.545873	-1.877082	41	121	26	984.757
0.523599	2.349581	-2.702517	126	126	35	983.736
1.832596	2.393226	1.857173	131	139	37	982.681
2.094395	2.349581	-2.702517	122	131	36	981.917
-2.617994	0.297065	2.160177	114	1	117	981.850
-2.617994	1.247695	1.809890	110	0	126	981.059
-2.356194	1.506530	1.988858	124	130	35	980.962
0.785398	1.310100	1.488307	143	45	129	980.350
1.570796	2.180315	-1.357379	117	0	116	980.316
1.047198	2.073035	2.027405	29	28	15	980.281
-1.047198	2.588535	-2.976617	120	120	30	978.897
-3.141593	2.295480	1.008277	109	4	116	978.661
0.261799	2.396274	-1.959260	107	4	116	978.116
-2.879793	2.247462	0.191623	115	0	116	977.652
2.094395	1.194549	-0.801900	118	8	107	976.932
-2.879793	0.203748	0.590255	111	7	113	976.849
0.261799	2.456751	-1.503343	113	2	117	976.651
-2.879793	1.809167	1.213774	101	5	122	976.222
-2.094395	0.297065	2.160177	117	6	113	975.886
-2.617994	0.864993	2.278281	116	143	126	975.666
-2.879793	2.104282	-0.813972	48	121	11	975.591
-1.308997	2.588535	-2.976617	124	142	36	975.152
-2.094395	1.870545	-2.976234	129	140	37	974.707
-2.617994	0.618092	2.539118	120	0	123	974.445
-2.617994	1.736875	3.023612	120	138	37	974.353
2.617994	1.194549	-0.801900	135	135	27	974.109
-0.261799	0.203748	0.590255	118	11	108	973.223
2.879793	1.218453	2.777284	113	138	38	973.152
-0.785398	0.203748	0.590255	116	2	115	972.767
1.308997	0.960688	-0.577532	109	10	112	972.188
2.356194	2.033014	2.977192	124	134	38	972.139
-1.308997	0.203748	0.590255	116	2	112	971.978
0.785398	1.134497	-1.109631	109	11	107	971.851
-2.879793	2.115563	0.685730	113	1	119	971.763
-2.879793	0.910508	1.903534	107	2	124	970.388
1.047198	0.961715	0.014085	117	3	113	969.418
1.832596	1.391910	3.030322	129	135	38	968.649
-0.523599	2.760637	2.781135	109	3	118	967.586
2.879793	2.108018	1.311430	104	14	110	967.370
0.261799	2.881233	-2.582574	110	4	115	967.230
-3.141593	2.299159	2.264663	128	126	36	967.132
-2.879793	1.168678	2.108595	109	1	131	966.941
1.570796	0.960688	-0.577532	112	9	112	966.875
-2.617994	0.850607	-1.335383	134	2	31	966.692
-2.356194	1.168678	2.108595	107	4	122	966.146
-1.308997	0.496451	0.593859	108	3	117	965.898
-1.047198	2.760637	2.781135	123	116	28	965.701
-2.879793	1.025536	1.576859	104	3	122	965.473
0.523599	1.756530	-2.105156	122	126	36	965.324
1.308997	0.615174	-0.666022	117	10	106	964.821
-1.570796	1.998705	2.370472	129	135	38	963.335
2.879793	2.115563	0.685730	111	6	112	962.390
2.356194	1.662363	0.915448	104	23	107	961.766
-0.523599	1.247695	1.809890	117	2	121	961.572
1.570796	1.506530	1.988858	125	140	35	961.274
0.000000	2.588535	-2.976617	113	1	118	961.257
2.617994	1.683268	0.374177	111	14	105	961.141
-1.047198	2.863997	0.549740	31	25	4	961.047
-2.356194	1.488617	1.159546	108	1	120	960.781
1.308997	0.899350	-2.069907	130	130	36	960.747
-0.785398	1.168678	2.108595	113	2	126	960.157
1.047198	2.033014	2.977192	133	135	37	960.127
-0.785398	1.809167	1.213774	116	4	112	959.984
1.308997	2.033014	2.977192	134	135	38	959.910
2.356194	2.187132	-0.479875	118	1	112	959.379
0.523599	0.290380	-0.796960	122	4	108	958.926
-0.523599	2.588535	-2.976617	124	121	31	958.622
2.356194	1.510910	-0.740472	117	6	108	958.479
0.261799	2.579248	-2.364801	112	3	115	957.923
2.094395	1.721184	-0.153948	124	3	111	957.661
-0.261799	2.760637	2.781135	115	2	115	957.540
1.832596	1.836682	-0.676006	115	2	112	957.382
2.094395	1.736875	3.023612	130	123	35	956.645
-1.308997	1.870545	-2.976234	126	131	37	956.480
-1.047198	2.637879	2.121598	109	3	118	956.401
-1.047198	1.869911	2.701025	129	138	39	956.393
2.094395	1.134497	-1.109631	118	5	110	956.107
0.785398	2.984978	1.954446	128	134	37	956.007
0.785398	2.033014	2.977192	128	136	38	955.996
-1.832596	1.846342	-1.796954	132	49	127	955.559
2.879793	1.391910	3.030322	118	140	39	955.445
0.000000	2.041297	-2.664597	127	128	37	955.391
-2.617994	2.247462	0.191623	120	8	107	954.862
-0.785398	1.488617	1.159546	113	2	116	954.405
-2.617994	1.025536	1.576859	109	1	120	954.397
-1.832596	1.134796	2.434290	112	0	126	953.403
1.047198	2.984978	1.954446	127	135	38	953.182
1.570796	0.762244	-0.273349	131	13	104	952.125
0.261799	1.301460	-0.509251	108	3	115	951.588
-1.832596	2.251330	-2.330739	118	136	34	950.744
-0.785398	1.599406	1.426070	116	1	117	950.647
-3.141593	1.599406	1.426070	103	14	113	950.037
1.047198	0.762244	-0.273349	112	14	109	949.000
-0.785398	1.214854	-1.966664	117	49	139	948.918
-3.141593	1.310100	1.488307	118	126	30	948.720
-0.523599	1.310100	1.488307	120	0	121	948.436
2.617994	2.164094	-2.991358	136	131	35	948.414
0.000000	2.404280	-0.174044	2	46	132	948.266
-2.356194	1.662363	0.915448	110	1	117	948.197
-0.523599	1.195355	1.200319	117	0	121	947.983
0.523599	2.984978	1.954446	128	133	37	947.472
0.523599	0.850607	-1.335383	112	1	122	946.922
-2.617994	0.591903	2.010408	112	1	119	946.860
1.832596	1.367556	0.358405	112	19	107	945.921
-1.570796	1.824694	1.850876	22	98	18	945.805
-1.832596	2.033014	2.977192	131	140	38	945.729
2.617994	1.134497	-1.109631	133	134	30	945.220
2.617994	2.979456	-1.009304	36	110	25	945.179
-2.356194	0.591903	2.010408	124	143	118	944.935
-1.832596	2.704512	1.488683	131	134	38	944.080
0.785398	2.637879	2.121598	130	137	36	943.810
-1.308997	2.041297	-2.664597	126	135	36	943.712
0.523599	1.450119	-2.739050	119	1	129	943.645
2.094395	1.433411	-1.035986	115	4	111	943.417
0.000000	2.456751	-1.503343	114	4	113	942.934
1.047198	1.696674	-1.253233	106	8	113	942.627
2.879793	1.870545	-2.976234	134	125	35	942.217
0.000000	2.664082	-1.071402	107	8	116	942.006
2.879793	2.407836	1.410646	124	127	37	941.914
-2.879793	0.929350	-2.910676	129	129	38	941.872
1.832596	1.450119	-2.739050	130	135	39	941.435
1.308997	1.045978	0.343692	124	8	109	941.401
2.617994	1.606104	-0.451151	127	129	25	940.777
2.094395	0.910508	1.903534	131	1	33	940.532
-2.094395	1.335669	0.897240	111	2	115	940.314
2.356194	2.393226	1.857173	106	19	118	939.919
-3.141593	2.033014	2.977192	130	136	38	939.858
1.570796	1.617114	-1.572037	112	3	111	939.741
-2.879793	2.033014	2.977192	130	137	39	939.611
-1.047198	1.977582	0.969896	114	3	114	939.513
-2.617994	1.488617	1.159546	104	3	119	939.303
-1.047198	2.108018	1.311430	110	3	116	938.880
2.617994	1.554776	0.100351	117	12	105	938.856
1.832596	1.134497	-1.109631	114	5	110	938.649
-0.523599	0.910508	1.903534	117	2	127	938.614
1.570796	1.256302	0.062705	122	6	111	938.513
0.785398	1.824694	1.850876	32	26	10	938.281
-1.308997	2.174483	2.653697	129	130	37	938.241
2.617994	1.450119	-2.739050	127	138	40	938.173
-2.356194	2.063651	-2.044600	131	134	33	937.833
-2.094395	2.881233	-2.582574	139	135	37	937.821
2.094395	2.115563	0.685730	114	13	105	937.638
1.570796	1.218453	2.777284	127	133	37	937.603
2.094395	1.732874	-0.951685	111	3	113	937.107
-3.141593	0.914445	2.687814	114	0	122	936.661
2.356194	1.869911	2.701025	119	136	37	936.300
-3.141593	1.998705	2.370472	131	132	37	935.979
-1.308997	1.869911	2.701025	107	5	123	935.897
-2.879793	1.440580	2.260026	103	9	127	935.579
-2.356194	1.134796	2.434290	109	2	126	935.495
-0.261799	1.413347	-1.339188	120	133	29	935.419
2.094395	2.251330	-2.330739	123	125	34	935.173
2.094395	0.080730	-2.622036	111	3	114	935.043
1.308997	0.762244	-0.273349	114	12	109	934.647
2.617994	1.050534	3.042579	113	142	37	934.212
2.617994	1.870545	-2.976234	133	123	35	934.136
-1.832596	0.914445	2.687814	32	117	35	934.074
1.308997	2.108018	1.311430	129	139	34	934.017
-1.570796	2.089241	-0.114193	117	11	108	933.631
-1.832596	2.164094	-2.991358	129	138	37	933.408
1.308997	1.113094	-0.272241	111	14	107	933.279
2.094395	2.393226	1.857173	118	20	113	932.968
-2.879793	2.587733	0.232235	117	1	117	932.222
2.356194	0.297065	2.160177	114	6	111	931.810
2.617994	1.721184	-0.153948	119	8	107	930.695
-0.523599	1.417623	-0.202254	114	3	115	930.539
0.523599	2.579248	-2.364801	116	2	114	930.535
-1.570796	2.478122	2.609777	120	140	37	930.148
1.047198	1.413347	-1.339188	106	6	116	930.090
2.094395	1.948085	-2.363031	127	136	37	929.982
0.785398	0.458961	-0.107937	121	12	106	929.603
-2.879793	1.574060	2.783565	114	139	38	929.583
-0.261799	1.195355	1.200319	122	0	120	929.428
1.047198	1.325504	-1.671296	104	4	126	928.608
-1.832596	0.297065	2.160177	120	8	111	928.332
-2.094395	2.979456	-1.009304	133	131	36	928.012
-2.879793	0.906588	1.252948	113	1	118	927.648
2.617994	1.488617	1.159546	113	134	28	927.416
-1.570796	2.456751	-1.503343	130	47	139	927.234
-2.879793	1.736875	3.023612	120	134	37	927.102
0.785398	1.741644	-2.695914	116	137	33	926.997
2.356194	1.504028	0.636812	113	17	107	926.648
2.356194	1.909857	-0.381669	109	6	110	926.647
-2.356194	1.367556	0.358405	103	19	109	926.497
-1.047198	0.899350	-2.069907	26	29	11	926.493
1.570796	2.478122	2.609777	128	136	38	925.989
1.308997	1.134796	2.434290	129	140	35	925.781
-2.617994	1.335669	0.897240	103	7	114	925.692
1.308997	0.379747	-1.713059	116	0	116	925.266
-3.141593	0.419640	2.974122	115	142	128	924.914
1.832596	2.138223	1.678323	119	21	112	924.754
0.785398	2.393226	1.857173	120	143	36	924.649
0.785398	0.290380	-0.796960	111	11	107	924.158
1.570796	1.869911	2.701025	124	132	38	923.738
1.570796	2.349581	-2.702517	122	130	36	923.421
1.308997	1.869911	2.701025	124	132	37	923.156
2.356194	1.870545	-2.976234	132	125	35	923.129
-3.141593	2.704512	1.488683	126	133	37	922.912
-2.356194	0.458961	-0.107937	107	11	111	922.884
2.094395	1.367556	0.358405	126	17	103	922.857
-1.308997	2.407836	1.410646	118	1	114	922.384
-0.261799	1.113094	-0.272241	105	5	116	922.367
-2.094395	1.014500	0.906702	108	4	114	922.324
0.261799	0.290380	-0.796960	116	1	112	921.951
0.000000	2.343981	-1.040456	107	5	120	921.799
-0.785398	1.869911	2.701025	132	140	38	921.662
2.094395	1.510910	-0.740472	123	1	112	921.524
-1.570796	2.587733	0.232235	116	9	109	921.417
-2.879793	2.349581	-2.702517	109	24	116	921.384
1.570796	2.164094	-2.991358	119	133	36	921.245
-3.141593	2.456751	-1.503343	113	2	130	921.026
2.879793	1.658653	-2.409879	135	140	38	920.910
1.308997	1.948085	-2.363031	129	129	38	920.783
0.523599	2.180315	-1.357379	112	1	118	920.700
-2.356194	1.374601	-2.456031	132	137	39	920.683
-1.832596	1.869911	2.701025	120	115	30	920.299
0.261799	0.960688	-0.577532	108	0	120	920.068
-2.617994	0.290380	-0.796960	120	50	115	919.824
-0.523599	2.349581	-2.702517	119	122	35	919.766
-2.879793	2.174483	2.653697	110	1	31	919.641
1.308997	1.218453	2.777284	128	136	37	919.561
-1.832596	1.699788	2.452890	127	139	38	919.532
-1.570796	2.180315	-1.357379	134	47	135	918.988
-1.308997	2.187132	-0.479875	134	46	126	918.559
2.617994	2.637879	2.121598	105	18	121	918.390
-3.141593	1.904882	-1.478089	122	1	117	918.305
1.832596	1.736875	3.023612	135	136	38	917.901
-1.308997	2.164094	-2.991358	129	135	37	917.900
-2.094395	1.374601	-2.456031	131	136	39	917.768
0.523599	2.664082	-1.071402	114	7	111	917.752
0.000000	1.134497	-1.109631	120	129	27	917.734
-0.261799	0.733948	3.021411	132	47	142	917.598
0.000000	1.128190	-2.288622	108	18	115	917.560
-0.523599	0.762244	-0.273349	124	2	112	917.549
-3.141593	2.174483	2.653697	133	132	39	917.528
-2.356194	1.310100	1.488307	107	143	124	917.389
-2.879793	0.297065	2.160177	106	1	122	917.309
-1.570796	0.992645	-1.723759	30	27	10	916.891
1.047198	1.050534	3.042579	129	134	37	916.498
-0.261799	2.664082	-1.071402	104	11	116	916.241
-1.832596	2.180315	-1.357379	135	49	121	916.127
-1.570796	0.929350	-2.910676	106	13	131	915.751
1.308997	2.719179	-1.780644	122	117	29	915.574
2.356194	2.724429	-0.348782	114	143	118	915.326
0.000000	1.113094	-0.272241	108	2	115	914.948
-0.261799	1.025536	1.576859	117	1	128	914.775
2.879793	2.704512	1.488683	127	132	37	914.724
0.261799	2.115563	0.685730	123	140	35	914.518
1.832596	1.741644	-2.695914	106	6	121	914.348
-0.261799	1.301460	-0.509251	103	8	115	914.093
-2.356194	1.218453	2.777284	112	3	134	914.048
2.617994	1.875281	0.107086	113	7	110	913.539
2.094395	1.242974	-2.977882	126	135	38	913.476
2.879793	2.724429	-0.348782	104	2	122	913.097
-1.308997	2.180315	-1.357379	32	22	17	912.766
0.261799	2.174483	2.653697	22	119	42	912.254
1.832596	1.113094	-0.272241	119	14	104	912.229
0.785398	1.812176	0.656819	120	10	111	911.886
-2.356194	1.391910	3.030322	123	129	38	911.445
-2.356194	1.846342	-1.796954	141	45	127	911.270
-2.879793	1.413430	2.550734	103	9	131	911.177
-2.879793	2.001437	0.381215	111	1	118	911.055
1.308997	1.050534	3.042579	128	135	37	910.825
0.261799	2.664082	-1.071402	116	7	109	910.743
-1.832596	1.050534	3.042579	126	11	118	910.414
1.047198	1.904882	-1.478089	100	7	123	909.809
-1.832596	1.504028	0.636812	109	7	114	909.792
1.047198	1.135834	-1.431087	106	5	118	909.664
2.617994	0.733948	3.021411	128	135	37	909.551
0.785398	1.699788	2.452890	125	136	37	908.893
0.523599	1.242974	-2.977882	129	140	40	908.792
-2.094395	1.367556	0.358405	140	125	127	908.647
2.094395	1.824694	1.850876	123	137	37	908.286
0.261799	2.379497	0.561089	126	136	36	908.218
-1.047198	2.063651	-2.044600	117	139	32	908.171
-1.308997	1.433411	-1.035986	119	17	108	908.169
0.523599	2.164094	-2.991358	128	132	36	908.123
1.047198	2.180315	-1.357379	127	112	24	908.085
-3.141593	1.875281	0.107086	114	5	109	907.803
-1.308997	1.948085	-2.363031	120	139	36	907.465
0.523599	1.025536	1.576859	117	15	120	907.093
0.000000	1.050534	3.042579	27	23	24	906.938
1.570796	0.571433	-1.188419	115	6	111	906.711
-2.617994	2.478122	2.609777	129	131	37	906.650
1.832596	1.335669	0.897240	120	137	133	906.555
0.785398	1.194549	-0.801900	114	142	118	906.414
1.570796	1.569311	-3.003978	103	8	123	906.384
1.570796	0.379747	-1.713059	120	143	115	905.703
0.261799	0.831641	0.616218	116	5	110	905.688
2.094395	2.089241	-0.114193	120	2	109	905.609
-0.261799	1.135813	-2.658866	130	45	137	905.361
-3.141593	0.899350	-2.069907	129	134	37	905.280
-1.308997	1.242974	-2.977882	131	129	39	905.097
-2.617994	2.180315	-1.357379	138	126	30	904.480
2.356194	0.370812	-2.547742	115	0	119	904.376
1.308997	1.367556	0.358405	123	39	102	904.318
-0.523599	2.164094	-2.991358	125	122	36	904.133
2.356194	1.450119	-2.739050	131	133	39	903.823
-3.141593	2.089241	-0.114193	117	11	104	903.657
-0.261799	2.478122	2.609777	131	133	36	903.646
-0.785398	1.870545	-2.976234	127	126	37	903.604
-1.832596	1.696674	-1.253233	134	48	118	903.469
0.261799	2.153910	-1.714959	105	5	117	903.237
-2.094395	1.683268	0.374177	108	13	108	903.231
1.570796	1.948085	-2.363031	129	131	38	903.217
-0.261799	0.960688	-0.577532	122	6	110	903.007
-2.617994	2.863997	0.549740	21	101	23	902.984
1.832596	2.033014	2.977192	129	121	37	902.873
0.523599	2.251330	-2.330739	117	0	119	902.830
0.785398	2.153910	-1.714959	126	123	32	902.779
1.570796	1.247695	1.809890	121	143	33	902.301
0.523599	1.247695	1.809890	118	17	118	902.112
-0.261799	2.349581	-2.702517	121	121	35	902.065
-0.785398	1.875281	0.107086	116	5	112	902.054
-2.617994	2.001437	0.381215	115	10	105	902.041
-3.141593	1.870545	-2.976234	127	129	39	901.596
0.785398	0.831641	0.616218	124	7	110	901.415
-0.523599	1.050534	3.042579	138	135	37	900.810
2.879793	1.310100	1.488307	116	127	31	900.786
2.094395	0.379747	-1.713059	113	4	118	900.666
-2.356194	1.256302	0.062705	133	122	24	900.628
0.000000	1.948085	-2.363031	124	123	36	900.220
-0.523599	1.256302	0.062705	111	2	116	900.187
1.570796	1.732874	-0.951685	114	8	108	899.983
1.047198	1.134796	2.434290	131	139	35	899.755
-2.356194	2.138223	1.678323	131	131	35	899.745
1.308997	0.571433	-1.188419	121	3	109	899.725
-0.785398	2.138223	1.678323	135	128	36	899.695
-1.832596	2.174483	2.653697	116	116	29	899.676
-1.570796	1.128190	-2.288622	133	47	135	899.396
-1.832596	2.984978	1.954446	121	113	24	899.312
0.261799	2.588535	-2.976617	118	0	117	899.190
1.570796	1.574060	2.783565	131	132	37	899.175
1.570796	1.836682	-0.676006	111	2	113	898.969
-1.047198	2.115563	0.685730	116	5	110	898.420
-1.047198	1.756530	-2.105156	120	137	37	898.405
2.356194	0.619654	-2.216909	131	126	36	898.272
-2.356194	0.992645	-1.723759	130	2	33	898.250
2.879793	2.592629	0.909713	108	4	114	898.092
-2.617994	0.458961	-0.107937	105	13	111	897.992
-1.047198	2.033014	2.977192	131	127	36	897.896
0.261799	0.496451	0.593859	116	2	116	897.586
1.832596	1.301460	-0.509251	118	2	116	897.294
-0.523599	0.899350	-2.069907	139	44	128	897.242
-1.570796	2.041297	-2.664597	131	142	34	896.555
1.570796	1.134497	-1.109631	109	7	111	896.284
1.832596	0.458961	-0.107937	116	13	107	896.151
1.570796	1.050534	3.042579	126	137	37	895.970
-2.356194	0.910508	1.903534	105	6	118	895.914
-1.570796	0.700570	1.559208	117	143	116	895.207
1.047198	0.992645	-1.723759	106	4	121	895.136
2.879793	1.948085	-2.363031	136	135	36	895.065
-2.617994	2.979456	-1.009304	32	24	10	894.922
2.617994	2.115563	0.685730	108	8	112	894.541
-1.047198	2.407836	1.410646	117	6	109	894.509
2.617994	1.909857	-0.381669	113	4	110	894.207
1.570796	1.433411	-1.035986	106	7	112	894.042
-2.094395	1.450119	-2.739050	30	112	31	893.953
1.832596	1.218453	2.777284	124	139	38	893.871
-1.047198	2.164094	-2.991358	120	135	39	893.762
2.879793	2.073035	2.027405	126	123	34	893.645
0.523599	1.812176	0.656819	118	1	32	893.522
-1.570796	1.872854	1.543456	37	106	7	893.448
1.308997	1.732874	-0.951685	107	1	119	893.205
-0.785398	2.719179	-1.780644	103	11	117	893.009
2.094395	1.569311	-3.003978	132	139	38	892.778
0.261799	0.850607	-1.335383	121	130	31	892.391
0.000000	1.025536	1.576859	122	3	124	892.040
2.094395	1.870545	-2.976234	129	117	34	891.894
1.832596	2.104282	-0.813972	113	0	116	891.894
1.570796	2.187132	-0.479875	136	122	128	891.585
-2.356194	1.247695	1.809890	114	134	31	891.550
2.879793	1.050534	3.042579	130	136	37	891.361
2.094395	2.455966	-0.641220	119	143	116	891.320
-2.094395	1.218453	2.777284	124	123	36	891.301
2.617994	1.504028	0.636812	114	16	106	891.105
-1.832596	1.014500	0.906702	114	3	113	891.078
2.879793	1.242974	-2.977882	124	136	40	891.013
1.570796	2.063651	-2.044600	129	126	35	890.688
-1.570796	2.063651	-2.044600	121	141	33	890.532
0.000000	2.881233	-2.582574	118	117	29	890.458
1.832596	1.413347	-1.339188	110	2	116	890.160
-3.141593	1.683268	0.374177	113	6	111	890.017
-2.879793	1.870545	-2.976234	124	142	37	889.870
-3.141593	1.413430	2.550734	110	139	35	889.825
-1.570796	2.356369	3.005869	115	119	32	889.233
-2.094395	1.195355	1.200319	112	0	118	889.193
-2.617994	0.992645	-1.723759	133	143	35	889.081
-1.832596	1.128190	-2.288622	137	44	135	888.836
0.785398	0.685216	-1.712745	111	2	127	888.766
0.523599	0.866395	-2.492918	102	11	119	888.732
0.000000	2.587733	0.232235	130	133	36	888.132
-0.523599	1.812176	0.656819	134	135	30	887.961
-3.141593	1.488617	1.159546	113	129	29	887.900
1.047198	2.863997	0.549740	121	34	16	887.872
-1.308997	1.134796	2.434290	44	118	27	887.823
0.785398	2.664082	-1.071402	117	5	110	887.426
1.832596	1.617114	-1.572037	117	2	110	887.321
-2.094395	1.812176	0.656819	19	105	142	886.836
2.879793	0.709924	0.218797	0	28	106	886.279
2.356194	1.875281	0.107086	112	10	106	886.251
-2.356194	1.809167	1.213774	110	142	122	886.043
-1.832596	1.545873	-1.877082	0	44	132	885.824
-1.832596	1.812176	0.656819	112	5	113	885.737
-2.879793	0.992645	-1.723759	136	140	34	885.391
1.047198	1.977582	0.969896	117	18	109	885.377
-2.094395	2.187132	-0.479875	118	17	106	885.332
-0.261799	0.297065	2.160177	131	132	36	885.324
1.570796	2.587733	0.232235	107	7	116	885.196
-0.523599	1.555207	1.708892	127	143	118	885.085
-2.879793	2.138223	1.678323	104	6	129	885.072
-1.570796	2.349581	-2.702517	125	143	36	885.044
-0.261799	1.247695	1.809890	137	126	29	884.890
-3.141593	1.184361	0.625864	133	132	126	884.852
1.308997	1.135834	-1.431087	111	1	119	884.783
-2.617994	0.700570	1.559208	107	2	119	884.542
-1.308997	0.370812	-2.547742	130	139	37	884.464
0.000000	1.374601	-2.456031	124	134	39	884.126
-2.356194	1.242974	-2.977882	130	132	38	884.101
2.879793	0.733948	3.021411	112	1	118	884.010
-3.141593	1.504028	0.636812	109	3	117	883.747
-2.094395	2.478122	2.609777	125	138	37	883.735
0.523599	1.699788	2.452890	22	130	42	883.667
2.617994	1.134796	2.434290	112	141	36	883.346
2.617994	2.704512	1.488683	99	14	118	883.300
-1.308997	2.404280	-0.174044	118	12	106	883.250
-0.261799	1.168678	2.108595	135	129	33	882.892
1.832596	1.904882	-1.478089	129	122	31	882.856
2.356194	0.709924	0.218797	1	23	106	882.713
-1.308997	0.929350	-2.910676	108	10	130	882.685
1.308997	2.396274	-1.959260	119	133	33	882.656
2.356194	1.417623	-0.202254	123	9	106	882.629
0.261799	1.413347	-1.339188	123	125	29	882.404
-3.141593	2.356369	3.005869	112	24	114	882.290
-1.047198	2.138223	1.678323	114	3	114	882.259
0.261799	2.349581	-2.702517	115	0	121	882.087
-0.261799	1.440580	2.260026	132	127	33	881.717
0.000000	2.033014	2.977192	7	120	44	881.573
2.356194	2.001437	0.381215	105	11	111	881.448
-1.308997	2.089241	-0.114193	113	10	109	881.354
-1.047198	1.809167	1.213774	118	2	112	881.172
1.047198	2.379497	0.561089	120	138	36	881.040
1.308997	1.417623	-0.202254	114	3	115	880.517
2.356194	2.979456	-1.009304	31	107	26	880.460
0.000000	1.736875	3.023612	129	129	39	880.451
2.617994	0.297065	2.160177	117	6	110	880.274
0.261799	2.104282	-0.813972	106	6	114	880.154
-0.523599	2.174483	2.653697	130	136	37	880.013
-1.832596	1.662363	0.915448	110	3	118	879.896
2.617994	0.619654	-2.216909	113	2	130	879.816
-2.617994	1.310100	1.488307	109	11	110	879.622
-2.617994	2.138223	1.678323	105	3	127	879.247
0.785398	0.571433	-1.188419	116	3	111	879.237
1.308997	1.374601	-2.456031	137	133	39	879.226
0.785398	1.413347	-1.339188	106	12	108	878.507
-2.879793	0.591903	2.010408	104	2	125	878.324
2.356194	2.063651	-2.044600	132	134	35	878.193
2.879793	1.875281	0.107086	115	6	109	878.122
2.094395	1.218453	2.777284	120	141	39	877.866
1.047198	1.599406	1.426070	120	17	115	877.789
1.308997	0.733948	3.021411	106	12	112	877.749
-1.308997	2.063651	-2.044600	118	143	33	877.400
2.356194	2.174483	2.653697	129	135	38	877.329
-1.832596	0.700570	1.559208	112	1	116	877.091
1.832596	1.982574	-1.115518	119	0	113	877.076
-1.047198	0.733948	3.021411	110	9	131	877.003
-2.879793	1.391910	3.030322	123	137	39	876.869
0.523599	2.704512	1.488683	126	140	37	876.805
0.000000	2.478122	2.609777	23	111	39	876.715
-0.261799	0.496451	0.593859	13	136	121	876.266
1.570796	0.961715	0.014085	126	4	112	876.192
-0.523599	0.419640	2.974122	132	135	37	876.185
1.308997	0.866955	-0.931351	111	9	109	875.975
-2.879793	1.488617	1.159546	112	14	106	875.896
-3.141593	0.929350	-2.910676	127	131	38	875.665
-0.785398	2.041297	-2.664597	124	126	36	875.570
-2.617994	2.153910	-1.714959	135	126	32	875.551
-2.094395	1.574060	2.783565	118	126	37	875.442
2.617994	2.174483	2.653697	137	137	39	875.420
-2.356194	0.866955	-0.931351	124	143	31	875.214
-2.356194	2.115563	0.685730	116	143	118	875.141
-3.141593	0.992645	-1.723759	135	137	35	874.830
0.261799	1.696674	-1.253233	102	4	122	873.748
2.094395	2.063651	-2.044600	130	133	35	873.568
-0.785398	1.662363	0.915448	113	1	118	873.242
1.832596	1.433411	-1.035986	110	5	111	872.704
-1.308997	2.704512	1.488683	114	4	114	872.696
-2.879793	2.456751	-1.503343	125	5	118	872.650
2.094395	0.297065	2.160177	112	8	112	872.040
-2.617994	1.050534	3.042579	126	128	37	872.012
1.570796	1.195355	1.200319	141	46	127	871.963
-1.047198	1.256302	0.062705	123	5	110	871.948
2.617994	1.569311	-3.003978	127	128	37	871.847
1.308997	1.413347	-1.339188	110	0	120	871.801
1.047198	1.367556	0.358405	125	38	102	871.589
0.523599	1.128190	-2.288622	119	137	37	871.540
-0.523599	1.135834	-1.431087	113	139	32	871.508
1.047198	1.545873	-1.877082	119	126	36	871.397
2.879793	1.736875	3.023612	122	135	37	871.368
1.832596	1.696674	-1.253233	108	2	118	871.248
-1.832596	1.683268	0.374177	121	12	102	871.217
1.308997	2.349581	-2.702517	126	128	35	871.036
1.832596	1.732874	-0.951685	106	5	114	871.035
0.261799	2.356369	3.005869	125	135	38	870.854
-1.047198	0.619654	-2.216909	140	47	130	870.852
-2.617994	2.349581	-2.702517	129	136	37	870.782
2.356194	1.135813	-2.658866	123	134	40	870.572
1.832596	0.379747	-1.713059	113	3	115	870.466
1.308997	1.846342	-1.796954	124	122	35	870.453
-2.879793	2.187132	-0.479875	46	116	8	870.250
0.261799	0.914445	2.687814	140	45	129	870.145
1.570796	2.760637	2.781135	130	135	37	869.820
2.617994	2.108018	1.311430	103	17	110	869.812
2.617994	2.001437	0.381215	108	8	111	869.731
1.308997	2.379497	0.561089	118	137	36	869.598
-0.523599	1.134796	2.434290	130	130	35	869.577
2.356194	2.356369	3.005869	135	132	36	869.305
-2.617994	1.195355	1.200319	111	16	105	869.152
1.047198	1.256302	0.062705	114	5	111	868.526
-2.356194	1.683268	0.374177	133	128	29	868.481
0.261799	2.251330	-2.330739	112	0	121	868.360
-0.785398	0.762244	-0.273349	102	9	116	868.260
-2.356194	1.574060	2.783565	117	127	37	868.017
2.879793	2.001437	0.381215	109	5	115	868.016
1.832596	1.870545	-2.976234	132	140	39	867.768
-0.261799	0.864993	2.278281	134	130	35	867.374
-1.308997	0.961715	0.014085	111	19	102	866.997
2.617994	2.592629	0.909713	117	134	36	866.980
0.785398	1.545873	-1.877082	117	126	36	866.956
2.879793	1.569311	-3.003978	125	141	40	866.806
1.832596	0.850607	-1.335383	106	6	116	866.541
-0.785398	0.929350	-2.910676	26	29	18	866.409
2.094395	2.760637	2.781135	138	137	36	866.331
-0.785398	0.709924	0.218797	114	8	106	866.312
2.879793	2.174483	2.653697	135	134	39	866.271
-1.308997	1.617114	-1.572037	119	26	109	866.222
-0.785398	2.760637	2.781135	108	5	114	865.975
-2.879793	2.478122	2.609777	132	130	37	865.766
2.356194	2.588535	-2.976617	132	132	36	865.284
1.832596	0.866955	-0.931351	116	7	109	865.092
-0.785398	1.554776	0.100351	113	2	115	864.928
2.094395	0.864993	2.278281	132	141	36	864.862
-2.617994	0.674054	1.013609	116	3	113	864.324
-0.523599	0.297065	2.160177	132	130	36	864.245
0.261799	1.909857	-0.381669	108	6	111	864.155
-2.879793	0.674054	1.013609	111	4	113	864.150
-1.832596	0.906588	1.252948	2	129	126	864.144
2.879793	1.488617	1.159546	112	131	29	864.060
-2.617994	1.218453	2.777284	16	118	42	864.052
-2.356194	2.979456	-1.009304	132	129	36	863.962
2.094395	2.379497	0.561089	114	135	35	863.933
-1.047198	2.592629	0.909713	131	137	37	863.908
0.000000	2.396274	-1.959260	103	7	117	863.840
-1.570796	1.184361	0.625864	120	1	114	863.659
-0.261799	1.766067	2.153843	40	132	34	863.554
-2.617994	1.662363	0.915448	106	3	117	863.068
-1.570796	0.370812	-2.547742	130	138	36	863.039
1.047198	1.836682	-0.676006	109	1	114	862.771
1.308997	1.433411	-1.035986	102	11	111	862.706
-0.261799	0.640596	-2.797608	136	45	127	862.678
1.308997	0.419640	2.974122	129	134	37	862.518
-2.094395	2.637879	2.121598	126	137	37	862.508
-1.832596	1.433411	-1.035986	117	16	108	862.216
0.523599	0.370812	-2.547742	106	10	115	861.404
-2.356194	0.571433	-1.188419	126	137	35	861.251
-2.356194	0.618092	2.539118	120	3	115	861.028
1.308997	0.619654	-2.216909	127	134	36	860.348
-0.785398	1.658653	-2.409879	132	137	37	860.320
1.570796	0.674054	1.013609	31	23	16	859.727
0.000000	1.741644	-2.695914	129	127	38	859.537
0.523599	1.335669	0.897240	114	4	25	859.388
1.047198	0.615174	-0.666022	114	10	107	859.321
1.308997	1.617114	-1.572037	109	0	127	859.102
0.000000	2.174483	2.653697	21	117	42	859.009
-1.047198	2.153910	-1.714959	114	1	29	858.808
-2.617994	2.164094	-2.991358	124	137	38	858.672
-1.047198	0.419640	2.974122	127	134	38	858.510
-2.617994	1.599406	1.426070	112	2	118	858.460
-2.879793	1.904882	-1.478089	135	139	32	858.379
-2.356194	0.619654	-2.216909	128	141	34	858.344
1.832596	1.869911	2.701025	124	133	38	858.255
2.094395	2.664082	-1.071402	106	5	115	858.186
1.308997	2.153910	-1.714959	115	143	121	857.899
1.832596	0.080730	-2.622036	113	142	119	857.848
-3.141593	1.325504	-1.671296	39	111	20	857.713
-2.879793	2.396274	-1.959260	130	128	35	857.676
-0.785398	1.756530	-2.105156	125	138	35	857.202
1.832596	2.001437	0.381215	117	9	106	857.178
1.832596	2.407836	1.410646	120	133	37	857.107
1.832596	2.588535	-2.976617	125	134	36	856.981
-0.261799	1.194549	-0.801900	110	2	118	856.879
0.261799	2.704512	1.488683	137	44	132	856.770
2.879793	1.413430	2.550734	109	142	35	856.769
-3.141593	2.760637	2.781135	132	131	36	856.736
1.308997	2.760637	2.781135	116	7	130	856.690
1.570796	1.325504	-1.671296	115	1	112	856.266
-1.308997	1.050534	3.042579	106	11	128	856.122
2.879793	1.134497	-1.109631	133	137	30	855.741
-0.261799	1.214854	-1.966664	108	18	114	855.619
0.261799	0.866955	-0.931351	113	2	117	855.515
1.570796	1.413430	2.550734	114	137	36	855.474
-0.523599	0.960688	-0.577532	108	2	122	855.342
-2.879793	0.899350	-2.069907	132	136	35	854.820
-2.879793	1.310100	1.488307	106	6	117	854.774
1.832596	2.664082	-1.071402	107	4	121	854.326
-2.094395	1.741644	-2.695914	104	19	122	854.072
0.785398	2.180315	-1.357379	113	4	113	853.757
-2.094395	0.700570	1.559208	117	142	119	853.703
-0.523599	1.506530	1.988858	133	122	30	853.572
2.094395	1.909857	-0.381669	115	4	110	853.503
2.879793	1.732874	-0.951685	116	143	120	853.500
-0.261799	0.685216	-1.712745	110	27	9	853.283
1.308997	0.418037	1.360082	1	143	35	853.233
2.617994	1.391910	3.030322	122	138	40	852.691
-2.879793	1.599406	1.426070	107	4	119	852.686
2.617994	0.899350	-2.069907	26	100	21	852.469
1.047198	1.194549	-0.801900	99	17	115	852.438
0.785398	0.709924	0.218797	118	2	114	852.417
-1.832596	2.979456	-1.009304	31	15	29	852.324
0.523599	2.041297	-2.664597	127	2	114	852.128
1.570796	2.455966	-0.641220	96	16	117	851.943
-2.356194	1.184361	0.625864	99	17	113	851.927
-0.785398	1.948085	-2.363031	123	131	36	851.719
1.570796	1.721184	-0.153948	115	3	114	851.603
0.785398	1.766067	2.153843	129	138	37	851.548
-2.879793	2.180315	-1.357379	116	0	127	851.530
0.000000	2.349581	-2.702517	121	125	34	851.426
-2.617994	2.063651	-2.044600	132	134	33	850.953
2.879793	1.741644	-2.695914	130	143	40	850.934
0.785398	1.846342	-1.796954	119	121	35	850.933
1.047198	0.290380	-0.796960	114	10	108	850.843
-2.094395	0.290380	-0.796960	105	18	109	850.779
-1.308997	1.756530	-2.105156	121	138	37	850.686
-1.047198	2.073035	2.027405	114	0	117	850.686
2.879793	1.721184	-0.153948	115	8	106	850.614
-2.617994	1.045978	0.343692	132	119	22	850.577
0.261799	1.732874	-0.951685	107	2	120	850.486
1.308997	1.025536	1.576859	132	45	139	850.098
1.832596	1.699788	2.452890	126	132	38	850.068
2.356194	1.134796	2.434290	113	0	117	850.041
-2.094395	0.419640	2.974122	118	143	131	850.006
-1.308997	1.413347	-1.339188	117	22	108	849.939
0.261799	0.619654	-2.216909	104	11	116	849.934
2.356194	1.658653	-2.409879	135	132	38	849.819
0.785398	0.733948	3.021411	0	45	1	849.562
-1.308997	1.982574	-1.115518	130	49	128	849.535
0.785398	2.588535	-2.976617	126	126	36	849.446
-0.261799	1.128190	-2.288622	106	20	117	849.438
-1.832596	2.089241	-0.114193	115	12	108	849.357
0.523599	0.640596	-2.797608	102	14	117	849.146
-2.617994	1.440580	2.260026	104	6	125	849.112
2.879793	0.640596	-2.797608	108	3	131	848.777
1.570796	1.696674	-1.253233	109	2	116	848.740
2.617994	2.356369	3.005869	136	133	36	848.690
-0.261799	0.700570	1.559208	122	5	117	848.396
-1.570796	1.135813	-2.658866	27	15	33	848.379
-3.141593	0.864993	2.278281	102	6	124	848.319
-3.141593	1.218453	2.777284	114	136	38	848.271
2.617994	2.719179	-1.780644	38	124	32	848.094
0.785398	1.872854	1.543456	31	27	4	847.984
-0.785398	1.045978	0.343692	107	2	123	847.975
-2.356194	2.863997	0.549740	114	8	109	847.753
-1.832596	1.440580	2.260026	129	135	37	847.729
-2.617994	1.977582	0.969896	108	0	120	847.723
2.094395	2.187132	-0.479875	113	0	115	847.655
-0.523599	1.113094	-0.272241	102	8	116	847.640
0.000000	1.606104	-0.451151	111	3	114	847.627
-1.047198	1.872854	1.543456	113	3	115	847.514
2.356194	2.760637	2.781135	137	136	37	846.983
-0.523599	2.033014	2.977192	120	140	39	846.571
-1.570796	1.721184	-0.153948	12	18	108	846.119
2.617994	2.247462	0.191623	108	4	119	846.073
1.047198	1.998705	2.370472	128	136	37	845.972
-1.832596	2.295480	1.008277	137	129	35	845.955
2.879793	2.719179	-1.780644	134	129	34	845.911
0.523599	0.571433	-1.188419	109	4	115	845.899
1.570796	2.041297	-2.664597	117	129	36	845.845
0.000000	0.615174	-0.666022	113	7	108	845.832
2.879793	1.574060	2.783565	128	129	38	845.804
-3.141593	2.349581	-2.702517	131	131	37	845.680
-1.047198	2.295480	1.008277	114	5	111	845.545
-2.617994	1.506530	1.988858	100	6	126	845.395
2.356194	2.592629	0.909713	118	135	36	845.371
-1.047198	0.762244	-0.273349	99	13	116	845.304
-1.570796	0.640596	-2.797608	109	13	134	845.213
-2.879793	1.741644	-2.695914	131	143	38	845.149
-2.617994	1.870545	-2.976234	106	24	119	844.925
-3.141593	2.073035	2.027405	127	121	34	844.920
-1.308997	2.295480	1.008277	119	6	108	844.898
1.570796	1.135834	-1.431087	107	4	115	844.837
-2.879793	1.367556	0.358405	109	4	113	844.700
-1.832596	1.413347	-1.339188	126	3	30	844.378
1.308997	2.073035	2.027405	131	43	3	843.891
1.832596	2.719179	-1.780644	29	110	32	843.846
0.523599	0.762244	-0.273349	5	140	115	843.818
2.356194	1.699788	2.452890	113	137	35	843.639
2.356194	1.569311	-3.003978	131	128	36	843.636
-1.832596	2.115563	0.685730	120	5	108	843.529
2.879793	1.135834	-1.431087	115	2	112	843.504
-3.141593	0.080730	-2.622036	118	6	114	843.495
-1.047198	2.349581	-2.702517	115	123	35	843.477
0.785398	1.977582	0.969896	114	139	34	843.358
-3.141593	1.450119	-2.739050	127	139	40	843.357
0.000000	1.391910	3.030322	130	136	38	843.340
1.570796	1.450119	-2.739050	131	126	38	843.326
2.356194	0.591903	2.010408	110	4	118	842.947
1.570796	2.456751	-1.503343	118	143	117	842.912
1.047198	2.478122	2.609777	127	134	38	842.713
-0.523599	1.766067	2.153843	28	115	36	842.539
1.570796	0.850607	-1.335383	120	3	110	842.445
-2.356194	0.700570	1.559208	106	1	124	842.284
2.617994	2.063651	-2.044600	136	136	36	842.182
-1.832596	2.041297	-2.664597	118	130	37	842.071
-1.570796	0.914445	2.687814	121	143	130	841.691
-2.879793	1.218453	2.777284	117	1	135	841.666
0.261799	2.180315	-1.357379	113	1	118	841.562
1.832596	1.256302	0.062705	114	19	102	841.320
-2.879793	1.977582	0.969896	100	12	111	841.100
1.570796	1.194549	-0.801900	103	9	116	841.078
-1.047198	2.247462	0.191623	117	7	109	840.741
2.879793	1.599406	1.426070	116	131	31	840.657
-1.570796	0.674054	1.013609	119	0	112	840.653
-2.879793	2.164094	-2.991358	125	136	39	840.607
-0.523599	0.370812	-2.547742	123	53	134	840.598
-2.356194	2.041297	-2.664597	105	21	120	840.417
2.094395	1.574060	2.783565	129	128	37	840.212
-2.879793	1.335669	0.897240	117	0	117	840.164
-1.832596	2.153910	-1.714959	123	0	32	840.001
-2.617994	2.343981	-1.040456	117	2	131	839.928
0.785398	1.662363	0.915448	111	142	31	839.830
1.308997	1.310100	1.488307	126	2	30	839.588
1.047198	0.619654	-2.216909	119	134	36	839.552
1.570796	2.153910	-1.714959	108	2	117	839.286
-1.308997	2.153910	-1.714959	119	0	29	839.201
-1.570796	1.869911	2.701025	128	122	37	839.172
-1.832596	2.138223	1.678323	20	98	13	839.156
-2.094395	2.592629	0.909713	109	9	110	839.131
0.261799	1.433411	-1.035986	119	127	26	839.056
0.523599	2.379497	0.561089	125	137	36	839.031
2.617994	1.658653	-2.409879	41	114	25	839.028
1.570796	2.863997	0.549740	102	12	120	839.015
1.047198	1.488617	1.159546	129	1	30	838.787
-0.523599	0.618092	2.539118	133	134	36	838.410
2.617994	2.089241	-0.114193	116	4	109	837.724
2.356194	0.615174	-0.666022	116	7	109	837.695
-3.141593	1.134796	2.434290	99	13	127	837.617
-0.523599	0.929350	-2.910676	117	19	116	837.577
-1.047198	1.699788	2.452890	135	137	36	837.441
-0.261799	0.831641	0.616218	9	12	108	837.427
1.832596	0.674054	1.013609	27	25	17	837.219
-1.570796	0.297065	2.160177	124	8	111	837.160
-0.523599	0.080730	-2.622036	127	132	36	837.073
-0.785398	0.458961	-0.107937	116	5	108	837.045
0.523599	2.153910	-1.714959	114	143	123	836.938
-2.094395	0.899350	-2.069907	126	0	35	836.928
0.785398	0.914445	2.687814	127	138	37	836.922
-2.617994	0.496451	0.593859	112	6	110	836.844
-2.617994	1.391910	3.030322	122	128	38	836.821
0.261799	2.041297	-2.664597	124	128	38	836.808
-0.261799	2.719179	-1.780644	113	7	111	836.677
-2.094395	0.379747	-1.713059	134	142	34	836.670
0.261799	1.741644	-2.695914	124	12	38	836.620
-0.785398	2.001437	0.381215	4	1	31	836.528
2.879793	0.914445	2.687814	109	1	122	836.521
-2.356194	1.977582	0.969896	113	142	120	836.367
0.523599	1.194549	-0.801900	109	0	120	836.225
0.261799	0.674054	1.013609	124	5	113	836.208
1.047198	1.699788	2.452890	124	135	37	836.172
-0.785398	2.881233	-2.582574	117	120	26	836.138
-0.785398	2.251330	-2.330739	118	129	33	836.015
0.000000	0.866955	-0.931351	118	5	112	836.014
-0.261799	1.050534	3.042579	30	21	25	835.930
0.523599	1.869911	2.701025	124	136	40	835.879
-0.261799	1.599406	1.426070	138	138	32	835.679
-2.094395	2.379497	0.561089	122	143	118	835.676
-0.523599	2.356369	3.005869	122	135	38	835.637
2.094395	1.050534	3.042579	119	135	40	835.619
-1.570796	1.904882	-1.478089	132	48	134	835.605
0.523599	2.299159	2.264663	136	41	142	835.533
-1.047198	2.724429	-0.348782	32	23	16	835.383
-0.523599	1.391910	3.030322	134	131	37	835.334
-1.570796	1.736875	3.023612	131	129	37	835.319
1.570796	1.606104	-0.451151	118	143	115	835.262
-1.308997	2.863997	0.549740	120	7	111	835.191
0.523599	1.696674	-1.253233	111	2	116	835.123
2.879793	0.080730	-2.622036	116	8	111	835.054
0.523599	0.960688	-0.577532	101	23	112	835.001
2.094395	1.113094	-0.272241	120	12	105	834.703
-2.094395	2.063651	-2.044600	126	138	33	834.619
0.523599	0.619654	-2.216909	106	7	116	834.605
0.261799	0.458961	-0.107937	6	135	120	834.230
-0.261799	1.756530	-2.105156	128	134	35	834.162
1.047198	2.579248	-2.364801	106	2	130	834.112
0.261799	2.343981	-1.040456	106	7	113	834.091
-2.094395	0.640596	-2.797608	126	135	38	834.028
-2.879793	2.041297	-2.664597	132	134	37	834.015
2.879793	2.881233	-2.582574	128	131	37	833.972
0.523599	1.977582	0.969896	117	140	34	833.965
2.356194	2.407836	1.410646	109	13	116	833.947
0.523599	1.134497	-1.109631	106	0	125	833.873
-1.570796	2.588535	-2.976617	112	11	114	833.700
-1.047198	1.658653	-2.409879	133	140	37	833.687
-1.047198	1.662363	0.915448	134	134	30	833.437
-0.523599	2.456751	-1.503343	133	0	34	833.386
1.047198	0.709924	0.218797	123	3	114	833.287
-2.356194	2.393226	1.857173	126	133	37	833.195
0.785398	2.456751	-1.503343	116	0	116	833.143
1.570796	1.982574	-1.115518	107	4	116	833.012
1.832596	1.658653	-2.409879	135	128	38	832.924
1.047198	1.448123	-2.163292	119	131	36	832.890
-2.356194	2.153910	-1.714959	136	129	32	832.860
-3.141593	1.812176	0.656819	105	4	119	832.772
2.094395	2.704512	1.488683	118	16	112	832.751
2.617994	1.741644	-2.695914	130	142	40	832.647
-1.570796	2.174483	2.653697	130	133	37	832.418
-2.356194	1.872854	1.543456	127	124	35	832.245
-1.570796	2.404280	-0.174044	116	13	107	832.203
0.785398	1.413430	2.550734	124	137	37	832.178
2.879793	1.195355	1.200319	112	128	28	832.111
-2.094395	2.719179	-1.780644	134	130	35	832.037
-1.047198	2.251330	-2.330739	113	130	36	831.906
-2.356194	1.014500	0.906702	105	7	113	831.740
0.261799	0.571433	-1.188419	108	3	123	831.508
-1.047198	0.961715	0.014085	118	4	110	831.488
0.000000	1.325504	-1.671296	112	133	35	831.378
-0.523599	2.073035	2.027405	29	111	35	831.341
-1.570796	1.242974	-2.977882	129	129	39	831.251
-2.879793	1.506530	1.988858	106	10	118	831.249
0.261799	1.310100	1.488307	130	6	30	831.239
2.879793	2.637879	2.121598	116	18	112	831.181
-1.570796	2.187132	-0.479875	113	16	107	831.122
0.000000	1.732874	-0.951685	102	5	120	830.608
0.785398	1.870545	-2.976234	102	9	130	830.560
0.523599	1.904882	-1.478089	110	3	117	830.553
1.308997	2.063651	-2.044600	128	122	36	830.541
-1.308997	2.478122	2.609777	118	138	38	830.287
1.570796	2.719179	-1.780644	106	1	125	830.283
-2.879793	2.760637	2.781135	107	17	121	830.118
1.570796	0.685216	-1.712745	117	0	115	830.066
0.261799	1.242974	-2.977882	131	137	39	829.827
1.308997	1.168678	2.108595	138	46	142	829.715
-2.879793	1.756530	-2.105156	135	134	35	829.509
1.832596	1.242974	-2.977882	128	138	38	829.463
0.523599	2.979456	-1.009304	131	141	37	829.441
2.617994	1.510910	-0.740472	111	2	116	829.315
-2.094395	0.864993	2.278281	106	1	124	829.288
-1.047198	2.104282	-0.813972	130	49	127	829.172
-2.094395	1.504028	0.636812	106	10	113	828.825
0.785398	1.135834	-1.431087	102	8	118	828.791
0.523599	1.301460	-0.509251	112	0	114	828.727
-1.570796	2.704512	1.488683	109	5	114	828.665
1.570796	1.391910	3.030322	130	136	38	828.568
-2.356194	2.001437	0.381215	123	3	111	828.500
2.879793	1.812176	0.656819	108	3	120	828.478
0.261799	1.662363	0.915448	119	2	30	828.388
-3.141593	2.637879	2.121598	127	133	37	828.343
-0.261799	1.741644	-2.695914	127	125	38	828.342
0.523599	1.982574	-1.115518	113	4	113	828.319
2.879793	0.419640	2.974122	113	0	121	828.154
2.879793	2.295480	1.008277	106	6	115	828.150
-2.879793	1.982574	-1.115518	112	2	125	828.113
-2.094395	1.135813	-2.658866	133	129	39	828.081
0.000000	2.579248	-2.364801	106	5	116	827.900
1.047198	2.174483	2.653697	127	135	39	827.891
2.356194	1.374601	-2.456031	131	135	39	827.609
-1.570796	1.812176	0.656819	116	4	112	827.556
-2.094395	2.033014	2.977192	131	139	38	827.150
-2.879793	1.128190	-2.288622	125	138	38	827.104
0.785398	2.863997	0.549740	117	52	122	826.993
-2.356194	0.615174	-0.666022	111	10	111	826.833
-1.570796	2.295480	1.008277	32	103	5	826.811
-0.785398	0.733948	3.021411	39	19	21	826.797
2.356194	1.736875	3.023612	130	123	37	826.733
0.523599	1.413347	-1.339188	104	14	108	826.685
-1.570796	0.496451	0.593859	104	7	117	826.364
-1.832596	2.719179	-1.780644	32	22	24	826.328
-1.308997	2.979456	-1.009304	137	49	128	826.305
0.523599	1.574060	2.783565	120	133	37	826.235
-0.523599	2.299159	2.264663	130	133	37	826.203
-2.356194	2.588535	-2.976617	137	136	39	826.093
0.523599	2.115563	0.685730	121	141	35	826.060
-1.308997	2.073035	2.027405	24	100	24	825.816
-1.047198	1.433411	-1.035986	116	129	26	825.708
-0.785398	0.379747	-1.713059	142	46	133	825.672
-2.094395	2.393226	1.857173	129	134	37	825.596
1.832596	0.685216	-1.712745	109	7	111	825.542
-0.785398	2.984978	1.954446	118	3	113	825.501
2.094395	2.407836	1.410646	108	16	116	825.352
1.570796	0.618092	2.539118	133	138	36	825.202
1.047198	2.592629	0.909713	125	134	36	825.145
0.261799	0.370812	-2.547742	109	12	113	824.992
-2.879793	0.733948	3.021411	123	120	38	824.867
-2.356194	2.251330	-2.330739	132	137	35	824.780
2.094395	0.685216	-1.712745	120	4	109	824.397
-0.261799	0.615174	-0.666022	120	2	114	824.346
-0.261799	2.984978	1.954446	132	120	34	824.342
2.356194	2.704512	1.488683	97	19	118	824.333
-1.570796	2.881233	-2.582574	135	134	37	824.247
1.047198	1.617114	-1.572037	105	8	111	824.232
-3.141593	2.108018	1.311430	106	10	110	824.027
-1.308997	2.349581	-2.702517	114	125	35	823.655
-2.617994	1.433411	-1.035986	129	143	28	823.366
1.047198	1.301460	-0.509251	100	18	114	823.301
2.094395	2.041297	-2.664597	129	142	38	823.275
0.523599	1.870545	-2.976234	128	135	38	823.137
-2.617994	2.041297	-2.664597	19	124	43	823.093
2.617994	1.242974	-2.977882	125	133	41	823.022
2.094395	1.699788	2.452890	124	133	38	822.956
-2.617994	0.906588	1.252948	117	123	26	822.913
0.523599	2.063651	-2.044600	124	121	34	822.738
-1.308997	0.831641	0.616218	115	4	110	822.733
1.832596	1.135813	-2.658866	125	133	40	822.622
-3.141593	1.025536	1.576859	104	21	109	822.490
-0.523599	1.168678	2.108595	134	126	33	822.456
-2.617994	2.984978	1.954446	129	137	38	822.443
-0.523599	1.301460	-0.509251	100	11	115	822.333
0.523599	2.456751	-1.503343	108	7	112	822.285
0.000000	2.760637	2.781135	120	2	114	822.225
-1.570796	2.251330	-2.330739	116	136	35	822.143
-2.094395	2.295480	1.008277	107	1	130	822.133
-0.523599	1.025536	1.576859	110	3	130	822.126
-3.141593	1.948085	-2.363031	131	135	37	822.114
-0.261799	0.370812	-2.547742	117	53	124	822.090
-2.094395	2.115563	0.685730	26	104	143	822.047
-3.141593	0.618092	2.539118	116	142	121	821.768
1.832596	2.295480	1.008277	116	129	37	821.760
-0.261799	2.724429	-0.348782	110	1	21	821.472
-2.879793	1.135813	-2.658866	136	134	39	821.410
-2.879793	1.909857	-0.381669	45	117	3	821.390
-0.523599	1.367556	0.358405	114	1	116	821.379
-1.570796	1.504028	0.636812	112	5	113	821.368
0.261799	1.128190	-2.288622	109	16	113	821.280
2.617994	1.247695	1.809890	118	126	31	821.139
0.000000	0.370812	-2.547742	114	49	118	820.909
-1.047198	0.910508	1.903534	46	115	19	820.887
1.047198	1.869911	2.701025	124	130	38	820.729
1.570796	1.135813	-2.658866	127	133	39	820.625
-1.308997	2.637879	2.121598	111	4	114	820.539
-2.879793	1.872854	1.543456	103	8	116	819.935
-0.523599	2.863997	0.549740	133	136	36	819.918
0.785398	1.617114	-1.572037	102	11	111	819.906
-1.570796	2.138223	1.678323	36	105	11	819.893
-1.570796	1.433411	-1.035986	118	16	108	819.892
-1.570796	1.606104	-0.451151	123	8	109	819.887
2.356194	1.812176	0.656819	105	18	107	819.703
1.308997	2.343981	-1.040456	97	14	118	819.525
-1.047198	0.571433	-1.188419	139	39	116	819.434
-2.879793	1.134497	-1.109631	128	141	30	819.413
-1.832596	1.998705	2.370472	129	118	32	819.271
2.879793	1.194549	-0.801900	130	1	28	819.198
2.617994	2.295480	1.008277	105	10	111	819.185
-2.879793	0.496451	0.593859	116	3	114	819.136
0.785398	1.242974	-2.977882	129	126	37	819.061
1.047198	0.960688	-0.577532	102	17	112	818.778
2.879793	0.992645	-1.723759	135	134	35	818.580
-1.308997	2.299159	2.264663	108	2	119	818.532
-2.094395	2.001437	0.381215	124	8	105	818.416
-1.047198	1.948085	-2.363031	119	132	37	818.255
-2.617994	1.569311	-3.003978	126	137	38	818.107
-1.308997	1.812176	0.656819	117	5	109	817.675
-2.617994	0.961715	0.014085	122	143	115	817.494
-0.523599	1.599406	1.426070	121	2	115	817.377
-1.047198	1.413430	2.550734	127	125	35	817.339
-0.261799	0.709924	0.218797	131	125	129	817.333
-2.356194	1.870545	-2.976234	127	132	39	817.280
2.879793	1.335669	0.897240	108	22	103	817.199
-1.308997	0.899350	-2.069907	29	26	15	817.164
2.617994	2.881233	-2.582574	127	129	38	817.083
-0.785398	0.370812	-2.547742	128	52	124	817.054
-0.261799	0.080730	-2.622036	125	132	38	817.012
-0.785398	2.356369	3.005869	107	0	130	816.991
2.879793	2.478122	2.609777	114	22	113	816.776
-0.785398	2.637879	2.121598	114	1	118	816.733
2.617994	2.153910	-1.714959	135	133	33	816.709
2.617994	1.732874	-0.951685	112	0	121	816.680
0.000000	0.290380	-0.796960	113	1	114	816.667
-1.570796	1.662363	0.915448	113	2	116	816.339
-1.047198	2.587733	0.232235	111	10	108	816.288
1.047198	1.242974	-2.977882	131	132	39	816.265
-1.047198	2.089241	-0.114193	115	9	108	816.124
2.879793	2.356369	3.005869	113	25	114	816.020
1.047198	2.456751	-1.503343	100	7	126	815.966
-2.356194	2.478122	2.609777	127	129	38	815.884
2.617994	0.961715	0.014085	21	136	124	815.539
-2.879793	2.704512	1.488683	129	133	39	815.524
2.356194	1.194549	-0.801900	122	8	106	815.442
1.832596	0.831641	0.616218	126	46	108	815.430
-1.047198	1.846342	-1.796954	116	142	34	815.379
-2.094395	1.184361	0.625864	100	13	113	815.310
-1.832596	1.870545	-2.976234	129	136	38	815.180
-1.047198	2.984978	1.954446	114	4	113	815.174
-2.879793	2.063651	-2.044600	137	2	34	815.112
0.000000	1.218453	2.777284	136	46	133	815.004
2.617994	1.574060	2.783565	125	133	36	814.853
2.094395	1.325504	-1.671296	130	131	33	814.828
1.832596	2.379497	0.561089	115	136	35	814.725
-2.356194	2.637879	2.121598	125	137	37	814.485
-1.570796	1.696674	-1.253233	118	24	107	814.276
2.879793	1.325504	-1.671296	35	107	19	814.137
2.879793	1.683268	0.374177	113	12	104	814.085
1.570796	1.413347	-1.339188	115	6	107	814.068
-1.047198	0.418037	1.360082	122	11	107	814.014
-1.308997	0.864993	2.278281	37	115	30	814.012
-3.141593	2.180315	-1.357379	48	121	19	813.640
0.523599	1.662363	0.915448	115	1	31	813.627
0.523599	0.910508	1.903534	0	44	124	813.625
-0.523599	0.458961	-0.107937	108	4	116	813.603
0.261799	1.113094	-0.272241	112	0	114	813.464
0.785398	2.881233	-2.582574	108	3	126	813.262
0.785398	1.756530	-2.105156	124	127	36	813.234
-1.832596	1.367556	0.358405	105	13	109	813.219
0.523599	0.458961	-0.107937	114	14	106	813.167
0.000000	0.960688	-0.577532	104	3	121	812.959
0.785398	1.658653	-2.409879	131	129	38	812.858
0.261799	1.658653	-2.409879	125	130	37	812.829
-2.094395	1.413347	-1.339188	37	24	3	812.602
-3.141593	1.741644	-2.695914	132	125	37	812.509
-1.047198	1.168678	2.108595	136	139	35	812.447
2.617994	2.299159	2.264663	126	124	35	812.417
-2.094395	1.391910	3.030322	133	131	39	812.182
2.356194	1.134497	-1.109631	122	6	107	812.138
0.000000	0.700570	1.559208	125	7	117	812.027
-2.356194	0.418037	1.360082	106	8	112	811.952
2.094395	1.875281	0.107086	122	7	105	811.875
1.570796	1.242974	-2.977882	106	11	113	811.732
2.094395	1.683268	0.374177	109	9	117	811.701
-1.832596	0.618092	2.539118	116	143	127	811.646
2.879793	0.866395	-2.492918	127	126	39	811.554
2.879793	0.864993	2.278281	95	19	124	811.550
0.000000	2.164094	-2.991358	121	136	38	811.441
1.308997	1.194549	-0.801900	100	13	116	811.436
-1.308997	2.984978	1.954446	110	5	113	811.408
-2.617994	1.134497	-1.109631	120	3	29	811.377
-2.356194	1.998705	2.370472	130	126	38	811.253
-1.308997	2.393226	1.857173	113	4	113	811.243
-1.047198	1.721184	-0.153948	111	7	112	811.034
-1.570796	1.683268	0.374177	13	1	115	811.005
-0.261799	1.450119	-2.739050	130	131	39	810.833
1.832596	2.251330	-2.330739	122	125	34	810.830
2.094395	2.637879	2.121598	23	25	24	810.750
-2.879793	0.700570	1.559208	117	0	117	810.667
-2.617994	2.704512	1.488683	124	135	38	810.616
-0.261799	2.455966	-0.641220	143	46	135	810.613
0.523599	2.356369	3.005869	127	133	37	810.603
-1.308997	0.618092	2.539118	128	14	111	810.573
1.570796	1.662363	0.915448	3	42	121	810.534
-2.617994	1.766067	2.153843	105	5	138	810.526
0.785398	1.574060	2.783565	133	139	38	810.502
0.000000	0.591903	2.010408	132	128	36	810.459
1.308997	0.496451	0.593859	116	18	105	810.354
1.570796	1.658653	-2.409879	122	134	38	810.344
0.261799	1.194549	-0.801900	104	3	120	810.284
0.000000	1.869911	2.701025	126	132	39	810.151
0.785398	0.866395	-2.492918	124	132	37	809.932
1.570796	2.174483	2.653697	129	128	39	809.914
-2.617994	1.504028	0.636812	100	15	113	809.868
-1.832596	2.455966	-0.641220	117	16	107	809.752
0.261799	1.870545	-2.976234	123	0	119	809.493
2.617994	1.301460	-0.509251	124	128	24	809.438
2.356194	0.929350	-2.910676	117	138	39	809.339
0.261799	1.869911	2.701025	125	134	40	809.149
2.094395	0.992645	-1.723759	109	4	115	809.049
-0.261799	0.618092	2.539118	126	129	38	808.700
0.523599	2.588535	-2.976617	123	133	38	808.668
0.261799	2.033014	2.977192	7	120	44	808.644
0.523599	1.545873	-1.877082	120	22	26	808.568
2.879793	1.766067	2.153843	126	128	37	808.514
0.785398	2.343981	-1.040456	114	3	111	808.411
-1.832596	1.184361	0.625864	102	9	114	808.386
-1.047198	0.496451	0.593859	115	4	111	808.311
-0.523599	1.869911	2.701025	125	140	39	808.261
-2.617994	1.574060	2.783565	116	128	37	808.184
-1.308997	1.504028	0.636812	114	4	112	808.132
1.570796	2.104282	-0.813972	139	118	131	808.067
2.094395	2.299159	2.264663	118	22	113	808.023
-2.617994	1.184361	0.625864	111	2	114	807.798
-1.570796	1.014500	0.906702	123	1	109	807.703
-1.570796	1.554776	0.100351	142	127	126	807.675
-0.261799	2.089241	-0.114193	128	5	32	807.652
1.308997	1.683268	0.374177	117	41	103	807.624
-2.617994	1.909857	-0.381669	46	121	3	807.456
1.308997	1.510910	-0.740472	121	128	24	807.379
-0.785398	1.977582	0.969896	115	2	113	807.354
-0.523599	0.961715	0.014085	110	1	121	807.267
-2.879793	2.719179	-1.780644	132	125	35	807.231
-3.141593	2.724429	-0.348782	27	101	21	807.037
-1.832596	1.574060	2.783565	113	2	129	807.004
2.356194	1.555207	1.708892	119	131	33	806.990
2.094395	2.979456	-1.009304	102	4	126	806.930
1.570796	1.440580	2.260026	123	136	36	806.599
2.617994	2.724429	-0.348782	118	142	120	806.543
1.832596	2.455966	-0.641220	103	6	117	806.518
1.047198	0.850607	-1.335383	116	4	109	806.456
1.308997	1.721184	-0.153948	111	4	112	806.433
1.047198	1.756530	-2.105156	125	127	36	806.430
2.356194	0.864993	2.278281	130	137	36	806.412
2.094395	2.295480	1.008277	102	17	110	806.354
0.785398	1.488617	1.159546	10	35	114	806.130
0.000000	1.699788	2.452890	131	137	38	806.115
-1.308997	1.574060	2.783565	131	129	38	806.113
-1.047198	1.998705	2.370472	132	133	37	806.099
-0.785398	1.184361	0.625864	111	1	121	806.067
1.047198	2.164094	-2.991358	107	5	130	806.053
-2.356194	2.379497	0.561089	107	8	112	805.982
1.308997	2.664082	-1.071402	96	13	123	805.900
1.308997	2.478122	2.609777	126	137	38	805.863
-1.570796	1.977582	0.969896	103	9	114	805.858
-0.523599	0.864993	2.278281	134	128	35	805.615
0.000000	1.433411	-1.035986	100	7	120	805.541
2.356194	0.914445	2.687814	130	135	38	805.507
-0.523599	1.696674	-1.253233	118	136	27	805.506
1.047198	1.218453	2.777284	129	134	37	805.466
1.832596	0.960688	-0.577532	117	8	109	805.437
-0.523599	2.379497	0.561089	3	41	121	805.296
-3.141593	2.379497	0.561089	110	1	124	805.245
1.047198	1.658653	-2.409879	125	133	37	805.241
-0.523599	2.637879	2.121598	113	1	136	805.155
-0.261799	1.391910	3.030322	130	135	38	805.061
0.261799	1.218453	2.777284	134	46	133	804.918
1.832596	1.569311	-3.003978	131	140	38	804.858
-3.141593	1.982574	-1.115518	106	7	121	804.774
0.523599	2.343981	-1.040456	115	3	113	804.605
-0.785398	0.910508	1.903534	108	4	133	804.503
2.879793	1.134796	2.434290	110	139	36	804.437
-3.141593	0.700570	1.559208	120	119	25	804.408
-1.832596	1.741644	-2.695914	32	138	39	804.327
-1.570796	0.906588	1.252948	114	1	111	804.217
-3.141593	1.872854	1.543456	96	10	128	803.986
-2.879793	2.379497	0.561089	115	143	122	803.885
2.094395	2.180315	-1.357379	115	125	31	803.675
0.261799	1.545873	-1.877082	8	135	43	803.633
-2.094395	1.242974	-2.977882	126	8	118	803.362
-2.879793	1.184361	0.625864	113	4	112	803.296
-0.523599	1.374601	-2.456031	23	14	34	803.239
-0.523599	1.574060	2.783565	127	135	38	803.199
-1.308997	2.379497	0.561089	113	5	112	803.195
-1.832596	2.637879	2.121598	101	13	113	803.194
-2.617994	1.450119	-2.739050	129	135	40	803.152
2.094395	2.247462	0.191623	112	4	111	803.129
-1.308997	1.045978	0.343692	116	11	104	802.951
1.570796	2.588535	-2.976617	126	133	36	802.898
1.832596	2.063651	-2.044600	132	128	36	802.878
-2.094395	0.910508	1.903534	119	130	33	802.708
-1.570796	1.214854	-1.966664	31	26	14	802.594
-2.094395	1.050534	3.042579	122	9	119	802.463
-3.141593	1.699788	2.452890	130	125	38	802.371
-2.094395	2.704512	1.488683	103	9	113	802.366
-0.785398	1.824694	1.850876	119	0	117	802.273
-0.523599	0.850607	-1.335383	143	41	124	802.270
-1.570796	1.134497	-1.109631	118	132	28	802.076
-1.832596	1.617114	-1.572037	134	49	123	801.869
-1.047198	1.218453	2.777284	129	132	36	801.853
-0.523599	0.591903	2.010408	124	5	121	801.748
-2.879793	1.662363	0.915448	103	5	115	801.676
2.617994	2.349581	-2.702517	136	132	35	801.605
2.094395	0.960688	-0.577532	109	6	115	801.533
2.356194	2.295480	1.008277	104	13	111	801.492
1.832596	2.041297	-2.664597	118	128	36	801.426
2.094395	2.356369	3.005869	135	131	37	801.272
-1.308997	0.866395	-2.492918	34	23	19	801.262
1.832596	1.683268	0.374177	119	13	103	801.129
-1.308997	1.736875	3.023612	106	6	128	801.121
0.000000	1.836682	-0.676006	103	7	116	801.108
-2.879793	1.504028	0.636812	118	3	111	801.037
1.308997	2.187132	-0.479875	133	123	128	800.884
-2.094395	0.674054	1.013609	110	3	113	800.856
-1.308997	0.992645	-1.723759	14	45	2	800.682
-3.141593	2.104282	-0.813972	46	114	11	800.671
-2.094395	0.929350	-2.910676	123	9	118	800.664
0.523599	1.736875	3.023612	5	122	44	800.442
0.785398	0.929350	-2.910676	131	141	39	800.315
2.617994	0.992645	-1.723759	30	103	16	800.281
-1.832596	2.478122	2.609777	123	137	39	799.986
-0.261799	1.869911	2.701025	126	134	39	799.946
-1.832596	1.195355	1.200319	123	142	113	799.873
1.570796	2.704512	1.488683	126	129	36	799.853
1.570796	1.870545	-2.976234	130	141	39	799.786
0.000000	1.696674	-1.253233	98	9	122	799.785
-0.785398	2.704512	1.488683	131	128	36	799.771
1.047198	0.571433	-1.188419	107	12	109	799.593
-0.785398	1.374601	-2.456031	125	133	39	799.464
-1.308997	2.251330	-2.330739	114	134	35	799.264
-1.570796	2.863997	0.549740	117	6	111	799.216
-1.047198	2.041297	-2.664597	8	137	45	799.104
-1.832596	0.864993	2.278281	112	143	124	798.977
-0.261799	1.325504	-1.671296	114	134	35	798.860
2.617994	2.379497	0.561089	112	4	111	798.779
2.356194	1.606104	-0.451151	123	3	110	798.459
-1.047198	0.370812	-2.547742	130	139	37	798.315
-2.617994	2.719179	-1.780644	133	128	35	798.243
0.523599	0.080730	-2.622036	106	8	115	798.053
-0.261799	1.367556	0.358405	130	33	101	797.932
0.261799	1.448123	-2.163292	114	0	125	797.711
0.261799	2.455966	-0.641220	114	6	111	797.644
-0.523599	2.041297	-2.664597	126	125	37	797.614
0.000000	0.619654	-2.216909	122	131	36	797.595
-0.523599	1.662363	0.915448	117	0	118	797.594
-1.047198	1.488617	1.159546	109	1	123	797.556
-1.308997	1.998705	2.370472	134	136	38	797.427
0.261799	2.001437	0.381215	126	1	33	797.289
0.523599	1.433411	-1.035986	104	18	107	797.206
2.879793	2.187132	-0.479875	121	10	105	797.177
-1.832596	1.569311	-3.003978	114	8	130	797.041
2.617994	2.455966	-0.641220	118	5	110	797.013
-3.141593	1.721184	-0.153948	2	130	122	797.004
1.308997	1.741644	-2.695914	112	134	32	796.982
-0.785398	0.419640	2.974122	132	134	37	796.955
0.785398	0.615174	-0.666022	2	129	123	796.768
-3.141593	1.135813	-2.658866	119	136	40	796.650
-1.832596	1.736875	3.023612	113	7	127	796.637
-2.617994	2.251330	-2.330739	107	24	118	796.610
-0.261799	2.174483	2.653697	126	138	39	796.587
2.879793	2.456751	-1.503343	114	0	137	796.553
2.094395	2.478122	2.609777	134	136	38	796.510
2.094395	2.719179	-1.780644	28	115	34	796.236
1.047198	2.760637	2.781135	127	135	37	796.084
-0.523599	1.325504	-1.671296	115	135	35	795.823
2.356194	1.574060	2.783565	121	1	40	795.782
2.094395	0.640596	-2.797608	104	6	116	795.771
1.832596	0.297065	2.160177	131	138	35	795.693
2.879793	2.041297	-2.664597	128	137	38	795.625
-0.261799	1.662363	0.915448	128	143	30	795.498
-1.047198	2.299159	2.264663	114	0	117	795.365
2.617994	1.977582	0.969896	103	13	114	795.309
-1.570796	0.591903	2.010408	123	125	37	795.226
-0.261799	1.135834	-1.431087	110	138	32	795.194
-2.094395	1.872854	1.543456	134	126	34	794.915
-2.879793	2.404280	-0.174044	120	9	106	794.824
-1.047198	0.203748	0.590255	121	1	111	794.784
0.261799	0.203748	0.590255	117	0	121	794.549
-1.047198	1.870545	-2.976234	121	136	41	794.294
-0.523599	0.379747	-1.713059	119	136	35	794.142
-0.261799	1.554776	0.100351	118	7	106	794.085
-2.617994	1.875281	0.107086	119	15	102	793.978
-1.570796	2.637879	2.121598	103	9	113	793.593
1.570796	0.419640	2.974122	111	10	110	793.573
1.047198	1.846342	-1.796954	109	1	123	793.503
0.261799	0.864993	2.278281	0	45	128	793.189
-3.141593	0.709924	0.218797	142	28	107	793.036
-2.617994	0.419640	2.974122	119	3	119	792.899
1.570796	1.134796	2.434290	126	140	36	792.619
-1.570796	0.379747	-1.713059	119	133	37	792.595
-0.261799	2.108018	1.311430	33	23	11	792.578
-0.261799	0.929350	-2.910676	133	46	134	792.553
-1.308997	1.325504	-1.671296	120	0	35	792.498
0.261799	1.134497	-1.109631	102	3	124	792.394
0.261799	2.407836	1.410646	137	46	128	792.367
2.094395	1.741644	-2.695914	128	119	33	792.362
-1.047198	0.080730	-2.622036	127	130	37	792.172
0.261799	2.187132	-0.479875	117	5	109	792.004
0.523599	1.998705	2.370472	103	20	128	791.977
-0.523599	1.194549	-0.801900	106	4	118	791.769
0.523599	1.504028	0.636812	117	5	26	791.751
-1.832596	1.135834	-1.431087	129	1	32	791.703
-2.094395	1.310100	1.488307	108	3	114	791.550
0.523599	0.419640	2.974122	141	45	131	791.480
-3.141593	1.869911	2.701025	114	137	35	791.309
2.094395	0.899350	-2.069907	114	1	114	791.271
-1.308997	1.135813	-2.658866	132	46	140	791.043
2.356194	2.404280	-0.174044	111	2	114	791.032
-3.141593	1.696674	-1.253233	139	132	29	790.936
1.308997	1.440580	2.260026	125	137	36	790.737
-1.047198	1.599406	1.426070	116	143	118	790.678
-0.785398	0.992645	-1.723759	108	19	115	790.506
-2.356194	1.025536	1.576859	116	2	114	790.282
-0.785398	1.247695	1.809890	33	112	30	790.211
-0.523599	1.335669	0.897240	113	2	115	790.152
1.832596	2.704512	1.488683	106	19	120	789.909
-1.047198	0.297065	2.160177	129	132	37	789.844
-0.785398	2.247462	0.191623	111	6	111	789.842
-0.785398	2.104282	-0.813972	114	138	23	789.554
-0.261799	2.637879	2.121598	131	125	36	789.460
0.785398	0.419640	2.974122	129	136	36	789.329
0.523599	1.413430	2.550734	123	138	37	789.291
-2.879793	2.407836	1.410646	125	128	38	789.201
1.047198	1.809167	1.213774	120	19	109	789.101
0.000000	0.496451	0.593859	111	2	116	789.017
0.261799	2.295480	1.008277	2	43	127	788.977
-2.879793	1.569311	-3.003978	128	123	38	788.794
-2.356194	1.555207	1.708892	112	5	113	788.785
1.832596	1.875281	0.107086	117	5	112	788.768
-1.832596	1.413430	2.550734	113	1	124	788.722
-0.261799	0.591903	2.010408	128	7	121	788.613
-2.617994	1.374601	-2.456031	33	112	29	788.586
0.261799	1.948085	-2.363031	114	1	120	788.512
2.617994	2.187132	-0.479875	112	1	115	788.213
-2.094395	0.618092	2.539118	124	132	37	788.183
-1.570796	1.413430	2.550734	118	1	123	788.161
-1.570796	2.393226	1.857173	108	5	113	788.021
0.261799	0.618092	2.539118	141	45	126	787.930
-2.094395	0.571433	-1.188419	119	139	36	787.754
-1.308997	0.571433	-1.188419	141	39	116	787.748
-2.879793	2.343981	-1.040456	113	2	131	787.602
1.570796	1.367556	0.358405	111	25	103	787.593
0.000000	2.979456	-1.009304	129	139	37	787.576
1.832596	0.619654	-2.216909	106	7	113	787.557
2.879793	1.554776	0.100351	118	10	105	787.555
-0.261799	1.506530	1.988858	137	121	30	787.503
-2.617994	1.014500	0.906702	102	9	112	787.481
-3.141593	2.153910	-1.714959	136	125	30	787.456
1.047198	2.356369	3.005869	128	120	35	787.420
1.308997	1.756530	-2.105156	123	127	37	787.294
-1.570796	1.741644	-2.695914	124	128	38	787.203
0.000000	0.910508	1.903534	139	128	32	787.148
-2.879793	1.875281	0.107086	116	14	102	787.119
-2.094395	0.370812	-2.547742	110	15	136	786.931
2.879793	2.579248	-2.364801	126	131	37	786.923
0.000000	1.194549	-0.801900	102	5	119	786.896
0.523599	0.496451	0.593859	122	2	116	786.848
1.308997	2.881233	-2.582574	30	119	36	786.806
-2.094395	1.256302	0.062705	104	22	108	786.665
-2.617994	2.760637	2.781135	113	16	113	786.650
1.308997	2.579248	-2.364801	124	120	34	786.501
1.308997	2.295480	1.008277	116	132	37	786.251
0.261799	1.391910	3.030322	127	140	38	786.086
-1.308997	1.909857	-0.381669	134	45	122	786.078
0.261799	1.756530	-2.105156	114	1	120	786.037
0.261799	2.587733	0.232235	104	22	109	785.976
-1.832596	1.977582	0.969896	24	102	1	785.824
-0.785398	1.699788	2.452890	134	138	37	785.729
2.356194	2.115563	0.685730	116	11	104	785.456
1.047198	0.370812	-2.547742	105	2	119	785.395
0.000000	1.301460	-0.509251	104	6	115	785.344
-2.617994	1.683268	0.374177	4	143	114	785.291
-1.832596	2.299159	2.264663	24	105	21	785.289
2.879793	2.299159	2.264663	94	28	121	785.007
0.000000	0.618092	2.539118	126	132	38	784.995
1.308997	0.297065	2.160177	131	132	37	784.902
1.570796	1.904882	-1.478089	108	5	112	784.826
0.261799	1.736875	3.023612	129	131	39	784.613
-0.261799	2.456751	-1.503343	106	6	121	784.544
2.879793	1.214854	-1.966664	32	106	22	784.535
0.523599	1.448123	-2.163292	120	132	37	784.470
0.523599	2.073035	2.027405	133	137	38	784.333
-1.832596	2.456751	-1.503343	134	49	122	784.016
-1.570796	1.194549	-0.801900	117	133	27	783.945
1.832596	0.961715	0.014085	120	19	102	783.934
-2.356194	2.164094	-2.991358	122	138	39	783.815
-2.879793	0.866955	-0.931351	123	143	33	783.776
0.785398	0.640596	-2.797608	104	11	116	783.558
-0.785398	2.724429	-0.348782	0	46	123	783.488
2.356194	2.247462	0.191623	117	5	107	783.453
1.570796	2.115563	0.685730	119	135	35	783.376
1.047198	2.041297	-2.664597	29	13	23	783.340
2.094395	1.450119	-2.739050	128	134	40	783.324
-0.785398	0.899350	-2.069907	121	52	125	783.068
-2.094395	1.736875	3.023612	129	135	39	783.029
-0.785398	2.478122	2.609777	32	113	31	783.003
0.523599	1.417623	-0.202254	130	124	23	782.994
-0.785398	2.664082	-1.071402	109	143	25	782.970
-1.570796	1.574060	2.783565	130	128	38	782.967
-1.832596	0.418037	1.360082	117	143	116	782.898
-1.047198	1.391910	3.030322	129	125	39	782.673
-3.141593	1.195355	1.200319	113	1	119	782.558
-1.570796	0.618092	2.539118	121	142	128	782.396
1.047198	1.310100	1.488307	143	46	134	782.180
1.308997	2.393226	1.857173	28	27	17	782.125
-2.094395	2.251330	-2.330739	126	135	36	782.068
1.308997	1.301460	-0.509251	101	15	114	781.929
-3.141593	0.370812	-2.547742	132	121	34	781.923
1.570796	0.914445	2.687814	121	142	37	781.625
1.570796	1.184361	0.625864	114	28	103	781.619
2.617994	0.864993	2.278281	97	26	119	781.595
2.617994	0.370812	-2.547742	110	4	119	781.519
-2.617994	1.741644	-2.695914	127	140	39	781.424
1.308997	2.001437	0.381215	112	141	33	781.389
1.047198	1.450119	-2.739050	122	139	40	781.336
-1.570796	0.709924	0.218797	107	16	105	781.080
-2.617994	2.108018	1.311430	126	124	36	780.948
1.047198	1.014500	0.906702	139	123	30	780.947
0.785398	1.025536	1.576859	122	7	126	780.816
-2.879793	2.863997	0.549740	112	142	122	780.704
0.785398	2.115563	0.685730	119	140	35	780.701
-1.047198	2.579248	-2.364801	109	128	32	780.556
-0.785398	0.496451	0.593859	118	3	110	780.530
-2.617994	1.812176	0.656819	115	0	117	780.387
0.523599	1.134796	2.434290	114	141	36	780.343
-1.047198	1.904882	-1.478089	113	3	29	780.314
-0.785398	0.866395	-2.492918	127	49	142	780.217
0.523599	2.478122	2.609777	127	131	38	780.201
-2.617994	0.762244	-0.273349	106	11	113	780.173
1.047198	1.662363	0.915448	1	44	124	780.133
-2.617994	1.214854	-1.966664	130	143	37	780.093
-2.617994	2.174483	2.653697	131	128	39	780.030
1.832596	2.592629	0.909713	108	11	118	779.999
1.832596	1.756530	-2.105156	124	109	21	779.986
0.000000	1.135834	-1.431087	108	135	32	779.982
-1.047198	2.174483	2.653697	108	0	130	779.860
2.617994	2.478122	2.609777	22	20	30	779.836
0.000000	1.683268	0.374177	114	3	114	779.708
2.617994	2.587733	0.232235	122	108	7	779.614
-0.261799	2.138223	1.678323	25	32	15	779.531
-0.785398	2.404280	-0.174044	32	25	10	779.391
1.832596	1.846342	-1.796954	128	126	34	779.388
-0.261799	1.256302	0.062705	109	5	111	779.326
0.261799	2.984978	1.954446	34	23	8	779.297
-2.879793	2.984978	1.954446	130	136	37	779.159
-1.832596	0.910508	1.903534	119	130	33	779.157
2.356194	2.251330	-2.330739	13	112	40	779.117
-2.356194	1.050534	3.042579	36	115	32	778.976
-2.879793	2.979456	-1.009304	129	132	37	778.955
0.261799	1.135813	-2.658866	107	18	118	778.840
-1.047198	1.325504	-1.671296	116	1	35	778.562
-2.356194	1.440580	2.260026	108	2	125	778.554
-2.879793	0.709924	0.218797	104	9	116	778.463
0.000000	1.875281	0.107086	112	5	112	778.426
-2.094395	0.418037	1.360082	112	1	116	778.400
-0.523599	0.709924	0.218797	127	127	129	778.331
-0.261799	0.619654	-2.216909	123	131	36	778.300
2.879793	2.393226	1.857173	98	17	117	778.072
2.617994	1.869911	2.701025	127	131	39	778.056
0.523599	2.881233	-2.582574	114	2	115	778.034
-0.785398	2.153910	-1.714959	110	138	33	777.763
-2.356194	0.906588	1.252948	104	3	119	777.742
-0.785398	1.113094	-0.272241	6	40	125	777.625
1.570796	1.374601	-2.456031	132	130	39	777.526
-1.570796	1.809167	1.213774	103	5	119	777.503
0.000000	2.251330	-2.330739	131	127	36	777.500
0.261799	2.478122	2.609777	25	114	39	777.412
-1.047198	0.866395	-2.492918	30	24	19	777.406
-2.094395	0.914445	2.687814	19	105	36	777.377
0.785398	1.301460	-0.509251	9	136	120	777.312
1.570796	1.846342	-1.796954	126	125	34	777.206
-0.785398	1.256302	0.062705	139	7	106	777.026
2.617994	2.760637	2.781135	29	19	30	776.883
0.785398	1.214854	-1.966664	119	22	22	776.848
-0.785398	0.418037	1.360082	17	120	132	776.787
0.000000	0.418037	1.360082	122	4	120	776.691
-1.570796	1.699788	2.452890	131	139	38	776.579
2.356194	2.587733	0.232235	112	1	115	776.470
2.094395	2.592629	0.909713	122	132	38	776.435
1.308997	1.998705	2.370472	128	135	38	776.409
-2.617994	1.194549	-0.801900	122	143	116	776.348
2.617994	1.555207	1.708892	115	129	36	776.313
2.356194	2.299159	2.264663	26	23	23	776.266
-0.523599	0.615174	-0.666022	99	10	121	776.198
0.261799	1.904882	-1.478089	126	131	29	776.156
1.832596	2.187132	-0.479875	103	6	128	776.082
2.617994	1.135834	-1.431087	131	134	33	776.044
0.523599	0.591903	2.010408	137	48	132	776.020
-3.141593	1.134497	-1.109631	126	1	30	775.939
-3.141593	2.343981	-1.040456	47	118	16	775.724
2.617994	1.310100	1.488307	115	130	30	775.594
1.047198	1.736875	3.023612	128	136	39	775.577
2.879793	1.904882	-1.478089	138	131	32	775.544
-1.308997	1.696674	-1.253233	122	136	26	775.229
-1.308997	0.419640	2.974122	127	132	38	775.219
0.785398	1.869911	2.701025	124	129	37	775.054
1.832596	1.247695	1.809890	127	140	34	775.011
-0.261799	2.704512	1.488683	129	136	38	774.970
-1.832596	1.134497	-1.109631	126	0	29	774.954
1.308997	1.982574	-1.115518	108	9	111	774.832
-0.785398	0.685216	-1.712745	140	42	121	774.760
2.879793	1.998705	2.370472	128	131	39	774.657
-1.308997	2.138223	1.678323	112	0	119	774.609
-0.523599	2.251330	-2.330739	112	132	35	774.564
1.570796	1.741644	-2.695914	103	9	121	774.321
0.261799	1.195355	1.200319	115	6	22	773.833
0.785398	2.295480	1.008277	118	133	37	773.680
-0.523599	1.824694	1.850876	129	1	114	773.446
-2.617994	0.733948	3.021411	35	109	28	773.398
0.523599	2.001437	0.381215	121	4	113	773.180
-1.570796	2.579248	-2.364801	107	13	124	773.055
2.356194	1.433411	-1.035986	118	4	110	773.007
2.879793	1.555207	1.708892	120	130	33	772.984
-3.141593	2.138223	1.678323	96	12	133	772.894
2.356194	1.696674	-1.253233	108	1	122	772.835
0.261799	1.977582	0.969896	119	141	35	772.609
2.356194	2.637879	2.121598	106	21	120	772.602
-2.094395	2.455966	-0.641220	115	17	109	772.534
-0.785398	0.864993	2.278281	115	3	130	772.218
2.617994	0.929350	-2.910676	110	1	121	772.167
1.832596	1.824694	1.850876	125	138	37	772.167
1.832596	2.579248	-2.364801	23	121	40	772.064
1.308997	2.588535	-2.976617	125	132	37	771.847
-1.047198	0.458961	-0.107937	99	9	122	771.787
0.785398	1.998705	2.370472	125	133	40	771.779
1.308997	2.115563	0.685730	114	137	35	771.635
0.523599	0.709924	0.218797	113	3	114	771.562
-1.047198	2.881233	-2.582574	133	139	38	771.244
0.785398	1.374601	-2.456031	104	5	124	771.208
-1.047198	1.242974	-2.977882	22	15	36	771.156
2.094395	1.617114	-1.572037	134	130	32	771.086
2.356194	0.571433	-1.188419	114	5	112	770.996
2.094395	1.045978	0.343692	1	0	121	770.953
1.832596	2.089241	-0.114193	116	2	109	770.858
2.356194	1.756530	-2.105156	113	143	121	770.723
-1.570796	1.440580	2.260026	125	2	117	770.619
1.047198	1.135813	-2.658866	126	129	39	770.523
-1.832596	0.591903	2.010408	122	6	111	770.493
2.356194	2.379497	0.561089	108	6	111	770.473
-2.094395	1.554776	0.100351	107	19	105	770.396
1.047198	2.299159	2.264663	23	8	41	770.367
0.261799	0.615174	-0.666022	123	7	105	770.249
-2.094395	2.174483	2.653697	130	136	37	770.077
-2.094395	1.756530	-2.105156	135	48	141	770.066
-0.785398	2.108018	1.311430	37	15	4	770.012
-2.356194	0.762244	-0.273349	109	10	111	769.994
1.832596	2.587733	0.232235	115	140	35	769.979
-1.570796	1.367556	0.358405	107	10	109	769.914
1.570796	2.379497	0.561089	106	12	113	769.890
-2.094395	1.168678	2.108595	111	1	120	769.848
-0.261799	2.041297	-2.664597	121	127	37	769.783
0.261799	1.374601	-2.456031	124	135	38	769.680
2.094395	0.418037	1.360082	133	138	35	769.466
-3.141593	2.041297	-2.664597	132	131	37	769.424
2.879793	0.496451	0.593859	116	40	103	769.417
-1.308997	1.977582	0.969896	109	5	115	769.312
-2.617994	1.658653	-2.409879	129	132	39	768.963
-1.308997	0.709924	0.218797	121	143	114	768.586
1.832596	1.374601	-2.456031	130	129	39	768.356
0.785398	2.396274	-1.959260	118	2	114	768.318
-2.356194	1.812176	0.656819	104	9	114	768.145
-1.832596	1.168678	2.108595	109	0	120	768.134
-1.047198	1.135834	-1.431087	118	19	108	768.130
0.000000	1.998705	2.370472	36	132	37	768.043
-1.832596	2.379497	0.561089	34	106	1	768.012
0.000000	1.214854	-1.966664	118	135	35	767.972
-1.832596	1.374601	-2.456031	30	27	15	767.875
-2.094395	1.662363	0.915448	17	104	143	767.816
-2.356194	1.736875	3.023612	128	136	39	767.812
2.617994	1.904882	-1.478089	117	142	121	767.807
-1.308997	2.719179	-1.780644	108	139	29	767.769
1.047198	2.115563	0.685730	117	139	34	767.730
-0.261799	1.696674	-1.253233	111	27	4	767.586
-0.785398	1.872854	1.543456	119	3	112	767.516
-0.523599	1.134497	-1.109631	103	6	119	767.491
2.094395	1.812176	0.656819	117	17	101	767.418
-1.047198	2.704512	1.488683	128	139	38	767.202
0.261799	1.683268	0.374177	112	6	113	767.186
0.000000	0.866395	-2.492918	127	129	36	767.186
-0.523599	2.478122	2.609777	112	1	120	767.185
1.832596	1.050534	3.042579	109	7	113	767.171
1.047198	2.637879	2.121598	132	139	37	767.160
1.570796	0.297065	2.160177	128	140	36	767.013
-1.832596	1.218453	2.777284	113	1	133	766.951
0.523599	1.310100	1.488307	115	16	120	766.894
-1.047198	1.134796	2.434290	116	3	125	766.778
0.000000	1.617114	-1.572037	124	135	31	766.650
0.261799	1.872854	1.543456	6	38	121	766.267
-0.785398	2.396274	-1.959260	110	134	32	766.183
-2.879793	1.812176	0.656819	109	2	119	766.119
-2.879793	2.299159	2.264663	129	124	36	766.039
-0.261799	1.909857	-0.381669	3	44	130	765.910
0.000000	1.599406	1.426070	128	3	29	765.909
-2.617994	1.982574	-1.115518	120	143	127	765.727
-1.570796	1.450119	-2.739050	124	134	40	765.660
2.879793	1.135813	-2.658866	120	136	40	765.569
0.785398	1.050534	3.042579	131	0	40	765.531
-2.356194	2.349581	-2.702517	118	45	1	765.276
-0.261799	0.910508	1.903534	123	2	126	765.235
-2.094395	1.555207	1.708892	111	134	27	765.182
-0.523599	2.001437	0.381215	143	38	113	765.154
-1.570796	0.418037	1.360082	111	2	115	764.934
2.094395	0.961715	0.014085	136	13	105	764.863
-2.879793	1.696674	-1.253233	118	8	20	764.768
-0.261799	1.948085	-2.363031	133	135	37	764.732
1.308997	2.104282	-0.813972	106	15	107	764.682
1.832596	2.247462	0.191623	110	139	32	764.674
-0.261799	1.504028	0.636812	135	35	105	764.573
-1.832596	0.866395	-2.492918	107	15	133	764.427
-1.832596	2.587733	0.232235	113	9	109	764.321
-1.047198	1.812176	0.656819	112	1	118	764.319
0.261799	0.700570	1.559208	126	5	126	764.291
1.047198	1.433411	-1.035986	109	12	107	764.267
2.356194	1.413347	-1.339188	104	4	117	764.237
-1.570796	2.299159	2.264663	128	132	39	764.215
1.047198	2.719179	-1.780644	119	117	29	764.189
2.094395	2.174483	2.653697	131	132	39	764.132
-2.879793	2.295480	1.008277	101	8	113	764.003
0.785398	1.736875	3.023612	131	3	120	763.991
0.523599	2.033014	2.977192	129	134	38	763.977
-1.047198	1.555207	1.708892	137	133	34	763.954
-1.832596	1.242974	-2.977882	33	120	37	763.902
-1.308997	2.664082	-1.071402	32	24	17	763.820
2.617994	2.251330	-2.330739	22	128	43	763.746
-2.879793	1.413347	-1.339188	125	0	29	763.722
1.570796	1.683268	0.374177	118	12	103	763.709
0.261799	1.025536	1.576859	127	5	122	763.604
2.094395	1.134796	2.434290	128	135	38	763.586
-1.832596	1.391910	3.030322	130	129	38	763.500
2.879793	0.290380	-0.796960	117	9	107	763.358
-1.047198	1.134497	-1.109631	115	127	30	763.210
-1.832596	2.724429	-0.348782	30	28	2	763.125
-2.356194	2.174483	2.653697	135	121	39	763.094
2.879793	0.370812	-2.547742	118	5	111	762.951
1.308997	2.174483	2.653697	130	131	37	762.935
-1.570796	2.379497	0.561089	110	6	112	762.899
0.000000	0.674054	1.013609	120	4	113	762.876
-2.094395	1.045978	0.343692	100	19	112	762.826
1.047198	0.929350	-2.910676	103	6	124	762.805
2.617994	1.809167	1.213774	100	20	111	762.717
-2.879793	1.045978	0.343692	105	35	105	762.676
2.879793	0.961715	0.014085	126	128	22	762.521
2.617994	2.104282	-0.813972	120	120	29	762.464
2.356194	2.881233	-2.582574	127	128	38	762.407
1.308997	2.863997	0.549740	100	16	120	762.394
0.523599	1.741644	-2.695914	121	135	38	762.355
0.261799	1.335669	0.897240	118	6	25	762.171
2.094395	2.984978	1.954446	127	36	22	761.922
-0.785398	0.831641	0.616218	22	122	128	761.913
-0.785398	1.135834	-1.431087	113	50	129	761.873
-2.094395	0.866395	-2.492918	123	141	36	761.835
-0.523599	2.247462	0.191623	133	48	121	761.805
0.000000	2.455966	-0.641220	108	10	110	761.799
2.617994	1.696674	-1.253233	113	143	121	761.785
2.617994	1.599406	1.426070	116	133	32	761.710
2.617994	2.393226	1.857173	125	123	35	761.670
-2.617994	2.115563	0.685730	117	143	119	761.535
-1.832596	1.335669	0.897240	3	2	112	761.465
-1.832596	2.108018	1.311430	98	12	116	761.321
-1.570796	0.864993	2.278281	34	111	30	761.119
2.094395	1.846342	-1.796954	34	103	11	760.887
-0.523599	2.719179	-1.780644	109	9	110	760.819
0.523599	0.866955	-0.931351	113	6	110	760.784
2.356194	0.458961	-0.107937	29	20	26	760.770
-0.785398	2.592629	0.909713	111	8	110	760.759
2.879793	1.025536	1.576859	117	123	29	760.727
-0.523599	0.619654	-2.216909	118	51	121	760.643
2.617994	2.863997	0.549740	103	8	136	760.641
2.356194	1.948085	-2.363031	126	137	38	760.603
2.879793	0.700570	1.559208	121	0	111	760.487
0.785398	1.218453	2.777284	130	133	37	760.397
-2.356194	2.356369	3.005869	136	129	40	760.355
-2.094395	1.948085	-2.363031	17	140	44	760.333
1.047198	2.001437	0.381215	114	143	33	760.295
-2.617994	2.881233	-2.582574	132	49	135	760.289
-2.094395	1.617114	-1.572037	139	46	123	760.277
-1.308997	1.662363	0.915448	135	134	31	760.074
2.356194	2.041297	-2.664597	31	25	18	760.016
1.047198	0.899350	-2.069907	130	132	37	760.003
-1.832596	1.325504	-1.671296	135	48	125	759.795
1.308997	1.195355	1.200319	1	141	128	759.789
1.047198	1.510910	-0.740472	111	17	103	759.717
-2.356194	1.545873	-1.877082	136	137	34	759.714
-2.617994	0.080730	-2.622036	122	9	110	759.565
-3.141593	0.910508	1.903534	107	0	125	759.547
-1.047198	0.992645	-1.723759	121	140	36	759.521
0.785398	1.450119	-2.739050	129	120	36	759.477
-1.308997	1.658653	-2.409879	124	132	38	759.414
-3.141593	1.168678	2.108595	98	15	122	759.344
0.261799	1.569311	-3.003978	133	130	40	759.197
2.879793	1.128190	-2.288622	28	104	26	758.934
0.000000	0.203748	0.590255	120	11	108	758.722
1.047198	0.297065	2.160177	121	142	35	758.564
-2.356194	2.343981	-1.040456	135	128	33	758.298
-2.617994	1.824694	1.850876	120	132	37	758.275
-2.617994	2.033014	2.977192	116	141	36	758.271
-2.094395	2.588535	-2.976617	135	133	40	758.226
2.879793	1.824694	1.850876	120	131	37	758.097
1.308997	1.184361	0.625864	121	142	23	758.069
-1.570796	2.979456	-1.009304	27	16	30	758.039
-2.356194	1.214854	-1.966664	127	1	37	757.963
-2.879793	1.214854	-1.966664	133	141	37	757.946
-0.523599	1.658653	-2.409879	132	135	38	757.468
0.785398	2.174483	2.653697	128	133	39	757.404
-1.570796	2.343981	-1.040456	31	22	19	757.164
-2.617994	2.664082	-1.071402	118	16	111	757.093
2.879793	2.979456	-1.009304	39	113	25	756.867
-1.308997	1.413430	2.550734	40	119	32	756.865
-2.617994	2.104282	-0.813972	128	123	31	756.853
-0.785398	2.033014	2.977192	122	139	39	756.784
1.047198	2.881233	-2.582574	111	143	130	756.757
-1.308997	2.587733	0.232235	119	9	107	756.693
1.832596	2.881233	-2.582574	117	11	118	756.676
-0.261799	1.417623	-0.202254	113	4	112	756.605
-2.094395	1.998705	2.370472	120	140	38	756.571
-0.785398	0.700570	1.559208	128	129	33	756.554
0.785398	1.448123	-2.163292	120	131	37	756.507
-0.261799	1.812176	0.656819	136	38	107	756.490
-2.617994	0.370812	-2.547742	122	6	112	756.483
0.000000	1.982574	-1.115518	117	143	116	756.434
-0.261799	0.866955	-0.931351	115	6	112	756.365
0.523599	0.733948	3.021411	132	135	37	756.301
1.832596	2.174483	2.653697	127	131	40	756.270
1.047198	1.741644	-2.695914	127	136	40	756.248
2.879793	0.899350	-2.069907	130	132	37	756.175
-2.356194	1.301460	-0.509251	116	4	118	756.115
-2.356194	2.587733	0.232235	32	104	2	756.086
1.570796	1.045978	0.343692	115	141	22	756.063
0.785398	1.168678	2.108595	118	143	36	756.009
1.047198	0.419640	2.974122	102	11	119	755.942
-0.261799	0.418037	1.360082	119	4	118	755.909
0.000000	1.168678	2.108595	137	129	33	755.697
-1.047198	2.456751	-1.503343	110	142	29	755.697
-2.617994	1.448123	-2.163292	37	118	30	755.572
2.617994	1.506530	1.988858	119	125	36	755.489
-2.356194	1.948085	-2.363031	23	127	40	755.469
-1.308997	2.881233	-2.582574	108	14	108	755.449
-1.570796	1.982574	-1.115518	34	18	19	755.438
-0.523599	2.187132	-0.479875	134	0	33	755.428
0.000000	1.195355	1.200319	118	0	126	755.361
-1.832596	2.404280	-0.174044	120	11	108	755.185
2.356194	1.256302	0.062705	136	12	104	755.056
-0.785398	0.961715	0.014085	129	4	108	755.052
2.617994	1.256302	0.062705	114	3	114	754.947
1.047198	1.391910	3.030322	133	141	39	754.855
-2.617994	0.929350	-2.910676	129	131	39	754.721
1.047198	1.766067	2.153843	126	140	37	754.636
0.000000	2.379497	0.561089	127	135	37	754.418
-1.832596	2.664082	-1.071402	33	14	27	754.400
1.047198	2.295480	1.008277	117	133	37	754.306
0.000000	2.180315	-1.357379	118	1	112	754.302
-1.570796	1.870545	-2.976234	128	135	38	754.255
0.000000	1.569311	-3.003978	133	128	39	754.194
1.832596	1.599406	1.426070	119	0	34	754.037
-0.261799	1.218453	2.777284	23	32	19	753.859
1.047198	1.374601	-2.456031	129	122	37	753.858
1.570796	0.906588	1.252948	139	47	132	753.824
-3.141593	2.164094	-2.991358	111	26	115	753.813
1.832596	2.356369	3.005869	127	130	39	753.755
2.879793	2.153910	-1.714959	40	123	31	753.755
-1.570796	1.506530	1.988858	125	5	112	753.725
-0.261799	2.396274	-1.959260	115	128	32	753.663
-0.523599	1.184361	0.625864	106	4	115	753.651
2.094395	0.619654	-2.216909	109	1	121	753.631
2.094395	2.153910	-1.714959	34	104	10	753.539
2.094395	0.914445	2.687814	114	142	37	753.471
1.570796	2.247462	0.191623	111	141	33	753.445
-2.356194	1.135813	-2.658866	32	108	24	753.445
-3.141593	2.881233	-2.582574	130	50	138	753.436
0.261799	1.014500	0.906702	119	2	125	753.385
2.879793	2.349581	-2.702517	135	133	35	753.362
-0.785398	0.591903	2.010408	122	4	119	753.333
0.000000	1.510910	-0.740472	104	7	114	753.316
-0.785398	1.812176	0.656819	134	132	30	753.228
-2.879793	1.014500	0.906702	117	2	113	753.180
2.356194	0.960688	-0.577532	135	136	31	753.134
0.785398	1.696674	-1.253233	119	4	111	753.042
0.523599	1.391910	3.030322	106	18	121	753.025
0.000000	1.977582	0.969896	4	39	120	752.933
0.261799	1.504028	0.636812	121	2	117	752.900
0.785398	1.440580	2.260026	132	143	36	752.857
2.879793	1.504028	0.636812	120	13	105	752.837
-2.879793	1.374601	-2.456031	134	138	40	752.825
2.617994	1.195355	1.200319	112	131	28	752.810
1.832596	0.762244	-0.273349	137	13	104	752.754
-2.356194	1.696674	-1.253233	9	47	134	752.633
-2.879793	2.881233	-2.582574	133	129	36	752.535
1.308997	1.391910	3.030322	131	138	38	752.340
0.261799	1.325504	-1.671296	114	130	35	752.302
1.308997	0.929350	-2.910676	123	135	39	752.296
-2.356194	2.719179	-1.780644	22	9	36	752.030
-0.785398	1.367556	0.358405	110	3	116	751.996
-0.785398	2.180315	-1.357379	112	1	26	751.570
-1.047198	1.335669	0.897240	106	6	111	751.456
-1.832596	0.290380	-0.796960	106	16	109	751.425
-0.261799	2.251330	-2.330739	116	125	36	751.283
-0.523599	1.836682	-0.676006	5	43	124	751.096
-2.356194	1.134497	-1.109631	120	0	30	751.032
2.617994	1.135813	-2.658866	32	107	28	750.965
-2.356194	0.290380	-0.796960	124	138	36	750.778
-0.785398	1.325504	-1.671296	114	142	35	750.703
2.617994	1.836682	-0.676006	116	2	111	750.620
-1.308997	1.510910	-0.740472	115	132	25	750.548
-1.832596	2.073035	2.027405	127	128	38	750.537
-2.617994	1.617114	-1.572037	133	139	33	750.531
-1.570796	2.073035	2.027405	33	105	16	750.439
1.047198	0.379747	-1.713059	112	0	117	750.426
1.308997	1.335669	0.897240	116	133	26	750.251
-2.617994	0.709924	0.218797	140	27	108	750.247
-2.356194	2.724429	-0.348782	117	11	108	750.138
2.094395	0.929350	-2.910676	117	135	40	749.936
0.523599	0.906588	1.252948	126	5	126	749.936
-2.356194	2.579248	-2.364801	142	48	135	749.879
-2.879793	1.683268	0.374177	111	3	113	749.877
2.617994	2.404280	-0.174044	116	1	114	749.833
-2.094395	1.325504	-1.671296	139	46	125	749.656
-2.094395	1.545873	-1.877082	138	47	129	749.488
-2.094395	2.724429	-0.348782	119	12	107	749.466
2.617994	1.846342	-1.796954	116	143	120	749.368
-1.570796	1.045978	0.343692	122	0	113	749.357
0.261799	2.108018	1.311430	136	47	124	749.354
-3.141593	1.050534	3.042579	117	131	40	749.092
-0.523599	1.413347	-1.339188	117	124	28	748.945
-2.617994	1.948085	-2.363031	127	138	38	748.750
-2.356194	1.617114	-1.572037	29	29	18	748.641
-2.094395	0.733948	3.021411	117	0	134	748.596
-3.141593	1.335669	0.897240	102	5	120	748.462
2.617994	0.615174	-0.666022	113	6	111	748.436
0.523599	1.506530	1.988858	130	141	35	748.223
1.832596	1.134796	2.434290	131	140	37	748.214
2.879793	1.506530	1.988858	94	20	127	748.198
0.000000	2.637879	2.121598	128	133	38	748.180
-0.785398	1.218453	2.777284	49	140	22	748.040
-0.523599	1.214854	-1.966664	113	47	139	747.934
0.000000	1.242974	-2.977882	132	135	40	747.865
-0.785398	1.310100	1.488307	115	143	123	747.773
-1.570796	1.025536	1.576859	122	108	18	747.764
2.617994	0.866955	-0.931351	131	138	33	747.751
-3.141593	1.045978	0.343692	139	21	105	747.680
-1.570796	2.396274	-1.959260	125	140	35	747.679
-2.617994	1.872854	1.543456	103	2	129	747.661
-0.523599	1.242974	-2.977882	131	137	39	747.567
-0.523599	2.579248	-2.364801	119	123	32	747.360
-1.308997	1.699788	2.452890	135	138	37	747.335
-1.047198	0.850607	-1.335383	118	127	33	747.299
2.356194	1.732874	-0.951685	108	2	120	747.113
-1.308997	0.906588	1.252948	25	117	135	747.084
-0.261799	2.001437	0.381215	131	142	34	747.011
