144	1.2	0
-2.356194	1.574060	2.783565
0.000000	0.000000	0.000000
../data/3_zdock/HER2_m.pdb	37.529	5.447	5.464
../data/3_zdock/antibody_m/l12_1.pdb	0.452	8.535	-0.821
2.617994	1.683268	0.374177	113	14	106	1571.899
2.617994	1.569311	-3.003978	131	119	33	1381.994
2.617994	1.504028	0.636812	111	19	105	1376.969
-0.261799	1.870545	-2.976234	129	130	36	1330.104
-3.141593	1.662363	0.915448	112	12	108	1272.874
2.617994	2.356369	3.005869	136	133	36	1269.882
1.832596	1.554776	0.100351	120	6	110	1262.968
2.094395	1.870545	-2.976234	127	126	35	1258.752
-2.617994	1.599406	1.426070	104	7	116	1256.903
1.570796	1.433411	-1.035986	119	143	116	1252.455
-3.141593	2.247462	0.191623	117	2	115	1243.863
1.570796	1.554776	0.100351	117	6	110	1237.458
2.617994	2.033014	2.977192	131	130	36	1230.511
0.523599	1.948085	-2.363031	129	126	36	1228.900
1.570796	2.180315	-1.357379	118	0	117	1228.817
1.832596	1.134497	-1.109631	116	5	111	1225.216
2.094395	1.606104	-0.451151	123	4	109	1225.165
-2.879793	2.379497	0.561089	115	0	121	1216.959
-1.047198	2.356369	3.005869	132	140	36	1212.020
2.879793	2.247462	0.191623	113	3	114	1202.542
-1.832596	1.195355	1.200319	109	4	111	1200.414
-3.141593	1.809167	1.213774	107	11	111	1199.969
-2.094395	2.001437	0.381215	120	10	106	1198.038
1.832596	1.569311	-3.003978	128	141	39	1197.307
-2.617994	2.587733	0.232235	121	2	116	1196.074
2.617994	1.875281	0.107086	116	9	108	1191.209
2.094395	1.554776	0.100351	111	17	104	1187.825
0.785398	2.164094	-2.991358	121	132	36	1180.383
2.879793	2.089241	-0.114193	114	4	111	1179.859
-1.570796	0.418037	1.360082	116	11	107	1179.662
-3.141593	0.419640	2.974122	107	2	128	1172.690
2.094395	1.417623	-0.202254	119	9	108	1164.872
1.308997	0.960688	-0.577532	109	11	112	1161.747
-2.617994	0.899350	-2.069907	130	138	35	1158.253
1.832596	1.836682	-0.676006	117	0	114	1155.252
-2.094395	0.619654	-2.216909	130	138	35	1154.951
-3.141593	1.977582	0.969896	111	7	111	1152.415
2.094395	1.741644	-2.695914	127	120	33	1150.664
-2.879793	0.618092	2.539118	104	3	129	1147.142
-0.261799	2.164094	-2.991358	128	124	35	1146.895
0.785398	2.349581	-2.702517	125	131	34	1144.548
1.047198	2.396274	-1.959260	115	0	125	1144.545
1.570796	1.417623	-0.202254	118	2	115	1136.866
2.356194	1.218453	2.777284	117	141	37	1135.978
1.047198	1.904882	-1.478089	102	7	122	1135.596
2.094395	1.869911	2.701025	128	130	36	1135.007
-1.308997	0.418037	1.360082	119	10	107	1134.102
2.617994	1.870545	-2.976234	133	123	35	1133.906
0.523599	2.164094	-2.991358	124	132	35	1133.475
-2.094395	0.297065	2.160177	116	7	112	1131.557
2.879793	1.812176	0.656819	109	12	107	1128.519
-2.356194	1.025536	1.576859	111	1	120	1128.518
2.356194	1.909857	-0.381669	122	4	109	1128.127
-2.094395	2.251330	-2.330739	121	137	34	1127.630
1.832596	1.194549	-0.801900	116	9	108	1127.543
-2.356194	1.599406	1.426070	107	4	116	1126.135
2.094395	2.104282	-0.813972	111	3	115	1125.300
1.832596	1.417623	-0.202254	111	10	113	1123.697
2.356194	1.683268	0.374177	114	11	109	1122.513
1.570796	0.866955	-0.931351	116	8	109	1121.914
-2.094395	1.134796	2.434290	113	0	125	1121.579
0.523599	2.343981	-1.040456	110	4	114	1115.347
2.617994	1.554776	0.100351	119	14	104	1115.314
1.570796	1.696674	-1.253233	117	142	121	1111.488
2.356194	2.187132	-0.479875	110	5	114	1109.894
-2.356194	0.591903	2.010408	105	2	123	1109.485
-2.094395	1.545873	-1.877082	135	46	130	1109.084
2.356194	2.579248	-2.364801	129	129	35	1105.915
-1.832596	2.187132	-0.479875	119	18	107	1105.558
0.785398	1.904882	-1.478089	115	2	118	1104.604
2.094395	1.909857	-0.381669	118	4	109	1104.192
1.308997	1.554776	0.100351	113	6	111	1103.986
-0.261799	2.041297	-2.664597	127	128	37	1102.751
2.879793	1.809167	1.213774	105	13	111	1102.679
-2.094395	1.617114	-1.572037	136	47	123	1101.957
1.832596	1.433411	-1.035986	124	143	115	1101.737
-2.094395	0.700570	1.559208	104	4	118	1097.697
2.356194	2.455966	-0.641220	121	143	117	1097.570
1.308997	0.961715	0.014085	121	3	113	1096.774
2.356194	2.033014	2.977192	131	129	36	1096.030
2.094395	1.836682	-0.676006	122	0	114	1095.182
1.832596	2.104282	-0.813972	116	142	118	1094.367
-2.356194	1.875281	0.107086	121	16	103	1092.222
-2.617994	2.187132	-0.479875	48	122	8	1091.784
-1.832596	1.617114	-1.572037	131	49	124	1091.346
-2.617994	1.413430	2.550734	105	5	129	1091.212
-1.832596	0.906588	1.252948	107	5	113	1087.331
-2.356194	0.899350	-2.069907	129	141	35	1087.203
0.523599	1.870545	-2.976234	121	137	35	1087.175
2.617994	1.218453	2.777284	120	139	37	1086.835
-1.832596	1.325504	-1.671296	132	49	127	1086.654
2.356194	1.870545	-2.976234	127	127	36	1086.397
0.261799	2.164094	-2.991358	122	138	37	1085.587
2.094395	2.187132	-0.479875	116	1	114	1081.815
1.308997	1.904882	-1.478089	107	4	121	1081.622
2.356194	1.554776	0.100351	118	8	110	1078.755
2.356194	1.736875	3.023612	129	124	35	1077.666
0.785398	2.704512	1.488683	31	25	16	1076.609
-2.356194	0.685216	-1.712745	131	143	33	1076.365
-0.523599	2.478122	2.609777	134	134	36	1076.283
2.094395	1.721184	-0.153948	116	4	114	1073.510
2.094395	2.343981	-1.040456	119	143	117	1073.349
-2.356194	0.297065	2.160177	107	1	122	1071.585
2.879793	2.404280	-0.174044	119	143	117	1069.930
2.879793	1.977582	0.969896	108	9	112	1069.928
-2.879793	0.906588	1.252948	117	3	113	1069.339
0.523599	2.356369	3.005869	126	131	36	1068.724
0.261799	2.588535	-2.976617	125	134	38	1065.152
1.308997	1.433411	-1.035986	113	0	116	1063.121
-2.094395	2.115563	0.685730	118	5	110	1062.311
0.261799	1.301460	-0.509251	107	3	116	1061.092
-1.047198	1.128190	-2.288622	26	25	17	1060.359
-2.617994	1.569311	-3.003978	124	133	38	1059.524
-0.785398	0.203748	0.590255	112	14	107	1059.388
-1.832596	2.356369	3.005869	130	139	36	1057.962
-2.879793	1.545873	-1.877082	39	116	26	1057.888
-2.094395	1.440580	2.260026	129	133	34	1057.593
-1.570796	2.164094	-2.991358	130	133	37	1056.575
-2.356194	1.134796	2.434290	108	2	125	1055.493
-1.047198	2.863997	0.549740	30	27	4	1054.922
-2.094395	0.591903	2.010408	118	6	111	1054.572
-2.617994	1.247695	1.809890	109	1	126	1052.589
1.832596	1.741644	-2.695914	133	136	38	1051.580
-2.617994	0.864993	2.278281	103	4	129	1050.291
0.261799	0.496451	0.593859	115	2	115	1049.727
1.308997	1.256302	0.062705	117	5	111	1049.150
-0.523599	1.135813	-2.658866	24	22	23	1046.938
1.570796	1.113094	-0.272241	111	11	111	1046.708
-2.879793	1.184361	0.625864	114	4	112	1044.899
0.261799	1.948085	-2.363031	128	124	36	1044.030
-0.785398	1.875281	0.107086	115	6	112	1043.924
1.832596	1.134796	2.434290	131	140	35	1043.809
-0.785398	2.164094	-2.991358	125	121	35	1043.010
-2.617994	0.297065	2.160177	112	0	121	1042.566
1.047198	1.448123	-2.163292	120	133	37	1041.089
-0.785398	1.809167	1.213774	116	5	112	1040.664
-2.617994	1.134796	2.434290	105	5	125	1039.497
-3.141593	0.733948	3.021411	116	0	131	1039.391
-2.879793	1.599406	1.426070	100	11	116	1039.191
-0.785398	2.356369	3.005869	123	141	37	1038.574
1.570796	1.982574	-1.115518	121	142	117	1038.083
-2.617994	0.906588	1.252948	121	4	111	1037.468
0.785398	0.866955	-0.931351	115	9	107	1037.244
-2.879793	1.134796	2.434290	121	138	35	1036.780
0.261799	2.456751	-1.503343	114	2	118	1035.977
1.047198	1.135834	-1.431087	109	4	118	1035.766
-1.570796	1.135834	-1.431087	127	142	32	1035.565
-1.832596	0.914445	2.687814	124	12	114	1034.635
-2.094395	1.195355	1.200319	115	1	114	1033.901
0.000000	2.664082	-1.071402	107	7	117	1032.500
-1.570796	2.153910	-1.714959	30	21	23	1031.781
-0.523599	2.760637	2.781135	111	3	118	1031.364
1.832596	2.356369	3.005869	129	133	38	1030.232
2.356194	1.836682	-0.676006	112	3	113	1030.031
-2.094395	0.418037	1.360082	109	2	119	1029.870
1.570796	1.194549	-0.801900	112	4	116	1028.576
1.308997	1.218453	2.777284	128	137	36	1026.915
2.094395	1.256302	0.062705	130	11	105	1026.569
2.617994	2.089241	-0.114193	115	4	113	1026.417
-1.047198	2.174483	2.653697	128	139	38	1026.287
-2.094395	1.256302	0.062705	112	25	101	1024.617
0.261799	0.290380	-0.796960	116	2	114	1024.134
-1.832596	2.115563	0.685730	121	5	109	1022.863
2.356194	1.721184	-0.153948	115	10	107	1022.392
1.047198	1.195355	1.200319	133	46	111	1022.074
-2.879793	2.001437	0.381215	117	1	115	1021.872
-0.523599	1.417623	-0.202254	113	4	116	1021.712
2.879793	2.724429	-0.348782	116	4	115	1021.303
-2.879793	0.929350	-2.910676	128	129	38	1021.285
0.785398	2.579248	-2.364801	117	143	127	1021.014
0.523599	0.640596	-2.797608	103	16	116	1021.003
2.356194	1.391910	3.030322	124	140	38	1019.501
0.000000	1.846342	-1.796954	127	133	32	1019.009
-1.832596	1.812176	0.656819	113	7	113	1018.954
2.356194	2.089241	-0.114193	115	5	110	1018.548
2.617994	2.041297	-2.664597	131	143	38	1018.264
-2.356194	2.041297	-2.664597	127	140	37	1017.278
-2.356194	0.910508	1.903534	103	3	123	1016.821
-2.094395	1.977582	0.969896	115	0	120	1016.012
0.261799	2.033014	2.977192	126	136	35	1015.990
-3.141593	0.914445	2.687814	125	136	34	1013.969
2.356194	1.606104	-0.451151	117	8	107	1013.253
0.523599	1.450119	-2.739050	120	2	129	1012.869
0.523599	1.977582	0.969896	1	44	127	1012.699
1.832596	2.164094	-2.991358	117	135	35	1012.220
2.356194	2.174483	2.653697	129	135	37	1012.094
2.617994	1.606104	-0.451151	127	128	26	1011.335
-2.617994	1.809167	1.213774	104	4	119	1009.867
-2.617994	0.591903	2.010408	100	6	124	1009.742
1.308997	0.571433	-1.188419	111	5	114	1009.711
-2.617994	1.310100	1.488307	107	3	121	1009.284
-2.094395	1.025536	1.576859	105	3	118	1008.841
2.356194	1.417623	-0.202254	118	13	104	1008.530
-2.879793	1.025536	1.576859	118	1	116	1008.133
-1.832596	0.674054	1.013609	112	6	110	1007.798
-2.879793	2.115563	0.685730	113	0	122	1007.055
-0.523599	2.164094	-2.991358	126	125	34	1005.755
1.570796	1.413347	-1.339188	118	142	121	1005.273
0.000000	2.164094	-2.991358	124	138	38	1004.950
0.000000	2.587733	0.232235	142	45	123	1004.787
1.047198	1.325504	-1.671296	107	3	126	1003.970
-2.617994	2.180315	-1.357379	137	125	31	1003.570
0.261799	2.396274	-1.959260	108	4	118	1003.302
2.879793	1.247695	1.809890	96	21	121	1003.167
-2.617994	2.455966	-0.641220	49	123	13	1002.514
-0.785398	2.174483	2.653697	129	139	38	1002.300
1.832596	1.510910	-0.740472	112	5	115	1001.598
0.523599	1.194549	-0.801900	108	0	121	1000.889
-3.141593	1.247695	1.809890	97	16	121	1000.882
2.356194	0.080730	-2.622036	114	2	116	1000.549
2.356194	1.256302	0.062705	132	12	105	1000.546
2.879793	0.640596	-2.797608	112	1	132	1000.299
1.832596	2.349581	-2.702517	122	131	35	999.751
-2.879793	1.977582	0.969896	103	5	117	999.083
2.356194	2.251330	-2.330739	125	126	35	998.594
-1.832596	0.418037	1.360082	115	2	114	998.423
-1.308997	1.433411	-1.035986	120	17	109	998.027
1.047198	1.045978	0.343692	120	7	108	997.694
-0.261799	2.478122	2.609777	131	133	36	996.875
-2.879793	1.812176	0.656819	112	4	114	996.297
1.832596	2.187132	-0.479875	111	2	113	995.535
2.356194	1.450119	-2.739050	131	133	38	994.539
-1.832596	1.846342	-1.796954	129	50	129	994.461
-1.570796	0.674054	1.013609	111	3	113	994.156
-2.094395	1.846342	-1.796954	134	47	127	994.012
-3.141593	1.599406	1.426070	104	13	112	993.742
2.879793	1.875281	0.107086	111	8	108	993.610
2.617994	1.812176	0.656819	108	15	107	993.319
-0.261799	1.391910	3.030322	131	134	38	993.261
1.047198	2.063651	-2.044600	130	123	34	993.216
-2.617994	1.391910	3.030322	121	127	38	993.123
-3.141593	2.174483	2.653697	131	134	38	993.092
0.261799	1.836682	-0.676006	105	4	117	991.649
1.047198	2.349581	-2.702517	122	127	35	991.301
-2.879793	1.168678	2.108595	101	11	121	990.996
2.879793	1.367556	0.358405	117	18	103	990.932
-1.308997	1.696674	-1.253233	140	46	133	990.633
2.617994	0.080730	-2.622036	111	6	115	990.501
1.832596	1.301460	-0.509251	117	1	117	990.497
2.879793	2.299159	2.264663	126	135	38	990.237
1.308997	0.866955	-0.931351	107	8	115	989.676
-2.879793	1.195355	1.200319	118	0	117	989.426
1.570796	0.571433	-1.188419	116	3	114	989.266
0.000000	1.391910	3.030322	131	136	38	989.216
2.879793	1.683268	0.374177	115	12	106	988.184
2.617994	2.187132	-0.479875	119	1	114	988.104
-2.879793	1.310100	1.488307	108	14	109	987.389
0.785398	0.571433	-1.188419	115	4	111	987.072
2.617994	2.404280	-0.174044	118	1	114	986.724
-1.570796	2.984978	1.954446	108	7	113	985.844
-2.356194	1.367556	0.358405	110	19	102	985.822
0.261799	1.982574	-1.115518	107	4	119	985.697
0.261799	1.658653	-2.409879	127	130	37	985.577
2.879793	2.174483	2.653697	131	129	37	984.703
-3.141593	2.478122	2.609777	113	20	113	983.797
-0.523599	0.910508	1.903534	117	2	126	983.684
-0.785398	2.404280	-0.174044	133	47	125	983.330
-1.308997	2.108018	1.311430	116	3	112	983.325
2.356194	1.869911	2.701025	118	137	36	983.281
1.570796	1.301460	-0.509251	108	8	116	983.062
0.523599	2.041297	-2.664597	117	132	35	982.056
-2.879793	0.914445	2.687814	116	0	129	981.781
-1.308997	1.569311	-3.003978	126	127	39	981.724
-2.356194	1.413430	2.550734	109	2	129	981.300
-0.523599	0.762244	-0.273349	124	4	112	981.228
-1.047198	1.875281	0.107086	113	7	113	979.948
2.617994	2.001437	0.381215	110	9	108	979.922
0.261799	1.135813	-2.658866	108	19	118	979.708
-1.832596	2.174483	2.653697	131	134	36	979.281
1.047198	1.599406	1.426070	119	17	114	978.953
2.617994	1.909857	-0.381669	1	129	124	978.415
1.570796	1.050534	3.042579	126	138	36	978.414
2.094395	1.413347	-1.339188	133	128	31	978.215
-1.832596	1.134796	2.434290	111	143	125	978.206
1.047198	2.033014	2.977192	131	136	37	978.193
1.570796	0.850607	-1.335383	112	4	114	978.090
2.356194	1.569311	-3.003978	129	117	32	977.374
2.879793	1.662363	0.915448	110	14	108	977.168
-0.785398	2.041297	-2.664597	127	125	36	976.731
1.570796	1.391910	3.030322	131	129	36	976.519
2.617994	1.662363	0.915448	105	19	107	976.407
-2.356194	2.063651	-2.044600	128	142	35	976.223
-0.261799	1.374601	-2.456031	22	15	32	976.113
1.308997	2.587733	0.232235	104	9	118	975.530
2.879793	2.033014	2.977192	130	133	37	975.357
0.523599	0.850607	-1.335383	107	5	121	974.883
2.879793	1.310100	1.488307	116	127	29	974.087
1.308997	1.194549	-0.801900	108	5	115	973.450
1.047198	1.998705	2.370472	128	135	37	972.970
0.785398	1.756530	-2.105156	124	127	36	972.920
2.356194	1.875281	0.107086	115	5	116	972.703
1.570796	1.732874	-0.951685	116	143	115	972.023
0.000000	2.356369	3.005869	126	135	37	970.583
-1.047198	2.001437	0.381215	114	5	113	970.445
-1.832596	2.407836	1.410646	137	132	35	970.407
2.094395	2.704512	1.488683	106	15	120	969.828
-3.141593	1.875281	0.107086	117	3	111	969.769
-2.617994	1.440580	2.260026	104	5	124	969.643
2.879793	1.135813	-2.658866	35	111	28	969.365
-2.879793	1.736875	3.023612	120	135	36	969.303
-2.879793	1.809167	1.213774	109	8	111	969.125
0.785398	1.413347	-1.339188	107	12	109	968.881
2.879793	1.218453	2.777284	113	138	37	968.860
-1.308997	1.736875	3.023612	35	125	35	968.584
0.261799	1.450119	-2.739050	132	136	39	968.438
0.261799	0.866955	-0.931351	116	7	110	968.242
2.617994	1.194549	-0.801900	135	134	28	968.116
1.047198	0.992645	-1.723759	105	2	130	967.967
1.832596	1.218453	2.777284	124	140	37	967.592
0.000000	1.135834	-1.431087	108	136	32	967.327
-1.832596	2.588535	-2.976617	128	136	37	967.268
2.094395	1.391910	3.030322	127	135	37	967.101
-1.832596	1.050534	3.042579	125	10	117	966.814
0.785398	2.664082	-1.071402	118	5	111	966.715
1.570796	0.960688	-0.577532	117	12	105	966.624
-2.094395	1.554776	0.100351	117	21	101	966.534
-0.785398	1.168678	2.108595	113	3	124	965.607
2.617994	2.251330	-2.330739	126	127	35	964.995
1.308997	2.180315	-1.357379	105	6	120	964.757
-1.570796	2.174483	2.653697	130	132	37	964.706
-2.356194	2.001437	0.381215	118	10	106	964.531
-1.832596	2.001437	0.381215	123	11	105	964.379
0.523599	2.108018	1.311430	33	23	9	964.273
-2.356194	2.379497	0.561089	119	3	113	964.209
-1.832596	1.335669	0.897240	110	8	106	964.208
-3.141593	2.343981	-1.040456	46	118	17	964.203
1.832596	1.391910	3.030322	128	137	37	964.043
1.308997	1.025536	1.576859	133	45	137	963.164
-1.047198	2.478122	2.609777	128	114	28	962.391
-0.261799	1.242974	-2.977882	25	20	27	962.383
1.832596	1.721184	-0.153948	119	2	115	961.270
2.094395	2.455966	-0.641220	106	3	119	960.786
-2.094395	1.875281	0.107086	122	16	103	960.780
-2.617994	1.025536	1.576859	107	3	120	960.434
-0.785398	1.870545	-2.976234	129	125	37	960.211
1.570796	1.721184	-0.153948	115	2	114	960.163
2.879793	1.242974	-2.977882	122	137	39	959.399
2.094395	2.251330	-2.330739	123	125	35	958.932
1.308997	2.349581	-2.702517	123	127	35	958.928
-3.141593	2.379497	0.561089	111	2	120	958.924
-0.523599	1.869911	2.701025	132	139	37	958.427
-1.570796	1.574060	2.783565	132	126	36	958.306
2.356194	2.247462	0.191623	107	5	124	958.209
-2.094395	1.756530	-2.105156	134	46	134	958.074
1.308997	1.696674	-1.253233	112	143	120	956.508
-2.356194	1.683268	0.374177	114	14	103	956.405
-2.617994	1.977582	0.969896	107	2	117	956.379
-1.570796	1.736875	3.023612	128	129	38	956.233
1.570796	2.379497	0.561089	107	11	113	955.381
0.523599	2.349581	-2.702517	122	127	34	955.239
-2.879793	2.456751	-1.503343	118	3	128	955.127
0.523599	2.579248	-2.364801	117	2	116	954.757
-2.879793	0.419640	2.974122	113	0	127	954.657
0.261799	2.478122	2.609777	130	129	36	954.496
2.094395	1.510910	-0.740472	116	7	108	954.451
1.832596	0.618092	2.539118	132	138	35	954.355
-0.523599	2.356369	3.005869	129	118	32	953.769
0.261799	2.760637	2.781135	130	123	34	953.657
-2.617994	1.948085	-2.363031	22	126	41	953.396
-3.141593	1.168678	2.108595	99	15	121	953.394
-3.141593	2.115563	0.685730	109	5	114	953.099
-0.785398	1.662363	0.915448	113	2	117	953.046
-2.617994	2.108018	1.311430	104	2	123	952.924
1.047198	0.615174	-0.666022	119	142	117	952.887
1.832596	1.450119	-2.739050	107	7	118	952.760
-2.879793	2.478122	2.609777	131	130	36	952.562
-2.094395	1.367556	0.358405	111	19	102	952.393
-2.617994	0.910508	1.903534	114	0	122	952.281
-2.617994	1.168678	2.108595	116	143	129	952.215
-1.308997	0.709924	0.218797	105	14	107	952.183
2.617994	2.637879	2.121598	105	18	120	952.074
1.308997	1.325504	-1.671296	106	2	128	952.072
1.832596	1.982574	-1.115518	109	1	119	951.809
-1.832596	1.488617	1.159546	112	3	110	951.522
-0.785398	1.756530	-2.105156	126	138	35	951.204
-1.308997	1.809167	1.213774	109	4	118	951.000
2.879793	1.948085	-2.363031	135	135	37	950.470
1.570796	1.256302	0.062705	121	5	111	950.083
1.832596	1.732874	-0.951685	121	0	115	949.876
1.047198	2.153910	-1.714959	104	5	126	949.732
1.047198	1.134497	-1.109631	113	7	110	948.907
-2.356194	0.700570	1.559208	109	4	117	948.719
1.832596	2.664082	-1.071402	107	1	126	948.654
-2.617994	0.674054	1.013609	117	3	112	948.540
1.832596	2.343981	-1.040456	114	0	118	948.530
0.261799	2.587733	0.232235	5	46	133	948.289
-2.094395	1.247695	1.809890	116	133	29	947.053
0.261799	1.736875	3.023612	128	136	37	947.002
0.785398	2.063651	-2.044600	128	122	34	946.911
0.261799	1.606104	-0.451151	107	7	111	945.544
2.617994	2.396274	-1.959260	130	125	34	945.495
0.261799	0.850607	-1.335383	121	131	32	945.419
2.879793	1.134796	2.434290	128	120	32	945.360
-2.094395	0.674054	1.013609	108	8	110	945.332
1.570796	1.766067	2.153843	128	42	1	945.230
1.047198	1.617114	-1.572037	102	6	122	944.459
-2.617994	0.618092	2.539118	114	0	124	943.369
-0.261799	0.297065	2.160177	131	131	35	943.312
-2.879793	1.506530	1.988858	99	10	126	942.952
2.094395	1.569311	-3.003978	128	118	32	942.798
-2.094395	0.906588	1.252948	112	2	114	942.730
-1.308997	0.929350	-2.910676	108	9	130	942.543
0.785398	1.025536	1.576859	137	46	117	942.381
-1.832596	1.214854	-1.966664	134	48	132	941.648
-2.094395	2.174483	2.653697	130	135	36	941.625
-2.094395	1.310100	1.488307	106	2	116	941.258
-2.879793	0.640596	-2.797608	131	123	36	939.626
-3.141593	2.295480	1.008277	110	3	116	939.534
-2.617994	2.456751	-1.503343	131	128	36	939.132
-2.617994	1.367556	0.358405	133	123	25	938.587
-2.094395	1.683268	0.374177	115	13	104	938.365
0.785398	1.998705	2.370472	129	134	37	938.017
-2.879793	0.203748	0.590255	115	7	111	937.755
-0.523599	0.866395	-2.492918	135	45	134	937.299
0.785398	2.396274	-1.959260	128	117	32	936.813
-2.356194	1.374601	-2.456031	131	136	39	936.617
1.047198	2.343981	-1.040456	96	18	118	936.584
0.523599	2.588535	-2.976617	124	133	38	936.358
-0.785398	2.760637	2.781135	123	117	29	936.081
-3.141593	2.033014	2.977192	124	137	37	935.932
-0.523599	2.588535	-2.976617	119	121	32	935.679
-1.047198	1.809167	1.213774	112	6	112	935.355
0.523599	1.025536	1.576859	116	15	119	935.212
-2.356194	1.662363	0.915448	112	5	110	935.167
0.261799	2.104282	-0.813972	106	6	115	935.146
0.523599	0.290380	-0.796960	121	3	111	935.093
1.047198	0.571433	-1.188419	117	4	110	934.820
2.094395	1.367556	0.358405	126	15	103	934.735
0.000000	1.113094	-0.272241	107	3	115	934.417
-1.047198	1.218453	2.777284	129	131	35	934.376
-1.570796	1.050534	3.042579	119	3	131	934.282
-3.141593	2.407836	1.410646	126	127	36	934.046
2.617994	1.736875	3.023612	123	129	37	933.554
-1.308997	2.247462	0.191623	114	9	110	933.245
1.832596	1.909857	-0.381669	114	5	109	933.220
2.094395	2.579248	-2.364801	127	130	35	932.601
-1.570796	1.014500	0.906702	114	4	110	932.490
-2.879793	2.295480	1.008277	108	1	129	932.339
-2.879793	1.555207	1.708892	98	11	121	932.159
1.047198	2.356369	3.005869	124	133	37	931.640
1.308997	1.756530	-2.105156	127	129	37	931.271
2.094395	2.115563	0.685730	114	11	106	930.884
0.785398	2.180315	-1.357379	113	4	114	930.448
2.094395	2.164094	-2.991358	117	133	35	930.437
0.261799	1.574060	2.783565	130	141	36	930.281
2.879793	1.736875	3.023612	125	136	37	930.249
-1.308997	2.164094	-2.991358	120	121	35	930.172
-2.879793	2.393226	1.857173	101	11	138	929.970
0.523599	0.458961	-0.107937	118	13	106	929.779
0.785398	1.699788	2.452890	125	136	36	929.771
-1.832596	0.370812	-2.547742	126	138	36	929.208
-3.141593	1.310100	1.488307	119	126	29	929.167
1.308997	0.850607	-1.335383	107	5	114	929.022
-0.785398	1.488617	1.159546	113	3	115	929.014
-1.308997	2.041297	-2.664597	120	126	37	928.900
-0.785398	1.824694	1.850876	119	0	116	928.841
-3.141593	2.001437	0.381215	113	3	116	928.619
1.570796	2.719179	-1.780644	107	2	126	928.495
-1.570796	1.433411	-1.035986	119	17	109	928.421
0.523599	2.153910	-1.714959	110	3	118	928.347
-1.047198	2.115563	0.685730	116	7	110	928.302
2.094395	1.736875	3.023612	128	123	35	927.653
-0.523599	0.203748	0.590255	118	143	116	927.500
-2.356194	1.440580	2.260026	108	2	123	927.375
0.523599	1.247695	1.809890	117	17	117	927.276
2.094395	1.218453	2.777284	126	137	36	927.220
-2.879793	1.756530	-2.105156	134	134	36	927.185
-2.617994	2.379497	0.561089	115	3	113	927.158
-1.308997	2.393226	1.857173	115	4	112	927.131
1.047198	0.961715	0.014085	116	2	113	927.124
1.570796	2.456751	-1.503343	115	143	124	926.955
0.785398	1.135834	-1.431087	105	7	118	926.289
-1.570796	1.218453	2.777284	131	125	36	925.940
1.308997	1.732874	-0.951685	113	11	107	925.886
1.832596	0.866955	-0.931351	127	8	105	924.907
-3.141593	2.089241	-0.114193	118	13	104	924.904
2.356194	2.349581	-2.702517	123	131	36	924.860
2.094395	1.433411	-1.035986	108	2	122	924.750
-3.141593	2.456751	-1.503343	113	3	130	924.720
-2.617994	1.014500	0.906702	121	3	111	924.650
-2.356194	1.977582	0.969896	110	1	120	924.648
2.094395	0.910508	1.903534	131	1	32	924.430
-0.523599	0.618092	2.539118	133	133	35	924.398
-2.356194	1.168678	2.108595	107	4	120	924.328
-0.523599	2.349581	-2.702517	124	125	34	924.305
0.261799	2.881233	-2.582574	111	4	116	924.182
-0.523599	1.247695	1.809890	116	3	120	923.915
-0.523599	1.662363	0.915448	117	1	117	923.868
1.308997	1.113094	-0.272241	114	17	103	923.667
-1.832596	1.413430	2.550734	113	1	123	923.566
-1.308997	0.370812	-2.547742	131	138	36	922.977
1.047198	2.478122	2.609777	128	134	38	922.865
-1.308997	2.356369	3.005869	120	117	32	922.807
-0.261799	0.496451	0.593859	11	136	121	922.609
-3.141593	2.637879	2.121598	97	14	122	922.052
1.570796	1.134497	-1.109631	122	0	114	922.043
-0.261799	1.506530	1.988858	134	125	29	921.510
-1.047198	1.977582	0.969896	114	4	114	921.228
1.570796	1.870545	-2.976234	128	142	39	921.211
0.261799	2.356369	3.005869	126	131	36	921.191
-0.785398	1.045978	0.343692	107	3	122	921.078
-0.523599	0.960688	-0.577532	121	10	107	921.061
-0.785398	2.033014	2.977192	130	124	34	920.651
2.094395	2.664082	-1.071402	107	6	116	920.609
2.879793	1.870545	-2.976234	130	130	36	920.554
-2.879793	1.872854	1.543456	103	4	129	920.212
1.047198	1.756530	-2.105156	126	128	36	919.969
0.261799	0.370812	-2.547742	126	136	35	919.769
0.523599	1.195355	1.200319	49	3	10	919.635
-1.308997	2.407836	1.410646	118	2	113	919.510
1.570796	1.836682	-0.676006	111	1	115	919.172
-3.141593	2.404280	-0.174044	119	3	113	918.930
0.000000	2.343981	-1.040456	106	5	121	918.842
1.047198	0.850607	-1.335383	111	3	116	918.695
-0.261799	1.247695	1.809890	137	126	28	918.464
2.879793	2.456751	-1.503343	47	121	22	918.453
0.523599	1.869911	2.701025	131	138	37	918.402
-2.617994	1.812176	0.656819	116	2	114	918.288
-3.141593	1.242974	-2.977882	124	135	39	918.088
-1.570796	1.335669	0.897240	111	4	111	918.073
1.832596	2.393226	1.857173	130	138	36	917.956
0.261799	2.379497	0.561089	124	136	37	917.457
-2.356194	1.488617	1.159546	126	139	120	917.438
-1.570796	1.569311	-3.003978	38	130	34	917.197
-2.094395	1.391910	3.030322	125	128	37	917.099
2.617994	1.721184	-0.153948	118	9	107	916.953
0.785398	1.948085	-2.363031	131	124	37	916.614
-1.570796	2.033014	2.977192	132	129	36	916.115
-3.141593	1.574060	2.783565	130	111	26	916.049
2.094395	2.637879	2.121598	118	16	118	915.626
1.832596	0.685216	-1.712745	112	1	120	915.398
-2.094395	2.637879	2.121598	127	136	37	915.232
1.832596	2.033014	2.977192	128	131	36	915.209
1.570796	0.379747	-1.713059	114	0	118	915.199
-2.094395	2.478122	2.609777	125	137	37	914.820
-0.523599	1.506530	1.988858	133	122	29	914.735
-1.570796	2.089241	-0.114193	117	12	109	914.700
-2.356194	0.866955	-0.931351	124	142	32	914.631
-0.261799	2.396274	-1.959260	119	128	32	914.629
2.094395	2.881233	-2.582574	132	134	35	914.511
-0.785398	0.709924	0.218797	116	8	107	914.271
2.617994	2.724429	-0.348782	119	142	119	914.203
2.879793	2.379497	0.561089	101	6	130	914.182
-3.141593	0.899350	-2.069907	128	133	37	914.110
2.879793	0.831641	0.616218	132	23	106	913.929
2.617994	1.732874	-0.951685	112	0	121	913.764
-2.617994	2.704512	1.488683	125	134	38	913.712
-0.523599	1.256302	0.062705	110	4	116	913.521
-2.879793	2.343981	-1.040456	49	123	16	913.353
-1.047198	2.089241	-0.114193	115	10	109	913.348
0.000000	1.134497	-1.109631	120	130	28	913.072
2.617994	2.164094	-2.991358	136	130	35	913.009
2.094395	2.089241	-0.114193	106	8	120	912.327
-2.617994	1.766067	2.153843	102	6	136	911.885
-3.141593	1.488617	1.159546	114	128	28	911.713
-2.617994	1.736875	3.023612	119	134	36	911.616
2.879793	2.295480	1.008277	106	6	116	911.517
2.617994	2.979456	-1.009304	34	109	26	911.414
2.879793	0.733948	3.021411	126	130	37	911.233
2.617994	2.407836	1.410646	100	13	114	910.768
1.308997	2.153910	-1.714959	116	0	122	910.701
1.047198	1.194549	-0.801900	116	10	105	910.673
-1.308997	1.741644	-2.695914	121	132	40	910.344
-1.832596	1.545873	-1.877082	132	49	130	910.311
-0.785398	2.637879	2.121598	115	2	118	910.182
-2.617994	1.506530	1.988858	118	0	121	910.080
-0.523599	2.456751	-1.503343	130	2	34	910.015
-1.570796	2.180315	-1.357379	134	48	121	910.014
2.094395	0.619654	-2.216909	103	6	130	909.715
-2.094395	1.870545	-2.976234	125	136	39	909.714
-2.617994	1.488617	1.159546	109	4	115	909.676
-1.047198	1.391910	3.030322	132	126	38	909.186
-0.523599	0.458961	-0.107937	111	6	111	908.681
1.308997	0.762244	-0.273349	118	143	118	908.664
2.879793	2.407836	1.410646	102	10	114	908.662
-2.879793	1.662363	0.915448	112	12	106	908.544
0.785398	1.134497	-1.109631	111	11	107	907.862
1.832596	0.458961	-0.107937	116	12	106	907.448
1.570796	1.218453	2.777284	127	134	36	907.428
-1.047198	2.455966	-0.641220	132	49	129	907.215
-2.356194	2.719179	-1.780644	20	12	35	907.061
-0.523599	2.587733	0.232235	134	46	127	907.021
2.094395	0.685216	-1.712745	118	4	110	906.979
0.523599	1.599406	1.426070	133	47	119	906.773
-2.094395	1.050534	3.042579	122	8	118	906.746
1.308997	1.617114	-1.572037	108	6	113	906.705
0.523599	1.413347	-1.339188	104	15	109	906.660
-2.879793	0.674054	1.013609	112	4	113	906.479
2.094395	1.025536	1.576859	127	2	30	906.478
1.570796	1.325504	-1.671296	115	2	113	906.350
0.000000	1.741644	-2.695914	131	124	37	906.248
-0.785398	2.349581	-2.702517	118	122	35	905.973
1.047198	0.290380	-0.796960	116	4	112	905.940
-1.308997	0.496451	0.593859	112	5	112	905.754
-0.785398	1.135813	-2.658866	28	22	23	904.609
-0.261799	2.588535	-2.976617	131	138	36	903.809
-0.261799	1.168678	2.108595	134	129	31	903.459
-2.879793	1.699788	2.452890	115	139	34	903.409
-2.617994	1.195355	1.200319	102	13	112	903.370
2.617994	1.869911	2.701025	128	133	37	903.226
-1.308997	2.063651	-2.044600	117	143	34	902.946
1.832596	1.367556	0.358405	112	23	103	902.806
1.047198	1.050534	3.042579	129	135	36	902.723
-1.047198	1.948085	-2.363031	119	132	38	902.642
-2.094395	0.290380	-0.796960	107	18	109	902.453
-2.879793	1.247695	1.809890	99	12	122	901.516
-2.356194	1.504028	0.636812	119	9	105	901.482
-2.879793	2.455966	-0.641220	47	118	13	901.333
0.261799	0.571433	-1.188419	109	3	125	901.310
-0.785398	0.619654	-2.216909	137	45	127	901.227
2.617994	2.115563	0.685730	109	7	112	901.217
2.617994	2.704512	1.488683	99	12	118	901.204
2.879793	2.115563	0.685730	112	6	111	901.158
2.617994	2.063651	-2.044600	128	122	32	900.917
2.094395	2.393226	1.857173	118	19	112	900.811
1.832596	1.413347	-1.339188	133	124	31	900.614
1.570796	1.510910	-0.740472	120	11	104	900.611
-0.785398	1.247695	1.809890	139	136	32	900.530
0.261799	0.864993	2.278281	140	45	125	900.482
1.047198	1.846342	-1.796954	109	2	125	900.462
0.261799	1.741644	-2.695914	130	129	39	900.409
-2.617994	2.115563	0.685730	117	2	116	900.328
0.785398	2.984978	1.954446	127	135	38	900.277
-3.141593	2.108018	1.311430	100	8	128	900.084
0.785398	0.960688	-0.577532	102	19	112	899.949
-2.094395	1.413430	2.550734	113	143	127	899.918
0.523599	1.510910	-0.740472	124	129	24	899.727
0.785398	0.709924	0.218797	117	2	114	899.723
0.000000	2.588535	-2.976617	115	2	117	899.505
-0.523599	2.719179	-1.780644	135	139	36	899.504
2.094395	2.407836	1.410646	109	15	115	899.469
0.000000	2.456751	-1.503343	115	3	114	899.408
-2.617994	1.045978	0.343692	133	120	22	899.367
1.047198	0.866955	-0.931351	113	142	118	899.281
1.047198	1.218453	2.777284	130	135	36	899.172
-2.879793	2.407836	1.410646	126	128	37	899.106
-1.047198	2.247462	0.191623	117	9	109	898.910
1.308997	1.045978	0.343692	123	7	109	898.848
0.785398	2.588535	-2.976617	126	126	35	898.489
-1.308997	2.089241	-0.114193	113	11	110	898.385
2.617994	1.836682	-0.676006	116	2	112	898.360
-2.094395	1.335669	0.897240	111	4	112	898.297
-2.879793	1.335669	0.897240	120	3	112	898.196
0.523599	0.619654	-2.216909	107	8	116	898.001
-0.785398	1.699788	2.452890	135	138	35	897.347
-2.094395	1.168678	2.108595	111	1	120	897.250
-1.308997	2.349581	-2.702517	114	125	35	897.230
-1.832596	1.741644	-2.695914	35	136	36	897.141
2.879793	2.592629	0.909713	109	3	114	897.080
-2.879793	0.591903	2.010408	102	7	120	896.722
-1.832596	2.637879	2.121598	102	12	113	896.556
0.000000	0.910508	1.903534	119	16	115	896.491
-2.617994	1.555207	1.708892	103	5	122	896.481
1.308997	1.413347	-1.339188	112	8	109	896.210
0.261799	2.579248	-2.364801	113	3	116	896.190
-0.785398	1.301460	-0.509251	106	7	117	896.159
0.000000	1.599406	1.426070	127	4	28	896.143
2.356194	2.704512	1.488683	97	17	118	896.077
-2.094395	2.979456	-1.009304	132	132	37	896.010
2.094395	2.041297	-2.664597	135	137	38	895.635
-2.617994	0.700570	1.559208	124	3	110	895.398
-1.832596	0.850607	-1.335383	129	49	118	895.008
1.047198	1.310100	1.488307	132	49	116	894.849
0.000000	2.349581	-2.702517	111	1	122	894.736
-1.832596	1.184361	0.625864	113	8	107	894.705
1.047198	0.960688	-0.577532	112	13	106	894.679
0.785398	2.299159	2.264663	130	131	39	894.532
0.523599	1.658653	-2.409879	126	131	37	894.397
-2.356194	0.458961	-0.107937	109	11	111	894.171
2.094395	0.080730	-2.622036	104	10	114	894.128
2.094395	2.247462	0.191623	112	3	112	894.032
1.308997	2.033014	2.977192	133	138	38	893.698
2.617994	1.450119	-2.739050	132	115	30	893.653
-1.570796	1.870545	-2.976234	129	133	38	893.608
-1.570796	1.904882	-1.478089	132	49	121	893.503
-1.832596	1.662363	0.915448	113	4	110	893.480
-0.785398	2.247462	0.191623	1	42	120	893.411
-2.617994	1.909857	-0.381669	46	122	3	893.350
-2.879793	2.247462	0.191623	121	2	114	893.338
2.617994	1.599406	1.426070	99	23	112	893.326
-2.094395	2.396274	-1.959260	118	143	34	893.112
2.617994	1.242974	-2.977882	129	115	30	893.086
-1.308997	1.870545	-2.976234	128	131	37	892.928
-3.141593	1.683268	0.374177	106	3	119	892.782
0.523599	0.831641	0.616218	119	5	110	892.576
-1.570796	2.704512	1.488683	111	6	114	892.371
-1.832596	2.251330	-2.330739	119	136	34	891.834
-0.523599	0.929350	-2.910676	29	23	21	891.562
-2.356194	1.256302	0.062705	113	26	101	891.481
0.523599	1.756530	-2.105156	124	127	36	891.411
-1.832596	2.760637	2.781135	133	131	39	891.230
-0.785398	1.599406	1.426070	115	2	116	890.514
-1.047198	2.108018	1.311430	111	4	115	890.481
0.261799	0.960688	-0.577532	107	1	121	890.376
0.785398	1.433411	-1.035986	109	15	106	890.240
-3.141593	1.504028	0.636812	117	14	104	889.878
2.617994	1.488617	1.159546	113	133	27	889.807
1.047198	1.545873	-1.877082	119	127	37	889.543
2.617994	1.391910	3.030322	117	123	36	889.451
1.308997	1.135834	-1.431087	114	5	110	889.437
2.356194	0.619654	-2.216909	107	4	130	889.248
2.094395	2.356369	3.005869	128	137	38	889.108
-0.261799	2.760637	2.781135	116	3	115	889.078
-2.094395	2.187132	-0.479875	118	18	107	888.917
-3.141593	2.356369	3.005869	111	23	114	888.855
-0.523599	1.218453	2.777284	25	28	18	888.828
-2.879793	2.587733	0.232235	105	3	123	888.528
-3.141593	1.506530	1.988858	97	14	126	888.476
-0.261799	2.174483	2.653697	127	130	38	888.370
1.832596	1.135834	-1.431087	113	2	115	887.860
-2.356194	1.391910	3.030322	123	128	37	887.656
-2.617994	1.374601	-2.456031	34	112	28	887.567
-2.879793	0.910508	1.903534	100	14	117	887.491
1.570796	1.506530	1.988858	125	140	34	887.434
0.261799	2.664082	-1.071402	116	6	111	887.341
-1.570796	2.349581	-2.702517	126	142	36	887.303
-1.832596	1.135834	-1.431087	131	50	121	887.215
-0.261799	1.450119	-2.739050	131	132	39	887.146
2.094395	1.134497	-1.109631	120	4	110	887.055
2.617994	2.247462	0.191623	108	4	120	887.021
-2.617994	1.824694	1.850876	101	5	131	886.993
-1.047198	2.343981	-1.040456	32	26	13	886.711
1.570796	2.349581	-2.702517	121	132	36	886.254
2.617994	1.135813	-2.658866	33	110	28	886.137
2.879793	2.001437	0.381215	105	8	111	886.098
-2.356194	2.863997	0.549740	109	1	128	886.005
-1.308997	2.478122	2.609777	123	113	28	885.972
-2.879793	0.961715	0.014085	1	27	106	885.697
0.523599	1.448123	-2.163292	120	133	37	885.661
-0.523599	1.050534	3.042579	139	136	37	885.571
-2.356194	1.809167	1.213774	110	3	113	885.341
0.261799	0.910508	1.903534	121	16	114	885.218
1.832596	1.256302	0.062705	114	17	105	885.089
-1.308997	2.637879	2.121598	107	5	117	885.045
-1.832596	1.904882	-1.478089	131	50	123	884.877
2.356194	0.640596	-2.797608	107	4	115	883.771
1.570796	2.588535	-2.976617	125	135	36	883.275
-0.523599	1.440580	2.260026	130	125	32	883.166
0.785398	0.685216	-1.712745	99	7	130	883.095
-3.141593	1.736875	3.023612	120	129	38	883.077
-1.308997	1.948085	-2.363031	120	132	37	883.016
1.570796	1.569311	-3.003978	103	9	122	882.749
0.000000	1.128190	-2.288622	107	18	118	882.609
-2.356194	1.872854	1.543456	106	0	127	882.588
-0.523599	1.195355	1.200319	116	0	120	882.200
1.047198	1.488617	1.159546	119	14	115	882.029
2.879793	2.704512	1.488683	101	8	118	881.967
0.523599	2.251330	-2.330739	129	116	34	881.752
2.879793	1.569311	-3.003978	128	125	36	881.708
1.308997	0.591903	2.010408	4	47	136	881.402
1.047198	0.685216	-1.712745	109	3	121	881.327
2.094395	1.875281	0.107086	106	14	107	881.254
-0.261799	1.135813	-2.658866	132	45	137	881.191
1.570796	0.685216	-1.712745	116	1	115	881.138
2.617994	1.417623	-0.202254	126	126	24	880.942
2.879793	2.587733	0.232235	114	0	116	880.927
0.785398	1.310100	1.488307	139	45	128	880.926
-2.356194	2.393226	1.857173	128	132	36	880.830
1.308997	2.456751	-1.503343	107	4	124	880.639
1.570796	2.664082	-1.071402	104	6	120	880.603
0.523599	1.904882	-1.478089	108	1	123	880.437
1.047198	2.164094	-2.991358	125	132	37	880.373
-1.832596	1.413347	-1.339188	126	3	31	880.069
0.261799	2.251330	-2.330739	113	1	121	880.054
2.356194	2.299159	2.264663	130	132	37	879.900
-2.094395	1.504028	0.636812	122	7	106	879.855
2.356194	2.356369	3.005869	134	132	36	879.662
-1.832596	2.041297	-2.664597	118	129	37	879.573
1.047198	1.413347	-1.339188	109	10	109	879.208
2.356194	2.063651	-2.044600	131	134	36	879.152
1.047198	1.869911	2.701025	132	136	37	878.662
2.094395	1.242974	-2.977882	125	135	38	878.594
1.308997	0.899350	-2.069907	129	131	36	878.272
2.879793	1.699788	2.452890	130	128	36	878.230
-2.617994	1.218453	2.777284	107	4	132	878.159
-2.617994	1.134497	-1.109631	121	2	30	877.717
0.523599	2.180315	-1.357379	113	1	118	877.696
1.570796	1.310100	1.488307	119	133	26	877.682
-2.617994	1.872854	1.543456	102	4	126	877.572
0.000000	1.606104	-0.451151	110	4	115	877.261
-1.832596	2.979456	-1.009304	29	15	30	877.078
-1.570796	2.041297	-2.664597	119	127	37	876.900
-0.785398	0.496451	0.593859	115	2	111	876.809
1.047198	2.041297	-2.664597	127	136	38	876.723
-2.617994	0.496451	0.593859	113	7	109	876.667
-1.047198	1.413347	-1.339188	117	22	109	876.632
-2.879793	0.899350	-2.069907	131	135	35	876.623
1.047198	1.870545	-2.976234	132	140	39	876.233
-1.570796	0.831641	0.616218	108	10	108	876.216
-1.047198	0.370812	-2.547742	142	46	129	876.074
-1.570796	1.504028	0.636812	114	8	107	876.010
-2.356194	2.478122	2.609777	126	136	37	875.795
1.570796	1.135834	-1.431087	113	1	118	875.571
1.047198	1.696674	-1.253233	109	10	112	875.478
2.617994	1.510910	-0.740472	124	129	26	875.190
-2.094395	0.914445	2.687814	36	111	28	875.062
2.617994	0.619654	-2.216909	111	2	130	874.675
-1.308997	1.134796	2.434290	131	118	33	874.600
-2.094395	1.599406	1.426070	105	1	120	874.407
-3.141593	0.929350	-2.910676	126	131	38	874.120
-0.523599	0.419640	2.974122	133	134	36	874.055
2.094395	2.592629	0.909713	101	11	114	873.909
-3.141593	1.025536	1.576859	121	123	27	873.863
-2.617994	2.349581	-2.702517	128	136	37	873.816
2.617994	1.977582	0.969896	109	13	107	873.425
-0.785398	1.391910	3.030322	131	129	38	873.340
2.094395	1.301460	-0.509251	117	7	109	873.049
2.356194	1.574060	2.783565	116	131	36	872.943
1.047198	1.699788	2.452890	124	136	36	872.781
-1.047198	2.073035	2.027405	115	1	116	872.771
-1.832596	1.128190	-2.288622	136	44	136	872.559
-0.261799	1.113094	-0.272241	104	6	116	872.285
2.617994	1.367556	0.358405	115	18	103	871.557
-2.094395	1.184361	0.625864	111	12	106	871.489
2.094395	1.135813	-2.658866	122	134	40	871.378
-0.261799	2.108018	1.311430	32	25	11	871.227
-1.047198	0.496451	0.593859	111	4	112	871.218
1.047198	2.664082	-1.071402	96	19	121	871.039
0.523599	0.615174	-0.666022	107	9	109	870.808
-2.617994	2.579248	-2.364801	33	17	28	870.797
1.832596	1.504028	0.636812	121	18	101	870.732
-1.832596	1.569311	-3.003978	130	133	38	870.559
2.617994	0.866395	-2.492918	33	106	23	870.373
-2.356194	2.592629	0.909713	109	3	124	870.292
1.308997	2.108018	1.311430	128	139	33	870.132
2.617994	1.134796	2.434290	112	141	35	869.928
1.832596	2.704512	1.488683	105	18	120	869.912
-1.047198	2.041297	-2.664597	121	126	37	869.869
2.356194	2.295480	1.008277	104	12	110	869.856
-2.879793	0.864993	2.278281	104	5	125	869.845
0.785398	2.153910	-1.714959	115	2	119	869.806
-1.047198	0.203748	0.590255	113	2	115	869.617
-1.047198	2.984978	1.954446	115	5	114	869.431
2.879793	1.766067	2.153843	125	128	36	869.406
-2.617994	1.658653	-2.409879	130	124	33	869.300
-2.356194	0.290380	-0.796960	125	138	36	869.160
-1.832596	1.574060	2.783565	113	1	128	869.096
-3.141593	1.812176	0.656819	106	5	117	869.033
-1.047198	2.164094	-2.991358	121	125	35	868.855
-3.141593	2.724429	-0.348782	126	1	115	868.650
-2.356194	2.579248	-2.364801	141	47	136	868.586
2.356194	1.242974	-2.977882	119	140	39	868.500
0.261799	1.662363	0.915448	117	3	30	868.491
1.832596	0.370812	-2.547742	105	10	111	868.368
-2.356194	1.135813	-2.658866	133	129	39	868.076
0.523599	0.591903	2.010408	137	47	134	868.012
-0.523599	0.615174	-0.666022	116	4	114	867.949
-0.785398	0.458961	-0.107937	103	11	111	867.939
0.261799	2.979456	-1.009304	133	137	37	867.815
-2.356194	0.615174	-0.666022	112	10	111	867.701
-3.141593	2.299159	2.264663	128	126	35	867.572
-0.523599	2.299159	2.264663	132	134	37	867.539
1.308997	1.510910	-0.740472	121	127	25	867.223
-1.570796	0.370812	-2.547742	134	137	35	867.043
1.570796	1.440580	2.260026	123	136	35	867.028
-2.356194	1.195355	1.200319	111	3	115	867.013
-2.617994	2.153910	-1.714959	134	126	33	866.656
1.570796	2.164094	-2.991358	118	135	35	866.636
1.308997	0.418037	1.360082	2	142	34	866.520
2.879793	1.504028	0.636812	113	17	104	866.463
1.832596	1.606104	-0.451151	124	143	115	866.113
-0.785398	1.194549	-0.801900	103	9	119	865.868
-0.785398	1.569311	-3.003978	128	130	39	865.749
-2.094395	2.456751	-1.503343	23	38	9	865.500
1.570796	0.615174	-0.666022	130	12	103	865.250
1.308997	1.134497	-1.109631	117	3	112	865.008
1.832596	2.455966	-0.641220	111	143	120	864.760
2.356194	2.404280	-0.174044	113	1	116	864.602
1.308997	0.379747	-1.713059	115	0	119	864.512
-1.570796	1.948085	-2.363031	120	132	38	864.383
-1.308997	0.203748	0.590255	114	0	115	864.219
-2.879793	1.488617	1.159546	107	0	125	864.188
-1.308997	0.640596	-2.797608	111	10	133	863.616
-1.832596	1.218453	2.777284	34	119	35	863.446
-0.523599	1.113094	-0.272241	101	9	117	863.308
1.308997	0.615174	-0.666022	130	3	110	863.009
-0.523599	1.599406	1.426070	120	2	115	862.957
0.000000	2.396274	-1.959260	128	125	31	862.428
-0.785398	1.948085	-2.363031	124	130	37	862.250
1.308997	1.335669	0.897240	116	132	25	861.879
2.617994	2.299159	2.264663	105	20	118	861.577
-2.617994	1.870545	-2.976234	126	134	39	861.520
1.308997	2.719179	-1.780644	102	6	126	861.169
1.047198	2.984978	1.954446	127	136	38	861.132
1.570796	0.914445	2.687814	127	136	36	860.992
-1.570796	1.998705	2.370472	130	134	37	860.934
2.356194	1.050534	3.042579	114	141	37	860.926
2.356194	2.164094	-2.991358	131	125	37	860.866
-2.879793	2.881233	-2.582574	130	129	37	860.487
0.523599	1.872854	1.543456	134	48	124	860.129
2.617994	1.247695	1.809890	98	28	116	860.118
-1.308997	1.045978	0.343692	117	2	116	860.068
-2.094395	0.618092	2.539118	124	133	36	859.921
0.523599	1.812176	0.656819	117	1	32	859.759
0.785398	0.864993	2.278281	130	134	35	859.637
2.617994	1.256302	0.062705	114	3	114	859.627
-0.523599	1.301460	-0.509251	100	12	116	859.503
1.308997	0.619654	-2.216909	126	135	36	859.404
0.785398	1.545873	-1.877082	98	9	132	859.401
-2.879793	0.709924	0.218797	105	9	116	859.026
-2.094395	1.662363	0.915448	110	6	109	858.929
1.570796	0.961715	0.014085	125	4	113	858.863
-1.570796	2.393226	1.857173	137	134	36	858.791
-1.570796	1.325504	-1.671296	127	52	127	858.506
0.000000	1.374601	-2.456031	108	22	117	858.293
1.832596	1.846342	-1.796954	128	128	35	858.276
1.047198	1.732874	-0.951685	122	121	27	858.211
-3.141593	1.134796	2.434290	129	116	33	858.001
-0.523599	1.194549	-0.801900	106	5	119	857.964
-2.356194	1.741644	-2.695914	32	136	39	857.803
-1.047198	0.709924	0.218797	114	9	107	857.788
0.523599	0.370812	-2.547742	107	11	115	857.688
-1.308997	1.391910	3.030322	130	124	37	857.474
0.261799	1.812176	0.656819	120	3	32	857.259
2.879793	1.488617	1.159546	113	131	27	856.810
1.570796	0.290380	-0.796960	128	1	115	856.808
1.308997	1.836682	-0.676006	114	143	115	856.773
-2.617994	0.458961	-0.107937	106	13	111	856.657
-1.308997	1.977582	0.969896	110	6	115	856.630
2.879793	2.478122	2.609777	113	21	113	856.484
0.261799	2.349581	-2.702517	116	1	120	856.463
1.308997	0.290380	-0.796960	120	7	109	856.296
0.000000	1.242974	-2.977882	133	135	39	856.112
-1.570796	1.696674	-1.253233	118	24	108	856.080
1.570796	2.153910	-1.714959	108	3	118	855.906
0.523599	2.104282	-0.813972	110	3	114	855.877
0.785398	1.325504	-1.671296	97	9	128	855.868
2.356194	0.297065	2.160177	112	6	113	855.833
-1.047198	2.153910	-1.714959	114	0	30	855.748
2.617994	2.455966	-0.641220	120	141	118	855.697
-2.617994	2.164094	-2.991358	106	22	117	855.610
-3.141593	1.391910	3.030322	118	139	39	855.290
-0.523599	2.984978	1.954446	41	117	26	855.167
-0.261799	1.741644	-2.695914	130	126	38	855.131
0.785398	2.041297	-2.664597	117	131	34	855.130
-1.570796	2.187132	-0.479875	113	17	108	854.936
0.000000	0.290380	-0.796960	102	8	116	854.869
2.356194	1.756530	-2.105156	112	0	121	854.760
-1.308997	0.864993	2.278281	37	115	29	854.574
0.523599	1.736875	3.023612	128	138	37	854.340
1.308997	2.393226	1.857173	127	47	140	854.266
-2.356194	1.948085	-2.363031	126	131	34	854.264
1.308997	1.391910	3.030322	130	132	37	854.208
-0.785398	2.588535	-2.976617	130	140	37	854.135
0.523599	2.456751	-1.503343	108	7	113	854.068
-2.094395	2.108018	1.311430	109	0	119	853.957
-1.308997	2.404280	-0.174044	118	13	107	853.775
1.047198	1.569311	-3.003978	127	143	39	853.551
1.570796	1.367556	0.358405	119	134	133	853.520
-2.879793	2.180315	-1.357379	115	1	128	853.302
-1.570796	0.929350	-2.910676	111	11	128	852.802
0.000000	1.998705	2.370472	27	118	38	852.764
2.356194	1.812176	0.656819	100	20	110	852.708
2.356194	1.135813	-2.658866	122	136	40	852.655
-3.141593	2.393226	1.857173	100	11	117	852.413
0.000000	2.174483	2.653697	128	132	38	852.192
2.617994	0.733948	3.021411	107	3	118	852.135
1.308997	1.301460	-0.509251	109	16	106	852.043
-2.356194	2.164094	-2.991358	127	142	37	851.836
-2.356194	1.846342	-1.796954	140	45	128	851.803
1.047198	1.948085	-2.363031	128	130	37	851.710
2.879793	1.168678	2.108595	95	19	126	851.592
1.832596	2.251330	-2.330739	121	125	35	851.513
1.570796	2.863997	0.549740	127	134	37	851.315
2.879793	1.696674	-1.253233	135	130	31	851.295
-1.047198	0.618092	2.539118	48	123	8	851.037
-1.570796	0.906588	1.252948	111	2	112	850.992
-2.617994	2.247462	0.191623	122	2	113	850.911
-0.261799	0.618092	2.539118	127	129	37	850.908
-0.261799	0.591903	2.010408	127	6	120	850.900
0.261799	1.756530	-2.105156	122	126	37	850.786
2.879793	2.979456	-1.009304	42	114	22	850.599
-2.094395	1.450119	-2.739050	33	9	33	850.490
0.785398	1.662363	0.915448	128	142	29	850.417
2.356194	1.662363	0.915448	104	22	107	850.344
0.523599	0.866395	-2.492918	103	12	119	850.193
-1.308997	1.135834	-1.431087	119	20	109	850.186
0.000000	2.379497	0.561089	125	135	37	849.962
2.356194	2.393226	1.857173	106	18	117	849.836
2.356194	2.001437	0.381215	102	14	109	849.827
-0.261799	1.135834	-1.431087	111	138	33	849.734
-2.356194	1.569311	-3.003978	124	134	38	849.634
-0.785398	1.554776	0.100351	112	4	116	849.260
2.879793	0.080730	-2.622036	117	143	120	848.912
-0.523599	0.370812	-2.547742	8	47	140	848.883
-3.141593	2.587733	0.232235	117	142	121	848.635
-2.094395	2.455966	-0.641220	115	18	110	848.592
-2.617994	0.850607	-1.335383	129	143	33	848.338
-1.832596	2.455966	-0.641220	116	17	108	848.337
-0.261799	0.290380	-0.796960	99	12	116	848.176
0.261799	1.134497	-1.109631	102	4	125	847.980
2.356194	0.929350	-2.910676	110	2	117	847.887
-2.879793	1.128190	-2.288622	124	137	38	847.656
-1.047198	1.662363	0.915448	120	2	113	847.619
2.879793	2.356369	3.005869	112	24	114	847.516
0.000000	2.579248	-2.364801	107	4	117	847.461
-2.356194	1.812176	0.656819	111	8	107	847.379
-1.308997	1.869911	2.701025	35	121	34	847.253
-3.141593	1.948085	-2.363031	130	135	38	847.159
0.261799	1.683268	0.374177	117	3	115	847.076
2.356194	2.115563	0.685730	98	16	119	846.884
-1.832596	1.391910	3.030322	112	3	131	846.741
-0.261799	0.960688	-0.577532	123	8	108	846.577
-1.308997	1.050534	3.042579	106	10	127	846.404
-1.570796	2.478122	2.609777	124	139	37	846.248
-1.047198	2.637879	2.121598	115	1	119	846.217
-2.879793	2.704512	1.488683	121	135	36	846.208
-2.617994	2.063651	-2.044600	38	141	34	846.103
0.000000	0.618092	2.539118	127	131	37	846.033
-1.308997	1.699788	2.452890	136	137	37	845.966
-1.308997	0.831641	0.616218	118	6	107	845.937
0.785398	2.115563	0.685730	117	139	35	845.923
-1.570796	2.979456	-1.009304	27	16	30	845.891
0.523599	2.001437	0.381215	120	4	114	845.876
-2.094395	1.506530	1.988858	126	132	34	845.872
-0.261799	2.704512	1.488683	129	139	37	845.821
2.094395	2.760637	2.781135	137	137	36	845.787
-1.570796	0.496451	0.593859	115	3	111	845.777
0.523599	1.998705	2.370472	130	133	37	845.540
-1.047198	2.187132	-0.479875	142	41	112	845.519
1.570796	2.104282	-0.813972	110	143	119	845.275
-2.879793	1.417623	-0.202254	111	4	114	845.239
-3.141593	0.992645	-1.723759	132	136	35	845.095
1.832596	1.736875	3.023612	133	137	37	845.095
-0.523599	1.554776	0.100351	26	142	123	845.010
-0.523599	0.899350	-2.069907	3	45	129	844.938
1.308997	1.721184	-0.153948	110	3	113	844.709
-2.356194	2.115563	0.685730	114	5	110	844.666
1.047198	2.637879	2.121598	30	15	31	844.605
1.308997	2.637879	2.121598	131	140	37	844.577
0.261799	1.413430	2.550734	125	139	35	844.432
-1.832596	1.998705	2.370472	121	138	38	844.370
1.047198	1.256302	0.062705	4	21	108	844.266
-0.261799	1.025536	1.576859	117	1	127	844.189
-1.047198	2.760637	2.781135	120	117	29	844.105
2.356194	1.247695	1.809890	99	33	116	844.075
0.000000	0.615174	-0.666022	109	8	112	844.041
0.261799	1.870545	-2.976234	124	0	119	844.040
1.570796	1.948085	-2.363031	128	133	38	844.039
-1.570796	2.299159	2.264663	16	99	27	843.879
-1.047198	2.349581	-2.702517	115	123	36	843.856
1.308997	1.310100	1.488307	126	2	29	843.814
-1.047198	2.592629	0.909713	117	5	114	843.812
-1.570796	2.356369	3.005869	8	106	36	843.663
2.617994	1.168678	2.108595	95	25	125	843.579
-2.879793	1.948085	-2.363031	128	137	38	843.534
-0.785398	2.984978	1.954446	119	5	113	843.523
1.047198	1.214854	-1.966664	104	4	137	843.456
1.047198	1.450119	-2.739050	123	140	40	843.404
1.308997	1.134796	2.434290	129	141	33	843.288
0.261799	1.413347	-1.339188	123	126	30	843.267
0.785398	1.301460	-0.509251	132	12	105	843.221
-1.308997	2.174483	2.653697	130	129	37	843.185
-0.785398	2.456751	-1.503343	108	143	27	843.129
-1.047198	2.407836	1.410646	118	7	108	842.997
1.832596	2.041297	-2.664597	117	129	35	842.943
-3.141593	2.251330	-2.330739	132	126	35	842.898
0.785398	1.194549	-0.801900	112	13	105	842.869
-0.261799	1.554776	0.100351	117	8	106	842.718
-1.308997	1.756530	-2.105156	122	137	37	842.686
-1.308997	1.812176	0.656819	117	6	110	842.651
2.356194	1.741644	-2.695914	130	120	33	842.563
-0.523599	2.041297	-2.664597	123	127	38	842.544
-1.570796	2.588535	-2.976617	113	10	114	842.457
0.785398	2.295480	1.008277	116	134	36	842.372
0.523599	1.617114	-1.572037	112	1	123	842.283
1.047198	0.419640	2.974122	103	12	119	842.271
1.570796	1.977582	0.969896	122	48	119	842.229
0.261799	0.619654	-2.216909	105	12	116	842.139
2.094395	2.349581	-2.702517	123	131	36	841.771
-1.570796	1.846342	-1.796954	35	17	24	841.730
-1.570796	0.379747	-1.713059	137	45	118	841.601
0.261799	1.872854	1.543456	138	44	124	841.578
-2.356194	1.242974	-2.977882	130	130	37	841.499
-1.047198	1.812176	0.656819	121	6	109	841.423
-1.047198	2.138223	1.678323	115	3	113	841.371
0.261799	2.704512	1.488683	123	140	38	841.318
2.356194	0.899350	-2.069907	110	4	135	841.100
1.832596	2.407836	1.410646	108	17	115	840.896
-2.094395	1.812176	0.656819	110	8	114	840.824
1.570796	1.617114	-1.572037	112	4	112	840.480
-1.832596	1.247695	1.809890	130	126	33	840.423
-1.832596	1.736875	3.023612	112	6	126	840.330
-2.879793	2.356369	3.005869	110	21	114	840.254
2.356194	1.194549	-0.801900	111	1	118	840.112
0.785398	0.850607	-1.335383	107	6	116	840.010
2.094395	1.214854	-1.966664	106	5	115	839.859
-0.785398	1.417623	-0.202254	109	5	117	839.728
2.879793	1.574060	2.783565	130	118	34	839.727
-2.356194	2.343981	-1.040456	135	128	34	839.328
2.617994	1.948085	-2.363031	134	140	37	839.001
-3.141593	2.760637	2.781135	104	18	123	838.965
-1.570796	0.709924	0.218797	100	16	113	838.791
-2.356194	1.247695	1.809890	114	134	30	838.751
2.094395	0.615174	-0.666022	113	7	110	838.397
2.356194	2.724429	-0.348782	114	142	121	838.355
-1.832596	1.809167	1.213774	113	0	115	838.316
-2.356194	2.251330	-2.330739	121	143	36	838.002
-0.523599	0.080730	-2.622036	129	132	36	837.982
-2.356194	0.619654	-2.216909	128	139	34	837.978
-1.308997	2.704512	1.488683	115	4	114	837.960
-1.047198	0.850607	-1.335383	116	17	109	837.684
-0.523599	2.455966	-0.641220	107	4	19	837.418
-2.094395	2.393226	1.857173	130	133	37	837.146
1.832596	0.960688	-0.577532	120	11	105	836.994
1.570796	1.869911	2.701025	124	132	37	836.937
-0.785398	2.719179	-1.780644	102	11	118	836.827
0.785398	1.977582	0.969896	112	138	34	836.827
-1.308997	1.135813	-2.658866	26	18	31	836.805
0.261799	1.696674	-1.253233	102	5	123	836.704
0.261799	2.180315	-1.357379	108	3	119	836.457
1.570796	2.396274	-1.959260	110	0	125	836.364
-2.879793	1.391910	3.030322	119	136	39	836.264
-2.094395	1.569311	-3.003978	129	132	38	836.137
2.094395	2.033014	2.977192	127	132	36	836.023
1.047198	1.367556	0.358405	115	9	107	835.879
2.617994	1.413347	-1.339188	118	2	113	835.731
-0.261799	1.194549	-0.801900	99	10	120	835.592
-1.832596	2.108018	1.311430	114	143	119	835.566
-0.523599	2.637879	2.121598	114	3	135	835.556
-0.523599	1.391910	3.030322	132	131	38	835.381
-1.570796	2.587733	0.232235	116	10	110	835.280
2.879793	1.599406	1.426070	95	18	119	835.062
-2.356194	1.218453	2.777284	120	121	36	835.039
1.047198	0.864993	2.278281	129	135	35	834.946
1.308997	1.184361	0.625864	130	40	103	834.922
-2.094395	2.881233	-2.582574	139	135	38	834.828
-1.832596	2.295480	1.008277	139	130	35	834.753
-1.570796	2.295480	1.008277	124	1	113	834.573
0.523599	0.571433	-1.188419	109	4	116	834.563
0.523599	1.741644	-2.695914	115	137	33	834.541
-0.785398	2.251330	-2.330739	122	128	32	834.401
2.094395	0.866395	-2.492918	104	5	118	834.324
1.047198	1.433411	-1.035986	112	11	108	834.252
1.047198	2.881233	-2.582574	127	119	32	834.187
1.047198	1.736875	3.023612	125	140	38	833.976
-1.047198	1.134497	-1.109631	137	45	130	833.945
2.879793	2.251330	-2.330739	127	129	35	833.926
-1.047198	1.872854	1.543456	113	3	115	833.842
-1.832596	1.870545	-2.976234	8	7	40	833.841
-3.141593	2.063651	-2.044600	134	122	31	833.780
2.094395	1.732874	-0.951685	107	2	127	833.682
-1.570796	1.812176	0.656819	106	10	113	833.599
2.617994	1.025536	1.576859	101	31	111	833.593
-0.261799	0.700570	1.559208	121	5	116	833.463
2.356194	2.407836	1.410646	98	21	110	833.412
-2.617994	0.961715	0.014085	1	26	107	833.397
-0.785398	1.242974	-2.977882	132	135	38	833.362
2.094395	0.370812	-2.547742	105	3	121	832.912
1.570796	1.904882	-1.478089	126	120	33	832.880
-2.617994	2.089241	-0.114193	45	118	3	832.815
-2.356194	1.310100	1.488307	111	0	120	832.697
0.523599	1.335669	0.897240	113	4	24	832.615
-1.570796	0.992645	-1.723759	128	51	126	832.572
-1.832596	0.618092	2.539118	123	132	36	832.557
-1.047198	1.998705	2.370472	127	137	38	832.513
0.523599	1.242974	-2.977882	129	141	39	832.434
-1.047198	2.299159	2.264663	115	0	117	832.406
-1.308997	2.984978	1.954446	111	6	113	832.265
-0.261799	1.325504	-1.671296	115	135	35	831.747
-3.141593	2.704512	1.488683	126	132	37	831.742
-3.141593	1.696674	-1.253233	139	131	30	831.642
2.356194	2.979456	-1.009304	31	106	26	831.605
1.308997	2.455966	-0.641220	96	20	116	831.603
-1.832596	1.504028	0.636812	110	9	114	831.536
2.356194	2.637879	2.121598	104	20	120	831.425
0.523599	1.699788	2.452890	126	136	36	831.348
-0.523599	1.555207	1.708892	128	0	115	831.348
-1.832596	2.180315	-1.357379	139	46	121	831.258
-2.356194	0.906588	1.252948	139	127	129	831.237
2.356194	2.592629	0.909713	102	8	115	831.092
-2.356194	2.396274	-1.959260	38	16	26	830.951
0.261799	1.699788	2.452890	24	128	41	830.795
1.570796	2.063651	-2.044600	129	129	35	830.763
2.879793	2.073035	2.027405	125	122	34	830.754
-1.308997	0.910508	1.903534	36	109	23	830.582
-0.261799	0.864993	2.278281	134	129	34	830.546
0.523599	1.413430	2.550734	122	140	35	830.530
1.308997	2.164094	-2.991358	121	133	37	830.492
0.785398	1.413430	2.550734	128	141	36	830.482
-2.617994	1.741644	-2.695914	125	139	40	830.401
2.617994	2.180315	-1.357379	120	125	30	830.222
-0.261799	2.404280	-0.174044	7	44	129	830.137
-1.832596	2.299159	2.264663	134	135	37	830.098
0.261799	0.458961	-0.107937	4	134	121	830.039
1.308997	2.396274	-1.959260	105	3	125	829.920
-3.141593	1.846342	-1.796954	36	116	29	829.667
-2.879793	2.299159	2.264663	122	138	38	829.594
-0.785398	0.929350	-2.910676	118	19	115	829.533
-1.832596	2.456751	-1.503343	137	47	124	829.443
-1.308997	2.863997	0.549740	120	8	111	829.359
2.617994	2.295480	1.008277	106	9	110	829.357
-0.785398	1.872854	1.543456	118	3	113	829.310
-2.356194	1.736875	3.023612	130	136	38	829.283
0.523599	1.128190	-2.288622	120	138	37	829.253
-2.879793	1.504028	0.636812	115	0	116	829.188
1.308997	0.733948	3.021411	107	13	110	829.047
-0.261799	0.615174	-0.666022	108	8	114	828.596
1.570796	1.683268	0.374177	115	9	107	828.489
-2.356194	2.295480	1.008277	110	1	115	828.478
-2.879793	2.760637	2.781135	105	15	123	828.474
-1.832596	1.134497	-1.109631	127	143	29	828.410
0.261799	1.134796	2.434290	138	46	129	828.348
-2.094395	0.615174	-0.666022	111	14	108	828.332
-2.094395	2.592629	0.909713	109	6	116	828.331
-1.570796	2.404280	-0.174044	116	14	108	828.134
-2.617994	1.982574	-1.115518	136	121	29	827.847
2.879793	0.929350	-2.910676	109	4	139	827.693
-2.356194	2.138223	1.678323	132	130	34	827.682
-2.617994	1.721184	-0.153948	44	122	142	827.648
-1.832596	2.089241	-0.114193	116	14	108	827.585
1.047198	2.592629	0.909713	6	46	139	827.242
-1.047198	0.297065	2.160177	124	13	108	826.970
0.785398	1.846342	-1.796954	116	0	123	826.965
0.785398	2.719179	-1.780644	118	141	120	826.956
1.308997	1.417623	-0.202254	113	2	115	826.945
-1.570796	1.977582	0.969896	120	2	112	826.810
0.523599	1.504028	0.636812	115	5	26	826.757
-2.879793	1.824694	1.850876	99	9	131	826.749
0.261799	1.391910	3.030322	121	45	0	826.733
2.617994	1.904882	-1.478089	117	142	122	826.608
-2.879793	1.413430	2.550734	102	9	130	826.378
2.879793	1.555207	1.708892	120	129	32	826.106
-2.356194	2.587733	0.232235	128	3	113	826.068
1.308997	1.766067	2.153843	131	43	0	825.953
-1.308997	2.379497	0.561089	114	6	112	825.939
2.094395	1.135834	-1.431087	120	4	110	825.824
-0.261799	2.664082	-1.071402	103	11	118	825.711
0.785398	2.863997	0.549740	1	47	140	825.688
1.047198	0.709924	0.218797	122	2	114	825.486
-2.094395	1.555207	1.708892	112	134	26	825.416
-3.141593	1.904882	-1.478089	39	118	27	825.408
0.000000	1.683268	0.374177	113	4	114	825.394
-2.879793	1.440580	2.260026	101	9	125	825.293
-2.356194	1.050534	3.042579	28	121	38	825.041
-0.261799	2.456751	-1.503343	106	5	122	824.987
0.785398	2.760637	2.781135	128	134	38	824.798
1.832596	1.574060	2.783565	127	131	36	824.702
0.785398	2.174483	2.653697	130	133	38	824.700
-1.047198	0.864993	2.278281	128	2	118	824.652
0.000000	1.301460	-0.509251	103	7	116	824.395
-1.047198	2.588535	-2.976617	116	118	32	824.198
-2.356194	0.618092	2.539118	119	4	114	824.153
-2.617994	1.545873	-1.877082	41	120	26	824.143
-1.832596	1.014500	0.906702	106	10	108	824.101
-0.785398	2.664082	-1.071402	108	143	26	824.024
0.523599	2.115563	0.685730	119	140	35	823.968
-1.570796	2.456751	-1.503343	32	22	21	823.672
-0.261799	1.413347	-1.339188	121	134	30	823.529
0.000000	1.869911	2.701025	128	138	37	823.486
-1.832596	0.866395	-2.492918	107	14	133	823.365
0.000000	2.478122	2.609777	115	1	122	823.361
0.000000	2.760637	2.781135	121	4	113	823.229
-1.570796	2.881233	-2.582574	104	13	114	823.163
-2.094395	1.488617	1.159546	112	1	113	823.076
0.785398	2.073035	2.027405	130	137	38	822.847
1.570796	1.606104	-0.451151	118	142	116	822.746
0.785398	1.741644	-2.695914	123	0	128	822.672
-1.570796	2.863997	0.549740	117	8	112	822.611
-1.570796	1.982574	-1.115518	125	139	26	822.547
-3.141593	2.396274	-1.959260	128	127	35	822.480
-1.832596	1.554776	0.100351	118	21	100	822.475
-2.617994	2.104282	-0.813972	50	127	9	822.012
-1.047198	0.906588	1.252948	142	9	109	821.823
1.570796	2.637879	2.121598	129	45	143	821.674
0.785398	1.617114	-1.572037	102	12	112	821.621
0.261799	0.640596	-2.797608	102	19	116	821.577
-1.832596	2.478122	2.609777	125	138	37	821.374
-1.832596	0.992645	-1.723759	34	24	12	821.180
0.261799	1.977582	0.969896	13	39	121	821.033
0.523599	1.809167	1.213774	133	47	117	820.723
-2.879793	0.960688	-0.577532	135	39	106	820.651
-1.047198	1.599406	1.426070	117	0	117	820.602
0.523599	2.407836	1.410646	34	24	13	820.379
1.832596	1.870545	-2.976234	102	8	122	820.303
2.879793	2.637879	2.121598	106	14	119	820.303
-0.261799	0.619654	-2.216909	124	131	36	820.214
-0.785398	0.992645	-1.723759	110	19	116	820.206
1.047198	1.025536	1.576859	133	49	117	819.854
2.617994	1.310100	1.488307	115	129	29	819.727
-1.308997	1.998705	2.370472	133	135	37	819.696
2.617994	2.719179	-1.780644	44	123	27	819.693
2.617994	2.592629	0.909713	118	133	37	819.523
1.832596	2.979456	-1.009304	102	5	129	819.434
-1.570796	1.195355	1.200319	111	0	116	819.333
-0.261799	1.417623	-0.202254	112	5	113	819.240
-2.356194	1.113094	-0.272241	6	27	108	819.232
-1.308997	1.545873	-1.877082	125	142	36	819.181
-2.879793	2.153910	-1.714959	133	122	32	819.112
-0.523599	1.741644	-2.695914	120	37	6	819.058
2.094395	2.979456	-1.009304	105	6	122	818.929
-2.879793	1.218453	2.777284	14	117	41	818.853
0.785398	2.456751	-1.503343	113	4	113	818.783
2.094395	0.899350	-2.069907	113	1	115	818.729
-2.617994	2.343981	-1.040456	117	2	132	818.406
0.523599	1.135834	-1.431087	104	4	124	818.338
-2.879793	2.108018	1.311430	100	6	123	818.199
-2.617994	0.733948	3.021411	34	109	28	817.995
0.523599	0.960688	-0.577532	111	142	119	817.752
-1.308997	2.979456	-1.009304	136	48	127	817.672
0.261799	2.041297	-2.664597	118	132	35	817.645
-1.308997	0.866395	-2.492918	132	48	135	817.623
0.785398	1.256302	0.062705	4	20	107	817.507
-2.094395	0.831641	0.616218	100	15	112	817.462
0.523599	2.881233	-2.582574	104	6	126	817.433
-0.261799	0.866955	-0.931351	115	7	113	817.422
0.785398	1.766067	2.153843	128	139	36	817.257
1.308997	0.914445	2.687814	142	1	39	817.169
-0.785398	0.762244	-0.273349	109	9	112	817.161
-2.617994	2.041297	-2.664597	10	122	42	817.150
0.261799	1.809167	1.213774	137	45	117	817.030
2.094395	1.948085	-2.363031	126	137	38	816.974
-1.570796	2.063651	-2.044600	118	138	36	816.955
-0.785398	1.367556	0.358405	27	135	124	816.706
-1.047198	0.419640	2.974122	126	132	37	816.639
0.523599	0.709924	0.218797	112	2	114	816.575
0.000000	1.325504	-1.671296	112	134	36	816.459
-0.261799	1.448123	-2.163292	119	133	39	816.432
1.570796	1.134796	2.434290	127	141	35	816.312
1.047198	1.836682	-0.676006	121	120	24	816.143
-2.094395	0.370812	-2.547742	129	136	35	816.123
-1.308997	1.413347	-1.339188	125	50	116	815.992
1.308997	1.869911	2.701025	124	132	37	815.937
-0.785398	2.396274	-1.959260	130	1	34	815.579
2.356194	0.615174	-0.666022	116	6	109	815.557
-1.047198	0.831641	0.616218	115	6	107	815.537
0.000000	1.696674	-1.253233	106	4	120	815.497
-0.523599	1.658653	-2.409879	133	134	38	815.416
1.308997	0.910508	1.903534	136	46	140	815.344
0.261799	1.433411	-1.035986	119	128	27	815.285
0.785398	1.658653	-2.409879	131	130	38	815.266
-1.832596	2.396274	-1.959260	29	22	25	815.258
-0.785398	2.393226	1.857173	134	130	36	815.086
0.785398	0.496451	0.593859	17	11	113	815.033
-2.617994	2.863997	0.549740	21	101	23	814.848
-0.523599	1.812176	0.656819	137	36	109	814.676
1.570796	1.128190	-2.288622	124	126	40	814.467
-2.356194	0.571433	-1.188419	126	136	35	814.450
2.879793	2.180315	-1.357379	38	108	21	814.377
-2.094395	1.135834	-1.431087	130	137	33	814.371
-0.785398	0.850607	-1.335383	120	127	33	814.334
-1.308997	2.138223	1.678323	111	4	114	814.316
-1.832596	0.297065	2.160177	119	7	110	814.210
-2.094395	1.658653	-2.409879	103	18	125	814.206
1.570796	2.041297	-2.664597	117	129	36	814.204
-2.879793	1.135813	-2.658866	135	133	39	814.051
-1.832596	0.709924	0.218797	99	21	112	814.004
-1.570796	1.766067	2.153843	134	131	35	813.911
0.785398	1.812176	0.656819	142	46	133	813.801
-2.879793	2.404280	-0.174044	124	4	112	813.778
-0.523599	1.413430	2.550734	128	131	35	813.767
1.832596	2.396274	-1.959260	122	116	32	813.350
2.094395	1.450119	-2.739050	128	137	40	813.333
-2.356194	0.929350	-2.910676	132	123	38	813.243
-1.047198	0.733948	3.021411	111	8	130	813.139
2.356194	1.504028	0.636812	114	16	105	813.106
-0.785398	1.977582	0.969896	115	3	113	813.094
1.308997	1.870545	-2.976234	133	140	38	813.060
-1.047198	2.251330	-2.330739	114	129	37	813.005
1.047198	0.899350	-2.069907	102	7	136	812.969
-0.261799	0.080730	-2.622036	129	134	35	812.850
-1.832596	0.700570	1.559208	108	1	118	812.846
2.879793	2.041297	-2.664597	124	4	37	812.808
-1.832596	2.138223	1.678323	138	133	35	812.791
-0.523599	0.591903	2.010408	124	4	120	812.716
2.879793	2.063651	-2.044600	129	123	33	812.684
-2.879793	1.301460	-0.509251	112	7	111	812.641
0.261799	2.153910	-1.714959	106	5	118	812.576
-0.261799	2.579248	-2.364801	116	4	112	812.474
-2.094395	0.733948	3.021411	36	119	34	812.451
-1.308997	1.195355	1.200319	7	136	119	812.396
2.617994	2.349581	-2.702517	133	132	37	812.117
-0.785398	2.001437	0.381215	108	5	117	812.044
-2.617994	2.001437	0.381215	117	0	117	811.914
-0.523599	2.579248	-2.364801	112	5	113	811.792
2.879793	1.050534	3.042579	111	143	124	811.715
1.047198	1.510910	-0.740472	97	18	118	811.695
-0.785398	1.113094	-0.272241	112	13	107	811.203
-2.094395	1.766067	2.153843	124	135	35	811.181
2.617994	1.134497	-1.109631	133	133	31	811.046
1.308997	1.998705	2.370472	128	136	37	810.639
0.785398	0.615174	-0.666022	111	8	108	810.615
0.261799	1.374601	-2.456031	125	136	38	810.380
-0.261799	2.356369	3.005869	130	136	37	810.362
0.261799	1.050534	3.042579	121	49	137	810.245
1.570796	2.587733	0.232235	107	6	117	810.220
-2.356194	1.506530	1.988858	124	131	34	810.164
-3.141593	1.555207	1.708892	96	15	120	810.149
-2.356194	2.108018	1.311430	105	2	119	809.932
-2.094395	1.872854	1.543456	135	126	33	809.846
1.832596	2.138223	1.678323	118	20	111	809.752
-3.141593	1.135813	-2.658866	39	113	28	809.708
-0.523599	0.297065	2.160177	132	129	35	809.667
1.047198	1.247695	1.809890	118	47	115	809.331
-1.570796	2.637879	2.121598	25	105	25	809.297
-0.261799	1.301460	-0.509251	114	3	117	809.012
0.523599	2.063651	-2.044600	125	121	34	808.938
0.523599	0.297065	2.160177	141	46	123	808.781
0.000000	1.194549	-0.801900	101	6	120	808.654
-1.832596	2.153910	-1.714959	134	48	128	808.473
1.832596	2.295480	1.008277	115	129	37	808.462
0.261799	2.115563	0.685730	122	140	35	808.409
1.047198	1.135813	-2.658866	127	130	39	808.402
-1.308997	2.033014	2.977192	132	128	36	808.394
0.000000	0.496451	0.593859	110	2	115	808.335
-0.261799	0.203748	0.590255	128	6	110	808.123
-0.523599	1.367556	0.358405	113	2	116	808.114
-1.570796	1.194549	-0.801900	119	134	28	808.062
-0.261799	0.458961	-0.107937	113	5	111	807.981
-2.879793	1.870545	-2.976234	125	132	39	807.962
-3.141593	0.618092	2.539118	99	7	130	807.869
1.570796	1.909857	-0.381669	100	11	123	807.761
-1.570796	1.662363	0.915448	114	3	116	807.681
-0.523599	0.961715	0.014085	108	3	122	807.660
-3.141593	0.591903	2.010408	97	12	120	807.608
0.523599	2.379497	0.561089	7	45	131	807.527
-2.617994	1.662363	0.915448	114	9	105	807.445
-0.785398	0.080730	-2.622036	129	130	36	807.419
2.879793	0.910508	1.903534	93	26	121	807.406
2.879793	0.866395	-2.492918	37	108	22	807.367
1.308997	0.458961	-0.107937	16	8	113	807.077
-1.308997	1.014500	0.906702	112	1	113	807.008
-1.832596	1.869911	2.701025	120	114	29	806.930
-0.261799	2.719179	-1.780644	114	5	113	806.902
-0.261799	2.033014	2.977192	119	140	38	806.846
0.261799	1.909857	-0.381669	107	6	112	806.793
-2.879793	2.063651	-2.044600	26	128	40	806.784
-2.617994	2.356369	3.005869	111	12	123	806.701
1.570796	2.343981	-1.040456	118	140	121	806.656
0.523599	1.662363	0.915448	114	1	30	806.633
-1.570796	1.391910	3.030322	130	128	39	806.571
2.356194	0.960688	-0.577532	113	3	113	806.394
-0.785398	0.831641	0.616218	110	1	127	806.388
-2.094395	2.863997	0.549740	118	8	110	806.349
0.785398	1.335669	0.897240	108	1	24	806.282
-2.356194	1.417623	-0.202254	9	22	107	806.146
1.308997	1.809167	1.213774	142	45	129	806.055
1.308997	1.683268	0.374177	112	11	107	806.017
-1.570796	1.134497	-1.109631	119	132	29	805.983
0.523599	2.478122	2.609777	129	129	37	805.966
0.261799	1.195355	1.200319	114	6	21	805.953
-1.308997	1.184361	0.625864	111	7	108	805.877
1.570796	1.756530	-2.105156	113	143	121	805.705
0.523599	2.393226	1.857173	137	44	132	805.634
2.356194	0.496451	0.593859	128	33	104	805.604
1.308997	0.297065	2.160177	132	132	36	805.573
-0.785398	1.869911	2.701025	128	138	38	805.478
-2.617994	1.617114	-1.572037	133	138	34	805.323
-1.047198	1.045978	0.343692	110	9	108	805.256
-2.094395	1.014500	0.906702	102	12	108	805.253
2.617994	1.301460	-0.509251	125	126	24	805.237
-0.785398	1.555207	1.708892	117	0	119	805.233
1.570796	2.187132	-0.479875	136	121	129	805.146
-1.832596	1.045978	0.343692	111	14	105	805.028
2.879793	1.391910	3.030322	125	138	39	804.997
-1.570796	1.732874	-0.951685	134	45	112	804.990
2.617994	2.579248	-2.364801	132	128	35	804.915
-1.570796	0.899350	-2.069907	22	41	8	804.727
-0.785398	2.592629	0.909713	32	23	0	804.602
1.308997	1.168678	2.108595	129	0	33	804.597
-1.308997	1.510910	-0.740472	116	133	26	804.333
-1.047198	2.063651	-2.044600	115	136	36	804.120
-1.832596	1.367556	0.358405	117	14	103	803.918
2.617994	1.574060	2.783565	126	127	37	803.705
-1.570796	1.367556	0.358405	117	13	103	803.622
-2.356194	0.864993	2.278281	101	5	122	803.608
0.000000	2.251330	-2.330739	130	123	36	803.482
1.832596	0.297065	2.160177	104	10	120	803.327
1.832596	2.379497	0.561089	109	8	112	803.293
2.356194	2.719179	-1.780644	42	117	26	803.277
-2.356194	1.998705	2.370472	131	126	37	803.269
-0.261799	0.910508	1.903534	122	2	125	803.256
1.047198	1.134796	2.434290	131	139	34	803.208
1.832596	2.001437	0.381215	117	8	106	803.146
-3.141593	0.640596	-2.797608	126	125	36	803.103
-1.832596	1.433411	-1.035986	118	16	109	803.100
-1.047198	1.569311	-3.003978	127	128	39	803.075
-0.785398	2.063651	-2.044600	114	133	37	802.992
-0.785398	1.721184	-0.153948	112	7	112	802.681
1.308997	0.419640	2.974122	130	135	36	802.622
-1.308997	1.574060	2.783565	40	124	32	802.333
-0.261799	1.256302	0.062705	108	6	111	802.274
-2.879793	2.637879	2.121598	100	9	122	802.162
2.879793	1.721184	-0.153948	116	9	105	802.116
2.879793	2.108018	1.311430	105	12	109	802.066
1.832596	0.992645	-1.723759	104	6	116	802.023
1.047198	1.014500	0.906702	135	41	107	801.889
-1.308997	0.992645	-1.723759	128	138	34	801.880
1.308997	1.413430	2.550734	116	138	35	801.856
2.356194	1.506530	1.988858	131	136	34	801.854
-1.832596	2.033014	2.977192	118	118	33	801.767
-1.047198	1.310100	1.488307	115	142	121	801.409
1.308997	2.001437	0.381215	111	140	33	801.369
-2.094395	1.909857	-0.381669	33	141	127	801.118
2.094395	1.194549	-0.801900	120	8	106	801.079
0.261799	2.295480	1.008277	1	43	124	800.961
0.000000	1.836682	-0.676006	103	7	117	800.933
2.094395	1.168678	2.108595	125	33	26	800.710
1.308997	0.496451	0.593859	116	17	105	800.506
-0.261799	1.050534	3.042579	30	21	24	800.375
-2.879793	1.683268	0.374177	110	1	117	800.303
-2.356194	0.762244	-0.273349	111	10	111	800.172
2.356194	2.881233	-2.582574	52	140	17	800.072
0.785398	2.356369	3.005869	125	131	38	800.055
1.308997	2.478122	2.609777	126	137	37	799.960
1.832596	1.904882	-1.478089	129	117	33	799.743
-1.570796	0.640596	-2.797608	122	136	37	799.715
0.261799	0.992645	-1.723759	113	136	35	799.664
-1.832596	1.699788	2.452890	126	138	38	799.473
-2.617994	1.256302	0.062705	115	5	109	799.243
0.000000	2.041297	-2.664597	124	129	38	798.539
2.879793	2.393226	1.857173	124	127	36	798.461
2.094395	2.001437	0.381215	100	18	109	798.389
-0.785398	2.863997	0.549740	31	27	9	798.156
1.832596	1.617114	-1.572037	116	2	112	798.091
-0.261799	2.073035	2.027405	28	108	30	798.021
1.570796	0.619654	-2.216909	126	135	37	798.019
2.879793	2.579248	-2.364801	134	128	35	797.954
0.261799	1.128190	-2.288622	110	17	113	797.834
1.570796	0.864993	2.278281	122	0	34	797.808
1.308997	2.881233	-2.582574	22	107	36	797.720
-1.832596	0.899350	-2.069907	135	47	130	797.679
-2.094395	1.218453	2.777284	34	113	33	797.489
-1.570796	1.214854	-1.966664	130	50	132	797.389
2.879793	2.153910	-1.714959	35	113	30	797.362
1.047198	1.413430	2.550734	119	138	35	797.176
2.617994	1.809167	1.213774	100	19	111	796.930
-2.617994	2.295480	1.008277	107	4	114	796.692
-1.570796	2.396274	-1.959260	114	139	34	796.668
-2.879793	2.138223	1.678323	102	7	134	796.646
-0.785398	1.325504	-1.671296	115	142	36	796.536
-2.356194	2.704512	1.488683	114	141	116	796.520
1.047198	2.588535	-2.976617	121	136	39	796.506
-0.261799	1.195355	1.200319	121	0	119	796.496
1.308997	2.073035	2.027405	130	43	3	796.469
-3.141593	1.218453	2.777284	125	141	37	796.404
-2.879793	2.396274	-1.959260	129	128	36	796.394
2.094395	2.478122	2.609777	133	136	37	796.334
-2.094395	2.153910	-1.714959	125	143	34	795.939
0.785398	1.045978	0.343692	116	6	108	795.769
-1.832596	1.658653	-2.409879	135	44	142	795.703
-2.356194	2.664082	-1.071402	131	131	37	795.661
0.523599	1.135813	-2.658866	108	16	117	795.574
1.832596	0.850607	-1.335383	120	143	117	795.430
0.785398	0.914445	2.687814	128	138	36	795.383
0.261799	1.569311	-3.003978	122	139	37	795.321
1.308997	1.135813	-2.658866	126	132	39	795.298
-2.879793	0.992645	-1.723759	130	139	35	795.256
-2.879793	0.297065	2.160177	106	2	122	795.196
0.523599	1.134497	-1.109631	105	1	126	795.129
-0.785398	1.195355	1.200319	44	125	140	795.078
-1.047198	0.961715	0.014085	116	4	114	794.971
2.617994	2.108018	1.311430	103	15	109	794.940
0.785398	1.504028	0.636812	111	2	27	794.905
-2.356194	0.418037	1.360082	123	7	106	794.880
1.308997	0.992645	-1.723759	131	124	35	794.878
0.261799	0.906588	1.252948	122	3	126	794.785
1.570796	2.115563	0.685730	111	134	35	794.732
0.000000	1.025536	1.576859	123	3	121	794.713
0.261799	0.914445	2.687814	142	45	128	794.660
2.356194	2.379497	0.561089	109	5	111	794.620
1.832596	1.050534	3.042579	120	137	39	794.568
-1.570796	1.809167	1.213774	104	6	119	794.407
-1.832596	1.721184	-0.153948	11	17	109	794.404
0.785398	2.407836	1.410646	131	141	35	794.337
-1.832596	2.704512	1.488683	120	143	115	794.246
1.308997	2.174483	2.653697	129	130	37	794.243
-1.570796	2.073035	2.027405	133	129	37	794.191
-1.832596	1.696674	-1.253233	132	50	118	794.169
-0.261799	2.299159	2.264663	131	132	37	794.014
-2.617994	1.904882	-1.478089	4	45	131	793.850
1.570796	1.846342	-1.796954	126	120	36	793.702
-0.523599	1.756530	-2.105156	128	137	36	793.699
1.832596	1.506530	1.988858	124	138	34	793.533
-2.094395	1.809167	1.213774	108	1	115	793.390
-0.523599	0.864993	2.278281	134	128	33	793.208
-2.879793	1.904882	-1.478089	135	139	33	793.055
-2.356194	2.404280	-0.174044	48	122	9	793.042
1.832596	1.599406	1.426070	118	143	33	792.969
0.785398	1.555207	1.708892	140	45	132	792.879
-2.879793	1.134497	-1.109631	128	140	31	792.643
-2.617994	1.836682	-0.676006	116	2	124	792.485
-0.785398	1.184361	0.625864	111	2	120	792.435
0.000000	0.960688	-0.577532	103	4	121	792.296
-1.047198	1.135834	-1.431087	113	21	109	792.184
1.570796	0.733948	3.021411	110	10	109	792.169
2.617994	2.456751	-1.503343	34	106	25	792.131
-2.879793	2.863997	0.549740	121	111	22	791.992
-3.141593	2.180315	-1.357379	112	2	127	791.769
-1.570796	0.866395	-2.492918	109	11	132	791.739
-1.308997	0.419640	2.974122	127	131	37	791.682
1.832596	1.875281	0.107086	117	4	112	791.582
2.879793	0.914445	2.687814	109	1	120	791.452
0.000000	2.979456	-1.009304	112	12	108	791.397
2.879793	1.998705	2.370472	126	130	39	791.389
2.356194	1.433411	-1.035986	118	3	111	791.377
-2.879793	1.574060	2.783565	113	138	37	791.360
0.523599	2.984978	1.954446	128	133	38	791.315
1.047198	2.115563	0.685730	115	138	35	791.219
0.785398	0.290380	-0.796960	126	5	108	791.119
2.356194	1.699788	2.452890	123	133	37	791.106
-1.308997	2.187132	-0.479875	133	46	127	790.891
0.261799	2.343981	-1.040456	106	6	114	790.757
0.261799	2.863997	0.549740	135	47	123	790.650
1.570796	1.741644	-2.695914	102	10	121	790.576
-1.308997	1.325504	-1.671296	121	142	36	790.529
-0.261799	0.899350	-2.069907	108	17	117	790.378
2.094395	2.379497	0.561089	113	135	34	790.216
-1.308997	2.251330	-2.330739	114	131	36	790.079
-2.094395	1.998705	2.370472	122	139	38	790.068
-2.356194	1.450119	-2.739050	126	133	41	790.046
-2.094395	2.063651	-2.044600	40	12	29	790.027
-1.308997	1.134497	-1.109631	120	15	109	789.939
2.879793	0.992645	-1.723759	133	133	35	789.903
-1.308997	1.662363	0.915448	108	5	117	789.822
0.523599	1.846342	-1.796954	111	1	123	789.748
1.570796	2.247462	0.191623	111	139	34	789.729
0.000000	2.704512	1.488683	32	21	14	789.547
-2.617994	1.504028	0.636812	116	10	105	789.281
-2.617994	2.478122	2.609777	127	133	38	789.276
1.570796	1.184361	0.625864	114	27	103	788.952
-0.523599	2.115563	0.685730	3	37	114	788.918
0.523599	2.719179	-1.780644	129	116	30	788.907
1.570796	1.450119	-2.739050	103	10	119	788.777
1.047198	1.977582	0.969896	111	136	34	788.693
1.570796	1.135813	-2.658866	126	134	39	788.679
-1.047198	1.335669	0.897240	43	123	139	788.444
2.094395	2.588535	-2.976617	129	132	37	788.297
2.879793	0.850607	-1.335383	115	4	110	788.174
-1.047198	1.488617	1.159546	109	5	114	788.152
0.523599	2.760637	2.781135	130	122	35	788.094
1.308997	1.247695	1.809890	33	27	14	788.070
1.308997	2.299159	2.264663	32	26	19	787.961
2.879793	1.982574	-1.115518	122	121	29	787.893
-1.308997	1.606104	-0.451151	134	44	115	787.776
-2.094395	0.458961	-0.107937	112	10	108	787.525
-1.047198	1.256302	0.062705	122	6	110	787.378
-2.617994	0.080730	-2.622036	121	9	109	787.343
-2.617994	2.760637	2.781135	113	15	113	787.313
-0.785398	1.448123	-2.163292	121	134	40	787.271
0.785398	1.440580	2.260026	124	141	35	787.268
2.356194	1.824694	1.850876	120	137	36	787.212
-2.356194	0.496451	0.593859	116	6	108	787.185
-2.879793	0.700570	1.559208	94	21	116	787.065
0.261799	1.504028	0.636812	115	5	114	787.021
0.261799	2.073035	2.027405	34	24	9	786.930
-2.356194	2.356369	3.005869	109	17	114	786.906
0.000000	1.574060	2.783565	129	139	36	786.580
-0.261799	0.929350	-2.910676	133	46	139	786.508
-2.356194	2.979456	-1.009304	133	132	37	786.498
-0.523599	1.134796	2.434290	136	129	34	786.397
0.523599	2.033014	2.977192	123	136	37	786.303
-1.308997	1.982574	-1.115518	132	48	129	786.141
-2.879793	0.458961	-0.107937	104	15	112	786.105
0.261799	0.831641	0.616218	115	5	110	786.068
2.356194	1.555207	1.708892	119	130	32	785.762
-0.523599	1.450119	-2.739050	29	12	34	785.513
0.523599	0.910508	1.903534	135	45	117	785.471
0.261799	0.615174	-0.666022	111	10	106	785.340
2.617994	1.824694	1.850876	120	131	36	785.309
1.308997	0.685216	-1.712745	113	1	119	785.274
2.879793	0.591903	2.010408	93	25	121	785.274
0.785398	1.696674	-1.253233	105	15	109	785.154
-3.141593	1.998705	2.370472	107	1	29	785.018
-1.570796	1.440580	2.260026	125	3	115	785.000
-0.261799	1.440580	2.260026	131	127	32	784.956
1.308997	1.448123	-2.163292	120	132	38	784.904
0.785398	1.242974	-2.977882	134	140	40	784.897
-2.356194	1.574060	2.783565	116	126	37	784.880
1.308997	1.846342	-1.796954	124	123	36	784.758
-0.261799	1.732874	-0.951685	111	137	27	784.563
1.570796	1.736875	3.023612	133	134	38	784.534
-1.832596	2.592629	0.909713	113	8	111	784.161
-1.047198	1.846342	-1.796954	23	19	28	783.777
-0.261799	1.869911	2.701025	136	142	37	783.625
2.879793	2.719179	-1.780644	130	128	37	783.484
1.832596	1.247695	1.809890	127	140	33	783.382
0.000000	1.433411	-1.035986	117	17	107	783.337
-1.308997	1.658653	-2.409879	125	132	39	783.195
-2.879793	2.104282	-0.813972	48	120	11	783.111
-1.047198	1.869911	2.701025	130	129	37	783.053
-1.570796	1.741644	-2.695914	122	133	40	782.985
2.879793	1.134497	-1.109631	132	136	31	782.978
-1.832596	1.450119	-2.739050	133	8	116	782.959
0.000000	2.881233	-2.582574	116	140	123	782.904
-1.832596	0.496451	0.593859	105	13	107	782.781
-0.523599	2.174483	2.653697	130	133	37	782.751
1.308997	2.187132	-0.479875	133	122	129	782.734
-2.094395	2.704512	1.488683	120	141	115	782.734
-2.094395	1.045978	0.343692	104	19	108	782.616
0.523599	1.766067	2.153843	130	140	35	782.529
-1.832596	2.164094	-2.991358	130	136	37	782.259
-2.094395	2.180315	-1.357379	43	17	17	782.094
2.879793	1.554776	0.100351	8	141	117	782.008
1.832596	2.760637	2.781135	134	137	36	781.978
-2.617994	2.404280	-0.174044	46	117	9	781.971
-1.570796	0.419640	2.974122	126	137	37	781.939
0.785398	1.510910	-0.740472	112	0	115	781.930
0.523599	2.704512	1.488683	125	140	38	781.787
-1.570796	1.128190	-2.288622	133	47	136	781.428
1.570796	0.831641	0.616218	121	12	107	781.399
2.356194	2.984978	1.954446	104	17	122	781.385
-2.094395	1.242974	-2.977882	36	113	26	781.302
-1.832596	1.256302	0.062705	112	24	101	781.224
-1.047198	0.910508	1.903534	39	112	23	781.191
-1.047198	2.704512	1.488683	129	140	38	781.117
-0.261799	2.984978	1.954446	132	122	34	780.886
1.570796	2.393226	1.857173	122	48	140	780.418
-2.094395	0.419640	2.974122	117	142	130	780.330
1.570796	2.001437	0.381215	110	8	112	779.858
-0.261799	1.214854	-1.966664	116	140	37	779.593
2.094395	2.587733	0.232235	109	1	116	779.410
2.617994	0.685216	-1.712745	29	101	12	779.375
-2.879793	1.846342	-1.796954	130	138	37	779.286
-1.832596	2.063651	-2.044600	120	138	37	779.279
-2.617994	1.194549	-0.801900	136	38	108	779.183
0.785398	0.910508	1.903534	135	48	121	779.039
0.000000	0.591903	2.010408	120	13	117	778.931
-1.308997	1.247695	1.809890	125	111	24	778.812
1.570796	1.247695	1.809890	121	142	32	778.726
-2.617994	0.762244	-0.273349	108	11	112	778.652
0.523599	1.433411	-1.035986	108	17	106	778.584
1.047198	1.662363	0.915448	3	43	122	778.527
1.047198	2.295480	1.008277	115	133	37	778.449
-0.523599	2.063651	-2.044600	114	132	37	778.441
0.523599	0.866955	-0.931351	118	6	109	778.385
0.523599	1.696674	-1.253233	111	3	118	778.339
2.879793	1.014500	0.906702	100	10	115	778.329
-1.832596	1.168678	2.108595	109	0	119	778.297
-3.141593	0.864993	2.278281	111	143	125	778.215
-2.617994	1.335669	0.897240	3	125	127	778.061
2.617994	0.640596	-2.797608	113	143	124	778.001
2.879793	1.904882	-1.478089	137	131	33	777.968
-2.094395	1.869911	2.701025	106	5	125	777.911
1.832596	1.696674	-1.253233	122	140	122	777.857
0.523599	1.301460	-0.509251	99	25	113	777.639
-1.570796	2.001437	0.381215	125	13	104	777.504
1.570796	1.875281	0.107086	113	4	114	777.473
-2.094395	2.295480	1.008277	109	1	130	777.367
2.356194	1.510910	-0.740472	117	6	108	777.211
-2.094395	0.379747	-1.713059	134	140	34	777.012
-3.141593	1.440580	2.260026	99	14	125	776.976
1.570796	2.295480	1.008277	109	13	115	776.890
-2.094395	0.640596	-2.797608	126	133	37	776.872
1.047198	2.379497	0.561089	119	137	36	776.784
1.047198	0.906588	1.252948	135	45	112	776.503
-2.356194	2.455966	-0.641220	120	3	120	776.311
-1.047198	1.870545	-2.976234	121	126	39	776.270
0.785398	1.870545	-2.976234	117	136	35	776.213
0.523599	1.113094	-0.272241	18	129	125	776.206
1.570796	2.251330	-2.330739	120	124	35	776.129
-0.523599	2.247462	0.191623	132	136	36	775.937
1.832596	1.135813	-2.658866	102	7	118	775.929
2.879793	0.419640	2.974122	102	5	128	775.913
-0.261799	2.349581	-2.702517	123	122	36	775.891
-2.356194	1.554776	0.100351	117	21	101	775.849
2.356194	0.618092	2.539118	107	3	119	775.761
0.261799	1.488617	1.159546	138	42	113	775.689
0.000000	1.736875	3.023612	130	129	38	775.646
1.047198	0.297065	2.160177	7	47	136	775.586
-1.570796	1.909857	-0.381669	116	14	109	775.550
2.094395	1.824694	1.850876	122	137	36	775.398
1.832596	1.128190	-2.288622	126	127	40	775.388
0.000000	0.203748	0.590255	13	118	132	775.330
0.000000	0.866955	-0.931351	118	6	113	775.301
1.308997	1.699788	2.452890	123	136	36	775.277
-1.308997	2.295480	1.008277	119	6	109	775.220
0.785398	1.391910	3.030322	29	23	25	775.117
2.879793	1.113094	-0.272241	135	129	126	775.097
1.832596	0.379747	-1.713059	118	6	108	775.016
0.261799	2.393226	1.857173	32	23	13	774.883
-0.785398	1.218453	2.777284	130	130	37	774.541
1.047198	1.374601	-2.456031	129	124	38	774.241
0.261799	1.732874	-0.951685	103	6	117	774.234
-2.094395	1.374601	-2.456031	26	20	28	774.195
0.000000	0.864993	2.278281	136	127	33	774.125
-1.832596	1.977582	0.969896	116	2	114	774.072
1.308997	1.504028	0.636812	113	12	109	773.912
0.523599	1.391910	3.030322	118	44	143	773.596
2.879793	1.869911	2.701025	136	130	38	773.505
-3.141593	1.450119	-2.739050	34	123	36	773.477
0.261799	1.194549	-0.801900	113	4	112	773.476
-0.785398	2.579248	-2.364801	120	124	31	773.402
-2.094395	1.214854	-1.966664	138	46	131	773.398
2.879793	1.413430	2.550734	131	123	36	773.320
0.261799	2.174483	2.653697	126	133	38	772.927
0.000000	0.619654	-2.216909	106	17	112	772.925
-0.261799	2.979456	-1.009304	104	14	114	772.919
1.570796	1.545873	-1.877082	113	0	117	772.863
1.832596	0.571433	-1.188419	120	2	113	772.817
0.523599	2.073035	2.027405	131	137	37	772.772
-1.047198	2.396274	-1.959260	111	140	32	772.769
0.785398	1.218453	2.777284	106	15	131	772.767
2.617994	1.766067	2.153843	124	128	36	772.514
-1.047198	2.033014	2.977192	133	127	36	772.268
-0.261799	1.128190	-2.288622	107	21	118	772.163
0.523599	0.080730	-2.622036	107	9	115	772.088
-3.141593	2.719179	-1.780644	117	3	131	772.055
-2.094395	2.104282	-0.813972	110	20	114	772.046
2.879793	1.417623	-0.202254	121	118	26	771.955
-1.570796	1.545873	-1.877082	141	44	134	771.836
0.523599	1.417623	-0.202254	129	125	24	771.709
-0.523599	0.640596	-2.797608	136	48	135	771.547
0.785398	0.733948	3.021411	133	131	36	771.470
-3.141593	2.164094	-2.991358	109	26	115	771.465
0.785398	1.599406	1.426070	139	45	129	771.465
-1.047198	1.741644	-2.695914	119	133	40	771.404
1.308997	2.760637	2.781135	115	8	130	771.392
1.308997	2.041297	-2.664597	117	129	35	771.377
1.047198	2.719179	-1.780644	6	99	30	771.363
0.261799	1.310100	1.488307	130	6	29	771.187
-3.141593	1.433411	-1.035986	139	130	26	771.166
1.832596	2.478122	2.609777	132	134	38	771.144
2.356194	1.977582	0.969896	107	15	106	771.097
0.785398	1.736875	3.023612	127	139	38	771.079
0.523599	2.396274	-1.959260	128	117	32	771.052
-1.832596	1.310100	1.488307	108	142	120	770.915
0.523599	0.733948	3.021411	133	135	37	770.727
1.570796	2.579248	-2.364801	119	0	125	770.488
0.261799	1.325504	-1.671296	113	131	36	770.328
1.047198	2.174483	2.653697	121	136	38	770.287
-1.308997	2.881233	-2.582574	137	135	38	770.278
-2.094395	1.325504	-1.671296	137	47	127	770.182
2.094395	0.290380	-0.796960	116	9	108	770.145
-1.047198	2.104282	-0.813972	140	127	32	769.966
2.617994	2.587733	0.232235	105	4	113	769.954
2.879793	2.396274	-1.959260	40	127	33	769.889
1.832596	0.899350	-2.069907	25	100	11	769.871
-3.141593	2.138223	1.678323	99	11	133	769.846
-0.261799	0.419640	2.974122	141	47	131	769.770
-1.570796	0.866955	-0.931351	116	12	111	769.717
2.617994	2.478122	2.609777	128	31	29	769.717
1.570796	0.910508	1.903534	130	141	32	769.590
2.879793	1.184361	0.625864	129	18	105	769.529
2.094395	2.299159	2.264663	116	22	112	769.513
-3.141593	0.080730	-2.622036	131	143	118	769.508
0.000000	1.569311	-3.003978	135	128	39	769.444
2.617994	1.982574	-1.115518	113	143	126	769.430
0.000000	1.413430	2.550734	119	138	38	769.368
0.261799	1.617114	-1.572037	101	5	129	769.191
0.261799	1.599406	1.426070	139	43	118	769.179
1.832596	2.637879	2.121598	131	138	38	769.087
-0.523599	1.135834	-1.431087	114	140	33	769.043
2.617994	1.014500	0.906702	126	22	105	769.026
-2.356194	0.419640	2.974122	128	131	37	768.959
-1.047198	1.214854	-1.966664	132	46	134	768.830
1.308997	0.929350	-2.910676	108	15	109	768.775
-2.094395	0.866395	-2.492918	30	25	13	768.750
2.617994	2.153910	-1.714959	135	133	35	768.728
-1.308997	1.836682	-0.676006	135	46	120	768.520
-0.261799	1.335669	0.897240	117	2	115	768.431
2.094395	0.866955	-0.931351	123	9	105	768.397
1.832596	2.456751	-1.503343	107	2	121	768.344
2.879793	1.909857	-0.381669	4	130	123	768.221
-2.879793	1.242974	-2.977882	126	134	38	768.074
-1.047198	2.456751	-1.503343	110	141	30	767.946
-1.832596	1.135813	-2.658866	105	14	130	767.816
-2.617994	1.756530	-2.105156	133	136	37	767.808
1.308997	2.984978	1.954446	29	29	16	767.794
1.832596	1.374601	-2.456031	102	7	120	767.778
-0.523599	1.374601	-2.456031	24	16	32	767.777
0.000000	1.510910	-0.740472	102	8	117	767.770
0.000000	1.977582	0.969896	120	142	34	767.666
-1.570796	2.407836	1.410646	114	3	114	767.584
-1.308997	0.961715	0.014085	109	18	104	767.553
1.570796	1.574060	2.783565	129	133	35	767.426
-1.047198	1.721184	-0.153948	111	8	113	767.417
0.000000	1.506530	1.988858	25	35	13	767.391
-0.523599	1.809167	1.213774	120	4	112	767.295
-1.832596	1.732874	-0.951685	121	10	117	767.259
-2.879793	1.413347	-1.339188	138	133	31	767.217
-0.261799	1.545873	-1.877082	118	130	37	767.023
2.617994	1.128190	-2.288622	39	109	22	767.018
0.523599	2.664082	-1.071402	119	6	110	766.997
-2.617994	2.407836	1.410646	125	129	37	766.936
-2.879793	2.174483	2.653697	131	131	38	766.923
-1.047198	0.929350	-2.910676	27	26	20	766.859
0.785398	1.574060	2.783565	133	140	37	766.782
-2.617994	1.574060	2.783565	115	128	37	766.753
2.094395	0.762244	-0.273349	113	8	109	766.677
-1.832596	0.619654	-2.216909	127	140	36	766.637
1.047198	0.762244	-0.273349	117	141	118	766.617
2.356194	0.203748	0.590255	132	38	107	766.488
2.094395	1.247695	1.809890	125	37	20	766.295
2.094395	1.658653	-2.409879	135	133	38	766.278
-0.523599	0.379747	-1.713059	120	137	35	766.215
0.000000	2.033014	2.977192	123	140	37	766.189
-2.094395	1.417623	-0.202254	118	29	100	766.140
0.261799	1.242974	-2.977882	132	138	39	766.117
-1.570796	1.135813	-2.658866	25	18	28	765.969
2.617994	0.992645	-1.723759	135	130	35	765.817
-1.832596	2.881233	-2.582574	102	16	116	765.758
-1.570796	1.184361	0.625864	115	8	106	765.699
1.832596	1.325504	-1.671296	119	1	112	765.689
2.094395	2.174483	2.653697	129	133	38	765.668
-1.047198	0.640596	-2.797608	29	29	14	765.637
-0.261799	1.662363	0.915448	139	34	108	765.616
2.879793	2.187132	-0.479875	121	10	106	765.305
1.832596	2.592629	0.909713	120	133	37	765.280
-0.785398	1.506530	1.988858	113	3	118	765.200
1.047198	0.203748	0.590255	119	14	106	765.196
-3.141593	0.700570	1.559208	121	120	23	765.189
-1.570796	1.836682	-0.676006	128	12	109	765.186
-2.617994	0.866955	-0.931351	121	143	33	765.105
2.094395	2.295480	1.008277	116	127	37	765.096
0.261799	0.618092	2.539118	126	132	37	765.044
-0.785398	2.478122	2.609777	135	138	37	764.927
-3.141593	2.153910	-1.714959	43	124	28	764.791
-1.308997	1.450119	-2.739050	101	9	124	764.756
-0.785398	0.733948	3.021411	25	34	10	764.754
0.261799	1.448123	-2.163292	115	1	126	764.732
-1.832596	1.599406	1.426070	110	142	120	764.613
1.047198	0.619654	-2.216909	118	136	36	764.582
-2.356194	1.448123	-2.163292	42	123	27	764.569
-2.879793	1.741644	-2.695914	130	142	38	764.488
2.879793	1.606104	-0.451151	11	139	120	764.465
-2.617994	2.592629	0.909713	114	143	117	764.326
-3.141593	1.134497	-1.109631	126	0	31	764.307
1.308997	1.948085	-2.363031	129	130	39	764.255
2.356194	2.478122	2.609777	128	20	36	764.055
-1.832596	2.393226	1.857173	116	140	118	764.023
0.785398	0.640596	-2.797608	105	12	116	763.988
-2.094395	2.041297	-2.664597	31	17	31	763.844
-2.879793	1.909857	-0.381669	45	117	4	763.762
1.570796	1.812176	0.656819	114	17	102	763.753
-1.047198	0.080730	-2.622036	128	130	37	763.640
0.000000	1.812176	0.656819	133	40	107	763.632
-1.308997	0.674054	1.013609	114	1	112	763.625
-3.141593	1.872854	1.543456	99	9	128	763.550
-2.879793	2.979456	-1.009304	122	11	110	763.538
1.308997	1.606104	-0.451151	99	14	119	763.496
2.356194	1.367556	0.358405	120	16	103	763.394
1.047198	2.104282	-0.813972	96	20	113	763.389
-2.356194	1.325504	-1.671296	134	141	36	763.340
-1.308997	0.618092	2.539118	44	114	8	763.098
-1.047198	1.448123	-2.163292	121	45	2	762.869
-1.570796	0.618092	2.539118	119	142	126	762.859
-2.879793	1.374601	-2.456031	31	110	29	762.732
2.094395	0.379747	-1.713059	112	4	117	762.618
-2.356194	1.732874	-0.951685	115	4	125	762.554
1.570796	2.174483	2.653697	128	128	38	762.451
-3.141593	0.910508	1.903534	107	1	124	762.438
1.047198	2.579248	-2.364801	128	7	109	762.248
0.000000	0.370812	-2.547742	127	135	35	762.191
-1.308997	1.875281	0.107086	116	8	111	762.125
1.047198	1.741644	-2.695914	127	137	40	762.052
0.785398	1.448123	-2.163292	120	132	38	762.002
2.879793	1.045978	0.343692	135	19	104	761.945
0.523599	1.506530	1.988858	134	47	126	761.889
2.879793	2.164094	-2.991358	134	130	36	761.557
-3.141593	1.741644	-2.695914	129	136	39	761.458
2.094395	1.683268	0.374177	109	8	116	761.243
2.879793	0.615174	-0.666022	37	11	131	761.125
0.000000	2.247462	0.191623	8	43	125	760.949
2.617994	1.696674	-1.253233	116	143	117	760.911
2.879793	1.195355	1.200319	113	128	26	760.799
1.570796	2.478122	2.609777	128	137	38	760.798
-1.047198	1.413430	2.550734	127	123	35	760.785
1.832596	2.588535	-2.976617	128	133	37	760.742
2.356194	2.588535	-2.976617	132	131	37	760.501
2.094395	1.374601	-2.456031	129	129	39	760.474
-2.617994	2.251330	-2.330739	124	142	36	760.436
-3.141593	2.664082	-1.071402	47	120	19	760.422
-1.308997	2.724429	-0.348782	134	131	38	760.321
-2.879793	2.033014	2.977192	6	122	44	760.189
-0.261799	0.992645	-1.723759	123	128	33	760.157
0.785398	1.113094	-0.272241	21	129	125	760.061
-2.094395	2.719179	-1.780644	34	21	23	760.039
1.832596	2.115563	0.685730	112	12	106	759.993
-2.356194	2.174483	2.653697	127	139	38	759.869
2.879793	2.664082	-1.071402	33	105	23	759.850
0.785398	2.379497	0.561089	121	138	36	759.644
-2.617994	1.417623	-0.202254	10	21	107	759.488
-1.047198	1.756530	-2.105156	123	140	36	759.450
-1.047198	0.685216	-1.712745	3	47	137	759.367
2.879793	0.379747	-1.713059	117	5	111	759.345
-1.308997	1.872854	1.543456	108	2	121	759.151
-2.356194	2.724429	-0.348782	118	13	109	758.935
1.832596	0.831641	0.616218	33	23	10	758.859
0.261799	1.168678	2.108595	26	36	6	758.855
1.570796	2.881233	-2.582574	41	122	30	758.710
1.308997	2.104282	-0.813972	99	16	113	758.663
1.308997	1.545873	-1.877082	121	126	37	758.539
-0.785398	0.419640	2.974122	131	134	36	758.484
-1.832596	1.872854	1.543456	111	142	121	758.344
-3.141593	1.982574	-1.115518	106	7	122	758.329
-1.832596	1.909857	-0.381669	123	5	115	758.300
-1.047198	1.194549	-0.801900	129	138	27	758.229
-2.094395	0.866955	-0.931351	115	142	33	758.207
2.617994	1.050534	3.042579	116	134	39	758.134
-0.523599	2.592629	0.909713	31	23	11	758.094
-3.141593	1.374601	-2.456031	22	18	32	758.023
0.000000	0.458961	-0.107937	1	134	121	757.914
1.047198	2.456751	-1.503343	98	13	120	757.856
0.523599	1.555207	1.708892	135	47	123	757.748
-2.617994	0.914445	2.687814	117	1	118	757.737
-2.617994	1.683268	0.374177	132	126	29	757.586
0.785398	2.033014	2.977192	131	135	37	757.538
-1.308997	2.073035	2.027405	109	2	117	757.503
2.094395	0.992645	-1.723759	108	4	116	757.427
