144	1.2	0
-2.356194	1.574060	2.783565
0.000000	0.000000	0.000000
../data/3_zdock/HER2_m.pdb	37.529	5.447	5.464
../data/3_zdock/antibody_m/l13_3.pdb	-0.577	9.419	-1.016
2.094395	2.033014	2.977192	130	131	36	1535.292
-2.879793	0.914445	2.687814	117	143	131	1486.938
1.832596	1.870545	-2.976234	127	123	35	1483.937
2.094395	1.417623	-0.202254	118	10	107	1417.333
-1.308997	0.496451	0.593859	108	5	114	1378.987
-2.879793	2.138223	1.678323	105	6	129	1378.080
1.832596	0.379747	-1.713059	120	1	113	1366.942
0.000000	2.356369	3.005869	127	135	37	1351.341
-3.141593	0.080730	-2.622036	131	143	117	1344.336
2.094395	2.579248	-2.364801	128	129	35	1339.887
-1.308997	0.709924	0.218797	106	11	109	1338.987
2.617994	2.724429	-0.348782	118	142	122	1327.525
-1.047198	2.863997	0.549740	31	27	3	1324.000
2.879793	2.001437	0.381215	110	4	115	1317.948
1.570796	1.554776	0.100351	117	7	109	1314.350
-1.832596	2.356369	3.005869	129	140	37	1304.413
1.047198	2.349581	-2.702517	126	130	35	1301.308
2.356194	2.089241	-0.114193	109	3	118	1284.825
1.832596	1.554776	0.100351	120	7	109	1271.343
2.094395	1.870545	-2.976234	129	124	36	1260.113
0.785398	2.349581	-2.702517	124	129	34	1259.692
1.047198	2.063651	-2.044600	130	121	34	1258.096
-1.832596	0.906588	1.252948	2	129	125	1257.784
0.523599	1.870545	-2.976234	128	135	37	1252.444
1.832596	2.664082	-1.071402	116	141	125	1251.557
-3.141593	1.683268	0.374177	113	6	110	1249.564
2.094395	1.113094	-0.272241	120	12	105	1248.380
1.832596	1.301460	-0.509251	118	5	110	1247.857
2.879793	1.977582	0.969896	107	10	112	1242.821
0.785398	2.588535	-2.976617	126	127	36	1240.134
-1.832596	2.724429	-0.348782	32	27	2	1235.953
-2.879793	0.906588	1.252948	113	1	118	1234.407
2.356194	0.370812	-2.547742	114	142	122	1233.799
2.094395	1.367556	0.358405	114	19	104	1231.967
0.523599	2.349581	-2.702517	123	128	34	1228.256
-2.617994	0.899350	-2.069907	131	138	35	1226.361
2.094395	1.606104	-0.451151	118	4	111	1225.773
-3.141593	0.960688	-0.577532	136	35	105	1224.813
-3.141593	1.977582	0.969896	110	8	111	1219.142
2.617994	1.875281	0.107086	110	5	113	1218.898
-3.141593	2.033014	2.977192	123	138	37	1218.608
2.879793	2.404280	-0.174044	121	143	115	1208.154
-3.141593	0.733948	3.021411	117	141	131	1206.773
-3.141593	2.001437	0.381215	113	1	115	1205.791
-2.617994	0.910508	1.903534	113	143	122	1203.121
0.523599	2.164094	-2.991358	124	133	36	1202.325
-3.141593	2.247462	0.191623	118	1	112	1200.813
1.832596	2.104282	-0.813972	115	143	116	1200.583
-2.617994	0.618092	2.539118	111	2	122	1199.665
-2.879793	1.599406	1.426070	107	4	119	1199.029
-2.094395	0.297065	2.160177	114	143	121	1198.695
-2.356194	1.168678	2.108595	107	4	121	1198.237
-2.879793	1.872854	1.543456	106	4	124	1198.125
2.356194	1.869911	2.701025	122	15	37	1195.833
-1.047198	0.709924	0.218797	109	9	108	1195.485
0.785398	2.063651	-2.044600	128	122	34	1193.611
0.261799	2.979456	-1.009304	133	138	37	1190.144
2.356194	2.247462	0.191623	103	6	120	1189.532
1.570796	0.615174	-0.666022	119	6	109	1189.361
2.094395	1.554776	0.100351	113	10	110	1188.298
-2.356194	0.700570	1.559208	137	129	128	1186.573
0.785398	2.164094	-2.991358	125	134	36	1186.077
1.832596	2.033014	2.977192	128	130	36	1183.122
2.356194	2.455966	-0.641220	120	143	116	1181.859
-2.094395	1.440580	2.260026	128	133	35	1179.126
2.879793	1.875281	0.107086	114	3	112	1178.883
-2.617994	1.168678	2.108595	104	7	122	1177.632
2.617994	1.721184	-0.153948	115	5	110	1175.949
-2.094395	0.591903	2.010408	113	2	117	1175.782
1.047198	1.846342	-1.796954	129	119	32	1173.230
1.570796	1.113094	-0.272241	111	11	110	1171.502
2.879793	0.080730	-2.622036	125	143	116	1171.031
-3.141593	1.875281	0.107086	118	2	111	1170.850
1.047198	0.850607	-1.335383	111	3	114	1169.229
1.832596	2.588535	-2.976617	128	134	37	1168.988
-0.261799	1.374601	-2.456031	21	16	31	1167.180
2.617994	1.909857	-0.381669	112	3	111	1166.580
2.094395	1.413347	-1.339188	134	128	30	1165.890
-1.570796	2.033014	2.977192	131	129	37	1165.210
2.617994	2.404280	-0.174044	116	1	115	1164.931
2.094395	2.455966	-0.641220	107	7	114	1164.864
1.047198	2.073035	2.027405	29	28	15	1164.391
0.785398	1.904882	-1.478089	114	1	117	1163.272
-2.094395	1.413430	2.550734	129	137	36	1163.187
1.832596	1.417623	-0.202254	112	9	111	1162.685
-1.570796	0.496451	0.593859	104	7	114	1161.975
-1.832596	0.914445	2.687814	34	116	34	1159.599
1.308997	0.615174	-0.666022	115	7	109	1157.763
2.094395	1.683268	0.374177	109	16	106	1156.269
-1.570796	2.349581	-2.702517	126	143	36	1156.107
-3.141593	1.812176	0.656819	109	5	114	1155.430
2.617994	0.619654	-2.216909	113	2	130	1154.456
0.785398	2.041297	-2.664597	120	134	33	1154.356
-1.570796	1.998705	2.370472	130	134	38	1153.090
-2.879793	0.674054	1.013609	112	4	113	1152.618
2.356194	2.724429	-0.348782	113	143	120	1152.217
2.094395	1.256302	0.062705	118	15	104	1151.593
-1.047198	0.496451	0.593859	112	2	113	1151.195
-2.094395	0.619654	-2.216909	131	139	36	1149.190
-0.785398	0.458961	-0.107937	105	9	112	1149.139
-3.141593	2.587733	0.232235	117	142	120	1148.658
-2.094395	1.504028	0.636812	113	6	108	1147.201
1.570796	1.982574	-1.115518	113	142	119	1144.928
-1.570796	0.709924	0.218797	102	14	113	1142.766
0.785398	2.579248	-2.364801	116	143	126	1142.256
-3.141593	1.809167	1.213774	107	11	111	1142.038
1.832596	1.413347	-1.339188	113	0	117	1141.658
-0.523599	1.374601	-2.456031	25	18	29	1139.387
-3.141593	2.138223	1.678323	101	9	130	1137.781
2.094395	2.089241	-0.114193	105	6	118	1135.442
1.832596	1.391910	3.030322	129	135	38	1130.602
1.570796	1.417623	-0.202254	119	2	114	1130.355
-1.832596	1.367556	0.358405	113	15	102	1130.055
2.617994	0.640596	-2.797608	115	141	130	1128.443
-0.523599	0.762244	-0.273349	125	3	111	1124.714
1.308997	0.685216	-1.712745	112	0	119	1124.543
-2.617994	1.134796	2.434290	105	5	126	1124.450
1.570796	0.290380	-0.796960	131	0	115	1123.594
0.000000	2.164094	-2.991358	124	131	37	1122.573
2.356194	1.218453	2.777284	117	141	38	1122.030
-1.570796	0.831641	0.616218	114	6	107	1121.778
2.617994	2.001437	0.381215	105	6	115	1121.534
-1.308997	2.356369	3.005869	131	140	38	1120.995
2.356194	1.721184	-0.153948	111	6	112	1120.483
-2.617994	1.440580	2.260026	104	5	125	1120.260
2.879793	2.089241	-0.114193	119	2	110	1119.154
-1.832596	1.574060	2.783565	130	124	38	1118.019
1.570796	1.367556	0.358405	111	24	103	1116.629
-3.141593	1.195355	1.200319	99	15	112	1115.101
2.356194	0.080730	-2.622036	113	0	116	1114.451
-3.141593	0.419640	2.974122	116	141	124	1112.992
-1.832596	1.440580	2.260026	129	134	36	1111.980
-3.141593	1.599406	1.426070	104	13	112	1108.618
-2.617994	1.555207	1.708892	114	0	122	1108.545
2.617994	1.606104	-0.451151	116	6	107	1108.329
2.879793	2.724429	-0.348782	118	140	123	1108.299
2.879793	2.115563	0.685730	104	5	120	1105.710
1.832596	1.741644	-2.695914	126	118	33	1105.407
-2.879793	2.001437	0.381215	117	0	115	1102.785
-3.141593	1.662363	0.915448	111	2	117	1102.552
1.832596	0.850607	-1.335383	114	5	111	1102.341
-0.523599	1.218453	2.777284	125	135	37	1101.222
-1.308997	2.164094	-2.991358	129	135	37	1101.154
-2.879793	1.134796	2.434290	102	9	127	1100.391
2.617994	2.187132	-0.479875	119	9	105	1099.423
-2.879793	1.195355	1.200319	118	0	116	1098.887
0.000000	0.203748	0.590255	132	3	111	1098.188
0.523599	2.356369	3.005869	127	133	37	1098.130
2.879793	2.295480	1.008277	99	8	130	1097.750
2.879793	1.721184	-0.153948	121	5	106	1096.836
2.356194	1.242974	-2.977882	120	141	38	1096.433
-2.356194	0.591903	2.010408	124	143	117	1096.197
0.785398	0.571433	-1.188419	112	2	114	1093.952
2.617994	1.413430	2.550734	129	129	36	1092.778
2.356194	1.417623	-0.202254	120	9	106	1092.658
-1.570796	2.164094	-2.991358	129	135	37	1091.931
0.785398	1.134497	-1.109631	111	10	107	1091.543
-2.094395	1.545873	-1.877082	136	48	130	1091.164
-0.523599	0.961715	0.014085	9	119	129	1090.547
2.617994	2.356369	3.005869	136	133	37	1089.965
1.308997	1.256302	0.062705	111	19	104	1089.543
1.570796	1.134497	-1.109631	102	8	117	1087.498
-3.141593	1.872854	1.543456	102	8	125	1086.958
2.879793	2.407836	1.410646	102	10	114	1086.935
-2.879793	1.168678	2.108595	100	11	122	1086.460
1.308997	0.379747	-1.713059	108	2	116	1086.057
-1.570796	1.574060	2.783565	131	127	37	1085.268
1.047198	1.135834	-1.431087	108	2	120	1084.381
-2.356194	0.297065	2.160177	117	142	119	1084.365
-1.047198	1.875281	0.107086	113	6	112	1084.155
2.094395	2.187132	-0.479875	114	1	113	1084.089
-2.356194	1.247695	1.809890	103	3	122	1082.825
1.047198	0.379747	-1.713059	103	5	116	1082.306
0.785398	2.592629	0.909713	1	46	125	1081.453
-2.879793	2.033014	2.977192	121	139	36	1081.030
-2.094395	0.571433	-1.188419	8	43	123	1080.355
2.617994	0.080730	-2.622036	119	0	115	1079.846
-1.832596	2.164094	-2.991358	129	137	37	1079.824
-1.832596	2.187132	-0.479875	120	18	106	1076.361
2.356194	1.875281	0.107086	108	7	114	1075.851
-1.570796	2.089241	-0.114193	117	12	108	1075.395
2.879793	2.164094	-2.991358	135	130	36	1074.837
-1.570796	2.478122	2.609777	120	139	38	1074.396
-1.308997	2.180315	-1.357379	32	23	18	1073.906
-0.785398	1.869911	2.701025	130	139	38	1073.882
-2.356194	0.899350	-2.069907	130	141	35	1073.550
-3.141593	1.134796	2.434290	99	13	126	1073.240
2.094395	0.960688	-0.577532	122	11	104	1072.917
0.785398	1.433411	-1.035986	110	15	105	1072.811
1.570796	0.866955	-0.931351	113	9	108	1072.598
-2.879793	1.025536	1.576859	106	2	120	1072.456
-2.617994	2.979456	-1.009304	32	24	9	1071.938
0.785398	0.850607	-1.335383	107	6	114	1071.060
0.261799	0.866955	-0.931351	112	2	117	1070.661
1.047198	1.325504	-1.671296	106	2	126	1070.232
1.308997	0.992645	-1.723759	110	1	120	1068.825
-0.261799	1.391910	3.030322	130	135	38	1067.590
0.261799	0.496451	0.593859	117	1	115	1067.485
2.879793	0.419640	2.974122	110	143	123	1066.979
-2.617994	1.247695	1.809890	113	1	119	1065.804
1.832596	0.866955	-0.931351	115	6	109	1064.566
-1.047198	2.356369	3.005869	123	117	33	1064.502
2.356194	1.683268	0.374177	112	14	105	1064.056
0.785398	2.637879	2.121598	130	138	37	1063.740
2.356194	2.033014	2.977192	125	137	39	1063.723
-0.785398	1.391910	3.030322	121	136	37	1063.332
1.047198	0.762244	-0.273349	115	11	106	1062.834
2.094395	0.619654	-2.216909	109	1	120	1062.611
-2.879793	1.683268	0.374177	117	5	108	1062.264
-2.094395	1.756530	-2.105156	134	47	133	1062.113
2.617994	2.247462	0.191623	108	2	120	1061.863
-0.785398	2.164094	-2.991358	124	122	36	1061.767
-2.879793	1.870545	-2.976234	124	143	38	1061.405
-2.617994	1.977582	0.969896	107	5	111	1060.717
2.356194	2.041297	-2.664597	130	133	38	1060.588
1.308997	1.301460	-0.509251	113	9	105	1060.274
1.570796	2.180315	-1.357379	117	0	116	1059.618
-3.141593	2.108018	1.311430	106	10	110	1059.490
1.832596	1.836682	-0.676006	116	2	111	1058.361
-1.308997	1.574060	2.783565	132	129	38	1058.033
2.094395	0.080730	-2.622036	108	1	116	1058.029
-1.308997	0.418037	1.360082	116	0	115	1057.888
-0.785398	2.588535	-2.976617	128	140	37	1057.816
-1.308997	2.063651	-2.044600	121	142	34	1057.521
-1.047198	2.588535	-2.976617	121	119	30	1056.938
-2.617994	1.569311	-3.003978	124	133	39	1056.503
-0.261799	0.640596	-2.797608	138	45	127	1056.422
-2.356194	0.685216	-1.712745	132	143	33	1055.980
-2.356194	2.115563	0.685730	111	4	113	1055.732
-1.047198	1.214854	-1.966664	122	53	130	1054.697
2.094395	1.909857	-0.381669	116	5	108	1054.512
1.832596	2.719179	-1.780644	29	109	32	1054.280
-2.617994	1.310100	1.488307	106	3	118	1054.229
-0.785398	1.569311	-3.003978	127	132	39	1053.806
1.308997	1.554776	0.100351	113	7	109	1052.776
-0.785398	2.343981	-1.040456	2	47	135	1051.824
2.879793	2.108018	1.311430	104	13	110	1051.672
2.617994	1.870545	-2.976234	132	123	36	1051.437
-0.523599	0.960688	-0.577532	117	7	110	1051.401
-2.356194	1.374601	-2.456031	133	136	39	1050.569
-1.047198	2.164094	-2.991358	122	130	39	1050.379
1.832596	0.685216	-1.712745	118	0	114	1050.285
2.356194	2.579248	-2.364801	130	130	35	1049.992
2.356194	1.836682	-0.676006	113	2	112	1049.870
0.785398	1.870545	-2.976234	122	137	37	1049.853
1.570796	0.685216	-1.712745	106	4	116	1049.771
2.094395	1.391910	3.030322	126	140	38	1049.148
1.308997	0.762244	-0.273349	118	11	106	1048.698
-1.308997	0.831641	0.616218	112	4	111	1048.657
2.094395	1.721184	-0.153948	112	8	108	1048.584
0.261799	2.041297	-2.664597	124	129	38	1048.460
-1.570796	0.203748	0.590255	101	7	117	1048.168
0.261799	2.349581	-2.702517	126	123	36	1047.811
-2.094395	2.478122	2.609777	125	138	37	1047.477
0.000000	1.242974	-2.977882	130	22	35	1047.416
2.879793	1.870545	-2.976234	134	123	36	1046.865
2.356194	2.174483	2.653697	125	19	35	1046.552
-2.094395	1.184361	0.625864	0	5	108	1046.193
0.261799	2.164094	-2.991358	122	138	37	1045.877
0.785398	1.134796	2.434290	117	0	33	1045.655
-1.832596	1.545873	-1.877082	1	44	132	1044.570
1.308997	0.961715	0.014085	122	3	112	1043.978
2.356194	1.256302	0.062705	117	16	102	1043.949
1.570796	1.050534	3.042579	127	136	37	1043.881
2.094395	1.301460	-0.509251	123	5	108	1043.571
1.047198	2.041297	-2.664597	131	133	38	1043.468
-1.047198	2.637879	2.121598	114	0	119	1042.874
-2.879793	2.108018	1.311430	108	4	120	1042.864
2.094395	2.174483	2.653697	128	20	36	1041.936
0.785398	0.709924	0.218797	118	2	113	1041.051
-2.356194	2.063651	-2.044600	128	143	35	1041.009
1.832596	2.349581	-2.702517	122	131	36	1040.747
2.356194	1.194549	-0.801900	122	7	106	1040.000
-3.141593	2.174483	2.653697	132	136	39	1039.294
1.832596	1.134497	-1.109631	115	5	110	1039.029
1.570796	0.960688	-0.577532	111	8	112	1038.089
-1.832596	2.089241	-0.114193	116	13	108	1037.779
-1.832596	1.184361	0.625864	3	5	108	1037.183
-3.141593	1.488617	1.159546	109	14	108	1036.969
-0.785398	0.899350	-2.069907	120	53	125	1036.872
-2.617994	0.591903	2.010408	119	142	118	1036.786
-0.523599	0.458961	-0.107937	108	6	112	1036.518
2.617994	1.218453	2.777284	115	140	38	1036.387
2.879793	2.704512	1.488683	100	9	118	1035.683
-0.261799	0.709924	0.218797	121	8	104	1035.472
0.785398	1.766067	2.153843	128	140	36	1035.380
0.000000	0.370812	-2.547742	137	46	132	1034.391
-2.617994	2.001437	0.381215	121	142	115	1034.023
0.000000	2.041297	-2.664597	124	127	38	1033.166
-2.879793	2.174483	2.653697	132	133	39	1033.043
-2.879793	0.864993	2.278281	101	10	122	1032.890
2.617994	2.407836	1.410646	99	14	114	1032.786
-1.570796	1.413430	2.550734	128	120	35	1032.646
-0.261799	0.960688	-0.577532	123	8	107	1031.979
1.570796	1.218453	2.777284	128	135	36	1031.953
0.523599	0.458961	-0.107937	113	14	106	1031.486
-0.785398	0.709924	0.218797	114	9	105	1031.309
-2.879793	1.812176	0.656819	112	1	117	1031.211
0.000000	2.579248	-2.364801	120	124	31	1029.855
2.094395	0.370812	-2.547742	108	0	121	1029.614
-2.617994	0.297065	2.160177	111	143	119	1029.215
0.000000	1.391910	3.030322	129	136	39	1029.097
0.523599	0.831641	0.616218	120	5	110	1028.985
1.570796	2.588535	-2.976617	126	134	36	1028.785
1.570796	1.450119	-2.739050	131	126	38	1028.743
-1.047198	0.762244	-0.273349	104	17	108	1028.588
-1.047198	1.218453	2.777284	128	132	36	1027.863
-1.308997	0.992645	-1.723759	124	53	125	1027.803
-2.879793	2.247462	0.191623	115	143	116	1027.766
-0.785398	1.599406	1.426070	116	2	117	1027.542
2.094395	2.108018	1.311430	106	6	13	1026.363
-3.141593	2.478122	2.609777	113	21	113	1025.553
2.094395	2.164094	-2.991358	137	11	40	1025.521
2.617994	2.041297	-2.664597	130	135	38	1025.034
1.832596	1.135834	-1.431087	114	0	116	1024.762
0.000000	2.881233	-2.582574	122	115	30	1024.723
1.570796	1.696674	-1.253233	110	143	119	1024.539
0.261799	2.456751	-1.503343	113	3	117	1023.835
-2.094395	0.700570	1.559208	104	2	120	1023.434
-2.094395	1.846342	-1.796954	130	140	33	1023.374
-2.617994	1.574060	2.783565	115	128	38	1023.236
0.000000	1.736875	3.023612	129	129	39	1022.994
-2.617994	2.247462	0.191623	128	143	114	1022.672
2.356194	1.301460	-0.509251	122	6	107	1022.532
-2.617994	0.864993	2.278281	117	142	125	1022.137
1.308997	1.433411	-1.035986	116	8	107	1021.926
-0.261799	2.455966	-0.641220	141	46	132	1021.637
-2.356194	1.736875	3.023612	123	134	37	1021.324
-3.141593	2.407836	1.410646	99	8	135	1020.747
2.356194	1.606104	-0.451151	6	113	132	1020.407
0.523599	2.033014	2.977192	132	138	37	1018.597
-1.308997	0.203748	0.590255	105	3	117	1018.093
-0.261799	1.870545	-2.976234	128	130	37	1017.689
2.094395	0.379747	-1.713059	113	4	116	1017.528
-1.832596	1.134796	2.434290	112	143	126	1017.527
-1.308997	2.041297	-2.664597	122	137	39	1016.666
1.832596	1.218453	2.777284	129	137	36	1016.586
-2.094395	2.001437	0.381215	119	9	106	1016.253
-0.261799	1.247695	1.809890	138	126	29	1015.971
2.879793	1.812176	0.656819	111	9	109	1015.893
0.000000	2.637879	2.121598	134	124	36	1015.580
0.523599	1.736875	3.023612	120	42	3	1015.292
-3.141593	2.704512	1.488683	126	132	38	1015.046
0.523599	0.733948	3.021411	5	46	1	1014.977
-0.523599	0.203748	0.590255	120	141	116	1014.770
2.617994	1.812176	0.656819	119	4	115	1014.765
-1.047198	0.458961	-0.107937	102	12	112	1014.615
-1.047198	2.349581	-2.702517	128	140	36	1014.610
-2.094395	1.367556	0.358405	104	16	109	1014.539
2.617994	2.115563	0.685730	108	8	112	1013.961
1.308997	0.866955	-0.931351	116	1	111	1013.467
-2.094395	1.374601	-2.456031	131	136	39	1013.446
-0.785398	0.866395	-2.492918	137	47	132	1013.375
1.308997	0.290380	-0.796960	127	143	115	1013.121
-1.308997	1.948085	-2.363031	130	139	37	1013.063
0.785398	2.984978	1.954446	127	135	38	1012.785
0.523599	1.134497	-1.109631	109	12	107	1012.474
-0.523599	1.417623	-0.202254	114	3	115	1011.824
-1.308997	1.045978	0.343692	113	10	105	1011.775
-1.308997	2.089241	-0.114193	113	11	109	1010.880
2.879793	1.050534	3.042579	130	137	37	1010.502
-2.879793	1.488617	1.159546	112	13	106	1010.269
-2.617994	2.863997	0.549740	111	0	126	1009.720
0.000000	1.450119	-2.739050	125	18	36	1009.636
1.047198	1.756530	-2.105156	104	5	137	1009.210
2.356194	1.569311	-3.003978	131	138	39	1008.738
-2.094395	0.674054	1.013609	107	4	112	1008.681
-2.617994	1.504028	0.636812	114	2	113	1007.658
1.832596	2.979456	-1.009304	121	110	25	1007.193
-0.785398	2.356369	3.005869	126	117	33	1006.509
1.047198	1.869911	2.701025	134	137	38	1006.406
0.000000	0.615174	-0.666022	109	7	110	1006.282
-1.308997	1.809167	1.213774	108	3	120	1006.103
2.356194	1.367556	0.358405	116	17	103	1005.714
1.832596	1.113094	-0.272241	117	12	105	1005.250
2.617994	0.419640	2.974122	104	1	124	1004.927
-0.261799	1.168678	2.108595	135	129	33	1004.839
1.047198	1.599406	1.426070	120	18	114	1004.562
-2.879793	1.135813	-2.658866	136	133	39	1004.221
-2.617994	1.736875	3.023612	118	133	38	1004.091
-3.141593	1.736875	3.023612	123	132	38	1003.639
-1.570796	1.606104	-0.451151	124	9	108	1003.539
2.356194	2.979456	-1.009304	117	0	121	1003.392
2.617994	1.869911	2.701025	117	137	37	1003.376
2.094395	1.135834	-1.431087	120	143	116	1003.338
-1.832596	1.045978	0.343692	139	125	127	1003.194
2.617994	2.396274	-1.959260	129	124	33	1003.181
2.356194	2.063651	-2.044600	132	133	36	1002.861
-2.617994	2.587733	0.232235	123	2	113	1002.684
1.308997	2.719179	-1.780644	116	143	120	1002.343
2.094395	2.979456	-1.009304	111	1	122	1002.265
-0.523599	1.113094	-0.272241	102	8	116	1002.028
2.617994	1.247695	1.809890	97	28	116	1001.809
1.570796	0.379747	-1.713059	114	1	114	1001.709
-0.785398	2.041297	-2.664597	125	126	37	1001.478
-3.141593	2.404280	-0.174044	126	142	115	1001.348
0.261799	2.356369	3.005869	126	130	37	1001.160
-0.261799	1.242974	-2.977882	25	21	28	1000.836
-2.356194	0.571433	-1.188419	13	41	123	1000.499
-2.094395	2.592629	0.909713	108	5	116	1000.462
1.047198	0.992645	-1.723759	105	3	125	1000.084
-2.879793	1.335669	0.897240	115	0	116	999.074
-2.879793	2.404280	-0.174044	121	9	106	998.757
1.308997	1.836682	-0.676006	103	9	110	998.748
0.000000	2.664082	-1.071402	112	8	111	997.694
1.047198	0.458961	-0.107937	122	10	106	997.595
1.047198	2.984978	1.954446	126	136	38	997.549
-1.308997	0.674054	1.013609	113	3	110	997.161
-1.308997	2.187132	-0.479875	134	47	126	997.047
0.523599	2.579248	-2.364801	117	1	116	997.017
1.570796	1.869911	2.701025	126	132	37	996.970
-2.617994	1.025536	1.576859	121	0	115	996.662
-2.879793	1.948085	-2.363031	129	137	38	996.313
1.832596	1.569311	-3.003978	133	130	38	996.133
-2.879793	0.203748	0.590255	115	7	111	996.052
-0.785398	2.033014	2.977192	123	140	39	995.981
-1.047198	2.108018	1.311430	111	3	116	995.878
0.523599	2.588535	-2.976617	125	126	36	995.191
-2.094395	1.870545	-2.976234	125	137	39	995.046
1.047198	0.290380	-0.796960	123	4	108	994.912
0.261799	1.836682	-0.676006	106	4	116	994.883
-2.879793	0.910508	1.903534	104	4	120	994.760
2.617994	1.836682	-0.676006	117	1	111	994.554
2.356194	1.391910	3.030322	127	139	38	994.444
-1.047198	1.574060	2.783565	17	134	46	994.100
1.570796	1.184361	0.625864	114	28	102	993.930
-0.261799	0.290380	-0.796960	99	11	116	993.903
2.879793	1.045978	0.343692	142	18	105	993.556
-0.785398	1.948085	-2.363031	127	133	36	993.525
1.308997	1.617114	-1.572037	106	1	125	993.370
-2.879793	0.618092	2.539118	113	142	126	993.359
2.094395	1.194549	-0.801900	117	3	112	993.207
-1.832596	0.685216	-1.712745	13	44	129	992.836
-1.047198	0.674054	1.013609	117	2	110	992.546
1.047198	2.033014	2.977192	131	135	39	992.529
-0.785398	2.349581	-2.702517	122	123	33	992.501
-2.879793	1.555207	1.708892	106	9	115	992.222
-2.617994	1.413430	2.550734	105	5	131	991.440
1.570796	1.870545	-2.976234	125	122	35	991.183
2.879793	0.615174	-0.666022	37	12	131	991.143
2.617994	1.256302	0.062705	118	16	101	991.002
-2.094395	0.709924	0.218797	103	21	105	990.873
2.356194	2.356369	3.005869	133	18	37	990.688
-2.617994	1.812176	0.656819	116	143	116	990.652
-1.308997	1.325504	-1.671296	126	53	125	989.982
-1.832596	2.063651	-2.044600	26	5	39	989.879
1.570796	2.349581	-2.702517	122	131	36	989.761
-0.261799	0.203748	0.590255	36	104	6	989.760
-1.047198	0.203748	0.590255	110	0	118	989.499
0.523599	1.741644	-2.695914	122	135	38	989.488
-2.879793	1.736875	3.023612	124	132	38	989.197
-0.261799	1.450119	-2.739050	26	14	33	988.766
2.094395	1.135813	-2.658866	123	133	40	988.255
-2.617994	1.391910	3.030322	122	127	39	988.195
-1.308997	0.864993	2.278281	37	115	30	987.884
-2.356194	1.134796	2.434290	109	2	126	987.863
-1.832596	1.256302	0.062705	112	22	101	987.845
-1.570796	0.674054	1.013609	112	0	116	987.785
1.308997	0.850607	-1.335383	105	6	112	987.245
1.308997	1.325504	-1.671296	107	2	120	986.972
1.570796	2.760637	2.781135	129	135	38	986.466
0.523599	1.247695	1.809890	118	18	118	986.386
-1.308997	1.756530	-2.105156	122	139	36	986.082
2.879793	0.733948	3.021411	111	142	133	985.773
2.356194	1.450119	-2.739050	132	133	38	985.773
-1.570796	1.417623	-0.202254	121	5	112	985.539
2.094395	2.041297	-2.664597	131	130	39	985.222
1.308997	2.587733	0.232235	105	10	117	985.049
2.879793	2.033014	2.977192	123	138	37	984.996
-1.832596	0.831641	0.616218	103	9	114	984.900
-2.879793	0.419640	2.974122	122	141	124	984.814
-3.141593	0.618092	2.539118	107	143	127	983.904
-1.832596	2.588535	-2.976617	128	137	37	983.752
1.570796	1.433411	-1.035986	112	1	113	983.579
2.617994	1.977582	0.969896	99	15	113	983.558
2.356194	1.741644	-2.695914	34	113	31	983.515
1.047198	0.866955	-0.931351	112	2	112	983.421
2.094395	2.001437	0.381215	99	15	115	983.216
1.832596	2.187132	-0.479875	138	125	127	983.176
2.617994	1.417623	-0.202254	120	9	104	983.112
-1.047198	1.977582	0.969896	114	3	114	981.986
1.832596	1.256302	0.062705	115	17	103	981.974
2.094395	1.569311	-3.003978	132	129	37	981.886
0.261799	0.571433	-1.188419	108	3	123	981.830
-1.832596	1.736875	3.023612	128	130	40	981.698
-1.570796	1.045978	0.343692	110	12	107	981.608
0.000000	2.349581	-2.702517	124	124	36	981.333
-0.523599	2.579248	-2.364801	142	117	40	980.700
-2.094395	1.683268	0.374177	114	12	105	979.962
2.879793	1.809167	1.213774	104	14	111	979.759
-1.047198	2.089241	-0.114193	115	10	108	979.072
-2.879793	0.709924	0.218797	142	26	107	978.954
-0.785398	1.699788	2.452890	135	138	37	978.860
-1.308997	1.869911	2.701025	130	128	37	978.607
1.832596	2.138223	1.678323	118	21	112	978.604
-2.879793	1.218453	2.777284	118	0	137	978.504
-0.523599	2.456751	-1.503343	132	1	34	978.475
-2.617994	1.374601	-2.456031	34	112	28	978.268
1.832596	1.736875	3.023612	124	128	37	978.212
1.047198	2.343981	-1.040456	96	19	116	978.135
1.570796	1.510910	-0.740472	112	5	108	978.088
1.570796	1.413430	2.550734	131	140	36	978.018
1.832596	0.080730	-2.622036	103	4	116	977.994
1.047198	1.904882	-1.478089	101	7	120	977.954
0.785398	0.831641	0.616218	124	7	110	977.929
-0.523599	1.247695	1.809890	117	3	121	977.629
-3.141593	1.184361	0.625864	132	130	128	977.335
1.570796	1.836682	-0.676006	112	2	113	977.101
0.261799	2.664082	-1.071402	116	7	110	976.892
2.356194	2.001437	0.381215	102	10	115	976.830
2.617994	1.574060	2.783565	115	130	37	976.578
-0.523599	2.478122	2.609777	132	133	37	976.443
-1.308997	2.108018	1.311430	116	2	112	976.177
2.879793	2.180315	-1.357379	46	116	20	975.892
-3.141593	2.295480	1.008277	108	4	118	975.869
2.094395	2.393226	1.857173	118	20	113	975.858
2.094395	2.104282	-0.813972	110	4	113	975.487
-2.356194	1.599406	1.426070	106	3	118	975.200
2.094395	1.433411	-1.035986	114	4	110	975.027
-2.617994	1.195355	1.200319	111	16	105	974.341
2.879793	1.736875	3.023612	125	136	38	974.286
2.356194	2.478122	2.609777	27	16	32	974.062
-3.141593	2.115563	0.685730	108	1	123	973.860
1.047198	1.554776	0.100351	106	24	104	973.701
-2.094395	1.135813	-2.658866	133	129	39	973.335
-0.523599	0.910508	1.903534	118	2	127	973.302
-0.785398	0.203748	0.590255	115	142	117	973.247
-1.308997	2.478122	2.609777	122	138	38	972.948
-0.261799	2.108018	1.311430	33	24	11	972.625
1.832596	0.960688	-0.577532	10	5	109	972.387
0.523599	2.063651	-2.044600	128	126	34	972.352
-3.141593	2.343981	-1.040456	48	118	17	972.015
-2.356194	1.488617	1.159546	113	1	114	971.979
-2.617994	1.506530	1.988858	100	5	127	971.946
-0.261799	2.637879	2.121598	132	126	36	971.936
-2.094395	1.448123	-2.163292	136	46	135	971.607
0.523599	2.180315	-1.357379	112	1	118	971.415
-2.879793	0.591903	2.010408	114	142	119	971.350
1.047198	2.153910	-1.714959	128	117	31	971.311
-2.094395	2.174483	2.653697	130	136	37	970.995
1.047198	1.367556	0.358405	134	33	102	970.728
1.308997	1.168678	2.108595	128	0	33	970.266
-3.141593	0.864993	2.278281	98	14	122	970.111
0.261799	1.662363	0.915448	134	47	113	969.923
1.047198	0.961715	0.014085	115	17	103	969.693
2.879793	1.554776	0.100351	117	10	104	969.152
1.832596	2.251330	-2.330739	121	124	35	969.082
-3.141593	1.045978	0.343692	141	18	105	968.978
2.617994	1.554776	0.100351	115	11	104	968.831
2.879793	1.218453	2.777284	114	138	38	968.583
-1.047198	0.899350	-2.069907	126	53	125	968.321
-1.570796	2.041297	-2.664597	125	137	39	967.806
0.785398	2.295480	1.008277	131	43	2	967.730
-1.047198	0.992645	-1.723759	120	54	123	967.492
2.094395	1.812176	0.656819	97	23	113	967.435
-0.261799	0.458961	-0.107937	113	6	107	967.413
-0.261799	0.762244	-0.273349	111	12	104	967.380
1.832596	1.194549	-0.801900	119	1	114	967.084
1.570796	1.721184	-0.153948	115	2	113	967.041
-1.308997	2.588535	-2.976617	125	142	37	967.029
-1.570796	1.736875	3.023612	128	131	40	966.958
-2.617994	1.683268	0.374177	118	1	112	966.513
-2.879793	1.014500	0.906702	103	14	106	965.639
2.617994	1.194549	-0.801900	136	135	26	965.510
0.261799	0.831641	0.616218	116	5	110	965.383
0.523599	2.456751	-1.503343	118	1	116	965.249
0.261799	2.174483	2.653697	132	136	38	965.044
-2.879793	2.587733	0.232235	112	0	120	964.914
1.832596	2.073035	2.027405	19	21	30	964.367
1.832596	2.343981	-1.040456	116	141	122	964.291
1.570796	1.736875	3.023612	123	126	37	964.001
2.617994	1.391910	3.030322	125	134	39	963.985
2.879793	2.587733	0.232235	111	143	119	963.939
-2.094395	1.812176	0.656819	113	6	109	963.681
-3.141593	0.709924	0.218797	143	24	107	963.604
-1.570796	0.864993	2.278281	35	111	29	963.435
2.617994	2.108018	1.311430	102	16	110	963.388
-1.308997	2.174483	2.653697	130	123	35	963.308
0.523599	2.592629	0.909713	128	53	121	962.918
1.570796	2.033014	2.977192	128	127	37	962.499
1.570796	1.045978	0.343692	117	23	101	962.207
-2.094395	1.025536	1.576859	106	3	116	962.164
-2.879793	2.104282	-0.813972	49	120	11	962.048
1.308997	1.113094	-0.272241	111	13	106	961.985
-1.047198	2.001437	0.381215	114	4	113	961.664
-2.356194	1.870545	-2.976234	120	138	38	961.529
1.832596	2.063651	-2.044600	132	127	37	961.414
1.570796	1.569311	-3.003978	103	8	124	960.757
-1.308997	1.433411	-1.035986	133	47	124	960.619
0.000000	1.134497	-1.109631	120	129	28	960.247
1.570796	0.850607	-1.335383	109	5	112	960.160
-3.141593	0.831641	0.616218	136	22	107	960.108
1.570796	2.187132	-0.479875	135	122	128	960.052
1.308997	1.367556	0.358405	111	25	102	960.014
1.047198	1.256302	0.062705	110	21	104	959.777
-2.617994	2.138223	1.678323	109	1	128	959.696
0.785398	1.574060	2.783565	132	139	38	959.682
1.308997	1.218453	2.777284	128	139	37	959.650
-0.523599	2.164094	-2.991358	124	131	38	959.316
0.261799	2.379497	0.561089	127	51	115	959.256
0.261799	0.960688	-0.577532	107	0	120	959.178
2.617994	2.295480	1.008277	105	10	111	959.057
-1.047198	1.301460	-0.509251	119	46	110	958.762
1.047198	1.824694	1.850876	125	53	132	958.449
-0.261799	2.760637	2.781135	116	2	115	958.008
0.261799	2.588535	-2.976617	123	124	37	957.860
-1.308997	1.870545	-2.976234	128	132	39	957.663
1.047198	0.685216	-1.712745	107	2	121	957.621
2.094395	1.869911	2.701025	22	1	42	957.600
1.308997	1.756530	-2.105156	127	128	36	957.544
1.308997	2.063651	-2.044600	129	122	36	957.245
1.570796	1.256302	0.062705	112	18	103	957.152
0.261799	1.977582	0.969896	133	49	118	957.102
-1.832596	0.674054	1.013609	114	2	113	956.774
2.879793	2.979456	-1.009304	132	113	29	956.698
-2.356194	2.041297	-2.664597	117	143	38	956.350
0.523599	0.850607	-1.335383	111	3	120	956.222
-3.141593	1.367556	0.358405	119	12	103	956.205
-1.570796	2.063651	-2.044600	120	1	35	956.089
1.832596	1.606104	-0.451151	111	5	115	956.017
1.047198	1.194549	-0.801900	98	17	116	955.773
-2.879793	2.089241	-0.114193	118	13	103	955.686
1.047198	0.615174	-0.666022	120	1	110	955.676
2.356194	0.619654	-2.216909	108	3	130	955.642
2.879793	1.569311	-3.003978	128	125	37	955.583
-1.832596	1.812176	0.656819	117	5	110	955.021
0.000000	1.869911	2.701025	43	4	27	954.966
-0.523599	0.619654	-2.216909	140	44	126	954.627
-2.094395	1.450119	-2.739050	116	9	134	954.602
-2.356194	1.977582	0.969896	112	3	111	954.411
2.094395	1.325504	-1.671296	130	130	33	954.066
-2.879793	1.824694	1.850876	101	6	133	954.062
2.617994	1.168678	2.108595	95	27	121	954.061
-1.047198	2.881233	-2.582574	117	122	25	953.403
2.356194	1.510910	-0.740472	117	4	109	953.390
0.000000	2.760637	2.781135	129	123	35	953.313
-1.308997	1.214854	-1.966664	128	53	130	953.281
-1.308997	2.704512	1.488683	114	4	114	952.820
0.261799	2.396274	-1.959260	107	4	117	952.784
-2.879793	0.700570	1.559208	116	1	115	952.753
-2.617994	2.295480	1.008277	107	2	115	952.741
-2.617994	0.674054	1.013609	116	2	112	952.738
1.047198	1.301460	-0.509251	134	125	127	952.682
1.570796	0.571433	-1.188419	123	3	108	952.509
2.617994	2.587733	0.232235	107	2	115	951.686
2.617994	2.664082	-1.071402	33	106	25	951.579
1.308997	2.164094	-2.991358	133	130	39	951.328
-1.047198	0.929350	-2.910676	27	26	21	951.031
-0.523599	1.599406	1.426070	122	3	114	950.741
-2.617994	1.948085	-2.363031	127	139	38	950.727
-2.094395	2.719179	-1.780644	139	48	135	950.555
1.308997	2.349581	-2.702517	123	129	37	950.378
0.785398	0.290380	-0.796960	110	11	108	950.319
-1.570796	1.870545	-2.976234	31	131	39	950.265
2.356194	1.050534	3.042579	114	142	37	950.239
1.570796	1.194549	-0.801900	116	0	115	950.188
0.000000	2.588535	-2.976617	19	119	41	949.571
-2.879793	1.662363	0.915448	108	2	119	949.566
1.308997	1.242974	-2.977882	130	134	38	949.451
1.570796	1.391910	3.030322	130	136	38	949.409
2.356194	2.881233	-2.582574	133	132	36	949.366
-1.832596	0.297065	2.160177	130	0	116	949.354
2.356194	1.809167	1.213774	97	24	115	948.913
0.785398	1.948085	-2.363031	130	125	37	948.731
-1.570796	2.356369	3.005869	130	139	37	948.642
2.094395	2.587733	0.232235	108	2	115	948.362
-0.261799	0.929350	-2.910676	25	26	23	948.070
-1.047198	1.256302	0.062705	123	5	108	947.948
-2.617994	1.658653	-2.409879	130	133	39	947.609
0.785398	1.440580	2.260026	123	142	35	947.200
1.047198	1.045978	0.343692	121	7	108	946.936
-0.523599	0.419640	2.974122	134	136	36	946.927
1.570796	1.413347	-1.339188	112	143	119	946.824
-1.047198	1.606104	-0.451151	124	47	110	946.547
1.047198	2.760637	2.781135	33	8	33	946.539
-2.356194	1.756530	-2.105156	36	140	37	946.467
-2.617994	2.089241	-0.114193	120	14	103	946.417
-2.879793	0.080730	-2.622036	135	143	118	945.875
-2.617994	2.033014	2.977192	116	141	36	945.615
-1.832596	0.866955	-0.931351	136	44	114	945.465
-0.523599	0.709924	0.218797	117	7	105	945.461
-1.570796	1.218453	2.777284	131	125	37	945.431
2.094395	1.134796	2.434290	130	136	37	945.097
-1.832596	1.870545	-2.976234	129	137	38	945.054
-0.523599	1.555207	1.708892	124	0	117	944.909
1.308997	1.555207	1.708892	2	46	127	944.881
1.308997	1.732874	-0.951685	113	12	106	944.872
1.308997	1.194549	-0.801900	100	13	116	944.189
1.047198	2.180315	-1.357379	126	111	25	944.079
-1.832596	0.496451	0.593859	100	11	117	943.896
-2.356194	1.440580	2.260026	108	2	124	943.603
0.000000	0.290380	-0.796960	102	6	115	943.269
-0.523599	1.869911	2.701025	132	139	38	943.021
-2.094395	1.554776	0.100351	116	18	101	942.973
2.617994	1.699788	2.452890	110	135	35	942.738
1.832596	0.619654	-2.216909	103	4	121	942.668
-2.094395	2.979456	-1.009304	134	131	36	942.347
0.785398	1.569311	-3.003978	131	138	40	942.253
-0.261799	0.297065	2.160177	132	132	36	941.909
0.000000	2.456751	-1.503343	114	4	113	941.721
-1.047198	1.194549	-0.801900	128	137	26	941.516
0.261799	1.741644	-2.695914	122	143	122	941.400
-1.570796	0.850607	-1.335383	124	52	118	941.145
-2.617994	0.290380	-0.796960	132	48	110	941.115
1.832596	0.571433	-1.188419	116	3	115	940.130
0.523599	0.496451	0.593859	122	2	115	940.020
2.356194	2.456751	-1.503343	40	109	23	939.820
1.570796	2.063651	-2.044600	130	124	37	939.762
0.523599	1.977582	0.969896	128	51	117	939.754
2.879793	1.488617	1.159546	97	16	114	939.585
-3.141593	1.574060	2.783565	116	127	37	939.578
-1.047198	1.555207	1.708892	33	106	25	939.395
-1.832596	1.135834	-1.431087	133	50	121	939.344
-1.047198	1.699788	2.452890	136	138	37	939.133
-1.570796	2.724429	-0.348782	29	33	1	939.046
2.879793	1.310100	1.488307	116	128	30	938.898
-2.356194	1.948085	-2.363031	125	139	38	938.820
-0.261799	2.664082	-1.071402	104	11	117	938.782
-2.356194	2.979456	-1.009304	31	30	9	938.613
-1.047198	2.138223	1.678323	118	3	112	938.304
0.000000	2.343981	-1.040456	112	4	115	937.758
1.308997	1.417623	-0.202254	114	2	114	937.740
0.523599	1.433411	-1.035986	108	17	105	937.629
0.261799	1.242974	-2.977882	131	137	39	937.583
-1.832596	1.699788	2.452890	127	138	38	937.525
-2.617994	1.488617	1.159546	107	3	114	937.411
2.356194	1.812176	0.656819	104	17	108	937.384
-1.570796	1.504028	0.636812	112	5	113	936.973
2.879793	1.242974	-2.977882	126	119	35	936.953
-0.523599	1.195355	1.200319	117	0	120	936.938
0.523599	2.115563	0.685730	135	46	141	936.045
0.785398	1.699788	2.452890	125	135	37	935.855
1.570796	1.135834	-1.431087	106	4	115	935.311
0.523599	1.025536	1.576859	116	15	120	935.256
1.047198	1.555207	1.708892	7	44	127	935.096
-3.141593	2.089241	-0.114193	118	1	111	934.861
0.000000	2.115563	0.685730	135	46	111	934.555
-1.832596	1.391910	3.030322	129	128	39	934.287
-2.879793	1.413430	2.550734	102	9	131	933.920
0.785398	0.458961	-0.107937	116	13	106	933.853
-0.261799	2.164094	-2.991358	124	131	38	933.652
2.879793	0.640596	-2.797608	108	3	131	933.630
-2.617994	0.906588	1.252948	121	3	111	933.471
2.094395	0.910508	1.903534	131	1	33	933.350
1.308997	2.760637	2.781135	128	133	37	933.210
-0.785398	1.218453	2.777284	130	132	37	933.118
0.261799	1.809167	1.213774	136	48	120	932.996
2.617994	0.370812	-2.547742	109	4	119	932.733
0.785398	1.741644	-2.695914	116	137	35	932.660
-3.141593	0.591903	2.010408	104	5	118	932.623
-0.261799	2.579248	-2.364801	1	114	39	932.237
-3.141593	0.906588	1.252948	98	19	111	932.197
-0.523599	2.760637	2.781135	110	3	118	932.037
-2.356194	1.809167	1.213774	109	2	114	932.036
2.879793	1.756530	-2.105156	140	136	35	931.964
1.832596	1.374601	-2.456031	132	118	35	931.849
1.832596	1.617114	-1.572037	111	142	123	931.832
-1.047198	1.413347	-1.339188	117	22	108	931.809
-2.617994	1.809167	1.213774	109	6	110	931.768
2.617994	2.299159	2.264663	125	124	35	931.718
1.047198	0.960688	-0.577532	131	132	124	931.625
-2.356194	1.367556	0.358405	103	19	108	931.483
2.617994	2.379497	0.561089	101	6	123	931.451
2.879793	1.574060	2.783565	116	129	37	931.258
0.785398	1.824694	1.850876	32	27	11	931.219
1.570796	2.407836	1.410646	120	36	12	931.184
2.879793	2.455966	-0.641220	27	99	19	931.070
-0.523599	2.349581	-2.702517	116	130	38	930.821
0.261799	2.104282	-0.813972	106	6	114	930.649
0.000000	1.812176	0.656819	134	43	107	930.464
0.785398	0.960688	-0.577532	101	20	112	930.428
-2.356194	1.335669	0.897240	133	127	127	929.713
-0.261799	2.299159	2.264663	132	131	38	929.589
-0.785398	1.045978	0.343692	108	2	122	929.504
-0.261799	1.184361	0.625864	31	4	125	929.451
0.523599	1.195355	1.200319	50	4	11	929.313
0.000000	2.587733	0.232235	126	52	116	929.215
2.879793	1.662363	0.915448	109	14	107	929.002
-2.094395	0.864993	2.278281	106	1	124	928.082
-2.356194	1.555207	1.708892	103	2	123	927.690
1.832596	1.683268	0.374177	117	10	106	927.669
1.832596	1.433411	-1.035986	118	0	113	927.468
-2.879793	1.391910	3.030322	121	127	39	927.328
1.308997	1.413430	2.550734	130	140	37	926.929
2.094395	2.349581	-2.702517	122	130	36	926.905
-0.785398	1.875281	0.107086	116	5	111	926.886
0.000000	1.741644	-2.695914	130	127	38	926.667
-2.356194	0.619654	-2.216909	128	141	34	926.638
-3.141593	0.914445	2.687814	126	135	35	926.612
2.094395	2.247462	0.191623	99	10	119	926.612
2.617994	1.736875	3.023612	126	131	37	926.484
2.879793	2.247462	0.191623	116	6	105	926.440
-2.356194	2.001437	0.381215	115	8	108	926.417
0.000000	1.128190	-2.288622	108	19	115	926.307
2.356194	2.404280	-0.174044	111	2	114	926.288
0.000000	2.063651	-2.044600	126	125	35	925.983
-1.832596	1.195355	1.200319	109	2	113	925.661
0.785398	2.478122	2.609777	129	128	39	925.656
2.094395	1.510910	-0.740472	109	5	112	925.644
-1.570796	1.134796	2.434290	117	142	126	925.510
-2.356194	0.910508	1.903534	118	1	116	925.421
-2.356194	0.866955	-0.931351	124	143	31	925.378
-2.879793	1.836682	-0.676006	48	120	7	925.294
-1.832596	1.658653	-2.409879	127	137	39	924.990
0.523599	2.396274	-1.959260	128	120	33	924.897
0.000000	1.135813	-2.658866	23	19	30	924.555
0.523599	0.571433	-1.188419	108	4	115	924.299
1.832596	1.732874	-0.951685	106	6	112	924.023
0.523599	1.488617	1.159546	133	48	114	924.006
0.785398	2.153910	-1.714959	126	123	32	923.962
-2.879793	1.184361	0.625864	113	4	112	923.672
-1.047198	2.343981	-1.040456	138	136	34	923.615
0.261799	0.914445	2.687814	31	23	25	923.469
1.308997	1.909857	-0.381669	102	14	107	923.466
-1.047198	1.998705	2.370472	133	134	37	923.047
-0.785398	1.128190	-2.288622	123	53	131	922.986
-1.308997	1.721184	-0.153948	131	42	106	922.941
1.047198	2.396274	-1.959260	114	142	124	922.826
-3.141593	1.504028	0.636812	113	3	113	922.558
2.617994	1.504028	0.636812	116	16	103	922.512
2.617994	2.637879	2.121598	106	19	120	922.415
0.000000	1.948085	-2.363031	116	132	36	922.386
-1.570796	0.910508	1.903534	20	97	26	922.262
-0.785398	0.496451	0.593859	117	1	111	922.128
-0.523599	0.899350	-2.069907	139	44	128	922.078
0.000000	1.977582	0.969896	140	43	112	921.946
-2.879793	0.992645	-1.723759	135	140	35	921.927
-0.785398	1.696674	-1.253233	143	47	131	921.562
1.570796	0.992645	-1.723759	104	4	118	921.246
2.879793	1.909857	-0.381669	120	3	108	921.141
2.879793	2.592629	0.909713	108	3	114	921.108
-1.570796	1.184361	0.625864	114	6	107	921.065
-2.879793	1.545873	-1.877082	35	117	31	920.948
-0.523599	1.658653	-2.409879	132	134	38	920.718
1.047198	1.510910	-0.740472	104	9	108	920.528
-2.356194	1.195355	1.200319	111	3	112	920.506
1.308997	1.134497	-1.109631	99	12	117	920.405
0.523599	1.809167	1.213774	132	50	119	920.355
2.617994	0.929350	-2.910676	113	143	137	919.867
2.356194	1.134497	-1.109631	122	6	107	919.281
-0.785398	0.961715	0.014085	129	5	108	919.229
1.047198	1.504028	0.636812	111	14	108	919.143
2.879793	2.073035	2.027405	125	123	34	918.658
2.094395	1.134497	-1.109631	116	1	114	918.627
0.261799	2.863997	0.549740	127	53	123	918.512
-2.617994	2.180315	-1.357379	138	126	30	917.927
0.261799	0.290380	-0.796960	108	5	111	917.923
0.785398	1.658653	-2.409879	130	129	38	917.856
-2.617994	2.187132	-0.479875	49	122	9	917.822
2.356194	1.909857	-0.381669	114	1	117	917.783
1.308997	1.045978	0.343692	117	25	101	917.694
2.617994	2.089241	-0.114193	111	0	116	917.648
-2.617994	2.343981	-1.040456	117	2	132	917.540
0.523599	1.696674	-1.253233	111	2	117	917.536
-2.094395	1.658653	-2.409879	126	140	39	917.431
2.356194	1.135813	-2.658866	123	134	40	917.279
-2.356194	0.458961	-0.107937	113	6	112	917.126
-1.570796	1.242974	-2.977882	129	128	40	916.970
0.523599	2.299159	2.264663	131	134	38	916.730
-1.832596	1.014500	0.906702	106	6	109	916.605
-0.261799	2.478122	2.609777	131	133	37	916.343
0.261799	0.458961	-0.107937	32	105	0	915.801
-2.617994	1.367556	0.358405	17	127	125	915.171
-2.094395	1.766067	2.153843	123	135	37	915.121
-0.261799	1.025536	1.576859	117	1	128	915.022
-3.141593	0.615174	-0.666022	137	41	109	914.814
-2.356194	0.290380	-0.796960	127	49	110	914.791
0.785398	1.310100	1.488307	141	46	129	914.607
1.308997	0.914445	2.687814	141	0	40	914.416
-2.094395	1.699788	2.452890	127	139	38	914.359
2.356194	2.295480	1.008277	103	13	111	914.126
1.308997	1.982574	-1.115518	102	3	119	913.908
0.523599	2.041297	-2.664597	127	2	115	913.890
-1.047198	2.984978	1.954446	34	110	27	913.872
-2.617994	1.014500	0.906702	128	5	107	913.872
1.832596	2.579248	-2.364801	28	133	41	913.746
-2.356194	2.299159	2.264663	127	133	36	913.593
1.570796	0.618092	2.539118	133	138	35	913.305
-2.356194	2.356369	3.005869	137	120	39	913.186
0.261799	0.850607	-1.335383	120	130	31	913.069
-0.523599	0.864993	2.278281	134	128	34	912.951
-2.094395	1.809167	1.213774	107	1	118	912.880
2.879793	1.699788	2.452890	130	129	37	912.872
-2.879793	1.617114	-1.572037	135	135	34	912.838
1.570796	0.080730	-2.622036	97	8	120	912.552
-2.617994	2.115563	0.685730	106	6	113	912.463
0.785398	1.168678	2.108595	11	47	141	912.250
-1.570796	2.588535	-2.976617	127	138	37	912.187
-3.141593	2.073035	2.027405	127	119	34	912.083
2.356194	1.113094	-0.272241	123	12	103	912.018
0.000000	1.025536	1.576859	122	3	124	911.807
2.617994	1.683268	0.374177	115	12	104	911.792
1.308997	1.977582	0.969896	118	18	108	911.441
1.570796	1.440580	2.260026	123	135	36	911.313
1.308997	1.510910	-0.740472	121	127	24	911.001
-0.523599	1.135813	-2.658866	24	24	26	910.531
0.523599	2.153910	-1.714959	109	3	118	910.530
0.261799	1.606104	-0.451151	107	7	110	910.313
-2.356194	1.310100	1.488307	111	0	118	910.208
0.000000	1.574060	2.783565	32	15	30	910.102
0.000000	0.640596	-2.797608	141	45	130	909.945
1.832596	0.458961	-0.107937	116	12	106	909.925
-0.261799	0.615174	-0.666022	108	7	113	909.819
1.570796	1.875281	0.107086	112	6	110	909.780
0.523599	1.310100	1.488307	115	17	119	909.778
-1.832596	1.448123	-2.163292	132	49	134	909.746
0.261799	1.766067	2.153843	33	28	5	909.680
-2.094395	2.033014	2.977192	104	8	129	909.571
1.047198	1.413347	-1.339188	118	0	116	909.430
-1.308997	1.413347	-1.339188	35	20	13	909.426
0.523599	2.379497	0.561089	124	137	36	909.160
-1.047198	0.864993	2.278281	46	115	7	908.838
1.308997	1.948085	-2.363031	128	130	38	908.761
2.356194	1.998705	2.370472	118	20	34	908.673
1.308997	1.569311	-3.003978	127	142	40	908.599
1.832596	2.089241	-0.114193	101	9	116	908.591
2.879793	2.041297	-2.664597	127	137	39	908.531
1.570796	1.732874	-0.951685	109	2	113	908.496
-2.094395	2.881233	-2.582574	139	136	38	908.190
1.570796	2.073035	2.027405	26	25	25	908.188
-0.261799	2.349581	-2.702517	122	122	36	908.111
-0.261799	2.396274	-1.959260	125	133	34	908.055
0.261799	0.370812	-2.547742	124	135	35	907.978
2.617994	1.948085	-2.363031	135	138	38	907.753
0.261799	1.982574	-1.115518	106	4	119	907.737
-1.308997	2.349581	-2.702517	127	139	37	907.614
1.832596	1.721184	-0.153948	119	2	113	907.592
-1.570796	0.418037	1.360082	110	1	116	907.567
1.047198	1.617114	-1.572037	108	2	121	907.513
-2.879793	2.478122	2.609777	109	2	29	906.983
-0.785398	1.756530	-2.105156	126	139	35	906.968
-1.047198	0.831641	0.616218	118	4	106	906.966
-1.570796	2.587733	0.232235	117	9	109	906.910
0.261799	2.579248	-2.364801	111	2	116	906.705
1.832596	1.135813	-2.658866	124	133	40	906.672
-0.785398	1.809167	1.213774	122	3	112	905.831
-1.570796	2.704512	1.488683	110	5	114	905.526
-3.141593	1.824694	1.850876	97	10	133	905.455
-1.832596	2.760637	2.781135	117	119	25	905.384
0.523599	1.904882	-1.478089	110	3	118	905.363
-1.832596	2.174483	2.653697	130	134	38	905.309
0.261799	1.413430	2.550734	125	135	37	904.932
1.832596	1.875281	0.107086	115	3	116	904.786
0.785398	2.180315	-1.357379	112	4	113	904.565
2.356194	1.554776	0.100351	116	13	106	904.475
1.308997	0.496451	0.593859	116	18	105	904.293
2.356194	1.574060	2.783565	115	132	37	904.232
-2.879793	1.741644	-2.695914	131	143	39	904.224
-0.261799	1.766067	2.153843	33	122	36	903.997
-2.094395	0.618092	2.539118	124	132	37	903.901
2.879793	2.379497	0.561089	106	2	123	903.715
0.523599	2.478122	2.609777	128	126	39	903.557
1.308997	2.478122	2.609777	129	133	39	903.517
-0.523599	1.391910	3.030322	135	131	37	903.482
2.356194	1.504028	0.636812	112	17	106	903.414
-0.523599	0.866395	-2.492918	23	28	20	903.281
2.094395	2.251330	-2.330739	122	126	35	903.281
-1.570796	1.014500	0.906702	110	5	109	903.215
-2.879793	1.809167	1.213774	105	2	125	903.175
2.879793	1.506530	1.988858	134	138	35	903.007
-0.261799	1.504028	0.636812	136	35	104	902.715
-3.141593	1.948085	-2.363031	131	135	38	902.574
1.308997	1.247695	1.809890	137	47	139	902.570
0.785398	1.301460	-0.509251	99	22	114	902.532
-2.879793	0.615174	-0.666022	135	42	106	902.334
1.047198	1.606104	-0.451151	105	14	104	902.248
-2.094395	0.379747	-1.713059	134	141	34	902.208
-1.570796	1.545873	-1.877082	132	52	130	902.084
1.308997	0.619654	-2.216909	126	134	36	902.026
-2.879793	1.247695	1.809890	102	5	124	901.860
0.523599	2.984978	1.954446	128	134	38	901.732
-1.047198	2.456751	-1.503343	110	142	29	901.705
-1.570796	0.685216	-1.712745	8	46	130	901.703
-1.570796	1.135834	-1.431087	127	52	121	901.699
2.094395	2.881233	-2.582574	132	133	36	901.695
-1.832596	1.617114	-1.572037	2	45	126	901.686
2.617994	1.732874	-0.951685	112	0	121	901.604
0.261799	1.335669	0.897240	36	18	137	901.551
-2.094395	1.335669	0.897240	117	3	108	901.504
-2.879793	1.658653	-2.409879	130	130	38	901.293
-2.094395	1.977582	0.969896	110	2	116	900.925
-1.308997	1.545873	-1.877082	126	53	131	900.906
1.570796	2.478122	2.609777	129	137	39	900.862
-1.047198	0.419640	2.974122	113	11	134	900.529
-0.523599	2.588535	-2.976617	9	109	40	900.252
-3.141593	1.242974	-2.977882	126	135	39	900.191
-1.570796	2.984978	1.954446	107	6	113	900.146
-1.047198	2.664082	-1.071402	29	27	19	899.875
1.308997	1.374601	-2.456031	129	122	36	899.572
-2.094395	2.063651	-2.044600	29	2	39	899.393
-3.141593	1.836682	-0.676006	21	141	122	899.312
-2.356194	1.875281	0.107086	126	10	104	898.980
0.261799	1.374601	-2.456031	124	135	39	898.964
2.356194	2.379497	0.561089	109	6	111	898.700
0.785398	2.719179	-1.780644	114	4	111	898.547
-0.261799	1.812176	0.656819	138	40	107	898.438
-3.141593	1.310100	1.488307	118	126	30	898.235
0.785398	1.846342	-1.796954	125	119	32	897.999
-1.832596	0.379747	-1.713059	12	44	129	897.869
1.832596	2.393226	1.857173	130	138	37	897.579
-1.832596	2.115563	0.685730	122	4	108	897.348
0.785398	0.615174	-0.666022	109	16	104	896.982
-1.047198	0.370812	-2.547742	131	137	37	896.692
-0.785398	1.488617	1.159546	119	0	116	896.609
0.261799	1.194549	-0.801900	113	3	112	896.507
-0.523599	1.741644	-2.695914	129	129	39	896.499
-0.261799	1.909857	-0.381669	3	45	127	896.492
-1.832596	2.299159	2.264663	123	135	38	896.444
-1.047198	1.440580	2.260026	143	137	36	896.438
-0.523599	2.664082	-1.071402	106	140	25	896.234
0.000000	2.001437	0.381215	129	46	108	896.122
-1.570796	1.948085	-2.363031	119	133	38	895.993
-2.356194	2.478122	2.609777	126	137	38	895.929
-2.879793	2.379497	0.561089	29	103	7	895.707
0.785398	2.393226	1.857173	120	143	36	895.596
1.047198	2.138223	1.678323	28	31	8	895.594
0.785398	1.218453	2.777284	130	133	37	895.461
1.570796	1.904882	-1.478089	106	0	124	895.145
2.879793	2.187132	-0.479875	123	10	105	895.018
0.523599	0.866955	-0.931351	110	8	109	894.957
0.523599	1.450119	-2.739050	120	1	129	894.785
-1.570796	1.869911	2.701025	132	132	38	894.601
1.047198	1.134497	-1.109631	115	7	107	894.578
1.308997	2.637879	2.121598	30	29	14	894.511
-1.570796	0.379747	-1.713059	131	51	115	894.496
-1.047198	0.418037	1.360082	36	103	9	894.469
-0.261799	0.866395	-2.492918	116	53	128	894.454
2.094395	1.809167	1.213774	96	28	118	894.399
2.879793	2.299159	2.264663	126	136	39	894.239
-1.047198	0.733948	3.021411	111	9	131	894.236
2.617994	0.914445	2.687814	108	142	33	894.046
1.832596	1.812176	0.656819	97	27	113	894.013
-1.570796	2.180315	-1.357379	37	20	19	893.812
1.570796	0.906588	1.252948	139	47	131	893.445
1.832596	1.134796	2.434290	131	139	37	893.391
-1.570796	1.367556	0.358405	117	11	103	893.322
-2.094395	1.014500	0.906702	110	3	112	893.300
1.308997	1.310100	1.488307	138	47	133	893.145
-2.094395	1.247695	1.809890	127	126	33	893.141
-1.308997	1.982574	-1.115518	35	23	13	893.039
1.832596	1.696674	-1.253233	111	143	118	892.910
2.094395	2.478122	2.609777	134	136	38	892.882
-1.570796	0.914445	2.687814	120	143	130	892.869
1.047198	1.696674	-1.253233	109	9	110	892.839
-3.141593	2.760637	2.781135	132	131	37	892.679
2.094395	0.864993	2.278281	131	141	35	892.455
0.523599	1.662363	0.915448	114	2	30	892.018
-1.832596	1.504028	0.636812	117	5	107	891.971
-0.523599	0.370812	-2.547742	127	131	35	891.782
-0.261799	1.135813	-2.658866	131	45	137	891.773
2.617994	2.063651	-2.044600	135	136	37	891.550
1.308997	2.153910	-1.714959	103	2	131	891.481
-2.879793	1.440580	2.260026	101	9	126	891.202
-3.141593	1.168678	2.108595	98	15	121	891.173
-0.523599	1.699788	2.452890	20	125	44	891.066
0.785398	1.025536	1.576859	139	47	129	890.934
1.570796	2.104282	-0.813972	110	0	116	890.656
-2.094395	2.396274	-1.959260	134	49	132	890.617
2.356194	2.396274	-1.959260	22	125	41	890.498
0.523599	1.135834	-1.431087	97	11	120	890.477
0.523599	1.440580	2.260026	126	142	35	890.451
0.523599	2.104282	-0.813972	110	4	113	890.416
2.094395	1.732874	-0.951685	111	3	112	890.371
0.000000	1.168678	2.108595	138	129	33	890.224
-2.879793	1.869911	2.701025	128	114	30	890.169
2.094395	1.184361	0.625864	127	134	129	890.117
1.047198	0.571433	-1.188419	111	0	116	889.994
1.047198	1.488617	1.159546	120	15	115	889.985
-0.261799	0.961715	0.014085	118	14	101	889.866
-0.785398	1.113094	-0.272241	125	8	107	889.615
-0.785398	1.658653	-2.409879	132	137	37	889.594
0.261799	2.063651	-2.044600	125	122	35	889.439
-1.308997	1.736875	3.023612	107	5	128	889.322
-1.832596	2.153910	-1.714959	134	49	127	889.309
-3.141593	2.456751	-1.503343	113	2	130	889.296
-1.570796	2.863997	0.549740	117	7	112	889.083
2.617994	2.033014	2.977192	124	138	39	888.900
-1.570796	1.721184	-0.153948	125	4	112	888.713
0.785398	1.869911	2.701025	133	138	37	888.701
1.570796	1.574060	2.783565	130	132	37	888.611
0.523599	1.574060	2.783565	10	127	44	888.411
-2.356194	1.683268	0.374177	136	1	109	888.357
-1.308997	2.343981	-1.040456	132	49	134	888.191
-2.617994	1.218453	2.777284	107	4	133	888.080
-2.879793	2.153910	-1.714959	138	128	31	888.022
-2.617994	1.184361	0.625864	132	126	128	888.021
-0.785398	2.404280	-0.174044	32	25	10	887.742
2.356194	2.592629	0.909713	117	135	36	887.633
2.356194	2.393226	1.857173	107	19	117	887.599
1.832596	1.450119	-2.739050	107	6	118	887.569
-2.879793	2.393226	1.857173	103	8	134	887.479
2.094395	2.396274	-1.959260	20	125	41	887.401
0.261799	1.135813	-2.658866	107	18	118	887.016
-1.047198	2.041297	-2.664597	14	140	45	886.873
-2.094395	2.251330	-2.330739	18	1	43	886.867
-0.261799	2.979456	-1.009304	104	15	114	886.733
0.000000	1.374601	-2.456031	125	134	39	886.713
-1.832596	2.295480	1.008277	138	129	35	886.498
1.308997	0.571433	-1.188419	116	142	116	886.492
1.570796	2.343981	-1.040456	110	8	110	886.490
-1.308997	2.104282	-0.813972	134	48	128	886.332
-1.832596	1.168678	2.108595	109	0	120	885.964
-1.832596	0.850607	-1.335383	130	51	117	885.902
-1.308997	2.247462	0.191623	115	8	110	885.724
-0.785398	2.719179	-1.780644	103	11	117	885.659
1.308997	1.184361	0.625864	115	29	102	885.544
2.879793	1.504028	0.636812	123	5	110	884.994
2.356194	2.299159	2.264663	20	21	29	884.938
2.356194	0.496451	0.593859	0	29	107	884.858
-1.832596	2.407836	1.410646	137	132	35	884.815
-2.094395	2.637879	2.121598	126	136	37	884.779
0.523599	0.709924	0.218797	113	2	113	884.702
-1.308997	1.998705	2.370472	133	134	38	884.641
-0.523599	1.134796	2.434290	130	131	35	884.620
-1.308997	2.299159	2.264663	129	132	39	884.545
2.356194	2.187132	-0.479875	108	5	112	884.331
-3.141593	2.379497	0.561089	111	1	115	884.210
-2.094395	1.574060	2.783565	119	125	37	884.091
1.832596	0.992645	-1.723759	110	2	116	883.792
1.047198	1.699788	2.452890	124	135	37	883.649
-0.261799	0.619654	-2.216909	123	132	36	883.615
2.617994	0.864993	2.278281	96	25	120	883.592
-0.261799	1.569311	-3.003978	125	134	39	883.486
-2.356194	1.662363	0.915448	116	0	112	883.410
-2.094395	1.256302	0.062705	104	22	107	883.396
0.261799	2.704512	1.488683	29	25	15	883.078
-0.523599	1.504028	0.636812	137	33	104	882.976
-2.094395	1.128190	-2.288622	46	124	24	882.968
-1.308997	2.760637	2.781135	115	139	37	882.915
-0.785398	1.413430	2.550734	130	126	36	882.782
0.523599	2.343981	-1.040456	110	5	112	882.774
-0.261799	0.674054	1.013609	112	7	111	882.758
2.879793	1.134497	-1.109631	133	136	30	882.575
-2.356194	1.448123	-2.163292	35	121	33	882.428
-1.047198	2.104282	-0.813972	131	50	127	882.359
1.832596	1.909857	-0.381669	118	143	123	882.340
-1.308997	0.910508	1.903534	37	108	23	882.084
-2.617994	2.704512	1.488683	124	135	37	881.977
1.308997	0.960688	-0.577532	108	11	112	881.941
0.000000	0.866955	-0.931351	108	5	117	881.904
1.308997	1.135834	-1.431087	101	7	115	881.901
2.879793	1.869911	2.701025	116	136	37	881.770
1.047198	1.440580	2.260026	120	142	35	881.685
-2.094395	1.488617	1.159546	118	142	114	881.655
2.094395	2.379497	0.561089	113	135	35	881.551
1.308997	1.413347	-1.339188	123	142	116	881.057
-0.261799	1.113094	-0.272241	104	5	116	881.025
1.570796	1.335669	0.897240	118	16	107	881.015
2.617994	0.866395	-2.492918	108	5	136	880.978
-1.047198	1.325504	-1.671296	120	54	125	880.945
-1.570796	0.929350	-2.910676	107	13	131	880.942
-0.785398	1.555207	1.708892	37	109	24	880.916
-2.879793	2.407836	1.410646	106	3	126	880.713
-0.785398	1.662363	0.915448	114	1	117	880.575
-3.141593	1.982574	-1.115518	47	116	15	880.551
-0.261799	1.413430	2.550734	130	131	36	880.496
-0.785398	2.153910	-1.714959	110	139	32	880.315
-2.356194	1.413430	2.550734	108	2	130	880.308
1.047198	2.407836	1.410646	124	54	126	879.949
-0.785398	1.194549	-0.801900	103	8	118	879.948
0.785398	0.379747	-1.713059	99	8	117	879.750
-0.523599	0.618092	2.539118	133	134	36	879.664
-2.356194	1.569311	-3.003978	124	134	39	879.569
1.308997	2.041297	-2.664597	117	132	35	879.504
0.261799	1.574060	2.783565	121	132	37	879.481
-2.617994	1.242974	-2.977882	131	131	38	879.478
-1.308997	1.909857	-0.381669	131	47	110	879.465
-2.356194	1.025536	1.576859	114	8	109	879.414
-2.356194	2.138223	1.678323	131	130	35	879.232
-2.094395	1.134796	2.434290	107	1	127	878.969
-0.261799	1.195355	1.200319	122	1	120	878.945
0.523599	1.658653	-2.409879	119	1	124	878.923
-1.047198	1.812176	0.656819	112	1	118	878.894
-1.832596	2.041297	-2.664597	130	143	36	878.827
1.308997	2.104282	-0.813972	100	7	115	878.643
2.356194	0.640596	-2.797608	108	142	132	878.566
2.356194	2.587733	0.232235	102	6	132	878.487
-3.141593	1.696674	-1.253233	140	132	29	878.449
-2.356194	1.504028	0.636812	109	7	108	878.323
0.523599	1.756530	-2.105156	125	125	36	878.303
-2.356194	2.379497	0.561089	120	3	111	878.151
2.879793	0.370812	-2.547742	115	1	122	877.997
-2.356194	1.574060	2.783565	116	126	38	877.939
1.308997	0.899350	-2.069907	130	130	36	877.855
-2.879793	1.904882	-1.478089	136	139	32	877.821
-0.523599	2.299159	2.264663	24	112	39	877.528
1.308997	1.869911	2.701025	125	130	38	877.523
-1.832596	1.113094	-0.272241	111	30	101	877.450
-1.308997	2.379497	0.561089	114	6	112	877.380
1.570796	1.310100	1.488307	119	134	27	877.337
1.047198	1.872854	1.543456	124	54	126	877.225
0.785398	1.998705	2.370472	40	14	29	877.217
-1.832596	2.587733	0.232235	114	9	110	877.175
-1.047198	1.721184	-0.153948	128	44	106	877.026
0.261799	0.700570	1.559208	126	5	126	876.973
2.879793	1.948085	-2.363031	134	134	37	876.875
1.832596	2.001437	0.381215	98	19	114	876.577
1.832596	0.961715	0.014085	120	18	102	876.221
-2.094395	2.379497	0.561089	123	1	115	876.209
1.570796	1.506530	1.988858	125	140	35	876.206
2.356194	1.736875	3.023612	121	131	39	876.198
1.308997	0.419640	2.974122	129	135	37	875.948
-2.356194	1.135813	-2.658866	133	130	39	875.893
-2.617994	1.335669	0.897240	108	7	107	875.775
-3.141593	0.910508	1.903534	99	8	120	875.754
0.000000	2.379497	0.561089	132	50	115	875.732
0.000000	1.184361	0.625864	13	27	109	875.683
-2.879793	1.875281	0.107086	122	2	110	875.564
-1.047198	1.809167	1.213774	112	5	112	875.552
-2.094395	1.045978	0.343692	108	15	103	875.505
-2.879793	2.396274	-1.959260	130	128	36	875.169
2.879793	1.184361	0.625864	131	17	104	875.120
-0.785398	1.741644	-2.695914	120	133	40	875.095
-3.141593	2.180315	-1.357379	112	2	126	875.057
2.094395	1.242974	-2.977882	126	135	38	875.017
1.832596	1.824694	1.850876	124	138	37	874.957
-3.141593	0.700570	1.559208	97	14	114	874.916
2.617994	2.164094	-2.991358	136	130	36	874.783
2.879793	2.396274	-1.959260	133	123	34	874.733
0.261799	2.251330	-2.330739	112	1	121	874.702
2.094395	2.356369	3.005869	131	133	37	874.612
-3.141593	1.391910	3.030322	120	128	39	874.601
1.047198	1.242974	-2.977882	132	138	40	874.524
2.094395	1.736875	3.023612	138	136	39	874.508
1.570796	1.301460	-0.509251	108	8	115	874.470
-2.094395	0.640596	-2.797608	126	134	38	874.448
2.617994	1.488617	1.159546	112	134	28	874.443
-2.094395	1.113094	-0.272241	135	33	104	874.370
-2.094395	1.617114	-1.572037	29	32	12	874.203
2.617994	2.592629	0.909713	104	6	114	874.030
2.617994	1.367556	0.358405	133	15	102	873.813
-2.879793	0.929350	-2.910676	129	128	39	873.737
-0.785398	0.914445	2.687814	129	132	37	873.691
-1.570796	1.766067	2.153843	133	130	37	873.596
-2.094395	0.418037	1.360082	119	140	119	873.092
0.785398	1.413347	-1.339188	103	6	119	872.939
-1.308997	2.984978	1.954446	29	107	27	872.904
-2.617994	1.869911	2.701025	112	132	36	872.862
-2.094395	0.906588	1.252948	112	3	111	872.822
-0.523599	1.875281	0.107086	8	39	119	872.774
-1.832596	1.247695	1.809890	130	124	34	872.722
-1.832596	0.700570	1.559208	112	3	113	872.544
-0.785398	1.247695	1.809890	139	136	33	872.489
0.000000	2.174483	2.653697	126	135	39	872.213
-1.308997	1.696674	-1.253233	132	47	131	872.199
1.047198	1.433411	-1.035986	103	6	113	872.063
1.832596	2.379497	0.561089	113	139	34	872.055
0.000000	1.413430	2.550734	126	134	37	871.933
0.523599	0.290380	-0.796960	111	0	116	871.831
2.094395	1.875281	0.107086	105	11	109	871.438
-2.879793	2.704512	1.488683	125	133	38	871.354
1.047198	1.545873	-1.877082	103	4	131	871.240
-1.570796	1.982574	-1.115518	35	18	20	871.188
1.570796	1.135813	-2.658866	126	134	40	871.084
-1.570796	1.050534	3.042579	118	3	132	871.056
-0.785398	1.870545	-2.976234	127	126	37	871.008
1.047198	2.588535	-2.976617	128	127	38	870.995
1.308997	2.187132	-0.479875	98	13	112	870.989
-0.785398	2.063651	-2.044600	114	135	36	870.923
-2.356194	1.256302	0.062705	133	122	24	870.561
-2.356194	2.637879	2.121598	125	136	37	870.487
-2.617994	2.588535	-2.976617	127	31	31	870.468
0.000000	1.506530	1.988858	137	125	29	870.441
-2.356194	1.391910	3.030322	123	127	39	870.401
-2.356194	2.881233	-2.582574	131	134	37	870.374
2.094395	0.992645	-1.723759	115	2	113	870.356
0.261799	2.001437	0.381215	136	45	138	870.285
-3.141593	2.356369	3.005869	111	24	115	870.223
1.308997	2.108018	1.311430	128	139	34	870.123
0.523599	0.914445	2.687814	115	1	32	870.110
1.308997	2.174483	2.653697	39	141	36	869.860
1.570796	2.138223	1.678323	120	51	137	869.721
-0.523599	1.168678	2.108595	135	125	33	869.444
-1.832596	0.709924	0.218797	104	18	105	869.360
2.879793	2.343981	-1.040456	38	108	1	869.285
1.832596	2.724429	-0.348782	96	18	118	869.175
-1.047198	1.128190	-2.288622	27	27	17	868.969
-2.356194	0.618092	2.539118	120	3	115	868.894
2.879793	1.195355	1.200319	97	19	112	868.891
-2.617994	2.153910	-1.714959	136	127	32	868.836
-1.570796	1.904882	-1.478089	136	48	136	868.551
-3.141593	1.617114	-1.572037	136	132	34	868.542
-0.523599	1.413430	2.550734	127	131	36	868.481
0.261799	1.699788	2.452890	25	127	42	868.440
-3.141593	1.128190	-2.288622	126	137	38	868.388
0.523599	0.640596	-2.797608	102	15	117	868.177
2.879793	1.413430	2.550734	131	123	37	868.104
0.523599	1.413430	2.550734	122	139	37	867.979
2.356194	1.662363	0.915448	97	22	113	867.875
0.523599	1.391910	3.030322	120	46	142	867.779
-0.261799	1.413347	-1.339188	120	134	29	867.655
-2.879793	0.899350	-2.069907	132	135	35	867.637
-1.308997	2.979456	-1.009304	32	25	21	867.625
1.308997	2.664082	-1.071402	131	104	23	867.568
-1.308997	1.846342	-1.796954	25	15	32	867.317
2.879793	2.174483	2.653697	21	19	30	867.234
1.308997	2.343981	-1.040456	96	15	117	866.874
1.308997	1.134796	2.434290	128	141	35	866.869
1.570796	1.809167	1.213774	125	50	124	866.699
0.000000	2.187132	-0.479875	129	45	5	866.546
-2.879793	1.506530	1.988858	132	129	36	866.427
-1.832596	1.135813	-2.658866	140	41	140	866.350
1.047198	1.721184	-0.153948	102	20	107	866.287
1.047198	0.709924	0.218797	123	3	113	866.241
2.356194	2.115563	0.685730	109	10	108	866.218
2.617994	1.599406	1.426070	115	133	31	866.182
-0.261799	2.041297	-2.664597	125	128	37	866.009
-0.261799	1.736875	3.023612	129	127	39	865.831
1.832596	1.574060	2.783565	3	139	46	865.811
0.261799	1.812176	0.656819	131	45	107	865.736
-1.570796	1.391910	3.030322	130	129	40	865.648
0.261799	1.683268	0.374177	118	3	114	865.642
2.879793	1.134796	2.434290	97	17	126	865.623
-2.879793	1.977582	0.969896	102	8	111	865.617
-1.832596	1.413430	2.550734	121	1	122	865.571
2.617994	2.455966	-0.641220	120	5	110	865.402
1.308997	1.214854	-1.966664	104	2	130	865.307
-1.308997	0.929350	-2.910676	108	10	131	865.276
-0.785398	0.762244	-0.273349	108	9	112	865.272
-3.141593	2.393226	1.857173	99	12	118	865.074
-2.879793	0.640596	-2.797608	132	123	37	864.985
-0.523599	1.909857	-0.381669	118	39	101	864.857
-0.523599	2.187132	-0.479875	119	44	104	864.819
1.308997	2.579248	-2.364801	124	122	35	864.616
0.523599	2.863997	0.549740	121	54	123	864.557
-0.523599	2.001437	0.381215	135	46	117	864.498
0.261799	1.433411	-1.035986	118	127	26	864.490
-1.308997	2.407836	1.410646	118	1	114	864.190
-2.356194	1.812176	0.656819	109	8	110	864.095
-2.879793	0.297065	2.160177	106	1	119	864.079
1.308997	1.699788	2.452890	123	135	37	863.987
0.523599	1.194549	-0.801900	113	15	103	863.827
-1.832596	1.450119	-2.739050	31	13	34	863.739
1.308997	1.335669	0.897240	117	16	107	863.734
-2.094395	0.831641	0.616218	106	10	108	863.229
2.356194	1.433411	-1.035986	118	4	109	863.200
-1.570796	2.637879	2.121598	30	106	22	863.102
-3.141593	1.554776	0.100351	119	10	103	863.022
0.000000	2.299159	2.264663	131	129	38	862.899
0.785398	1.413430	2.550734	122	137	37	862.896
-2.094395	1.736875	3.023612	105	7	131	862.891
2.617994	1.809167	1.213774	98	19	114	862.838
-2.617994	2.404280	-0.174044	124	10	106	862.814
2.879793	2.664082	-1.071402	38	106	4	862.707
-1.308997	2.637879	2.121598	106	5	118	862.540
2.094395	1.218453	2.777284	119	142	38	862.125
2.879793	1.683268	0.374177	110	8	109	862.125
0.785398	1.812176	0.656819	115	143	32	862.111
2.094395	2.760637	2.781135	137	138	36	861.913
-2.879793	2.180315	-1.357379	116	1	127	861.912
-1.047198	1.948085	-2.363031	119	132	38	861.898
-2.617994	0.571433	-1.188419	124	140	35	861.789
-1.308997	1.025536	1.576859	3	1	114	861.737
-0.785398	2.863997	0.549740	30	33	4	861.633
1.308997	1.683268	0.374177	112	11	107	861.628
2.617994	2.153910	-1.714959	136	133	34	861.439
-1.570796	2.343981	-1.040456	31	22	19	861.312
-1.308997	0.370812	-2.547742	133	138	36	860.867
-0.785398	2.724429	-0.348782	28	21	26	860.844
-1.047198	1.391910	3.030322	122	135	37	860.789
-1.570796	0.419640	2.974122	127	138	37	860.756
2.094395	2.407836	1.410646	108	6	17	860.510
1.832596	1.982574	-1.115518	121	1	112	860.375
2.094395	1.872854	1.543456	95	31	123	860.310
1.832596	1.413430	2.550734	132	140	37	860.310
-0.261799	0.571433	-1.188419	93	23	116	860.264
-1.570796	0.992645	-1.723759	130	52	125	859.928
0.261799	1.301460	-0.509251	107	3	115	859.786
-2.094395	1.391910	3.030322	125	128	38	859.752
0.785398	2.407836	1.410646	130	52	126	859.686
0.523599	1.766067	2.153843	130	139	36	858.974
-0.523599	2.984978	1.954446	23	107	36	858.958
0.000000	1.194549	-0.801900	101	6	118	858.938
-2.617994	0.458961	-0.107937	105	13	112	858.729
1.047198	2.251330	-2.330739	119	126	34	858.703
-0.785398	2.760637	2.781135	105	4	119	858.648
-0.261799	2.001437	0.381215	133	44	107	858.614
-3.141593	2.153910	-1.714959	136	125	31	858.606
-3.141593	1.699788	2.452890	131	129	38	858.561
-0.785398	2.174483	2.653697	128	133	38	858.548
-2.356194	2.592629	0.909713	107	3	126	858.248
1.047198	1.218453	2.777284	129	135	37	858.040
-1.832596	1.374601	-2.456031	138	44	139	857.938
-2.879793	2.863997	0.549740	122	109	22	857.731
1.832596	2.247462	0.191623	97	15	118	857.578
0.523599	1.335669	0.897240	113	5	24	857.328
-1.047198	2.592629	0.909713	132	138	37	857.127
1.832596	2.407836	1.410646	108	18	116	857.093
-0.785398	1.554776	0.100351	113	3	115	856.945
1.308997	2.704512	1.488683	135	48	128	856.850
-1.047198	0.961715	0.014085	103	9	112	856.692
-0.523599	2.115563	0.685730	138	43	119	856.666
2.356194	1.870545	-2.976234	131	124	35	856.574
-0.523599	2.881233	-2.582574	111	143	33	856.483
1.832596	2.356369	3.005869	130	132	38	856.472
-2.879793	1.128190	-2.288622	125	138	38	856.457
1.308997	1.736875	3.023612	123	138	40	856.457
1.832596	0.733948	3.021411	138	41	140	856.414
-2.617994	2.379497	0.561089	116	2	111	856.117
-1.047198	2.033014	2.977192	129	127	38	855.959
-0.261799	2.407836	1.410646	33	22	14	855.797
2.879793	0.906588	1.252948	105	16	5	855.793
2.617994	1.310100	1.488307	114	129	30	855.787
-1.308997	2.033014	2.977192	132	129	36	855.563
2.617994	1.510910	-0.740472	124	129	25	855.527
-1.047198	2.180315	-1.357379	110	5	27	855.518
2.094395	0.961715	0.014085	136	13	105	855.506
-2.879793	1.982574	-1.115518	50	127	17	855.475
0.000000	1.606104	-0.451151	111	4	114	855.397
2.356194	1.699788	2.452890	112	138	35	855.350
-2.356194	0.615174	-0.666022	111	11	110	855.340
0.785398	1.872854	1.543456	130	53	125	855.217
-1.570796	2.396274	-1.959260	114	140	33	855.131
-2.356194	1.218453	2.777284	130	131	38	855.048
0.261799	1.488617	1.159546	138	46	114	855.045
0.000000	2.396274	-1.959260	103	7	117	854.877
-1.308997	0.906588	1.252948	30	101	9	854.617
0.785398	2.664082	-1.071402	117	4	111	854.588
0.785398	1.599406	1.426070	140	46	135	854.539
0.261799	1.736875	3.023612	129	130	40	854.522
-2.879793	1.134497	-1.109631	128	141	30	854.411
2.879793	2.138223	1.678323	99	16	113	854.351
1.308997	0.733948	3.021411	105	12	112	854.116
-3.141593	1.413430	2.550734	111	124	35	854.062
-0.523599	1.256302	0.062705	110	3	116	854.056
0.523599	1.510910	-0.740472	123	129	23	854.003
-1.832596	1.977582	0.969896	116	1	115	853.592
-3.141593	2.724429	-0.348782	33	105	22	853.547
0.785398	1.756530	-2.105156	100	8	137	853.530
-1.570796	2.393226	1.857173	33	106	26	853.527
1.832596	1.869911	2.701025	14	143	45	853.280
0.785398	1.135834	-1.431087	103	4	121	853.087
2.879793	1.247695	1.809890	96	24	116	853.047
-2.094395	1.875281	0.107086	121	14	102	853.045
-0.523599	1.756530	-2.105156	126	137	35	852.799
-1.308997	1.504028	0.636812	114	4	111	852.573
0.261799	0.864993	2.278281	0	46	128	852.461
-1.047198	2.724429	-0.348782	31	18	25	852.430
1.570796	2.592629	0.909713	109	14	116	852.359
2.094395	1.045978	0.343692	132	20	101	852.339
2.094395	2.704512	1.488683	108	16	117	852.257
-2.879793	1.846342	-1.796954	138	124	29	851.827
-0.261799	1.301460	-0.509251	114	2	116	851.562
0.000000	2.138223	1.678323	50	124	17	851.470
0.261799	0.762244	-0.273349	110	11	103	851.435
-2.617994	0.419640	2.974122	118	2	118	851.418
2.879793	0.929350	-2.910676	27	105	30	851.330
-1.308997	1.195355	1.200319	31	102	8	851.164
-1.832596	2.704512	1.488683	132	134	38	850.853
1.047198	1.870545	-2.976234	132	139	40	850.722
-0.785398	1.168678	2.108595	114	2	126	850.505
-1.570796	1.699788	2.452890	130	139	39	850.027
1.047198	2.579248	-2.364801	126	117	34	849.490
-2.356194	2.863997	0.549740	114	7	110	849.404
2.879793	1.367556	0.358405	140	12	105	849.134
-1.047198	1.662363	0.915448	120	1	113	849.099
-1.047198	1.872854	1.543456	114	3	115	849.090
0.523599	0.591903	2.010408	137	48	135	849.078
1.570796	1.909857	-0.381669	109	6	109	849.071
-1.570796	1.836682	-0.676006	128	12	108	848.990
0.261799	1.824694	1.850876	136	140	35	848.935
2.879793	1.741644	-2.695914	132	139	41	848.819
-0.785398	2.478122	2.609777	32	115	32	848.795
-0.785398	1.301460	-0.509251	106	6	116	848.794
-1.047198	2.478122	2.609777	33	110	26	848.758
-1.308997	1.872854	1.543456	108	1	122	848.684
-1.832596	1.904882	-1.478089	2	46	126	848.545
-1.308997	1.977582	0.969896	120	0	113	848.409
0.785398	2.396274	-1.959260	118	2	114	848.232
-2.094395	0.866955	-0.931351	31	24	138	848.156
-0.261799	2.881233	-2.582574	118	116	30	848.058
0.261799	0.615174	-0.666022	114	5	109	848.008
-1.308997	2.393226	1.857173	114	3	113	847.955
0.785398	2.356369	3.005869	127	132	39	847.924
-2.617994	1.982574	-1.115518	36	15	132	847.692
0.785398	1.325504	-1.671296	102	5	125	847.550
-2.617994	0.496451	0.593859	112	7	109	847.448
0.261799	2.115563	0.685730	130	49	111	847.310
-1.308997	1.741644	-2.695914	121	133	41	847.285
-2.356194	1.014500	0.906702	131	4	107	847.136
1.308997	1.135813	-2.658866	116	22	20	847.125
-0.523599	1.367556	0.358405	132	33	101	847.113
-2.879793	2.295480	1.008277	108	1	117	846.736
-0.261799	1.872854	1.543456	51	121	13	846.731
0.261799	0.733948	3.021411	141	46	133	846.680
2.879793	1.904882	-1.478089	138	131	33	846.658
1.308997	1.904882	-1.478089	105	1	126	846.567
2.094395	1.699788	2.452890	124	133	38	846.425
1.832596	1.977582	0.969896	95	31	118	846.401
-0.523599	0.850607	-1.335383	132	43	132	846.160
0.523599	0.866395	-2.492918	102	12	119	846.096
-1.832596	2.349581	-2.702517	106	13	127	846.073
-2.879793	0.370812	-2.547742	117	143	133	846.068
-1.570796	0.370812	-2.547742	134	138	35	845.983
-1.832596	0.864993	2.278281	111	143	124	845.880
-1.047198	1.433411	-1.035986	116	130	26	845.767
0.785398	2.138223	1.678323	31	28	8	845.672
-1.308997	2.664082	-1.071402	33	26	18	845.438
-2.617994	2.407836	1.410646	105	0	128	845.395
1.570796	2.664082	-1.071402	103	7	120	845.346
0.785398	2.299159	2.264663	131	131	39	845.322
1.047198	2.664082	-1.071402	95	19	120	845.255
0.000000	0.496451	0.593859	108	5	114	845.204
-1.047198	1.904882	-1.478089	1	46	127	845.023
-1.832596	2.393226	1.857173	115	140	118	844.797
-1.832596	1.948085	-2.363031	20	130	42	844.655
-3.141593	1.846342	-1.796954	138	123	29	844.623
1.308997	1.696674	-1.253233	109	142	122	844.598
1.308997	1.545873	-1.877082	106	1	130	844.479
-1.832596	0.370812	-2.547742	127	139	36	844.170
-3.141593	0.992645	-1.723759	133	137	35	844.033
-1.570796	1.658653	-2.409879	126	134	38	844.019
0.785398	2.881233	-2.582574	118	109	22	843.996
-2.094395	1.218453	2.777284	125	121	36	843.849
-0.785398	1.824694	1.850876	119	0	117	843.753
-1.832596	2.984978	1.954446	121	112	25	843.746
2.356194	0.960688	-0.577532	135	136	30	843.722
0.261799	1.310100	1.488307	137	39	110	843.418
-3.141593	1.440580	2.260026	99	13	126	843.403
-1.570796	1.325504	-1.671296	129	2	33	843.388
2.879793	2.637879	2.121598	108	16	118	843.335
-1.570796	0.618092	2.539118	120	142	127	843.324
-1.308997	1.617114	-1.572037	130	48	136	843.172
-0.523599	1.812176	0.656819	134	135	30	843.079
-1.832596	1.134497	-1.109631	130	50	114	842.977
-0.261799	1.599406	1.426070	138	139	32	842.891
-1.570796	2.299159	2.264663	128	131	39	842.855
-2.094395	2.115563	0.685730	116	4	112	842.448
-1.047198	0.619654	-2.216909	128	53	124	842.416
-3.141593	1.025536	1.576859	97	12	117	842.361
-0.261799	1.869911	2.701025	122	141	39	842.344
-0.523599	1.870545	-2.976234	130	13	39	842.339
1.047198	1.977582	0.969896	116	18	109	842.328
2.094395	1.998705	2.370472	23	11	37	842.318
0.261799	1.569311	-3.003978	134	130	40	842.263
-1.308997	0.700570	1.559208	36	102	11	842.223
-1.570796	2.719179	-1.780644	27	21	28	842.195
-1.570796	1.662363	0.915448	114	1	117	842.058
-2.094395	0.850607	-1.335383	13	42	123	842.054
-0.261799	2.073035	2.027405	25	30	23	841.930
-2.356194	1.904882	-1.478089	49	13	17	841.924
-2.356194	2.579248	-2.364801	27	23	28	841.820
-0.261799	2.251330	-2.330739	112	134	36	841.788
-2.879793	2.073035	2.027405	104	8	134	841.505
-1.832596	1.741644	-2.695914	28	15	35	841.341
0.523599	1.699788	2.452890	126	136	38	841.334
0.000000	1.998705	2.370472	48	4	23	841.322
2.879793	0.864993	2.278281	97	21	119	841.301
-0.785398	2.637879	2.121598	20	105	37	841.262
0.261799	2.637879	2.121598	141	38	137	841.178
2.094395	1.617114	-1.572037	134	130	32	841.134
1.047198	1.134796	2.434290	114	142	33	840.942
0.785398	2.863997	0.549740	5	47	141	840.805
0.000000	1.699788	2.452890	132	139	38	840.741
-0.523599	2.041297	-2.664597	126	125	38	840.682
-0.261799	2.719179	-1.780644	112	7	111	840.598
-0.261799	1.367556	0.358405	11	30	110	840.563
-0.261799	0.866955	-0.931351	100	10	117	840.424
0.261799	2.760637	2.781135	128	130	38	840.401
-2.356194	0.674054	1.013609	103	8	112	840.322
2.094395	1.050534	3.042579	122	141	38	840.231
-1.047198	2.073035	2.027405	115	0	117	840.177
-2.094395	1.168678	2.108595	111	1	120	840.171
1.570796	2.001437	0.381215	98	23	114	840.159
-1.570796	2.153910	-1.714959	25	12	35	840.134
1.308997	1.025536	1.576859	133	45	138	840.070
2.094395	1.836682	-0.676006	107	2	124	840.056
1.832596	2.455966	-0.641220	109	0	119	840.056
-2.356194	2.760637	2.781135	130	136	37	839.954
-2.617994	1.872854	1.543456	105	4	116	839.889
-3.141593	0.762244	-0.273349	131	42	104	839.833
2.356194	0.297065	2.160177	114	7	111	839.822
-1.832596	1.554776	0.100351	118	20	100	839.761
2.094395	1.741644	-2.695914	115	0	122	839.699
2.879793	2.478122	2.609777	113	22	113	839.695
-2.617994	0.379747	-1.713059	133	140	34	839.543
-1.832596	1.869911	2.701025	132	129	38	839.345
1.570796	2.724429	-0.348782	94	23	118	839.321
0.261799	1.135834	-1.431087	94	17	119	839.269
0.261799	2.343981	-1.040456	121	3	110	839.223
-3.141593	1.904882	-1.478089	123	1	118	839.181
-1.832596	2.455966	-0.641220	116	17	108	839.096
-2.094395	2.108018	1.311430	135	100	11	838.918
1.832596	1.599406	1.426070	117	0	33	838.871
-0.261799	2.295480	1.008277	140	44	125	838.779
1.570796	0.914445	2.687814	120	143	37	838.754
0.261799	2.033014	2.977192	125	137	39	838.300
-0.261799	1.741644	-2.695914	126	17	37	838.170
-3.141593	2.455966	-0.641220	45	112	14	838.111
-2.879793	1.998705	2.370472	106	140	31	837.974
0.000000	2.478122	2.609777	129	130	37	837.878
0.785398	2.108018	1.311430	127	53	124	837.855
0.523599	1.242974	-2.977882	129	140	40	837.835
2.617994	2.456751	-1.503343	29	106	30	837.825
1.570796	2.456751	-1.503343	118	143	118	837.756
-2.879793	1.756530	-2.105156	136	134	36	837.734
2.356194	0.914445	2.687814	129	135	37	837.632
-1.047198	2.979456	-1.009304	30	24	24	837.539
-2.617994	1.325504	-1.671296	135	134	35	837.521
-1.308997	1.050534	3.042579	107	10	128	837.347
2.879793	1.599406	1.426070	103	16	111	837.238
-2.356194	2.349581	-2.702517	131	28	36	837.195
2.094395	2.063651	-2.044600	132	130	37	837.120
0.523599	0.615174	-0.666022	118	4	108	837.027
1.047198	2.379497	0.561089	119	36	8	836.648
-1.570796	1.554776	0.100351	123	0	116	836.535
0.523599	1.325504	-1.671296	95	13	125	836.508
2.617994	1.662363	0.915448	95	17	116	836.501
1.047198	1.948085	-2.363031	131	128	36	836.485
-1.832596	1.325504	-1.671296	127	142	35	836.471
-1.832596	0.571433	-1.188419	3	45	123	836.250
-2.879793	0.733948	3.021411	114	142	134	836.230
-2.094395	1.741644	-2.695914	30	14	34	836.011
-2.094395	2.588535	-2.976617	135	133	39	836.009
1.308997	1.574060	2.783565	131	135	37	835.948
-0.261799	0.080730	-2.622036	128	134	35	835.828
-1.832596	1.998705	2.370472	122	139	39	835.786
2.094395	0.914445	2.687814	111	4	113	835.674
1.308997	0.674054	1.013609	134	48	123	835.434
0.523599	1.569311	-3.003978	116	42	3	835.431
-2.617994	1.846342	-1.796954	50	133	24	835.369
-2.094395	0.733948	3.021411	117	143	134	835.355
-1.047198	1.014500	0.906702	11	8	109	835.307
0.261799	0.203748	0.590255	118	142	120	835.131
2.879793	0.960688	-0.577532	34	7	128	835.076
0.261799	2.180315	-1.357379	113	1	118	835.013
-0.523599	0.080730	-2.622036	128	133	36	834.918
-0.523599	1.184361	0.625864	106	4	115	834.653
0.000000	1.113094	-0.272241	106	3	115	834.632
-2.617994	2.984978	1.954446	129	136	39	834.514
-2.879793	0.866955	-0.931351	140	37	108	834.274
1.832596	1.510910	-0.740472	105	7	112	834.151
-2.356194	1.184361	0.625864	98	17	113	834.039
-0.261799	1.194549	-0.801900	110	3	118	833.651
-1.570796	2.404280	-0.174044	116	13	107	833.568
-3.141593	1.766067	2.153843	97	14	131	833.523
-3.141593	0.640596	-2.797608	117	143	133	833.492
1.308997	1.606104	-0.451151	107	11	104	833.478
2.617994	2.704512	1.488683	98	13	119	833.304
2.879793	2.153910	-1.714959	39	122	32	833.267
-0.261799	2.588535	-2.976617	17	119	41	833.258
0.261799	2.587733	0.232235	104	22	109	833.249
-3.141593	2.396274	-1.959260	24	143	40	833.201
-1.047198	0.685216	-1.712745	120	53	119	833.178
-2.617994	2.063651	-2.044600	133	134	34	833.172
-0.785398	0.619654	-2.216909	123	53	124	833.114
-1.570796	2.760637	2.781135	115	142	36	832.902
-2.094395	0.290380	-0.796960	106	19	109	832.824
-0.785398	2.001437	0.381215	2	37	114	832.785
1.047198	0.419640	2.974122	102	12	119	832.615
-0.261799	0.370812	-2.547742	4	48	140	832.527
-3.141593	2.187132	-0.479875	42	109	7	832.394
-3.141593	0.899350	-2.069907	129	133	38	832.203
-1.570796	1.134497	-1.109631	119	133	28	832.169
-0.261799	1.824694	1.850876	41	118	27	832.034
-0.261799	2.247462	0.191623	6	44	126	831.809
2.879793	2.393226	1.857173	97	16	117	831.707
-1.832596	2.001437	0.381215	123	11	104	831.358
2.094395	2.456751	-1.503343	16	94	13	831.336
-1.047198	1.869911	2.701025	44	123	25	831.289
0.523599	1.998705	2.370472	134	45	140	831.107
1.308997	1.050534	3.042579	128	129	37	831.105
-2.879793	2.187132	-0.479875	46	116	9	831.028
-0.785398	0.992645	-1.723759	139	45	126	830.916
1.308997	0.418037	1.360082	2	143	34	830.745
1.832596	2.164094	-2.991358	117	134	35	830.734
-1.047198	1.766067	2.153843	27	108	36	830.727
-1.047198	1.247695	1.809890	35	107	25	830.598
-1.832596	0.615174	-0.666022	130	43	111	830.434
-3.141593	1.545873	-1.877082	49	123	25	830.412
-0.785398	1.448123	-2.163292	120	134	40	830.375
2.356194	0.571433	-1.188419	30	105	3	830.086
2.617994	1.134796	2.434290	108	0	33	829.768
0.785398	1.194549	-0.801900	113	142	118	829.688
1.308997	1.812176	0.656819	111	17	105	829.685
2.094395	2.138223	1.678323	116	21	111	829.614
0.000000	0.674054	1.013609	116	6	111	829.043
-0.261799	1.617114	-1.572037	120	136	32	829.019
0.523599	1.812176	0.656819	118	1	32	828.977
-2.879793	1.310100	1.488307	108	13	110	828.849
-3.141593	1.555207	1.708892	97	9	128	828.801
1.832596	1.335669	0.897240	114	49	113	828.698
0.785398	1.617114	-1.572037	117	143	122	828.660
-2.356194	1.846342	-1.796954	140	45	127	828.535
1.047198	1.128190	-2.288622	118	23	21	828.500
-2.617994	1.756530	-2.105156	133	136	36	828.268
2.879793	0.762244	-0.273349	133	40	104	828.250
-0.523599	2.251330	-2.330739	112	136	37	828.237
-0.785398	1.134497	-1.109631	100	11	120	828.203
-1.308997	2.396274	-1.959260	111	137	33	828.156
1.832596	1.242974	-2.977882	127	127	38	828.134
-2.094395	2.579248	-2.364801	6	46	26	827.969
-2.879793	1.574060	2.783565	115	129	38	827.925
-1.047198	1.599406	1.426070	117	143	117	827.753
1.570796	0.961715	0.014085	118	19	101	827.731
1.570796	1.606104	-0.451151	110	9	105	827.527
0.261799	1.218453	2.777284	119	140	36	827.498
1.047198	1.766067	2.153843	125	141	36	827.484
-1.308997	2.863997	0.549740	120	7	111	827.482
0.000000	2.089241	-0.114193	2	46	128	827.281
1.832596	1.367556	0.358405	113	20	103	827.185
-1.047198	2.295480	1.008277	115	5	111	827.093
2.094395	0.297065	2.160177	109	7	115	827.051
-1.570796	1.569311	-3.003978	37	120	32	826.941
-2.356194	2.073035	2.027405	117	137	37	826.928
-1.308997	1.301460	-0.509251	120	9	110	826.782
1.308997	2.033014	2.977192	133	137	39	826.775
-1.308997	1.812176	0.656819	117	5	110	826.714
1.570796	1.617114	-1.572037	112	3	112	826.626
0.523599	1.504028	0.636812	116	5	26	826.545
1.570796	2.247462	0.191623	111	140	33	826.162
-0.785398	2.251330	-2.330739	118	129	34	826.137
-1.832596	2.379497	0.561089	34	106	0	826.068
-1.832596	1.756530	-2.105156	126	143	36	826.001
-3.141593	2.251330	-2.330739	127	129	37	825.946
-0.261799	1.574060	2.783565	122	130	38	825.748
1.832596	0.618092	2.539118	132	137	36	825.667
0.261799	1.134497	-1.109631	106	15	106	825.666
-2.617994	0.700570	1.559208	103	3	119	825.543
-2.879793	2.356369	3.005869	111	22	114	825.534
-3.141593	2.592629	0.909713	104	3	135	825.530
2.879793	0.618092	2.539118	97	6	126	825.407
-2.617994	0.850607	-1.335383	134	1	32	825.343
-0.523599	1.310100	1.488307	120	143	122	825.206
-0.523599	2.174483	2.653697	131	135	37	825.113
2.094395	1.662363	0.915448	97	27	113	825.036
-2.617994	0.080730	-2.622036	122	9	110	824.999
1.047198	1.736875	3.023612	121	127	37	824.979
1.047198	1.391910	3.030322	117	142	38	824.655
-2.094395	2.138223	1.678323	133	131	35	824.609
1.047198	2.187132	-0.479875	121	120	20	824.590
-1.832596	1.662363	0.915448	112	3	111	824.586
-1.047198	2.115563	0.685730	117	5	110	824.573
-1.832596	0.203748	0.590255	97	11	116	824.387
0.261799	1.948085	-2.363031	125	1	114	824.158
0.261799	1.756530	-2.105156	114	1	120	824.117
1.832596	1.998705	2.370472	127	28	33	824.086
1.308997	2.180315	-1.357379	104	6	118	823.968
1.832596	1.045978	0.343692	117	23	101	823.894
2.094395	0.850607	-1.335383	122	1	112	823.800
-1.832596	1.242974	-2.977882	115	6	135	823.674
-1.308997	0.685216	-1.712745	125	53	119	823.494
-0.523599	0.685216	-1.712745	137	44	132	823.363
-1.570796	2.881233	-2.582574	104	14	114	823.128
1.570796	2.041297	-2.664597	5	133	44	823.113
0.000000	0.960688	-0.577532	119	10	105	822.994
-1.308997	1.135834	-1.431087	12	46	0	822.953
-3.141593	1.413347	-1.339188	140	129	30	822.951
0.000000	1.696674	-1.253233	106	3	119	822.849
1.570796	1.741644	-2.695914	103	9	121	822.802
0.000000	2.251330	-2.330739	111	132	36	822.710
1.047198	2.108018	1.311430	122	55	123	822.635
-0.523599	2.089241	-0.114193	1	43	125	822.613
0.261799	2.153910	-1.714959	105	5	118	822.605
-0.261799	0.685216	-1.712745	102	9	131	822.602
-1.308997	1.904882	-1.478089	124	48	139	822.578
0.785398	0.866395	-2.492918	124	133	37	822.556
-0.785398	2.592629	0.909713	34	23	4	822.359
1.832596	0.831641	0.616218	33	24	10	822.289
-1.047198	1.168678	2.108595	136	138	35	822.229
0.785398	0.866955	-0.931351	108	4	112	822.208
-1.832596	1.417623	-0.202254	116	27	100	821.948
-0.785398	1.184361	0.625864	111	1	121	821.863
2.094395	2.664082	-1.071402	122	112	26	821.723
1.308997	1.504028	0.636812	110	31	104	821.660
-1.832596	1.683268	0.374177	110	11	107	821.614
-2.356194	1.699788	2.452890	123	138	38	821.373
1.570796	2.455966	-0.641220	97	17	114	821.296
-1.832596	1.413347	-1.339188	124	49	113	821.069
2.879793	0.992645	-1.723759	33	103	23	820.938
1.570796	2.379497	0.561089	116	137	36	820.833
2.617994	1.998705	2.370472	116	18	34	820.682
0.523599	1.869911	2.701025	133	137	38	820.621
2.617994	1.569311	-3.003978	127	127	37	820.321
-2.879793	2.063651	-2.044600	137	1	34	820.277
-1.832596	0.618092	2.539118	123	132	37	820.161
0.785398	2.456751	-1.503343	126	119	29	820.106
-2.094395	1.433411	-1.035986	36	22	138	820.033
2.356194	1.732874	-0.951685	118	2	109	819.961
-0.523599	1.014500	0.906702	33	141	127	819.950
0.261799	0.418037	1.360082	136	134	35	819.807
-1.047198	2.247462	0.191623	117	8	109	819.726
2.094395	1.413430	2.550734	123	132	37	819.712
-2.617994	2.592629	0.909713	29	103	13	819.500
1.047198	2.881233	-2.582574	127	121	33	819.361
2.879793	2.456751	-1.503343	114	0	137	819.292
-0.261799	0.864993	2.278281	134	130	35	818.979
0.261799	0.674054	1.013609	124	5	112	818.923
2.356194	1.025536	1.576859	95	30	116	818.892
-2.094395	1.214854	-1.966664	138	47	130	818.848
-1.570796	0.906588	1.252948	19	101	143	818.836
-0.523599	0.297065	2.160177	132	130	36	818.596
-1.832596	2.637879	2.121598	101	12	113	818.435
-1.047198	1.135834	-1.431087	118	20	108	817.895
0.785398	2.115563	0.685730	118	140	35	817.756
-1.308997	1.699788	2.452890	136	136	38	817.583
2.617994	1.301460	-0.509251	125	127	23	817.294
0.523599	1.134796	2.434290	121	0	33	817.290
2.879793	0.709924	0.218797	1	24	106	817.161
2.879793	1.128190	-2.288622	127	135	39	816.975
2.356194	1.488617	1.159546	97	25	113	816.939
-0.523599	1.128190	-2.288622	20	24	26	816.930
-3.141593	1.741644	-2.695914	128	143	40	816.859
-1.570796	1.510910	-0.740472	120	12	110	816.812
2.879793	1.168678	2.108595	96	10	127	816.799
-2.617994	2.396274	-1.959260	131	130	36	816.718
-1.570796	1.696674	-1.253233	39	21	13	816.688
-2.617994	1.699788	2.452890	110	126	35	816.469
-0.523599	2.356369	3.005869	16	135	46	816.323
-2.356194	1.658653	-2.409879	129	141	39	816.257
0.000000	1.809167	1.213774	140	45	120	816.027
2.617994	2.180315	-1.357379	27	102	27	816.023
-2.617994	2.349581	-2.702517	127	139	39	815.997
-1.570796	1.433411	-1.035986	119	16	108	815.931
-0.785398	2.396274	-1.959260	109	133	33	815.864
-2.879793	2.349581	-2.702517	133	131	36	815.834
-0.785398	1.242974	-2.977882	130	135	39	815.598
-0.523599	1.335669	0.897240	113	3	115	815.530
-2.356194	2.393226	1.857173	126	133	37	815.040
-1.308997	1.440580	2.260026	126	116	33	814.954
0.785398	1.242974	-2.977882	24	21	29	814.891
0.000000	1.732874	-0.951685	110	134	26	814.872
-2.617994	2.356369	3.005869	138	123	39	814.867
0.000000	0.709924	0.218797	121	120	133	814.842
1.047198	1.982574	-1.115518	98	7	119	814.815
-1.570796	2.115563	0.685730	116	6	111	814.735
-2.356194	0.418037	1.360082	104	4	115	814.716
0.261799	2.455966	-0.641220	113	6	111	814.716
-0.523599	1.662363	0.915448	118	1	117	814.698
-1.832596	1.050534	3.042579	126	10	118	814.584
-2.617994	1.448123	-2.163292	31	109	29	814.539
-1.047198	1.413430	2.550734	22	131	44	814.519
0.523599	2.979456	-1.009304	131	140	37	814.409
-2.617994	1.875281	0.107086	128	7	105	814.361
1.047198	1.741644	-2.695914	126	136	39	814.247
0.261799	0.910508	1.903534	121	17	115	814.233
0.785398	0.961715	0.014085	114	18	103	814.217
0.785398	1.977582	0.969896	0	46	129	814.211
2.356194	0.591903	2.010408	110	4	118	814.140
-2.617994	0.418037	1.360082	100	8	115	814.052
-1.308997	1.247695	1.809890	21	98	27	813.754
1.832596	1.948085	-2.363031	128	133	38	813.684
-0.523599	1.846342	-1.796954	5	11	35	813.643
-1.570796	1.214854	-1.966664	133	51	130	813.592
-1.570796	1.440580	2.260026	127	115	32	813.569
0.785398	2.379497	0.561089	141	42	118	813.562
2.094395	1.824694	1.850876	122	138	37	813.408
0.785398	0.914445	2.687814	127	138	37	813.396
-0.785398	1.506530	1.988858	35	112	30	813.354
-0.785398	0.906588	1.252948	24	129	127	813.153
-0.785398	1.872854	1.543456	119	3	112	813.062
-1.047198	0.910508	1.903534	39	112	25	812.989
0.000000	1.050534	3.042579	27	24	24	812.828
-2.617994	1.824694	1.850876	105	2	132	812.551
2.094395	1.450119	-2.739050	133	134	39	812.460
-0.261799	2.356369	3.005869	127	132	38	812.346
-0.261799	1.554776	0.100351	118	8	105	812.343
-0.785398	1.504028	0.636812	2	24	106	812.342
-1.047198	1.846342	-1.796954	117	143	34	812.300
2.617994	1.134497	-1.109631	134	132	30	812.175
-1.308997	0.458961	-0.107937	96	14	123	812.160
-1.570796	0.297065	2.160177	136	1	116	812.024
2.094395	0.290380	-0.796960	129	137	37	812.022
0.785398	1.247695	1.809890	120	13	120	811.951
-1.047198	1.045978	0.343692	108	4	112	811.703
-2.094395	1.869911	2.701025	106	6	125	811.604
0.785398	1.662363	0.915448	129	142	29	811.575
-1.832596	0.910508	1.903534	15	94	25	811.547
-2.879793	2.637879	2.121598	99	10	122	811.495
1.308997	2.456751	-1.503343	103	4	125	811.485
1.047198	1.732874	-0.951685	123	123	25	811.333
-1.047198	1.756530	-2.105156	120	137	37	811.248
2.617994	1.135813	-2.658866	30	107	31	811.150
1.308997	1.195355	1.200319	1	141	127	811.133
-2.356194	1.506530	1.988858	124	130	35	811.132
-1.047198	1.335669	0.897240	106	6	111	810.570
-0.523599	0.640596	-2.797608	15	46	9	810.383
1.308997	1.450119	-2.739050	121	139	40	810.354
0.523599	1.948085	-2.363031	128	128	38	810.350
-3.141593	1.135813	-2.658866	120	135	40	810.244
-1.308997	2.251330	-2.330739	113	132	36	810.219
-2.094395	1.050534	3.042579	122	9	119	810.020
2.617994	1.555207	1.708892	95	23	121	809.982
-2.617994	1.870545	-2.976234	128	136	39	809.895
0.523599	2.295480	1.008277	129	52	119	809.711
2.094395	0.496451	0.593859	1	27	106	809.689
-2.356194	2.164094	-2.991358	107	20	117	809.655
0.523599	2.251330	-2.330739	117	0	119	809.496
1.308997	2.299159	2.264663	125	141	38	809.461
-1.570796	1.335669	0.897240	107	3	123	809.438
0.523599	0.960688	-0.577532	100	23	112	809.380
-0.261799	1.448123	-2.163292	118	134	39	809.285
-1.308997	2.138223	1.678323	112	0	119	809.229
1.832596	2.396274	-1.959260	122	118	33	809.102
-0.261799	1.699788	2.452890	139	0	37	809.070
2.617994	0.297065	2.160177	117	6	110	808.961
1.047198	1.417623	-0.202254	106	17	105	808.912
2.356194	1.045978	0.343692	133	17	103	808.842
-2.879793	1.766067	2.153843	129	113	32	808.815
-2.617994	2.760637	2.781135	113	16	113	808.719
-1.832596	2.251330	-2.330739	21	3	42	808.670
-1.308997	1.417623	-0.202254	126	42	106	808.665
2.617994	1.045978	0.343692	117	22	100	808.342
2.356194	0.458961	-0.107937	29	20	26	808.266
-0.785398	2.299159	2.264663	21	110	40	808.256
-0.261799	1.335669	0.897240	118	2	115	808.208
1.832596	1.846342	-1.796954	115	142	117	808.163
1.570796	1.662363	0.915448	125	49	119	807.997
-1.308997	1.658653	-2.409879	124	131	39	807.807
0.261799	1.696674	-1.253233	110	1	119	807.496
-1.570796	0.458961	-0.107937	95	23	115	807.482
1.047198	1.836682	-0.676006	100	12	110	807.352
-0.523599	1.134497	-1.109631	103	7	120	807.263
1.570796	0.700570	1.559208	5	49	135	807.227
-1.570796	1.194549	-0.801900	118	135	27	807.189
-3.141593	0.866395	-2.492918	114	3	141	807.141
1.047198	2.719179	-1.780644	122	129	35	807.106
2.879793	1.836682	-0.676006	115	143	123	807.102
2.617994	2.579248	-2.364801	133	131	37	807.059
-1.308997	1.218453	2.777284	127	129	37	806.973
-2.356194	1.766067	2.153843	131	122	37	806.931
2.879793	1.417623	-0.202254	122	10	103	806.927
-1.832596	1.872854	1.543456	19	98	9	806.562
2.617994	0.618092	2.539118	94	10	125	806.505
0.785398	0.992645	-1.723759	101	5	127	806.460
-1.047198	2.251330	-2.330739	117	138	36	806.416
-1.832596	0.418037	1.360082	114	0	114	806.388
-2.094395	0.866395	-2.492918	46	119	22	806.166
-0.785398	0.910508	1.903534	108	4	132	806.091
-2.879793	1.374601	-2.456031	32	111	32	805.830
-1.570796	0.290380	-0.796960	120	10	106	805.781
-2.617994	1.194549	-0.801900	123	143	116	805.756
-1.308997	2.592629	0.909713	113	4	114	805.678
0.785398	1.014500	0.906702	134	42	106	805.594
-0.785398	0.864993	2.278281	115	3	130	805.527
0.261799	1.872854	1.543456	6	38	121	805.518
-1.047198	2.404280	-0.174044	35	22	10	805.477
-1.047198	2.299159	2.264663	128	134	39	805.443
2.879793	0.850607	-1.335383	116	4	109	805.389
-1.832596	2.592629	0.909713	113	7	111	805.276
1.570796	2.704512	1.488683	125	130	37	805.271
-2.356194	1.998705	2.370472	124	137	39	805.095
-3.141593	1.301460	-0.509251	135	29	102	805.076
-2.094395	1.195355	1.200319	115	1	112	805.002
-2.094395	0.929350	-2.910676	133	122	37	804.865
1.047198	1.113094	-0.272241	109	13	105	804.831
-1.047198	0.914445	2.687814	129	130	37	804.801
-1.308997	2.295480	1.008277	120	5	108	804.780
-1.047198	1.488617	1.159546	109	1	122	804.730
0.785398	1.510910	-0.740472	131	125	25	804.317
-2.094395	2.041297	-2.664597	105	18	121	804.274
-2.617994	1.741644	-2.695914	131	142	38	804.254
-1.570796	1.683268	0.374177	0	121	127	804.182
-1.308997	1.599406	1.426070	31	100	12	804.172
-1.570796	2.407836	1.410646	109	2	120	804.120
-0.785398	2.984978	1.954446	120	6	109	804.094
2.617994	2.979456	-1.009304	129	115	30	804.002
1.308997	2.588535	-2.976617	127	130	37	803.890
-0.261799	2.174483	2.653697	126	135	38	803.779
1.047198	1.135813	-2.658866	126	130	39	803.715
2.617994	1.242974	-2.977882	121	138	39	803.652
0.000000	1.510910	-0.740472	104	7	114	803.475
1.570796	1.374601	-2.456031	131	131	40	803.358
-0.523599	1.998705	2.370472	25	117	41	803.130
1.047198	0.929350	-2.910676	106	16	110	803.044
-2.879793	2.455966	-0.641220	38	110	143	802.865
0.261799	1.998705	2.370472	30	123	39	802.800
-1.047198	2.063651	-2.044600	115	137	36	802.736
2.094395	2.404280	-0.174044	103	5	130	802.548
0.000000	1.256302	0.062705	3	13	105	802.524
-1.832596	2.396274	-1.959260	116	141	34	802.477
-1.047198	2.187132	-0.479875	20	43	137	802.367
1.570796	0.762244	-0.273349	9	16	106	802.233
0.000000	2.407836	1.410646	51	127	12	802.215
-1.047198	0.866955	-0.931351	138	46	134	801.945
-2.094395	0.914445	2.687814	32	109	33	801.761
-1.570796	1.741644	-2.695914	124	128	38	801.722
-3.141593	1.335669	0.897240	102	14	108	801.578
-3.141593	1.721184	-0.153948	125	6	105	801.523
-2.879793	2.115563	0.685730	111	142	123	801.465
2.356194	2.719179	-1.780644	40	107	10	801.416
1.570796	0.864993	2.278281	121	0	35	801.403
2.879793	2.349581	-2.702517	135	132	36	801.156
-2.617994	1.050534	3.042579	34	110	32	801.102
1.308997	0.591903	2.010408	125	141	35	800.969
0.261799	1.247695	1.809890	47	15	18	800.962
-3.141593	1.134497	-1.109631	130	140	30	800.831
-1.832596	2.579248	-2.364801	129	142	36	800.802
1.832596	1.325504	-1.671296	112	142	122	800.738
-1.832596	2.881233	-2.582574	102	17	116	800.732
0.261799	1.870545	-2.976234	123	143	120	800.701
-2.879793	1.113094	-0.272241	110	8	109	800.665
0.523599	2.637879	2.121598	37	20	16	800.664
0.261799	2.295480	1.008277	136	49	117	800.639
-2.356194	0.496451	0.593859	115	6	108	800.530
0.000000	1.218453	2.777284	121	138	36	800.494
0.000000	1.569311	-3.003978	32	9	34	800.317
-1.570796	1.450119	-2.739050	125	134	41	800.120
-0.785398	1.374601	-2.456031	23	25	22	799.984
-0.523599	2.724429	-0.348782	30	28	15	799.930
