144	1.2	0
-2.356194	1.574060	2.783565
0.000000	0.000000	0.000000
../data/3_zdock/HER2_m.pdb	37.529	5.447	5.464
../data/3_zdock/antibody_m/l13_1.pdb	0.410	8.558	-0.810
2.356194	1.554776	0.100351	117	12	106	1414.874
-3.141593	1.977582	0.969896	111	8	111	1413.837
2.356194	1.721184	-0.153948	118	7	109	1392.335
2.094395	1.554776	0.100351	114	13	106	1324.670
2.617994	2.404280	-0.174044	116	1	117	1312.008
-2.094395	1.870545	-2.976234	129	138	37	1309.828
2.094395	2.455966	-0.641220	115	143	120	1293.715
-0.261799	1.391910	3.030322	130	135	37	1285.449
-2.879793	2.138223	1.678323	105	5	129	1255.363
2.879793	1.809167	1.213774	106	13	111	1250.753
2.094395	1.417623	-0.202254	119	9	108	1249.799
1.570796	2.033014	2.977192	126	128	36	1246.175
1.832596	1.836682	-0.676006	117	3	111	1232.137
1.570796	1.433411	-1.035986	114	3	114	1229.810
-1.832596	1.545873	-1.877082	1	43	133	1225.516
-2.094395	2.174483	2.653697	130	135	36	1224.745
-2.617994	1.134796	2.434290	105	5	125	1223.591
-3.141593	1.736875	3.023612	121	139	37	1220.470
0.261799	0.866955	-0.931351	112	2	119	1214.217
-1.570796	1.736875	3.023612	133	129	36	1211.937
-0.785398	1.870545	-2.976234	129	125	36	1207.829
-2.879793	0.906588	1.252948	117	3	113	1205.062
1.832596	0.618092	2.539118	133	139	35	1204.650
-1.832596	1.195355	1.200319	110	4	111	1204.025
-3.141593	1.662363	0.915448	112	12	108	1203.537
1.047198	2.063651	-2.044600	131	122	34	1203.178
-1.308997	0.496451	0.593859	109	4	117	1202.890
-2.879793	1.168678	2.108595	101	11	121	1199.440
-2.094395	0.619654	-2.216909	130	138	35	1198.924
1.308997	1.617114	-1.572037	107	2	125	1195.853
-2.356194	0.591903	2.010408	118	1	118	1193.883
-1.308997	1.870545	-2.976234	127	130	37	1192.572
2.094395	2.187132	-0.479875	114	1	116	1191.700
-1.308997	0.831641	0.616218	113	6	111	1189.719
-2.617994	0.910508	1.903534	113	0	122	1189.576
-2.879793	1.025536	1.576859	118	1	116	1186.007
1.570796	1.194549	-0.801900	117	5	110	1185.108
1.570796	1.554776	0.100351	117	5	110	1180.311
1.832596	1.554776	0.100351	120	6	109	1178.275
1.047198	1.617114	-1.572037	108	3	123	1177.059
2.356194	1.683268	0.374177	114	10	109	1171.887
-2.356194	1.391910	3.030322	123	128	37	1166.697
1.570796	2.180315	-1.357379	118	1	116	1165.844
1.832596	2.033014	2.977192	127	130	36	1164.332
0.523599	0.290380	-0.796960	111	2	116	1159.615
-1.570796	0.674054	1.013609	107	6	112	1157.661
-2.617994	1.948085	-2.363031	127	137	37	1157.402
-3.141593	1.809167	1.213774	107	11	111	1156.579
-2.879793	1.977582	0.969896	114	6	112	1156.556
-2.356194	1.374601	-2.456031	132	135	39	1154.509
1.832596	2.104282	-0.813972	115	143	119	1154.031
-2.617994	1.168678	2.108595	104	7	121	1148.515
2.879793	2.404280	-0.174044	120	0	116	1143.854
-1.047198	0.709924	0.218797	109	7	113	1142.793
-0.523599	1.391910	3.030322	131	131	37	1142.717
2.094395	1.909857	-0.381669	115	3	113	1142.638
-2.617994	0.864993	2.278281	117	0	124	1142.329
-1.047198	1.128190	-2.288622	26	26	17	1142.227
-2.879793	0.910508	1.903534	99	14	117	1142.159
2.879793	1.977582	0.969896	108	10	111	1140.056
-1.832596	2.187132	-0.479875	119	18	107	1139.050
1.832596	2.343981	-1.040456	122	140	120	1137.436
-1.832596	0.906588	1.252948	107	5	113	1135.864
-2.094395	0.591903	2.010408	118	6	111	1135.077
-2.356194	0.899350	-2.069907	129	141	35	1134.100
2.356194	1.875281	0.107086	112	9	109	1132.742
1.570796	1.869911	2.701025	124	133	37	1131.339
-1.047198	0.203748	0.590255	110	2	117	1131.181
2.094395	1.721184	-0.153948	114	8	109	1130.894
-2.617994	2.033014	2.977192	116	140	35	1124.887
-2.356194	2.063651	-2.044600	128	142	35	1124.160
-2.094395	1.977582	0.969896	109	4	118	1122.561
2.356194	2.724429	-0.348782	113	143	122	1122.412
0.523599	2.349581	-2.702517	123	129	34	1121.058
-0.261799	0.960688	-0.577532	122	7	111	1121.009
1.308997	1.134497	-1.109631	112	3	115	1119.883
1.047198	1.870545	-2.976234	132	140	39	1119.805
-1.832596	2.115563	0.685730	122	6	108	1119.059
1.570796	1.721184	-0.153948	115	2	114	1118.988
-2.617994	0.899350	-2.069907	130	138	35	1118.774
-2.617994	0.906588	1.252948	121	3	112	1116.484
-1.047198	1.510910	-0.740472	121	49	115	1113.627
-1.832596	0.674054	1.013609	103	8	113	1112.010
2.356194	0.619654	-2.216909	107	4	130	1111.268
-2.879793	2.108018	1.311430	109	4	120	1110.567
1.570796	1.391910	3.030322	129	136	37	1108.342
2.094395	1.606104	-0.451151	118	5	111	1107.986
-0.785398	0.203748	0.590255	114	1	117	1107.704
1.047198	2.153910	-1.714959	104	4	129	1105.819
2.094395	1.413347	-1.339188	134	128	31	1104.961
-0.261799	1.870545	-2.976234	129	130	36	1104.369
2.356194	2.089241	-0.114193	113	5	112	1103.831
-2.617994	2.587733	0.232235	123	3	113	1102.887
2.879793	2.089241	-0.114193	120	3	112	1102.380
-2.879793	1.736875	3.023612	120	139	36	1101.966
-2.617994	1.440580	2.260026	104	5	124	1100.900
-0.523599	1.218453	2.777284	126	135	36	1100.478
1.308997	2.180315	-1.357379	106	3	123	1099.135
-1.570796	2.033014	2.977192	132	129	36	1097.748
-0.785398	1.869911	2.701025	128	139	38	1097.255
1.308997	1.869911	2.701025	125	132	37	1096.518
1.570796	1.510910	-0.740472	114	1	115	1096.390
1.308997	1.904882	-1.478089	115	0	120	1094.762
0.261799	0.290380	-0.796960	107	4	117	1094.361
1.308997	1.413347	-1.339188	108	3	120	1093.815
2.617994	0.619654	-2.216909	111	2	130	1093.324
2.617994	2.724429	-0.348782	118	142	122	1093.287
1.570796	1.113094	-0.272241	111	11	111	1092.842
-1.047198	2.588535	-2.976617	122	119	30	1091.739
-3.141593	2.587733	0.232235	117	143	120	1091.508
0.261799	2.979456	-1.009304	133	137	37	1091.298
2.094395	2.251330	-2.330739	122	125	35	1090.380
-2.879793	2.587733	0.232235	112	3	118	1089.907
0.785398	1.413430	2.550734	123	137	36	1089.167
-1.308997	1.736875	3.023612	132	128	36	1088.580
1.570796	1.134497	-1.109631	116	1	114	1088.330
2.617994	2.356369	3.005869	135	134	36	1088.099
2.094395	1.836682	-0.676006	121	3	110	1086.576
1.832596	1.194549	-0.801900	121	5	109	1085.314
-3.141593	2.033014	2.977192	122	138	36	1085.313
0.000000	1.736875	3.023612	130	130	38	1085.056
1.570796	0.960688	-0.577532	115	8	109	1084.718
-2.356194	1.247695	1.809890	104	3	121	1084.534
-2.879793	1.134796	2.434290	121	138	35	1082.260
-0.785398	2.164094	-2.991358	127	121	34	1081.352
2.094395	2.033014	2.977192	129	131	36	1081.056
-2.879793	1.872854	1.543456	106	5	124	1080.133
-2.356194	1.948085	-2.363031	125	138	38	1079.313
1.047198	2.349581	-2.702517	124	130	35	1078.856
-3.141593	1.599406	1.426070	104	13	112	1078.011
-2.617994	2.863997	0.549740	111	2	124	1073.230
-0.523599	2.760637	2.781135	111	3	118	1073.029
2.617994	2.455966	-0.641220	120	6	110	1072.913
0.785398	1.904882	-1.478089	115	2	118	1072.913
1.047198	1.325504	-1.671296	107	3	125	1071.819
1.832596	1.870545	-2.976234	126	124	35	1071.420
0.523599	2.356369	3.005869	127	133	36	1071.308
-0.261799	1.450119	-2.739050	131	131	39	1069.931
-0.261799	2.164094	-2.991358	128	124	35	1069.774
0.261799	0.496451	0.593859	116	1	115	1069.312
2.879793	1.756530	-2.105156	45	122	28	1068.808
1.308997	1.433411	-1.035986	109	4	115	1067.969
-3.141593	1.948085	-2.363031	130	134	37	1067.803
0.785398	0.831641	0.616218	123	6	110	1066.586
0.785398	2.063651	-2.044600	129	122	34	1066.488
2.617994	1.977582	0.969896	109	13	107	1066.283
-2.617994	1.741644	-2.695914	124	138	39	1065.867
0.785398	0.571433	-1.188419	107	4	117	1064.843
1.570796	1.417623	-0.202254	118	2	115	1064.792
-2.879793	1.809167	1.213774	109	4	118	1064.681
-0.523599	0.762244	-0.273349	124	4	112	1064.554
-0.261799	1.218453	2.777284	134	135	36	1064.354
2.356194	1.242974	-2.977882	120	141	37	1063.826
-2.094395	1.367556	0.358405	141	126	128	1063.327
2.094395	2.579248	-2.364801	127	130	35	1062.561
-2.617994	1.391910	3.030322	122	127	37	1062.290
2.094395	2.104282	-0.813972	113	2	116	1061.937
-1.047198	1.218453	2.777284	128	132	35	1061.912
1.570796	2.588535	-2.976617	126	134	36	1061.476
-0.523599	1.574060	2.783565	133	126	35	1060.473
-1.047198	2.033014	2.977192	128	119	34	1058.736
2.356194	2.404280	-0.174044	112	2	116	1058.358
-2.356194	1.335669	0.897240	99	13	115	1057.684
-1.570796	0.418037	1.360082	110	2	116	1057.477
-1.832596	1.662363	0.915448	111	4	118	1056.009
-2.617994	1.242974	-2.977882	130	131	37	1054.594
2.617994	1.450119	-2.739050	131	116	30	1054.529
-0.523599	0.458961	-0.107937	108	5	115	1053.668
-2.356194	1.025536	1.576859	116	0	118	1053.122
1.832596	1.417623	-0.202254	112	8	112	1052.944
-1.047198	1.721184	-0.153948	128	43	108	1052.876
2.879793	1.662363	0.915448	110	14	108	1052.874
1.832596	1.301460	-0.509251	119	5	111	1052.333
-0.785398	2.033014	2.977192	124	139	38	1051.510
-1.570796	1.218453	2.777284	131	125	36	1050.799
1.308997	2.153910	-1.714959	116	0	122	1050.417
-0.785398	1.569311	-3.003978	127	131	39	1049.530
-2.356194	1.741644	-2.695914	122	139	39	1049.149
-1.570796	1.014500	0.906702	110	7	108	1049.034
-2.617994	1.658653	-2.409879	129	132	38	1048.407
2.617994	2.089241	-0.114193	117	4	112	1048.297
1.308997	1.696674	-1.253233	107	3	119	1048.237
1.047198	0.290380	-0.796960	122	0	116	1045.723
-2.356194	1.168678	2.108595	107	4	121	1044.142
-2.094395	2.478122	2.609777	125	137	37	1042.909
0.261799	2.588535	-2.976617	125	133	38	1042.860
-3.141593	2.247462	0.191623	116	0	118	1042.410
-0.261799	0.203748	0.590255	128	2	112	1042.366
2.617994	2.407836	1.410646	100	13	114	1041.905
0.261799	2.104282	-0.813972	106	6	115	1041.156
-1.308997	1.696674	-1.253233	133	47	131	1038.293
-0.785398	1.391910	3.030322	132	130	36	1037.852
2.356194	2.455966	-0.641220	119	142	119	1037.410
-1.832596	0.850607	-1.335383	129	50	118	1037.107
-2.094395	0.370812	-2.547742	30	20	18	1036.781
0.261799	2.456751	-1.503343	114	2	118	1036.457
2.879793	2.407836	1.410646	102	9	114	1036.331
-1.832596	1.870545	-2.976234	131	135	36	1036.156
-2.094395	1.875281	0.107086	121	15	103	1035.999
-2.356194	1.135813	-2.658866	133	129	39	1035.640
-2.617994	2.379497	0.561089	110	4	117	1034.963
-0.785398	1.875281	0.107086	115	6	112	1034.790
2.356194	2.579248	-2.364801	129	129	35	1034.335
-1.832596	1.134796	2.434290	111	143	125	1033.489
1.570796	2.349581	-2.702517	122	132	35	1032.413
-2.094395	2.001437	0.381215	120	10	105	1032.333
-2.356194	2.863997	0.549740	115	2	123	1031.682
-1.308997	1.904882	-1.478089	140	46	137	1031.270
2.356194	1.870545	-2.976234	128	127	35	1031.205
1.832596	1.606104	-0.451151	118	7	107	1030.355
1.308997	1.732874	-0.951685	107	1	120	1029.789
-1.308997	0.864993	2.278281	37	115	29	1029.093
-1.308997	2.033014	2.977192	132	126	35	1028.505
-1.570796	0.864993	2.278281	34	111	29	1028.435
1.308997	1.218453	2.777284	128	137	36	1027.349
0.523599	0.685216	-1.712745	97	11	130	1027.098
0.785398	2.349581	-2.702517	124	130	34	1026.638
-2.879793	1.555207	1.708892	107	9	114	1026.632
1.308997	0.290380	-0.796960	114	7	112	1025.949
-2.617994	1.184361	0.625864	132	126	129	1025.729
-2.617994	1.812176	0.656819	102	13	114	1025.631
-2.356194	0.685216	-1.712745	132	143	33	1025.201
0.785398	2.664082	-1.071402	118	5	111	1025.083
1.832596	2.349581	-2.702517	122	132	36	1024.711
2.617994	2.396274	-1.959260	129	125	34	1024.014
-2.879793	1.569311	-3.003978	125	137	37	1023.284
-1.832596	1.335669	0.897240	107	6	112	1023.175
2.094395	1.242974	-2.977882	125	137	37	1022.390
-0.523599	1.417623	-0.202254	113	4	116	1021.855
0.261799	2.164094	-2.991358	124	132	36	1021.753
2.617994	1.194549	-0.801900	135	135	27	1021.727
-1.308997	2.108018	1.311430	116	3	112	1021.071
1.308997	1.325504	-1.671296	107	2	126	1020.863
0.261799	1.301460	-0.509251	107	4	115	1020.844
-2.094395	1.335669	0.897240	2	2	112	1020.600
-1.832596	1.617114	-1.572037	1	44	128	1020.338
-0.523599	1.869911	2.701025	131	140	37	1020.112
-0.785398	0.458961	-0.107937	105	9	113	1020.093
-2.617994	2.073035	2.027405	107	4	133	1019.640
1.570796	1.732874	-0.951685	112	0	120	1019.445
2.617994	0.080730	-2.622036	117	143	121	1018.172
2.356194	1.256302	0.062705	121	15	104	1016.930
1.832596	1.510910	-0.740472	117	1	114	1016.739
0.000000	2.164094	-2.991358	124	131	37	1016.688
-1.570796	1.569311	-3.003978	37	121	32	1016.275
-0.523599	0.203748	0.590255	123	3	112	1015.876
-2.356194	1.242974	-2.977882	130	130	37	1015.051
-2.094395	0.297065	2.160177	113	143	121	1014.318
2.617994	1.875281	0.107086	115	7	109	1013.994
-1.832596	2.478122	2.609777	124	137	37	1013.956
0.523599	1.870545	-2.976234	129	136	37	1013.897
0.785398	0.709924	0.218797	117	2	114	1013.670
-2.356194	1.218453	2.777284	121	122	35	1013.078
-3.141593	0.591903	2.010408	104	5	117	1012.997
0.523599	1.699788	2.452890	22	131	41	1012.360
-1.308997	2.041297	-2.664597	129	133	37	1012.291
-1.047198	2.760637	2.781135	124	114	28	1012.189
1.308997	2.033014	2.977192	126	127	36	1011.632
-2.094395	1.391910	3.030322	124	129	37	1011.551
-2.094395	1.683268	0.374177	115	13	104	1011.007
1.308997	2.456751	-1.503343	108	2	125	1008.348
-2.617994	0.674054	1.013609	116	3	112	1007.943
-0.261799	2.299159	2.264663	131	132	37	1007.806
1.832596	1.450119	-2.739050	107	7	118	1007.364
0.785398	0.290380	-0.796960	116	0	116	1006.885
0.261799	1.135813	-2.658866	108	19	118	1006.730
2.879793	1.504028	0.636812	121	13	105	1006.074
1.308997	0.591903	2.010408	4	47	136	1005.816
-3.141593	1.569311	-3.003978	123	141	39	1005.696
-0.785398	1.488617	1.159546	118	1	115	1005.668
-0.523599	1.247695	1.809890	117	3	120	1005.655
-2.356194	1.310100	1.488307	118	0	117	1005.647
-2.879793	0.929350	-2.910676	128	129	38	1005.446
1.570796	1.982574	-1.115518	114	143	118	1005.353
-0.261799	2.760637	2.781135	130	130	37	1005.287
2.879793	2.115563	0.685730	113	5	112	1004.985
1.832596	1.721184	-0.153948	119	1	113	1004.874
-1.308997	1.699788	2.452890	134	137	36	1004.821
-2.094395	2.063651	-2.044600	136	46	134	1004.527
-2.356194	1.569311	-3.003978	125	134	38	1003.940
-2.617994	1.504028	0.636812	101	18	111	1003.440
-0.785398	2.356369	3.005869	21	119	40	1003.371
0.785398	1.134497	-1.109631	112	11	107	1003.355
-2.879793	1.948085	-2.363031	128	136	38	1002.612
0.785398	1.413347	-1.339188	107	12	109	1001.828
-2.617994	1.736875	3.023612	119	137	37	1001.656
2.879793	2.724429	-0.348782	113	2	120	1001.645
-2.094395	1.025536	1.576859	106	3	117	1001.602
-0.523599	2.164094	-2.991358	128	125	34	1000.589
-2.356194	2.587733	0.232235	127	3	113	1000.031
-2.617994	1.872854	1.543456	104	4	120	999.683
-3.141593	0.899350	-2.069907	128	133	37	998.753
0.261799	1.836682	-0.676006	106	4	117	998.228
0.261799	2.295480	1.008277	0	43	123	997.670
1.047198	1.413347	-1.339188	108	4	118	996.479
1.832596	2.664082	-1.071402	110	3	119	996.321
0.523599	1.450119	-2.739050	120	2	129	995.814
-1.832596	2.407836	1.410646	137	132	35	995.675
1.832596	1.982574	-1.115518	121	3	111	995.325
0.261799	0.571433	-1.188419	109	3	125	995.120
1.047198	1.846342	-1.796954	104	4	130	994.778
-0.785398	1.809167	1.213774	116	5	112	994.486
1.570796	1.836682	-0.676006	111	2	115	993.790
2.356194	2.041297	-2.664597	133	132	37	993.503
-1.570796	2.174483	2.653697	130	132	37	993.221
-3.141593	1.134796	2.434290	99	13	125	993.173
-2.879793	2.104282	-0.813972	48	121	12	992.748
2.617994	1.683268	0.374177	118	10	107	992.537
-0.785398	0.709924	0.218797	112	5	112	992.518
-3.141593	1.168678	2.108595	98	15	121	991.507
-2.094395	1.184361	0.625864	0	6	108	991.177
1.308997	1.510910	-0.740472	121	127	25	991.031
-1.047198	2.001437	0.381215	113	6	113	990.817
-1.047198	1.391910	3.030322	132	126	37	990.778
1.308997	1.554776	0.100351	107	22	105	990.206
0.523599	2.164094	-2.991358	125	134	35	989.948
1.047198	1.699788	2.452890	124	136	36	989.842
1.832596	2.455966	-0.641220	109	0	122	989.460
0.000000	1.391910	3.030322	130	137	37	989.275
-1.047198	1.875281	0.107086	113	7	113	989.085
-2.094395	1.413430	2.550734	118	121	34	988.885
-1.308997	1.741644	-2.695914	121	132	40	987.938
2.356194	2.187132	-0.479875	119	1	113	987.359
-0.261799	1.374601	-2.456031	22	16	31	987.156
2.356194	1.218453	2.777284	116	142	37	987.155
-2.617994	2.180315	-1.357379	138	126	31	986.705
0.000000	2.356369	3.005869	127	135	37	985.962
2.879793	1.310100	1.488307	117	127	29	985.235
2.356194	1.736875	3.023612	124	131	37	984.982
-0.261799	2.033014	2.977192	127	140	38	984.786
-2.094395	1.741644	-2.695914	120	139	39	984.457
-2.356194	1.134796	2.434290	108	2	125	984.253
1.570796	1.050534	3.042579	126	138	36	983.150
-1.308997	2.247462	0.191623	114	9	110	982.566
-3.141593	2.295480	1.008277	110	3	116	982.543
-2.356194	0.910508	1.903534	118	143	121	982.226
2.617994	0.709924	0.218797	1	22	106	982.173
1.308997	0.961715	0.014085	121	2	112	981.041
-1.047198	1.699788	2.452890	136	138	36	980.922
-0.261799	2.637879	2.121598	132	127	36	980.642
0.785398	2.033014	2.977192	129	136	37	980.585
1.047198	1.374601	-2.456031	129	125	37	980.430
0.785398	2.588535	-2.976617	126	127	36	980.408
-2.879793	0.864993	2.278281	112	0	125	980.357
2.356194	1.812176	0.656819	105	16	108	980.112
-3.141593	2.001437	0.381215	113	3	115	979.926
-1.832596	2.356369	3.005869	128	139	37	979.622
-1.832596	1.184361	0.625864	105	11	109	979.480
1.570796	1.367556	0.358405	111	23	103	979.246
-0.785398	2.719179	-1.780644	136	138	38	978.882
1.832596	1.741644	-2.695914	106	7	121	978.230
-2.879793	1.195355	1.200319	119	0	116	978.027
2.879793	2.299159	2.264663	126	135	38	977.558
-2.094395	2.592629	0.909713	109	6	116	977.182
1.570796	0.866955	-0.931351	112	4	115	977.050
-1.047198	1.045978	0.343692	118	13	103	976.828
-1.047198	2.115563	0.685730	116	7	110	976.781
1.570796	1.696674	-1.253233	111	1	120	976.748
-0.785398	1.599406	1.426070	121	0	116	975.942
-1.047198	2.356369	3.005869	124	117	32	975.924
2.617994	1.135813	-2.658866	129	112	27	975.574
2.879793	1.736875	3.023612	123	131	37	975.521
-1.308997	0.709924	0.218797	108	11	109	975.312
-0.523599	1.658653	-2.409879	133	134	38	974.960
-2.356194	0.297065	2.160177	109	5	117	974.661
1.308997	0.960688	-0.577532	111	8	110	974.073
1.832596	1.134796	2.434290	130	140	35	973.759
1.308997	1.569311	-3.003978	133	132	39	973.567
0.261799	1.870545	-2.976234	128	135	37	972.174
1.832596	1.875281	0.107086	116	5	111	971.878
0.261799	2.760637	2.781135	130	126	35	971.821
-2.356194	2.592629	0.909713	109	3	123	971.440
1.832596	1.391910	3.030322	129	134	36	970.467
0.000000	0.615174	-0.666022	116	6	109	970.269
2.094395	2.979456	-1.009304	112	2	122	970.032
-1.308997	2.089241	-0.114193	113	11	110	969.942
1.047198	1.599406	1.426070	119	17	114	969.808
-2.356194	1.599406	1.426070	107	3	118	969.483
-2.879793	1.904882	-1.478089	135	139	33	969.426
-2.879793	1.824694	1.850876	102	6	132	969.058
-2.094395	1.440580	2.260026	106	1	122	968.792
0.000000	0.458961	-0.107937	116	3	111	968.627
-1.832596	1.812176	0.656819	113	7	113	968.474
-2.356194	1.574060	2.783565	117	126	36	968.424
1.832596	2.393226	1.857173	130	138	36	967.866
-0.523599	2.247462	0.191623	132	48	122	967.852
-1.570796	2.984978	1.954446	108	7	113	967.754
-2.617994	1.450119	-2.739050	127	133	40	967.546
-2.879793	1.869911	2.701025	113	141	34	967.501
-2.617994	1.574060	2.783565	116	127	36	966.826
1.308997	0.866955	-0.931351	119	143	116	966.445
0.261799	1.982574	-1.115518	107	4	119	966.178
2.617994	1.606104	-0.451151	127	128	26	965.665
0.523599	0.496451	0.593859	121	2	115	965.373
0.261799	2.396274	-1.959260	108	4	117	965.309
0.785398	2.579248	-2.364801	123	123	33	964.690
-0.523599	1.195355	1.200319	116	0	120	964.608
-0.785398	2.349581	-2.702517	118	122	35	964.419
-2.356194	1.662363	0.915448	102	10	115	963.885
2.617994	1.870545	-2.976234	129	130	36	963.787
1.047198	0.961715	0.014085	116	2	113	963.610
0.785398	2.041297	-2.664597	120	134	34	963.313
2.879793	1.242974	-2.977882	122	137	38	963.296
1.832596	2.588535	-2.976617	128	135	37	963.043
-2.617994	1.662363	0.915448	99	13	116	962.842
1.570796	2.456751	-1.503343	119	0	118	962.771
-3.141593	1.555207	1.708892	97	13	121	962.623
-2.617994	1.310100	1.488307	122	142	118	962.346
0.523599	2.579248	-2.364801	117	2	116	962.041
1.832596	2.396274	-1.959260	123	120	33	961.628
-1.832596	2.588535	-2.976617	111	12	115	961.510
2.879793	1.948085	-2.363031	130	1	37	961.361
2.617994	2.295480	1.008277	106	9	110	961.262
2.356194	1.417623	-0.202254	122	9	106	960.538
1.570796	1.256302	0.062705	113	18	103	960.301
-1.308997	1.413347	-1.339188	118	22	109	959.937
2.094395	1.135813	-2.658866	123	135	40	959.901
2.617994	1.554776	0.100351	118	12	105	959.625
-2.879793	1.812176	0.656819	100	17	113	959.539
-1.570796	1.335669	0.897240	111	4	111	958.628
0.785398	1.696674	-1.253233	116	1	117	958.551
2.879793	2.041297	-2.664597	131	138	38	958.163
-2.617994	1.870545	-2.976234	119	140	38	957.963
0.000000	2.664082	-1.071402	107	7	117	957.820
-1.308997	0.762244	-0.273349	99	22	112	957.451
-1.570796	1.184361	0.625864	108	9	109	957.379
2.617994	1.736875	3.023612	124	132	37	957.336
-1.047198	1.606104	-0.451151	124	47	111	957.303
-3.141593	2.407836	1.410646	105	6	114	957.040
-1.047198	1.569311	-3.003978	126	129	39	956.833
1.308997	0.615174	-0.666022	115	11	107	956.668
-2.617994	1.247695	1.809890	103	9	116	956.439
-2.094395	2.115563	0.685730	118	5	109	956.277
-2.617994	1.506530	1.988858	104	6	120	956.234
2.094395	2.356369	3.005869	131	131	37	955.933
-2.879793	0.419640	2.974122	112	3	119	955.849
1.047198	2.396274	-1.959260	118	134	34	955.727
-3.141593	2.393226	1.857173	99	11	117	955.199
-2.879793	2.379497	0.561089	116	143	122	955.160
0.261799	0.674054	1.013609	123	5	112	954.999
1.570796	0.379747	-1.713059	118	0	115	954.816
-3.141593	0.864993	2.278281	112	143	125	954.805
-1.570796	1.045978	0.343692	111	12	107	954.616
-3.141593	1.391910	3.030322	120	138	38	954.556
-2.356194	0.619654	-2.216909	33	24	6	954.438
-1.570796	1.869911	2.701025	132	132	37	954.351
2.879793	2.108018	1.311430	105	12	109	954.288
-0.785398	1.045978	0.343692	107	3	122	954.277
-2.879793	0.203748	0.590255	113	7	112	954.275
2.617994	1.218453	2.777284	117	140	37	954.228
1.047198	2.033014	2.977192	131	135	38	953.797
0.785398	1.194549	-0.801900	113	142	119	953.754
-2.356194	2.251330	-2.330739	121	143	36	953.645
-0.261799	1.869911	2.701025	134	142	37	953.620
-2.617994	0.618092	2.539118	110	2	122	953.436
-3.141593	1.741644	-2.695914	129	136	38	953.402
-1.832596	2.637879	2.121598	102	12	113	953.383
-1.570796	2.089241	-0.114193	117	13	109	953.131
-2.094395	0.906588	1.252948	104	8	114	952.885
-2.617994	0.458961	-0.107937	106	13	111	952.847
-1.570796	1.870545	-2.976234	130	133	38	952.612
2.356194	1.050534	3.042579	114	142	36	952.075
-1.832596	2.041297	-2.664597	129	142	36	951.546
-1.570796	2.164094	-2.991358	130	138	36	950.968
1.308997	1.367556	0.358405	111	25	103	950.752
1.570796	0.615174	-0.666022	119	6	110	950.434
-2.617994	2.138223	1.678323	109	2	128	950.225
2.094395	1.741644	-2.695914	127	119	33	949.386
2.879793	2.664082	-1.071402	37	107	5	948.871
0.523599	2.153910	-1.714959	110	3	118	948.487
-1.047198	2.247462	0.191623	117	8	109	948.308
-0.523599	0.618092	2.539118	133	133	35	947.914
-0.261799	1.569311	-3.003978	124	133	39	947.838
1.047198	1.869911	2.701025	132	135	37	947.771
-1.570796	1.504028	0.636812	113	8	107	947.533
-1.832596	0.914445	2.687814	32	116	34	947.354
-2.617994	1.555207	1.708892	115	0	123	947.098
-1.832596	2.089241	-0.114193	116	14	108	946.721
1.832596	1.732874	-0.951685	120	0	113	946.439
2.617994	0.370812	-2.547742	116	1	116	946.318
0.523599	0.458961	-0.107937	112	14	107	946.181
-0.261799	0.458961	-0.107937	111	4	112	945.738
2.356194	0.640596	-2.797608	107	4	116	945.621
2.356194	2.174483	2.653697	130	135	38	945.601
-2.879793	0.914445	2.687814	117	143	128	945.088
0.523599	0.850607	-1.335383	100	10	118	944.937
2.879793	2.704512	1.488683	101	8	118	944.869
0.785398	1.574060	2.783565	122	132	37	944.864
1.308997	1.721184	-0.153948	104	17	107	944.230
0.000000	2.343981	-1.040456	106	5	120	944.196
2.356194	2.379497	0.561089	109	5	111	944.133
0.785398	2.984978	1.954446	127	135	38	943.893
1.570796	0.914445	2.687814	121	143	36	943.668
-2.094395	1.247695	1.809890	128	126	33	943.391
1.047198	1.545873	-1.877082	103	5	131	943.368
-3.141593	2.404280	-0.174044	117	9	108	943.233
1.308997	1.417623	-0.202254	114	1	114	943.230
-2.617994	1.569311	-3.003978	125	134	38	943.210
0.523599	1.413430	2.550734	124	137	36	943.075
2.356194	1.606104	-0.451151	118	7	107	942.975
0.261799	0.850607	-1.335383	120	131	32	942.531
0.785398	1.948085	-2.363031	131	126	36	942.056
-2.356194	2.393226	1.857173	127	132	36	941.897
-3.141593	2.115563	0.685730	116	4	110	941.261
0.523599	0.960688	-0.577532	100	23	112	941.083
0.000000	1.135834	-1.431087	115	32	3	941.073
-0.523599	0.960688	-0.577532	121	10	107	940.670
2.617994	1.569311	-3.003978	127	126	36	940.560
1.570796	1.440580	2.260026	123	136	34	940.321
-2.356194	1.195355	1.200319	101	12	110	940.200
-3.141593	2.478122	2.609777	113	20	113	939.786
-2.879793	2.247462	0.191623	114	11	106	939.647
1.308997	1.025536	1.576859	134	45	137	939.395
-2.356194	1.736875	3.023612	119	134	37	939.377
0.000000	2.033014	2.977192	123	140	37	938.892
-0.523599	2.356369	3.005869	22	121	40	938.849
-2.879793	1.870545	-2.976234	120	139	39	938.835
-1.308997	2.343981	-1.040456	132	48	134	938.773
-1.570796	1.662363	0.915448	110	3	120	938.459
-0.261799	1.025536	1.576859	117	1	127	938.279
0.000000	0.290380	-0.796960	103	7	116	938.177
-2.617994	2.251330	-2.330739	124	142	36	937.740
-0.261799	2.478122	2.609777	132	133	36	937.447
-1.570796	0.831641	0.616218	110	7	111	936.632
2.617994	1.247695	1.809890	97	28	116	936.074
2.879793	2.295480	1.008277	100	8	129	936.066
-2.094395	1.218453	2.777284	124	122	35	935.378
-1.308997	2.407836	1.410646	119	2	113	934.727
1.832596	0.850607	-1.335383	113	4	112	934.717
-1.832596	1.050534	3.042579	125	10	117	934.601
0.523599	1.247695	1.809890	117	17	117	934.193
0.000000	1.134497	-1.109631	120	130	28	934.039
-3.141593	1.870545	-2.976234	125	139	38	933.910
-2.879793	1.184361	0.625864	114	4	112	933.781
-1.308997	1.433411	-1.035986	120	17	109	933.684
-2.094395	1.450119	-2.739050	31	111	30	933.420
0.523599	2.180315	-1.357379	113	1	118	933.339
-1.832596	1.488617	1.159546	109	2	114	933.134
0.523599	1.413347	-1.339188	104	15	109	932.725
-0.785398	1.247695	1.809890	112	3	120	932.644
1.570796	1.218453	2.777284	128	134	36	932.606
0.785398	2.180315	-1.357379	113	4	114	932.280
-0.523599	0.910508	1.903534	117	2	126	932.206
-0.785398	1.218453	2.777284	127	133	36	932.184
2.094395	1.696674	-1.253233	116	2	112	932.064
0.785398	2.153910	-1.714959	115	2	118	932.060
0.261799	1.440580	2.260026	127	141	35	931.805
2.879793	1.218453	2.777284	113	138	37	931.773
-3.141593	1.045978	0.343692	141	18	106	931.768
1.308997	1.113094	-0.272241	116	0	117	931.523
-2.356194	1.977582	0.969896	108	6	111	931.489
2.617994	2.108018	1.311430	103	15	109	931.386
-2.356194	0.762244	-0.273349	111	10	111	931.288
-1.832596	1.736875	3.023612	132	130	36	930.973
1.047198	1.135834	-1.431087	109	4	116	930.808
-3.141593	1.812176	0.656819	116	10	107	930.781
-3.141593	1.242974	-2.977882	123	136	38	930.745
-1.832596	2.001437	0.381215	123	11	105	930.717
1.832596	0.866955	-0.931351	21	104	143	930.645
-1.308997	1.809167	1.213774	109	3	119	930.541
-2.356194	0.618092	2.539118	119	4	114	930.371
-2.879793	1.488617	1.159546	119	1	116	930.357
-3.141593	1.310100	1.488307	119	126	29	930.312
0.523599	0.379747	-1.713059	97	12	130	930.167
0.000000	2.588535	-2.976617	126	133	38	930.133
0.523599	1.025536	1.576859	116	15	119	929.994
-1.308997	1.658653	-2.409879	23	21	29	929.906
2.094395	2.343981	-1.040456	123	3	112	929.137
-3.141593	0.914445	2.687814	114	0	120	928.553
2.094395	0.992645	-1.723759	113	1	116	928.511
-0.523599	1.050534	3.042579	139	136	37	928.298
2.356194	2.115563	0.685730	110	9	108	928.111
-1.308997	2.393226	1.857173	115	4	112	927.982
-2.879793	2.174483	2.653697	110	0	31	927.891
0.523599	0.615174	-0.666022	111	0	118	927.865
-2.356194	2.115563	0.685730	114	6	108	927.687
1.047198	0.992645	-1.723759	103	3	133	927.664
1.832596	1.617114	-1.572037	116	2	112	927.635
-1.308997	2.187132	-0.479875	134	47	126	927.562
-1.047198	1.869911	2.701025	129	136	38	927.513
1.047198	1.904882	-1.478089	102	5	124	927.328
-1.308997	1.135834	-1.431087	119	20	109	927.045
-2.617994	1.218453	2.777284	122	133	37	926.928
2.879793	1.875281	0.107086	117	7	108	926.806
0.261799	2.579248	-2.364801	113	3	116	926.692
-0.785398	1.168678	2.108595	113	3	124	926.678
2.356194	1.135813	-2.658866	28	108	29	926.014
2.879793	0.080730	-2.622036	116	143	122	925.982
-2.094395	1.195355	1.200319	105	7	111	925.924
1.832596	1.256302	0.062705	114	17	104	925.533
-1.570796	2.396274	-1.959260	114	139	34	925.525
-2.617994	1.195355	1.200319	99	16	110	925.398
1.308997	0.914445	2.687814	142	0	39	925.273
-2.356194	1.440580	2.260026	108	2	123	925.251
-3.141593	1.904882	-1.478089	38	117	27	925.194
-2.094395	1.846342	-1.796954	130	139	34	924.939
2.879793	1.488617	1.159546	113	131	27	924.764
2.617994	1.721184	-0.153948	119	7	108	924.647
2.879793	1.574060	2.783565	126	132	36	924.416
-2.879793	2.001437	0.381215	115	143	118	923.156
-0.785398	1.574060	2.783565	131	124	35	923.110
-2.879793	2.033014	2.977192	121	138	36	923.072
2.094395	1.510910	-0.740472	115	2	115	923.062
-1.570796	1.948085	-2.363031	120	133	38	923.048
1.570796	1.506530	1.988858	125	140	34	922.894
-1.308997	1.948085	-2.363031	121	137	37	922.747
-2.094395	1.617114	-1.572037	136	47	123	922.680
0.523599	1.904882	-1.478089	110	3	118	922.565
-0.785398	2.041297	-2.664597	128	126	36	922.527
0.000000	2.704512	1.488683	30	22	14	922.344
2.617994	2.041297	-2.664597	133	135	38	922.168
0.785398	0.458961	-0.107937	114	13	107	921.825
-1.308997	1.391910	3.030322	129	123	37	921.732
-2.356194	1.050534	3.042579	128	124	36	921.666
1.308997	1.391910	3.030322	132	139	37	921.602
-3.141593	2.041297	-2.664597	129	142	36	921.553
-1.047198	1.413430	2.550734	17	130	43	921.542
0.000000	1.599406	1.426070	127	4	28	921.136
2.356194	1.450119	-2.739050	131	134	38	920.750
-2.879793	1.128190	-2.288622	123	137	38	920.639
1.308997	0.619654	-2.216909	126	135	36	920.269
0.261799	2.174483	2.653697	131	134	38	920.067
-3.141593	1.506530	1.988858	96	13	126	920.044
-2.356194	1.488617	1.159546	109	6	112	919.839
1.832596	1.569311	-3.003978	128	141	39	919.725
-1.570796	2.153910	-1.714959	130	51	129	919.484
-2.617994	1.488617	1.159546	114	11	106	919.442
2.879793	2.247462	0.191623	114	3	113	918.522
-0.785398	1.948085	-2.363031	117	31	9	918.310
-1.047198	1.909857	-0.381669	128	47	112	918.306
0.785398	1.766067	2.153843	128	139	36	918.122
1.308997	1.836682	-0.676006	114	143	115	917.949
2.094395	1.256302	0.062705	131	10	105	917.782
-2.879793	1.545873	-1.877082	38	116	27	917.435
1.308997	0.571433	-1.188419	107	12	108	917.179
-1.308997	0.929350	-2.910676	108	9	130	917.151
1.308997	2.637879	2.121598	131	140	37	916.895
1.047198	1.134796	2.434290	119	142	34	916.881
2.617994	2.704512	1.488683	98	12	118	916.698
1.047198	1.510910	-0.740472	120	128	25	916.691
2.879793	1.812176	0.656819	114	10	109	916.543
2.094395	0.379747	-1.713059	112	4	116	916.418
-2.879793	1.658653	-2.409879	129	129	38	916.061
-2.094395	0.700570	1.559208	105	4	117	916.018
1.832596	1.134497	-1.109631	104	5	119	915.866
2.094395	2.089241	-0.114193	105	6	118	915.838
0.261799	1.413430	2.550734	125	136	35	915.742
-0.261799	1.113094	-0.272241	104	6	116	915.716
-1.047198	1.836682	-0.676006	123	50	116	915.619
0.523599	0.571433	-1.188419	103	7	117	915.588
0.261799	2.379497	0.561089	124	136	37	915.555
0.261799	2.356369	3.005869	126	136	37	915.552
1.047198	1.574060	2.783565	120	132	37	915.188
-3.141593	2.456751	-1.503343	112	3	131	915.178
-2.356194	1.450119	-2.739050	32	113	31	914.812
-2.356194	1.506530	1.988858	111	3	117	914.752
1.308997	0.899350	-2.069907	129	131	36	914.697
2.094395	2.881233	-2.582574	132	134	35	914.622
-1.308997	1.869911	2.701025	131	129	37	914.462
1.308997	1.135834	-1.431087	109	2	120	914.128
-0.785398	1.658653	-2.409879	133	136	37	914.123
-3.141593	1.488617	1.159546	114	128	28	913.824
1.570796	1.450119	-2.739050	131	127	38	913.631
1.047198	1.050534	3.042579	129	134	36	913.250
0.785398	1.699788	2.452890	126	135	36	913.161
-1.308997	2.164094	-2.991358	132	137	37	913.118
-2.879793	1.218453	2.777284	125	131	36	913.026
-0.785398	2.984978	1.954446	38	114	27	912.708
-2.094395	1.134796	2.434290	130	133	35	912.613
-1.047198	2.164094	-2.991358	122	121	35	912.610
1.047198	0.685216	-1.712745	105	4	125	912.324
-2.879793	2.456751	-1.503343	133	127	34	912.264
0.261799	2.664082	-1.071402	116	6	111	911.958
2.356194	1.391910	3.030322	126	129	35	911.956
-0.261799	1.948085	-2.363031	134	134	37	911.627
2.356194	1.909857	-0.381669	121	4	109	911.597
-1.832596	1.135834	-1.431087	131	49	119	911.537
-1.570796	2.863997	0.549740	117	8	112	911.529
-1.308997	2.356369	3.005869	127	136	37	911.284
-3.141593	1.875281	0.107086	119	2	112	911.280
2.356194	2.063651	-2.044600	132	134	37	911.170
-1.832596	1.696674	-1.253233	41	17	14	910.984
-0.785398	1.824694	1.850876	119	0	116	910.949
0.000000	0.866955	-0.931351	107	14	107	910.947
0.785398	2.164094	-2.991358	128	128	38	910.738
-2.879793	2.089241	-0.114193	119	15	104	910.731
2.356194	2.587733	0.232235	103	6	133	910.190
1.832596	1.433411	-1.035986	118	1	114	910.109
1.047198	0.619654	-2.216909	99	10	135	909.885
0.523599	1.696674	-1.253233	111	3	118	909.854
-2.094395	1.736875	3.023612	128	133	38	909.661
0.523599	0.640596	-2.797608	103	15	116	909.640
-1.570796	0.762244	-0.273349	100	26	112	909.570
-2.617994	0.591903	2.010408	119	143	118	909.528
0.000000	1.128190	-2.288622	110	19	115	909.473
-0.523599	1.948085	-2.363031	130	131	37	909.339
2.617994	0.733948	3.021411	107	3	117	909.297
0.785398	0.850607	-1.335383	110	5	116	909.224
-1.570796	1.904882	-1.478089	136	46	136	909.027
1.832596	0.685216	-1.712745	111	3	114	908.898
-2.617994	1.335669	0.897240	102	18	106	908.787
-1.047198	1.809167	1.213774	112	6	112	908.687
2.094395	2.349581	-2.702517	46	122	24	908.639
-2.617994	1.025536	1.576859	118	143	119	908.539
1.832596	0.458961	-0.107937	115	12	107	908.184
-2.356194	0.700570	1.559208	103	12	112	908.154
0.785398	0.685216	-1.712745	99	7	130	908.151
0.261799	1.812176	0.656819	121	2	31	908.100
-1.047198	2.108018	1.311430	111	4	115	907.996
-2.356194	1.448123	-2.163292	42	123	27	907.814
2.094395	1.301460	-0.509251	117	7	109	907.807
-2.879793	2.760637	2.781135	106	16	121	907.713
1.570796	0.571433	-1.188419	113	6	110	907.640
0.523599	1.134497	-1.109631	108	13	108	907.427
-1.047198	1.440580	2.260026	143	137	35	906.958
-2.879793	1.599406	1.426070	109	11	109	906.718
2.617994	2.001437	0.381215	115	6	110	906.570
2.617994	1.417623	-0.202254	126	126	24	906.545
-0.523599	1.736875	3.023612	128	127	38	906.332
2.879793	1.870545	-2.976234	133	124	35	906.312
2.356194	1.699788	2.452890	114	138	35	906.197
2.617994	2.456751	-1.503343	28	107	31	906.011
2.094395	1.870545	-2.976234	128	124	35	905.678
2.094395	2.404280	-0.174044	106	3	116	905.629
-0.785398	2.760637	2.781135	114	3	116	905.252
1.308997	1.301460	-0.509251	107	10	110	905.044
-2.617994	1.413430	2.550734	105	5	129	905.027
-2.356194	1.014500	0.906702	101	19	107	904.893
-1.570796	0.914445	2.687814	120	142	129	904.879
-2.879793	1.391910	3.030322	119	136	39	904.291
-1.308997	1.014500	0.906702	114	4	108	904.218
2.617994	1.391910	3.030322	7	113	42	904.168
0.523599	2.104282	-0.813972	110	4	113	904.121
-1.832596	1.014500	0.906702	103	7	113	903.971
2.879793	2.164094	-2.991358	133	130	36	903.851
-2.879793	2.041297	-2.664597	121	136	39	903.718
1.570796	0.961715	0.014085	125	3	112	903.541
-0.523599	1.413430	2.550734	128	130	35	903.443
-1.570796	1.998705	2.370472	131	133	37	903.332
1.570796	2.343981	-1.040456	100	9	119	903.286
-3.141593	2.174483	2.653697	131	134	38	903.175
1.832596	1.909857	-0.381669	114	7	106	903.028
1.570796	1.184361	0.625864	114	27	103	902.876
2.879793	2.587733	0.232235	114	0	116	902.512
1.308997	1.683268	0.374177	112	10	107	902.486
-1.832596	1.683268	0.374177	129	8	106	902.364
1.308997	0.762244	-0.273349	118	10	106	902.223
-2.617994	2.393226	1.857173	105	4	133	901.994
-1.570796	1.391910	3.030322	33	115	33	901.312
2.617994	1.367556	0.358405	122	15	103	901.301
1.832596	2.138223	1.678323	118	20	111	901.207
-1.832596	1.658653	-2.409879	127	137	38	900.777
-2.617994	2.704512	1.488683	125	134	38	900.488
2.094395	1.025536	1.576859	127	2	30	900.205
-1.832596	0.960688	-0.577532	142	38	112	899.998
2.356194	2.033014	2.977192	130	130	35	899.940
-3.141593	1.025536	1.576859	121	123	27	899.745
-2.094395	0.618092	2.539118	123	132	36	899.603
-0.523599	1.256302	0.062705	111	3	116	899.494
-0.261799	1.736875	3.023612	129	128	38	899.275
0.261799	1.699788	2.452890	24	128	41	899.131
-3.141593	2.089241	-0.114193	117	14	104	898.598
-1.047198	2.863997	0.549740	31	26	4	898.594
0.000000	1.869911	2.701025	135	0	37	898.474
-2.879793	0.992645	-1.723759	134	139	35	898.322
0.523599	2.343981	-1.040456	110	4	114	898.246
0.523599	1.574060	2.783565	123	132	37	898.147
-1.832596	2.299159	2.264663	134	135	37	897.940
-0.523599	1.599406	1.426070	121	3	114	897.680
0.523599	1.194549	-0.801900	108	0	121	897.361
1.832596	1.113094	-0.272241	117	13	104	897.179
-2.356194	1.256302	0.062705	134	122	25	896.809
-0.261799	0.674054	1.013609	111	7	111	896.743
-1.570796	1.510910	-0.740472	141	41	112	896.693
-1.308997	0.674054	1.013609	112	4	111	896.512
-1.047198	2.063651	-2.044600	115	136	36	896.501
-1.308997	1.184361	0.625864	111	6	108	896.227
0.785398	1.247695	1.809890	135	48	133	895.824
0.000000	2.760637	2.781135	128	130	37	895.707
-0.523599	2.174483	2.653697	43	116	26	895.398
-0.523599	1.662363	0.915448	117	1	117	895.170
2.356194	2.393226	1.857173	106	18	117	895.129
-1.832596	2.295480	1.008277	109	5	116	895.116
-1.308997	2.299159	2.264663	36	108	21	895.033
1.308997	0.992645	-1.723759	131	125	35	894.880
-2.879793	1.683268	0.374177	115	1	114	894.730
-2.356194	1.367556	0.358405	104	20	109	894.653
-1.570796	1.134796	2.434290	117	142	125	894.615
0.000000	2.349581	-2.702517	111	1	122	894.527
1.308997	2.108018	1.311430	128	139	33	894.452
-2.094395	0.290380	-0.796960	107	18	109	894.411
1.308997	1.699788	2.452890	122	137	36	894.390
-2.094395	2.187132	-0.479875	118	18	107	894.229
0.261799	2.478122	2.609777	31	109	30	894.088
2.356194	2.001437	0.381215	106	8	117	894.072
-1.832596	0.866955	-0.931351	137	43	115	893.998
1.308997	1.374601	-2.456031	129	123	36	893.954
1.308997	0.850607	-1.335383	111	1	118	893.897
-0.785398	1.662363	0.915448	113	2	117	893.816
-2.094395	1.168678	2.108595	111	1	119	893.446
2.356194	0.080730	-2.622036	112	143	122	893.356
2.879793	0.910508	1.903534	97	25	115	892.964
-1.047198	1.948085	-2.363031	119	132	38	892.915
-1.047198	2.174483	2.653697	124	140	38	892.812
2.617994	1.948085	-2.363031	136	138	38	892.739
1.570796	1.569311	-3.003978	103	9	122	892.594
-2.094395	1.310100	1.488307	107	2	116	892.398
2.356194	1.367556	0.358405	118	13	106	892.311
-2.879793	1.301460	-0.509251	112	7	111	892.258
-2.617994	1.014500	0.906702	100	23	107	892.213
-2.356194	0.866955	-0.931351	125	142	32	892.136
2.094395	0.619654	-2.216909	102	7	131	891.209
1.308997	1.756530	-2.105156	128	129	37	891.051
-1.570796	1.242974	-2.977882	129	127	39	890.953
2.879793	1.569311	-3.003978	128	125	36	890.639
-0.785398	1.301460	-0.509251	106	7	117	890.550
2.879793	2.033014	2.977192	130	134	37	890.476
-2.094395	2.979456	-1.009304	132	131	37	890.367
1.570796	2.719179	-1.780644	107	2	126	889.822
0.523599	1.809167	1.213774	142	43	123	889.738
-0.785398	1.555207	1.708892	117	0	119	889.687
-3.141593	2.379497	0.561089	111	1	123	889.653
-2.356194	2.379497	0.561089	108	9	113	889.642
-0.523599	2.478122	2.609777	36	117	30	889.565
-3.141593	2.180315	-1.357379	48	122	20	889.132
2.617994	2.033014	2.977192	130	129	36	888.903
-0.261799	0.910508	1.903534	123	2	125	888.837
-1.308997	1.569311	-3.003978	127	127	39	888.762
-2.094395	0.914445	2.687814	18	106	36	888.762
-0.261799	2.664082	-1.071402	104	10	117	888.759
-2.356194	0.914445	2.687814	15	106	37	888.656
-2.879793	2.407836	1.410646	126	128	37	888.383
-1.047198	2.041297	-2.664597	121	126	37	888.243
-1.047198	2.089241	-0.114193	115	10	109	888.009
-2.356194	2.138223	1.678323	132	130	34	887.982
2.094395	1.683268	0.374177	120	5	111	887.674
0.261799	0.615174	-0.666022	101	7	116	887.524
1.832596	0.418037	1.360082	6	46	130	887.402
0.523599	0.831641	0.616218	119	5	110	887.394
0.785398	1.977582	0.969896	115	17	108	887.255
1.570796	2.063651	-2.044600	131	125	37	887.168
0.523599	1.242974	-2.977882	129	141	39	887.071
2.356194	1.194549	-0.801900	121	7	107	886.974
0.785398	1.134796	2.434290	120	142	33	886.724
1.570796	1.809167	1.213774	125	50	124	886.711
-1.047198	2.104282	-0.813972	130	50	128	886.570
-0.785398	1.554776	0.100351	113	3	116	886.505
-0.261799	0.297065	2.160177	131	131	35	886.471
-1.832596	2.153910	-1.714959	123	143	33	886.304
-2.094395	1.488617	1.159546	107	7	110	886.214
-3.141593	1.658653	-2.409879	32	129	40	885.968
-2.094395	0.418037	1.360082	101	7	118	885.916
1.308997	1.256302	0.062705	112	19	103	885.752
-0.785398	2.664082	-1.071402	108	143	26	885.657
-2.356194	0.290380	-0.796960	125	138	36	885.463
0.000000	1.606104	-0.451151	110	4	115	885.214
-0.523599	1.870545	-2.976234	129	127	36	884.922
-1.832596	2.455966	-0.641220	116	17	108	884.911
-2.879793	0.709924	0.218797	142	25	107	884.816
2.617994	1.256302	0.062705	114	3	114	884.794
-2.617994	1.134497	-1.109631	121	2	30	884.454
-2.879793	2.478122	2.609777	113	19	112	884.036
-1.570796	0.618092	2.539118	120	142	127	883.975
1.308997	2.164094	-2.991358	128	131	38	883.773
0.000000	1.569311	-3.003978	124	134	39	883.732
1.832596	1.869911	2.701025	124	133	37	883.369
-1.047198	2.881233	-2.582574	117	121	25	883.310
-1.047198	1.812176	0.656819	112	2	118	883.206
-2.879793	1.413430	2.550734	102	8	129	883.057
-2.094395	1.135834	-1.431087	135	48	120	882.961
-1.047198	1.977582	0.969896	114	4	114	882.878
1.047198	1.413430	2.550734	120	138	36	882.770
-1.832596	1.247695	1.809890	130	126	33	882.763
-2.617994	0.297065	2.160177	104	4	122	882.710
-2.094395	2.379497	0.561089	124	1	117	882.403
0.523599	1.869911	2.701025	132	138	36	882.154
2.879793	1.599406	1.426070	97	18	116	882.054
-1.308997	2.719179	-1.780644	108	138	30	881.999
1.308997	1.335669	0.897240	116	132	25	881.933
1.047198	0.709924	0.218797	122	2	114	881.598
0.523599	0.866395	-2.492918	103	12	119	881.508
2.879793	2.063651	-2.044600	46	126	28	881.446
-1.047198	1.194549	-0.801900	129	138	27	881.201
2.879793	0.733948	3.021411	126	130	37	881.114
0.785398	2.299159	2.264663	131	131	38	881.032
-0.785398	2.174483	2.653697	122	140	38	880.790
-2.879793	2.115563	0.685730	107	8	109	880.627
-3.141593	2.108018	1.311430	103	6	124	880.625
0.785398	1.846342	-1.796954	127	121	33	880.524
-2.617994	1.683268	0.374177	118	1	113	880.409
-2.617994	1.367556	0.358405	133	123	25	880.361
-3.141593	1.413430	2.550734	100	13	130	880.255
1.047198	0.762244	-0.273349	114	15	105	880.079
2.356194	2.881233	-2.582574	131	131	36	879.906
-2.356194	1.504028	0.636812	102	15	112	879.833
-2.356194	2.478122	2.609777	126	136	37	879.812
-0.785398	1.872854	1.543456	118	3	113	879.633
2.617994	0.640596	-2.797608	102	7	132	879.619
2.356194	1.569311	-3.003978	129	129	36	879.482
-1.308997	0.640596	-2.797608	111	10	133	879.088
-1.832596	1.440580	2.260026	129	134	35	879.003
1.570796	2.164094	-2.991358	129	133	39	878.485
1.308997	1.310100	1.488307	126	2	29	878.393
1.047198	0.571433	-1.188419	111	142	124	878.316
-3.141593	1.683268	0.374177	106	3	118	878.265
2.094395	1.875281	0.107086	120	2	117	878.230
2.356194	0.709924	0.218797	2	21	106	878.202
0.261799	1.606104	-0.451151	107	7	111	878.097
-1.832596	1.977582	0.969896	113	3	117	878.039
-2.356194	1.756530	-2.105156	34	136	37	877.433
1.832596	0.992645	-1.723759	109	2	117	877.343
0.261799	1.450119	-2.739050	132	136	39	877.339
2.617994	1.812176	0.656819	116	12	105	877.237
-0.523599	1.569311	-3.003978	125	132	38	877.234
-1.570796	2.704512	1.488683	111	6	114	877.089
1.047198	2.984978	1.954446	126	136	38	877.030
-1.047198	0.496451	0.593859	112	3	113	876.928
-2.879793	1.440580	2.260026	101	9	125	876.813
-1.832596	1.045978	0.343692	139	126	127	876.808
-2.879793	0.640596	-2.797608	131	124	36	876.750
2.094395	1.367556	0.358405	115	18	104	876.745
2.356194	2.295480	1.008277	103	12	111	876.615
2.094395	1.135834	-1.431087	114	1	116	876.287
0.261799	2.349581	-2.702517	121	127	36	876.242
-2.356194	1.683268	0.374177	113	14	104	875.936
0.785398	1.662363	0.915448	128	142	29	875.933
-1.047198	2.073035	2.027405	115	1	116	875.794
2.094395	1.812176	0.656819	97	22	113	875.435
2.879793	1.050534	3.042579	120	137	37	875.263
0.000000	2.579248	-2.364801	107	4	117	875.211
-2.617994	0.733948	3.021411	35	109	27	874.845
-1.308997	1.756530	-2.105156	122	138	37	874.803
-2.879793	1.310100	1.488307	135	127	130	874.716
1.308997	1.846342	-1.796954	104	3	123	874.375
1.047198	1.569311	-3.003978	128	142	39	874.314
-1.047198	0.458961	-0.107937	102	12	112	874.108
-2.094395	1.050534	3.042579	122	8	118	873.896
0.523599	0.591903	2.010408	137	47	135	873.727
-0.785398	2.393226	1.857173	32	104	22	873.453
1.570796	2.407836	1.410646	120	35	12	873.339
2.356194	1.869911	2.701025	118	137	37	873.174
2.617994	1.732874	-0.951685	112	0	121	873.124
-2.617994	1.545873	-1.877082	41	120	26	873.000
2.617994	0.866395	-2.492918	108	5	135	872.672
0.785398	1.756530	-2.105156	101	9	137	872.591
0.523599	0.709924	0.218797	112	2	114	872.474
-2.094395	1.135813	-2.658866	42	117	26	872.423
2.094395	1.113094	-0.272241	120	11	105	872.271
-2.356194	2.343981	-1.040456	135	128	34	872.077
-2.356194	2.001437	0.381215	118	11	105	871.896
-2.094395	1.554776	0.100351	116	19	102	871.798
-2.879793	0.591903	2.010408	99	15	116	871.744
-0.785398	1.741644	-2.695914	120	132	39	871.375
-2.356194	1.998705	2.370472	131	126	37	871.374
-3.141593	0.080730	-2.622036	117	5	113	871.325
-3.141593	1.699788	2.452890	129	111	28	870.933
2.617994	1.869911	2.701025	118	137	36	870.505
1.570796	2.356369	3.005869	47	135	27	870.440
0.000000	2.456751	-1.503343	115	3	114	870.105
2.094395	1.617114	-1.572037	134	130	33	869.663
0.261799	1.736875	3.023612	130	132	38	869.646
-1.832596	1.809167	1.213774	111	1	121	869.531
-2.094395	1.113094	-0.272241	136	33	105	869.445
0.785398	1.741644	-2.695914	123	0	128	869.293
2.879793	1.904882	-1.478089	137	131	33	868.898
1.570796	2.187132	-0.479875	136	122	129	868.898
-1.047198	2.349581	-2.702517	116	123	36	868.887
-1.047198	2.456751	-1.503343	110	141	30	868.882
-1.308997	2.063651	-2.044600	121	141	34	868.789
-2.879793	1.741644	-2.695914	130	142	39	868.732
-0.785398	0.762244	-0.273349	109	10	112	868.601
-1.570796	0.370812	-2.547742	134	137	35	868.392
1.047198	1.662363	0.915448	115	16	108	868.202
2.356194	1.134497	-1.109631	133	130	31	868.188
0.000000	0.571433	-1.188419	95	13	124	867.864
1.047198	1.135813	-2.658866	126	130	39	867.830
-0.261799	2.041297	-2.664597	124	127	38	867.818
-0.523599	2.041297	-2.664597	123	126	38	867.665
1.047198	0.866955	-0.931351	114	143	118	867.559
-1.570796	1.741644	-2.695914	120	132	40	867.544
-1.047198	2.187132	-0.479875	129	49	127	867.395
1.047198	2.863997	0.549740	118	33	15	867.192
-0.523599	1.134796	2.434290	131	131	34	867.146
-0.785398	1.242974	-2.977882	130	134	39	867.071
0.785398	2.356369	3.005869	30	113	35	867.055
0.261799	1.872854	1.543456	5	38	121	866.933
-0.785398	2.637879	2.121598	115	2	118	866.809
-2.879793	0.674054	1.013609	113	4	113	866.800
-1.047198	0.370812	-2.547742	131	136	37	866.673
1.308997	2.174483	2.653697	129	131	37	866.651
-1.570796	0.929350	-2.910676	106	12	130	866.641
0.261799	0.370812	-2.547742	125	136	35	866.541
-1.047198	2.637879	2.121598	110	3	118	866.435
-1.047198	2.299159	2.264663	115	0	117	866.432
1.832596	1.413347	-1.339188	133	124	31	866.349
2.094395	0.910508	1.903534	131	1	32	866.333
1.832596	1.736875	3.023612	119	139	39	866.329
1.047198	0.418037	1.360082	143	43	117	866.264
-0.523599	1.555207	1.708892	128	0	115	866.209
1.308997	1.050534	3.042579	129	136	37	866.183
2.094395	1.736875	3.023612	124	131	37	865.963
0.000000	1.113094	-0.272241	107	3	115	865.950
-0.785398	1.413430	2.550734	128	127	36	865.944
-0.523599	2.073035	2.027405	36	111	26	865.883
-0.785398	0.831641	0.616218	142	133	121	865.863
-2.094395	1.325504	-1.671296	136	47	125	865.766
-1.832596	0.080730	-2.622036	31	25	11	865.547
-0.785398	1.545873	-1.877082	14	19	30	865.469
1.047198	2.073035	2.027405	28	29	14	865.419
-1.308997	0.203748	0.590255	106	3	120	865.160
-2.094395	1.256302	0.062705	105	22	108	865.022
-1.832596	0.709924	0.218797	98	20	113	865.009
2.356194	2.164094	-2.991358	130	125	37	864.811
1.047198	1.301460	-0.509251	104	12	110	864.804
-2.617994	2.115563	0.685730	111	7	109	864.746
1.047198	0.906588	1.252948	136	47	124	864.293
1.308997	1.168678	2.108595	139	46	140	864.211
2.879793	1.391910	3.030322	119	139	39	864.180
0.523599	2.984978	1.954446	128	133	38	864.043
2.879793	0.960688	-0.577532	33	7	129	863.975
2.617994	1.574060	2.783565	114	130	37	863.860
0.785398	1.433411	-1.035986	110	15	106	863.670
0.785398	0.762244	-0.273349	112	16	104	863.550
2.617994	1.809167	1.213774	98	19	114	863.502
0.261799	0.203748	0.590255	116	143	121	863.473
0.523599	1.812176	0.656819	117	1	32	863.200
-0.523599	1.301460	-0.509251	100	12	116	863.097
-0.261799	1.699788	2.452890	139	0	36	863.041
-1.832596	1.218453	2.777284	127	125	35	863.023
-2.879793	1.504028	0.636812	100	20	111	862.846
0.523599	0.619654	-2.216909	107	8	116	862.764
0.261799	1.662363	0.915448	117	3	30	862.691
-1.308997	2.637879	2.121598	107	5	117	862.668
-2.094395	1.756530	-2.105156	134	46	133	862.516
2.617994	2.592629	0.909713	106	5	114	862.356
2.617994	2.164094	-2.991358	135	130	35	862.355
1.047198	0.458961	-0.107937	121	9	107	861.785
1.308997	1.134796	2.434290	129	141	33	861.750
-1.570796	0.496451	0.593859	101	12	112	861.681
-0.261799	2.295480	1.008277	138	44	124	861.666
0.523599	1.977582	0.969896	114	140	34	861.060
1.308997	1.247695	1.809890	137	46	137	860.711
-2.879793	1.662363	0.915448	115	9	107	860.684
-2.879793	0.618092	2.539118	105	5	122	860.650
1.570796	1.606104	-0.451151	117	142	118	860.570
-0.261799	0.615174	-0.666022	107	8	114	860.333
2.094395	1.325504	-1.671296	129	131	34	860.278
0.523599	1.617114	-1.572037	112	1	123	860.035
1.047198	2.579248	-2.364801	121	123	35	859.926
0.523599	2.041297	-2.664597	120	0	126	859.926
-1.570796	1.977582	0.969896	120	2	111	859.886
1.832596	0.960688	-0.577532	119	9	106	859.850
0.000000	1.574060	2.783565	129	140	37	859.590
0.000000	2.108018	1.311430	138	45	122	859.559
-0.785398	1.756530	-2.105156	125	137	36	859.490
1.570796	0.496451	0.593859	138	45	118	859.443
-1.832596	2.164094	-2.991358	130	136	37	859.438
2.356194	1.836682	-0.676006	112	3	113	859.435
-0.523599	2.033014	2.977192	125	138	38	859.429
-2.094395	2.295480	1.008277	111	2	121	859.071
-2.879793	2.295480	1.008277	102	7	114	859.059
-0.523599	2.001437	0.381215	134	46	118	859.021
0.000000	1.948085	-2.363031	130	127	37	858.888
2.094395	2.041297	-2.664597	25	112	38	858.534
-2.617994	1.824694	1.850876	102	4	125	858.413
-0.785398	1.134796	2.434290	132	128	33	858.406
2.094395	2.704512	1.488683	118	14	112	858.394
-0.523599	1.113094	-0.272241	101	9	117	858.354
1.047198	1.696674	-1.253233	102	6	119	858.333
-2.094395	0.419640	2.974122	116	142	129	858.167
-2.356194	0.929350	-2.910676	131	123	38	858.159
-1.308997	0.910508	1.903534	36	108	23	858.113
-1.832596	0.700570	1.559208	126	4	110	858.108
2.617994	1.488617	1.159546	113	133	27	858.107
2.879793	1.247695	1.809890	96	24	116	857.984
2.617994	2.979456	-1.009304	37	111	26	857.869
2.879793	1.555207	1.708892	95	18	121	857.840
1.570796	1.448123	-2.163292	131	115	33	857.578
2.094395	1.869911	2.701025	128	130	36	857.522
1.832596	2.073035	2.027405	20	20	29	857.305
2.094395	1.391910	3.030322	128	135	37	857.192
0.000000	1.218453	2.777284	122	137	35	857.032
0.523599	1.335669	0.897240	113	4	24	856.755
-0.785398	1.766067	2.153843	20	102	33	856.477
-2.879793	2.637879	2.121598	116	28	17	856.469
2.617994	1.134497	-1.109631	133	132	31	856.446
-1.047198	2.984978	1.954446	130	134	37	856.437
0.261799	2.455966	-0.641220	113	5	112	856.386
-2.356194	0.571433	-1.188419	126	136	35	856.385
-0.261799	1.998705	2.370472	140	140	36	856.288
1.047198	2.393226	1.857173	28	31	8	856.260
2.879793	0.640596	-2.797608	30	104	24	856.094
0.523599	1.301460	-0.509251	111	1	114	856.084
-0.523599	0.864993	2.278281	134	128	34	856.072
0.785398	0.379747	-1.713059	99	7	129	855.967
0.785398	1.870545	-2.976234	123	132	39	855.762
0.261799	2.041297	-2.664597	118	133	37	855.625
0.785398	1.325504	-1.671296	103	6	125	855.503
-2.356194	1.872854	1.543456	128	124	34	855.413
-0.523599	1.741644	-2.695914	131	128	39	855.381
-2.356194	1.184361	0.625864	99	18	113	855.291
2.617994	2.115563	0.685730	113	8	108	855.099
0.261799	2.251330	-2.330739	113	1	121	854.965
0.261799	2.881233	-2.582574	111	4	115	854.886
2.094395	2.592629	0.909713	101	11	114	854.831
1.308997	1.982574	-1.115518	132	127	131	854.711
-1.832596	1.599406	1.426070	109	143	119	854.705
2.094395	0.864993	2.278281	133	141	34	854.460
0.785398	1.025536	1.576859	138	46	129	854.453
0.000000	1.242974	-2.977882	133	135	39	854.388
-1.570796	1.433411	-1.035986	119	16	109	854.372
1.832596	1.218453	2.777284	124	140	37	854.281
0.785398	2.295480	1.008277	117	133	36	854.249
0.261799	0.831641	0.616218	115	5	110	854.047
0.000000	0.960688	-0.577532	119	8	108	853.810
1.570796	2.396274	-1.959260	110	0	125	853.809
-2.879793	2.393226	1.857173	104	7	133	853.653
0.523599	2.588535	-2.976617	124	133	38	853.166
-0.261799	2.979456	-1.009304	104	14	114	853.035
-1.570796	2.588535	-2.976617	113	10	114	852.934
2.094395	1.014500	0.906702	1	44	127	852.676
0.261799	1.218453	2.777284	120	139	35	852.673
2.094395	1.413430	2.550734	131	134	35	852.254
-1.047198	2.407836	1.410646	46	111	6	852.127
1.308997	2.349581	-2.702517	123	130	37	852.023
-2.879793	2.349581	-2.702517	132	131	36	851.964
1.570796	1.756530	-2.105156	125	126	39	851.579
1.308997	2.719179	-1.780644	102	5	125	851.542
-1.308997	1.545873	-1.877082	124	142	36	851.533
0.261799	0.458961	-0.107937	121	2	111	851.433
0.261799	1.756530	-2.105156	115	1	121	851.097
2.617994	2.251330	-2.330739	134	133	36	851.068
1.570796	1.875281	0.107086	98	19	114	850.996
-1.832596	2.760637	2.781135	118	118	24	850.833
0.261799	2.704512	1.488683	123	140	38	850.822
-3.141593	1.872854	1.543456	99	9	127	850.777
2.356194	1.741644	-2.695914	15	117	44	850.774
-0.523599	1.756530	-2.105156	127	137	36	850.490
2.094395	2.478122	2.609777	133	136	37	850.235
1.308997	2.063651	-2.044600	129	123	37	850.222
-0.785398	1.736875	3.023612	16	129	46	850.145
-2.617994	0.850607	-1.335383	129	143	33	850.063
-2.356194	0.733948	3.021411	32	118	34	850.051
2.094395	0.615174	-0.666022	113	7	110	849.819
1.308997	2.073035	2.027405	129	43	1	849.660
-1.308997	2.379497	0.561089	114	6	112	849.609
0.261799	0.906588	1.252948	122	3	126	849.559
2.879793	2.073035	2.027405	125	122	34	849.401
-1.570796	1.982574	-1.115518	35	18	19	849.336
-1.570796	2.108018	1.311430	25	100	8	849.285
0.785398	1.872854	1.543456	8	42	125	849.126
-0.523599	0.419640	2.974122	132	134	36	848.705
-3.141593	0.929350	-2.910676	126	131	38	848.704
-2.356194	2.979456	-1.009304	132	132	37	848.678
-1.308997	1.045978	0.343692	106	11	108	848.674
0.523599	2.456751	-1.503343	108	6	113	848.622
-1.047198	1.846342	-1.796954	117	141	35	848.427
-1.308997	2.984978	1.954446	111	5	113	848.310
-2.879793	1.766067	2.153843	99	10	131	848.286
-2.617994	2.456751	-1.503343	131	128	36	848.201
2.094395	1.134497	-1.109631	119	3	112	848.011
0.261799	1.194549	-0.801900	113	4	112	847.990
-0.523599	0.929350	-2.910676	28	23	23	847.906
1.570796	1.617114	-1.572037	112	4	112	847.849
-1.832596	0.418037	1.360082	105	4	117	847.839
2.094395	2.393226	1.857173	117	19	112	847.663
2.356194	2.247462	0.191623	114	1	117	847.612
-0.261799	2.174483	2.653697	127	139	38	847.518
-0.261799	1.168678	2.108595	134	129	32	847.325
-1.832596	1.569311	-3.003978	32	113	31	846.938
-2.617994	1.374601	-2.456031	34	112	28	846.473
0.261799	0.914445	2.687814	142	45	128	846.467
-1.832596	1.721184	-0.153948	18	139	121	846.427
-0.261799	0.864993	2.278281	134	129	34	846.427
2.094395	2.664082	-1.071402	107	6	116	846.425
-1.832596	1.367556	0.358405	143	125	128	846.411
-0.523599	2.349581	-2.702517	121	121	36	846.224
1.832596	1.374601	-2.456031	129	130	39	846.085
2.356194	2.979456	-1.009304	107	1	127	846.024
-1.047198	1.998705	2.370472	127	137	38	846.008
-1.832596	2.251330	-2.330739	114	142	36	845.851
0.523599	2.073035	2.027405	132	138	37	845.693
-1.308997	0.370812	-2.547742	131	138	36	845.518
0.523599	2.001437	0.381215	120	4	114	845.431
-1.047198	1.870545	-2.976234	127	127	37	845.088
-2.879793	1.134497	-1.109631	128	140	31	844.960
-0.523599	0.640596	-2.797608	138	46	128	844.945
-0.261799	1.194549	-0.801900	99	10	120	844.792
0.785398	1.809167	1.213774	138	45	124	844.488
1.832596	1.948085	-2.363031	129	134	39	844.311
1.570796	0.619654	-2.216909	126	135	37	844.272
0.000000	1.977582	0.969896	120	142	34	843.959
-1.570796	1.325504	-1.671296	129	1	34	843.734
-1.832596	0.961715	0.014085	102	23	108	843.606
-0.785398	2.407836	1.410646	41	108	11	843.550
-1.308997	1.168678	2.108595	35	111	28	843.491
-1.047198	1.247695	1.809890	37	111	24	843.468
2.617994	1.510910	-0.740472	120	4	108	843.344
0.523599	1.050534	3.042579	136	143	38	843.310
-2.356194	0.615174	-0.666022	112	10	111	843.294
-2.879793	0.700570	1.559208	116	2	114	843.083
-0.261799	1.214854	-1.966664	109	19	115	843.080
-0.785398	1.134497	-1.109631	113	49	118	842.897
0.523599	2.587733	0.232235	121	36	10	842.829
-0.261799	1.741644	-2.695914	129	125	38	842.812
0.785398	1.658653	-2.409879	130	130	39	842.762
1.570796	1.948085	-2.363031	129	132	38	842.748
-1.570796	1.367556	0.358405	121	5	110	842.679
0.000000	2.379497	0.561089	125	135	37	842.676
0.261799	2.863997	0.549740	136	47	122	842.660
-1.308997	1.909857	-0.381669	132	46	112	842.642
0.523599	2.033014	2.977192	125	136	38	842.471
2.617994	2.187132	-0.479875	119	10	106	842.391
-2.094395	0.458961	-0.107937	113	10	108	842.374
-1.832596	2.704512	1.488683	135	131	36	842.318
-0.261799	1.195355	1.200319	121	1	119	842.247
-0.523599	2.115563	0.685730	138	44	120	842.188
1.308997	1.574060	2.783565	118	132	37	842.139
0.523599	2.664082	-1.071402	114	6	112	842.005
-1.570796	2.356369	3.005869	130	139	37	841.852
-2.094395	2.637879	2.121598	127	136	37	841.716
1.308997	2.760637	2.781135	128	136	36	841.639
-2.617994	2.153910	-1.714959	134	126	33	841.506
2.356194	1.135834	-1.431087	131	130	34	841.495
-0.523599	0.615174	-0.666022	116	4	114	841.291
0.523599	1.662363	0.915448	114	1	30	841.141
-1.308997	2.704512	1.488683	115	5	114	841.075
1.570796	0.674054	1.013609	32	22	15	840.953
-2.094395	2.393226	1.857173	125	133	36	840.908
0.261799	0.619654	-2.216909	121	137	36	840.727
1.308997	1.194549	-0.801900	99	14	117	840.711
2.879793	1.134497	-1.109631	132	136	31	840.586
-1.570796	2.404280	-0.174044	116	14	108	840.518
-3.141593	0.733948	3.021411	116	0	119	840.506
-1.047198	1.824694	1.850876	18	97	26	840.484
-1.308997	2.478122	2.609777	118	138	37	840.116
-1.047198	1.134497	-1.109631	118	51	119	840.112
2.879793	2.153910	-1.714959	45	121	26	840.020
1.047198	0.615174	-0.666022	112	12	107	839.948
-1.832596	0.297065	2.160177	127	125	35	839.932
0.785398	1.135834	-1.431087	106	7	116	839.866
-0.785398	2.456751	-1.503343	108	138	30	839.689
-2.094395	1.721184	-0.153948	12	18	109	839.669
-1.832596	2.063651	-2.044600	122	138	36	839.635
-1.308997	1.606104	-0.451151	128	46	111	839.600
1.308997	1.809167	1.213774	130	49	124	839.549
1.832596	0.571433	-1.188419	118	2	114	839.383
-2.356194	1.812176	0.656819	105	11	113	839.150
-0.523599	2.588535	-2.976617	123	117	32	839.099
-1.832596	0.618092	2.539118	123	132	36	839.044
-1.570796	2.349581	-2.702517	126	142	37	838.874
-1.570796	2.587733	0.232235	116	10	110	838.784
2.356194	0.929350	-2.910676	116	139	38	838.747
-3.141593	2.343981	-1.040456	46	118	18	838.352
-2.879793	2.404280	-0.174044	17	117	132	838.330
2.356194	2.251330	-2.330739	123	126	36	838.305
2.356194	2.349581	-2.702517	121	132	36	838.092
-2.356194	0.864993	2.278281	101	5	123	838.058
2.094395	1.184361	0.625864	127	134	129	838.055
1.832596	2.251330	-2.330739	121	126	35	837.946
-0.785398	1.194549	-0.801900	103	9	119	837.723
-2.356194	2.637879	2.121598	123	136	37	837.641
2.356194	1.948085	-2.363031	136	137	38	837.581
-2.879793	1.617114	-1.572037	135	135	35	837.556
0.000000	2.396274	-1.959260	104	7	118	837.212
-2.356194	2.664082	-1.071402	131	131	37	837.199
-1.570796	2.187132	-0.479875	113	17	108	837.094
-2.617994	2.001437	0.381215	114	11	105	836.935
1.832596	1.135813	-2.658866	124	134	40	836.871
-2.617994	0.571433	-1.188419	136	46	118	836.520
1.832596	0.379747	-1.713059	105	4	124	836.477
2.879793	2.001437	0.381215	107	3	119	836.445
-2.879793	2.343981	-1.040456	50	128	19	836.429
-2.617994	2.579248	-2.364801	116	142	34	836.334
-3.141593	0.618092	2.539118	115	143	120	836.273
2.356194	2.356369	3.005869	131	132	37	836.220
-1.570796	1.809167	1.213774	26	102	9	836.172
2.356194	2.592629	0.909713	118	134	36	836.084
-0.523599	1.440580	2.260026	132	126	33	836.050
-2.879793	1.242974	-2.977882	126	134	38	835.971
-0.785398	1.417623	-0.202254	109	5	117	835.877
0.785398	1.869911	2.701025	126	130	36	835.738
-0.785398	1.998705	2.370472	126	139	38	835.726
2.617994	0.850607	-1.335383	33	105	7	835.715
0.261799	1.948085	-2.363031	128	128	38	835.714
-2.617994	0.419640	2.974122	36	107	22	835.268
-2.094395	1.545873	-1.877082	132	136	35	835.196
-3.141593	1.846342	-1.796954	36	116	30	835.100
2.094395	2.407836	1.410646	107	15	116	834.957
-1.047198	0.910508	1.903534	38	113	25	834.957
-2.879793	1.756530	-2.105156	37	117	30	834.903
0.785398	1.617114	-1.572037	99	12	117	834.846
2.094395	1.128190	-2.288622	141	99	26	834.699
2.356194	2.456751	-1.503343	119	129	34	834.613
-2.356194	1.809167	1.213774	104	5	114	834.455
-1.047198	0.419640	2.974122	126	132	37	834.329
1.570796	1.135834	-1.431087	114	143	119	834.297
0.523599	0.866955	-0.931351	113	5	112	834.190
-2.879793	1.335669	0.897240	114	1	116	834.175
-0.261799	1.554776	0.100351	117	8	106	834.029
1.308997	2.704512	1.488683	123	53	127	833.855
-2.356194	1.870545	-2.976234	127	138	36	833.764
1.832596	1.506530	1.988858	124	138	35	833.716
-1.308997	2.349581	-2.702517	114	125	35	833.632
1.308997	2.396274	-1.959260	118	133	34	833.568
-2.356194	2.033014	2.977192	140	124	42	833.537
0.523599	2.379497	0.561089	124	136	36	833.334
2.879793	0.992645	-1.723759	133	133	35	833.286
-0.785398	0.496451	0.593859	139	129	126	833.208
1.047198	0.960688	-0.577532	108	10	109	832.923
0.523599	1.948085	-2.363031	130	127	37	832.829
0.000000	1.510910	-0.740472	102	8	117	832.726
2.617994	1.301460	-0.509251	125	126	24	832.693
1.832596	2.407836	1.410646	107	17	116	832.286
-0.261799	1.846342	-1.796954	128	136	33	832.268
0.785398	2.138223	1.678323	0	44	128	832.242
-2.879793	1.247695	1.809890	100	13	115	832.218
1.832596	1.904882	-1.478089	111	1	118	832.211
-1.832596	1.904882	-1.478089	2	45	127	832.031
-0.523599	2.637879	2.121598	31	104	25	831.973
-1.570796	1.696674	-1.253233	118	24	108	831.845
-2.094395	2.108018	1.311430	109	0	118	831.826
-1.047198	2.592629	0.909713	117	5	114	831.684
-1.570796	0.419640	2.974122	126	137	36	831.534
1.832596	0.080730	-2.622036	103	5	132	831.405
-1.047198	0.619654	-2.216909	18	42	4	831.383
1.570796	1.325504	-1.671296	114	2	113	831.156
0.000000	1.696674	-1.253233	106	4	120	830.921
1.570796	1.310100	1.488307	119	133	26	830.846
-2.617994	1.599406	1.426070	116	0	118	830.791
0.261799	0.960688	-0.577532	107	1	121	830.791
-2.094395	1.242974	-2.977882	127	123	38	830.719
1.047198	1.391910	3.030322	118	143	37	830.697
-2.617994	1.809167	1.213774	100	9	114	830.674
-0.523599	1.506530	1.988858	129	142	119	830.594
-0.523599	1.194549	-0.801900	106	5	119	830.586
0.000000	0.203748	0.590255	110	143	121	830.539
-2.617994	1.045978	0.343692	133	120	22	830.377
-2.094395	1.599406	1.426070	104	2	123	830.351
-2.879793	2.881233	-2.582574	131	129	37	830.260
2.617994	1.242974	-2.977882	18	112	38	829.958
-1.308997	1.812176	0.656819	117	6	110	829.839
-2.356194	1.555207	1.708892	104	2	122	829.836
-0.785398	2.588535	-2.976617	119	117	32	829.832
-2.094395	2.153910	-1.714959	125	143	34	829.774
2.617994	1.599406	1.426070	96	22	117	829.760
2.094395	2.379497	0.561089	106	7	112	829.704
1.570796	1.870545	-2.976234	123	122	35	829.423
1.832596	0.619654	-2.216909	105	4	118	829.339
1.308997	1.977582	0.969896	111	18	108	829.048
-2.356194	1.732874	-0.951685	124	4	118	828.879
-2.356194	0.458961	-0.107937	114	6	112	828.788
-3.141593	1.756530	-2.105156	46	126	28	828.642
-3.141593	1.696674	-1.253233	139	132	30	828.579
-0.261799	1.135813	-2.658866	132	45	137	828.449
1.047198	2.164094	-2.991358	128	130	38	828.346
-0.523599	1.374601	-2.456031	26	18	29	828.250
1.570796	0.685216	-1.712745	115	1	115	828.219
2.879793	1.658653	-2.409879	40	123	32	828.162
1.570796	1.335669	0.897240	119	137	134	828.146
-2.879793	2.187132	-0.479875	47	116	9	828.141
-0.785398	1.440580	2.260026	26	122	39	828.105
0.261799	1.134497	-1.109631	106	15	108	828.091
1.570796	2.073035	2.027405	131	46	139	828.047
2.879793	1.128190	-2.288622	126	135	39	827.897
-0.523599	1.766067	2.153843	24	106	33	827.869
-1.047198	1.335669	0.897240	106	7	111	827.703
-2.356194	2.153910	-1.714959	139	8	34	827.630
-1.047198	2.251330	-2.330739	114	129	37	827.479
-3.141593	0.992645	-1.723759	133	136	35	827.407
-2.617994	1.982574	-1.115518	136	121	29	827.376
-1.832596	2.174483	2.653697	131	134	36	827.367
2.879793	2.393226	1.857173	98	15	116	827.233
2.356194	0.960688	-0.577532	113	3	113	827.058
-3.141593	1.545873	-1.877082	37	113	27	826.999
0.785398	1.440580	2.260026	124	141	35	826.585
-0.523599	1.367556	0.358405	113	2	116	826.542
0.523599	1.741644	-2.695914	131	131	39	826.489
1.308997	2.579248	-2.364801	123	123	35	826.474
-2.094395	1.904882	-1.478089	29	31	6	826.439
-2.094395	2.579248	-2.364801	133	128	36	826.347
-1.570796	2.881233	-2.582574	104	13	114	826.287
0.261799	2.587733	0.232235	103	21	110	826.278
1.308997	0.418037	1.360082	2	142	34	826.058
-0.523599	1.184361	0.625864	105	5	115	826.034
-1.570796	2.295480	1.008277	124	1	113	826.018
2.617994	1.836682	-0.676006	117	1	112	825.995
-2.617994	0.496451	0.593859	113	7	109	825.912
-1.047198	0.297065	2.160177	128	131	36	825.719
-2.617994	0.080730	-2.622036	120	9	109	825.606
-1.570796	2.063651	-2.044600	119	138	36	825.418
2.356194	2.407836	1.410646	98	21	109	825.403
-2.094395	0.850607	-1.335383	134	48	118	825.373
-2.356194	2.041297	-2.664597	117	142	38	825.274
-0.523599	2.393226	1.857173	35	108	23	825.250
-0.261799	2.356369	3.005869	129	135	37	825.091
1.308997	0.733948	3.021411	106	13	111	825.047
-2.356194	1.413430	2.550734	116	122	34	825.047
0.261799	2.180315	-1.357379	108	3	119	824.780
2.094395	1.194549	-0.801900	119	4	110	824.750
-1.570796	1.812176	0.656819	106	10	113	824.605
-2.879793	2.180315	-1.357379	115	1	128	824.575
-2.094395	2.164094	-2.991358	130	142	38	824.456
1.832596	2.356369	3.005869	130	133	38	824.391
0.000000	0.866395	-2.492918	128	130	36	824.276
1.832596	2.187132	-0.479875	103	6	129	824.194
1.832596	0.831641	0.616218	33	23	10	824.016
1.047198	2.295480	1.008277	116	132	37	823.926
1.570796	1.977582	0.969896	123	49	119	823.897
-1.308997	1.242974	-2.977882	130	128	39	823.843
-3.141593	1.824694	1.850876	98	10	132	823.718
2.879793	2.478122	2.609777	113	21	113	823.620
1.570796	2.153910	-1.714959	108	3	118	823.397
2.356194	2.299159	2.264663	130	132	37	823.237
-1.047198	1.872854	1.543456	113	3	115	823.192
-1.832596	2.863997	0.549740	37	105	8	822.992
1.047198	0.899350	-2.069907	101	7	135	822.937
-1.047198	2.396274	-1.959260	110	135	34	822.648
2.617994	2.587733	0.232235	108	2	116	822.588
1.047198	1.194549	-0.801900	98	17	116	822.583
-1.047198	1.256302	0.062705	122	6	110	822.501
2.617994	1.904882	-1.478089	117	142	122	822.095
1.047198	1.247695	1.809890	118	47	114	822.049
1.047198	1.448123	-2.163292	110	4	118	822.002
-1.832596	1.168678	2.108595	109	0	119	821.999
0.261799	2.033014	2.977192	124	140	37	821.994
-0.261799	1.440580	2.260026	133	128	33	821.934
1.570796	1.904882	-1.478089	108	5	113	821.568
2.094395	2.587733	0.232235	109	1	116	821.493
-1.570796	1.135834	-1.431087	4	44	126	821.453
2.617994	2.379497	0.561089	109	3	117	821.097
0.523599	0.910508	1.903534	135	45	117	821.045
-1.308997	0.418037	1.360082	115	0	115	820.667
1.832596	1.756530	-2.105156	124	137	35	820.562
0.523599	1.135834	-1.431087	98	12	119	820.281
0.000000	2.407836	1.410646	138	44	128	820.240
-2.879793	1.998705	2.370472	134	108	29	820.182
-1.047198	1.756530	-2.105156	121	138	37	820.180
-1.047198	2.138223	1.678323	118	4	111	820.089
0.785398	2.115563	0.685730	117	139	35	820.072
1.570796	0.850607	-1.335383	105	10	111	819.833
1.047198	1.756530	-2.105156	126	127	37	819.700
1.308997	0.379747	-1.713059	109	1	123	819.646
2.094395	0.866395	-2.492918	104	5	118	819.493
-0.523599	0.709924	0.218797	125	124	131	819.469
1.832596	2.089241	-0.114193	102	9	118	819.279
-2.879793	2.356369	3.005869	110	21	114	819.252
-2.879793	2.704512	1.488683	121	135	36	819.241
-1.308997	2.174483	2.653697	109	4	118	819.114
-3.141593	2.104282	-0.813972	47	115	12	819.058
2.617994	1.504028	0.636812	116	15	105	819.017
-0.523599	2.579248	-2.364801	142	125	41	819.015
2.879793	1.134796	2.434290	109	139	34	818.726
1.047198	0.850607	-1.335383	113	5	111	818.478
1.570796	2.863997	0.549740	127	134	37	818.153
-1.570796	2.115563	0.685730	124	7	107	818.006
-0.261799	1.301460	-0.509251	102	9	116	817.995
1.832596	0.203748	0.590255	133	48	122	817.898
-1.832596	1.699788	2.452890	126	138	38	817.764
-1.832596	1.504028	0.636812	110	10	107	817.758
-2.094395	1.374601	-2.456031	26	19	28	817.758
2.617994	2.299159	2.264663	126	123	34	817.688
0.785398	0.914445	2.687814	119	51	132	817.615
-3.141593	1.134497	-1.109631	131	138	31	817.495
-3.141593	2.356369	3.005869	111	23	114	817.230
-1.047198	1.433411	-1.035986	120	51	120	817.117
-0.261799	2.073035	2.027405	39	115	27	816.974
1.047198	1.134497	-1.109631	114	10	107	816.857
1.047198	2.180315	-1.357379	127	112	26	816.712
1.570796	1.413347	-1.339188	112	0	119	816.605
1.047198	1.450119	-2.739050	123	140	40	816.573
-1.308997	1.510910	-0.740472	126	50	115	816.518
-2.094395	1.504028	0.636812	105	12	113	816.495
2.617994	1.696674	-1.253233	116	0	117	816.489
1.570796	1.545873	-1.877082	128	107	21	816.484
-0.785398	2.704512	1.488683	40	107	13	816.330
-1.308997	1.732874	-0.951685	134	48	126	816.301
-1.570796	1.050534	3.042579	122	1	129	816.270
-2.094395	0.899350	-2.069907	127	143	36	816.161
0.523599	2.108018	1.311430	3	42	121	816.161
2.879793	1.766067	2.153843	125	128	36	816.126
0.785398	2.396274	-1.959260	118	135	35	816.090
0.261799	1.374601	-2.456031	125	135	39	816.007
-2.879793	2.863997	0.549740	116	142	122	815.957
-2.094395	1.869911	2.701025	106	5	124	815.799
2.356194	0.615174	-0.666022	116	6	109	815.752
-0.785398	1.135834	-1.431087	113	51	130	815.666
-0.261799	2.588535	-2.976617	110	3	118	815.606
2.879793	1.699788	2.452890	130	129	36	815.598
-3.141593	0.640596	-2.797608	34	106	24	815.465
2.879793	1.721184	-0.153948	121	6	106	815.442
0.261799	1.809167	1.213774	135	116	18	815.253
-2.617994	2.295480	1.008277	106	4	114	815.102
0.261799	1.683268	0.374177	117	3	115	814.652
-2.356194	2.295480	1.008277	110	2	114	814.552
-2.879793	2.073035	2.027405	104	8	134	814.257
0.000000	1.374601	-2.456031	108	22	117	814.185
0.523599	2.592629	0.909713	121	130	38	814.058
0.523599	2.393226	1.857173	34	23	12	814.055
0.523599	2.138223	1.678323	2	43	124	813.979
-1.308997	1.218453	2.777284	127	129	36	813.973
2.094395	1.214854	-1.966664	106	5	115	813.965
2.617994	1.824694	1.850876	120	131	36	813.935
2.094395	0.080730	-2.622036	106	12	109	813.907
0.523599	1.168678	2.108595	128	135	34	813.805
1.832596	1.242974	-2.977882	129	127	37	813.709
2.879793	2.592629	0.909713	109	3	114	813.667
-1.570796	1.732874	-0.951685	143	43	117	813.460
0.261799	1.998705	2.370472	28	116	35	813.401
2.617994	2.637879	2.121598	105	17	120	813.074
-1.832596	0.370812	-2.547742	126	138	36	812.827
-0.523599	1.812176	0.656819	133	136	30	812.822
-1.832596	2.247462	0.191623	115	9	111	812.797
2.879793	1.846342	-1.796954	120	2	117	812.759
-1.570796	2.180315	-1.357379	31	21	22	812.539
1.047198	2.379497	0.561089	119	137	36	812.507
-1.570796	1.766067	2.153843	133	130	36	812.499
0.785398	1.812176	0.656819	118	9	111	812.341
0.000000	0.618092	2.539118	127	131	37	812.322
2.879793	2.456751	-1.503343	45	120	24	812.259
2.879793	0.370812	-2.547742	113	3	119	811.831
-1.832596	2.719179	-1.780644	131	50	128	811.605
-1.047198	1.736875	3.023612	127	123	37	811.571
-1.570796	1.824694	1.850876	23	98	15	811.500
1.308997	0.685216	-1.712745	113	1	116	811.395
0.785398	1.998705	2.370472	129	134	37	811.350
0.261799	0.929350	-2.910676	28	24	23	811.203
1.308997	2.251330	-2.330739	118	124	35	811.073
-2.879793	0.685216	-1.712745	48	117	12	811.025
0.785398	0.866395	-2.492918	124	134	37	810.943
-1.308997	2.404280	-0.174044	118	13	106	810.940
0.000000	2.478122	2.609777	115	1	122	810.842
1.832596	2.579248	-2.364801	28	134	41	810.837
0.785398	0.864993	2.278281	130	134	35	810.821
-0.785398	0.961715	0.014085	124	10	104	810.804
-2.356194	0.419640	2.974122	127	131	37	810.709
1.047198	1.214854	-1.966664	104	4	137	810.701
-0.261799	2.984978	1.954446	132	122	34	810.477
-1.570796	0.709924	0.218797	99	16	112	810.334
2.094395	1.569311	-3.003978	131	130	37	810.261
-1.308997	2.180315	-1.357379	32	23	19	810.219
1.832596	0.961715	0.014085	119	17	102	810.155
2.879793	1.869911	2.701025	114	134	37	810.079
-2.617994	0.700570	1.559208	113	0	117	809.955
1.832596	2.295480	1.008277	115	129	37	809.938
-0.261799	0.619654	-2.216909	124	131	36	809.816
2.094395	0.762244	-0.273349	113	8	109	809.792
-2.356194	1.875281	0.107086	119	15	103	809.741
2.617994	1.134796	2.434290	126	126	32	809.740
-0.785398	0.571433	-1.188419	113	48	117	809.655
-1.047198	0.733948	3.021411	111	8	130	809.586
1.570796	2.104282	-0.813972	110	2	114	809.577
2.094395	1.450119	-2.739050	132	135	38	809.570
-2.094395	1.658653	-2.409879	125	140	39	809.432
0.261799	1.909857	-0.381669	107	6	112	809.304
1.047198	1.736875	3.023612	124	140	38	809.027
-3.141593	1.218453	2.777284	117	139	37	808.896
0.000000	2.404280	-0.174044	117	47	110	808.808
-1.570796	2.251330	-2.330739	7	140	44	808.786
1.047198	2.115563	0.685730	117	139	34	808.685
-0.785398	0.929350	-2.910676	118	19	116	808.631
-1.570796	2.637879	2.121598	119	139	120	808.379
-2.879793	2.396274	-1.959260	129	128	36	808.349
1.047198	1.977582	0.969896	111	136	34	808.336
2.356194	0.866395	-2.492918	27	104	25	808.262
-2.356194	2.396274	-1.959260	121	143	34	808.100
-1.308997	1.998705	2.370472	134	134	37	807.984
0.523599	2.174483	2.653697	129	134	38	807.751
0.523599	2.251330	-2.330739	118	0	120	807.671
-2.094395	1.809167	1.213774	108	3	114	807.630
-0.785398	2.881233	-2.582574	119	120	26	807.447
-0.261799	2.724429	-0.348782	109	1	22	807.377
1.047198	1.732874	-0.951685	102	8	113	807.373
0.261799	2.115563	0.685730	122	140	35	807.097
1.308997	0.496451	0.593859	116	17	105	806.954
0.000000	1.413430	2.550734	126	134	36	806.944
-1.047198	0.080730	-2.622036	128	130	37	806.880
1.570796	1.134796	2.434290	126	141	35	806.857
-1.832596	1.450119	-2.739050	31	12	33	806.757
-1.308997	2.863997	0.549740	120	8	111	806.748
2.617994	1.658653	-2.409879	7	108	38	806.725
-1.308997	2.104282	-0.813972	134	48	129	806.641
-2.879793	1.875281	0.107086	114	17	103	806.528
-0.785398	2.089241	-0.114193	134	48	120	806.473
-2.094395	1.662363	0.915448	105	7	117	806.369
0.261799	1.977582	0.969896	118	142	34	806.244
-1.570796	2.041297	-2.664597	129	134	37	806.016
-1.047198	2.478122	2.609777	34	110	25	805.928
-1.832596	2.587733	0.232235	114	10	110	805.822
-2.356194	0.906588	1.252948	121	0	114	805.631
0.523599	0.864993	2.278281	133	48	121	805.572
-3.141593	2.704512	1.488683	127	132	37	805.474
-0.261799	2.719179	-1.780644	113	6	112	805.351
-1.047198	2.724429	-0.348782	31	23	17	805.281
2.094395	2.760637	2.781135	137	137	36	805.278
-0.785398	2.063651	-2.044600	114	134	36	805.102
-1.047198	1.488617	1.159546	109	5	112	804.995
1.047198	1.998705	2.370472	128	135	37	804.927
-1.308997	2.592629	0.909713	113	6	114	804.892
1.570796	0.618092	2.539118	133	139	35	804.848
2.879793	2.356369	3.005869	112	24	114	804.676
2.356194	1.756530	-2.105156	112	0	121	804.612
-2.617994	1.977582	0.969896	104	8	111	804.549
-3.141593	2.760637	2.781135	105	18	122	804.483
-1.832596	1.391910	3.030322	112	4	130	804.479
0.785398	2.760637	2.781135	132	36	3	804.472
0.261799	1.242974	-2.977882	132	138	39	804.208
0.785398	0.960688	-0.577532	100	20	112	804.193
2.617994	2.063651	-2.044600	120	142	125	803.930
-1.308997	0.297065	2.160177	116	142	123	803.926
0.261799	2.153910	-1.714959	110	1	124	803.905
-1.570796	0.906588	1.252948	111	2	112	803.867
0.261799	1.696674	-1.253233	111	2	120	803.371
0.785398	1.599406	1.426070	9	40	120	803.332
1.570796	1.128190	-2.288622	124	126	40	803.304
0.523599	1.195355	1.200319	49	3	10	803.208
2.094395	1.218453	2.777284	119	143	37	803.180
-2.094395	2.073035	2.027405	130	131	36	803.154
0.785398	1.736875	3.023612	125	138	38	803.047
0.785398	0.640596	-2.797608	105	12	116	803.002
1.047198	1.433411	-1.035986	105	6	114	802.974
2.094395	1.134796	2.434290	129	138	36	802.844
-0.523599	2.404280	-0.174044	129	51	126	802.596
-1.308997	2.579248	-2.364801	129	141	35	802.544
1.308997	2.001437	0.381215	111	140	33	802.481
1.570796	2.760637	2.781135	127	135	38	802.217
-1.570796	1.450119	-2.739050	125	132	40	801.949
0.523599	2.063651	-2.044600	112	0	128	801.914
-0.785398	2.343981	-1.040456	108	4	24	801.689
-1.570796	0.685216	-1.712745	42	17	8	801.578
-0.261799	2.456751	-1.503343	106	5	123	801.545
1.832596	2.704512	1.488683	143	45	128	801.414
1.570796	0.762244	-0.273349	123	0	117	801.273
0.523599	0.419640	2.974122	116	53	127	801.246
-2.356194	1.301460	-0.509251	8	32	110	801.193
0.523599	1.599406	1.426070	2	42	120	801.160
-1.832596	1.433411	-1.035986	0	41	116	801.152
-0.523599	0.080730	-2.622036	128	132	36	801.114
-1.570796	1.134497	-1.109631	1	43	120	801.004
-1.570796	2.299159	2.264663	123	133	38	800.838
-1.832596	1.310100	1.488307	108	143	121	800.753
-1.308997	1.617114	-1.572037	120	26	110	800.671
1.047198	1.488617	1.159546	115	17	111	800.411
-1.047198	0.850607	-1.335383	116	17	109	800.208
-2.356194	0.496451	0.593859	117	6	108	800.179
-2.617994	1.214854	-1.966664	129	142	38	800.149
-2.617994	2.343981	-1.040456	117	2	132	800.007
-2.094395	1.555207	1.708892	112	134	26	799.997
0.261799	1.413347	-1.339188	101	5	127	799.988
-0.261799	0.618092	2.539118	127	128	37	799.827
-0.523599	1.450119	-2.739050	29	14	32	799.746
-0.523599	2.396274	-1.959260	142	139	41	799.714
-1.832596	2.881233	-2.582574	102	16	116	799.636
1.570796	2.251330	-2.330739	120	125	36	799.620
-2.094395	0.379747	-1.713059	135	48	124	799.527
1.832596	2.592629	0.909713	120	133	37	799.510
2.617994	0.864993	2.278281	96	26	119	799.501
-0.785398	1.977582	0.969896	115	3	113	799.270
-3.141593	1.128190	-2.288622	125	136	38	799.159
-2.356194	2.164094	-2.991358	106	19	117	799.159
0.785398	2.704512	1.488683	30	26	15	799.117
0.785398	1.242974	-2.977882	131	131	38	798.999
2.094395	0.850607	-1.335383	117	4	111	798.820
0.785398	1.504028	0.636812	111	2	27	798.728
2.094395	1.545873	-1.877082	4	103	32	798.616
1.047198	1.367556	0.358405	111	26	103	798.328
-0.785398	1.506530	1.988858	113	3	118	798.139
-0.523599	0.297065	2.160177	132	129	35	797.993
-1.308997	1.721184	-0.153948	136	43	117	797.846
-0.261799	1.658653	-2.409879	123	128	40	797.807
0.000000	2.299159	2.264663	131	134	37	797.677
-2.879793	1.135813	-2.658866	135	133	39	797.606
-0.785398	0.850607	-1.335383	120	127	33	797.604
-1.832596	1.875281	0.107086	134	11	105	797.551
-1.308997	1.134497	-1.109631	120	15	109	797.453
-0.261799	0.080730	-2.622036	129	133	36	797.405
-1.832596	0.992645	-1.723759	1	43	126	797.400
2.356194	0.458961	-0.107937	29	19	26	797.367
1.570796	1.846342	-1.796954	108	0	122	797.354
1.047198	2.456751	-1.503343	102	4	127	797.115
-2.879793	1.721184	-0.153948	133	126	128	796.938
2.094395	0.618092	2.539118	131	133	35	796.832
0.261799	1.391910	3.030322	127	141	36	796.763
-1.308997	1.050534	3.042579	107	9	127	796.758
2.617994	2.393226	1.857173	124	127	36	796.675
0.000000	2.251330	-2.330739	132	128	36	796.557
-0.261799	2.579248	-2.364801	116	4	112	796.550
1.570796	1.736875	3.023612	121	127	37	796.512
0.523599	2.299159	2.264663	130	130	38	796.507
-1.570796	0.899350	-2.069907	143	45	127	796.316
0.523599	1.433411	-1.035986	108	17	106	796.315
1.047198	1.025536	1.576859	120	44	109	796.245
1.308997	2.343981	-1.040456	98	13	119	796.198
-2.879793	0.899350	-2.069907	128	134	38	796.102
2.617994	1.413347	-1.339188	117	2	113	795.948
-2.617994	1.448123	-2.163292	38	116	27	795.904
-3.141593	1.998705	2.370472	129	115	31	795.730
1.832596	1.699788	2.452890	19	6	40	795.663
-0.785398	2.404280	-0.174044	133	49	126	795.652
-1.570796	0.961715	0.014085	102	20	108	795.639
-1.308997	1.335669	0.897240	28	103	2	795.215
-2.617994	1.998705	2.370472	129	126	37	795.181
0.785398	1.195355	1.200319	130	9	113	795.062
-1.832596	2.979456	-1.009304	29	15	29	795.023
0.000000	2.979456	-1.009304	106	11	113	794.930
-2.094395	2.396274	-1.959260	118	143	34	794.922
2.094395	2.247462	0.191623	103	7	124	794.888
-1.308997	1.977582	0.969896	107	7	113	794.818
2.879793	0.866395	-2.492918	26	103	28	794.652
-2.617994	1.606104	-0.451151	11	26	108	794.641
0.523599	1.504028	0.636812	115	5	26	794.636
-0.261799	2.379497	0.561089	134	48	124	794.520
0.261799	2.724429	-0.348782	109	13	108	794.433
-2.356194	2.108018	1.311430	105	2	117	794.409
-0.523599	1.214854	-1.966664	109	22	116	794.394
1.832596	2.379497	0.561089	109	8	112	794.365
1.047198	2.138223	1.678323	142	45	130	794.291
2.879793	0.618092	2.539118	110	0	121	794.117
0.523599	1.134796	2.434290	34	19	26	793.965
1.308997	2.299159	2.264663	28	23	25	793.852
2.617994	2.664082	-1.071402	29	105	27	793.748
2.356194	2.343981	-1.040456	120	125	33	793.714
-0.523599	0.899350	-2.069907	133	45	132	793.604
-3.141593	1.504028	0.636812	104	4	118	793.572
1.570796	1.662363	0.915448	125	48	119	793.449
-0.785398	2.251330	-2.330739	122	128	33	793.443
-1.047198	1.301460	-0.509251	120	46	110	793.375
-0.785398	1.699788	2.452890	136	138	36	793.332
0.785398	1.335669	0.897240	108	1	24	793.322
-0.523599	2.664082	-1.071402	106	139	26	793.195
-1.047198	1.741644	-2.695914	120	132	40	793.154
-0.523599	2.407836	1.410646	44	112	11	793.151
1.832596	1.050534	3.042579	120	137	39	793.028
0.000000	2.455966	-0.641220	105	9	115	793.006
-2.617994	0.709924	0.218797	109	7	113	792.982
2.879793	1.982574	-1.115518	122	120	30	792.971
-2.356194	2.760637	2.781135	130	136	38	792.865
-2.094395	0.866955	-0.931351	128	48	112	792.682
-2.879793	1.909857	-0.381669	45	117	4	792.657
0.785398	2.379497	0.561089	109	17	108	792.561
1.047198	1.554776	0.100351	106	24	105	792.508
2.094395	0.914445	2.687814	114	142	36	792.482
2.356194	1.555207	1.708892	119	130	32	792.433
1.308997	1.766067	2.153843	124	43	2	792.422
2.879793	0.297065	2.160177	102	9	113	792.395
2.356194	1.128190	-2.288622	111	2	116	792.383
0.261799	1.658653	-2.409879	122	127	41	792.348
-1.832596	0.496451	0.593859	98	12	125	792.260
0.261799	0.864993	2.278281	0	44	126	792.211
1.832596	1.128190	-2.288622	126	127	40	792.021
-0.261799	1.413430	2.550734	127	132	36	791.890
1.570796	1.135813	-2.658866	126	135	39	791.863
-2.094395	1.909857	-0.381669	119	4	115	791.848
0.523599	1.440580	2.260026	38	16	25	791.613
1.570796	1.574060	2.783565	9	132	45	791.502
0.523599	0.370812	-2.547742	107	11	114	791.464
-1.308997	2.588535	-2.976617	113	119	32	791.356
1.570796	2.089241	-0.114193	113	133	136	791.341
0.000000	0.496451	0.593859	107	6	114	791.214
1.308997	0.419640	2.974122	130	135	36	791.214
-2.617994	1.904882	-1.478089	133	142	33	791.005
-1.570796	2.073035	2.027405	132	130	37	790.946
-1.047198	1.662363	0.915448	135	135	30	790.742
1.308997	2.664082	-1.071402	97	15	120	790.514
-2.094395	0.910508	1.903534	112	2	117	790.455
-2.617994	2.760637	2.781135	113	15	113	790.437
1.047198	1.741644	-2.695914	127	137	39	790.401
-0.785398	0.866955	-0.931351	111	46	114	790.256
-2.094395	0.615174	-0.666022	111	14	108	790.247
-2.356194	0.992645	-1.723759	130	1	33	790.129
2.094395	0.899350	-2.069907	112	1	115	790.106
-2.617994	2.164094	-2.991358	107	22	116	789.863
2.879793	2.251330	-2.330739	130	5	36	789.782
-1.832596	0.685216	-1.712745	143	44	120	789.668
-1.308997	0.992645	-1.723759	125	53	123	789.650
1.047198	1.417623	-0.202254	106	16	106	789.315
0.523599	2.115563	0.685730	120	139	35	789.140
-2.617994	1.756530	-2.105156	132	136	37	788.897
-1.308997	2.760637	2.781135	7	102	34	788.895
2.617994	1.310100	1.488307	115	129	29	788.880
-0.261799	0.640596	-2.797608	138	45	127	788.863
-1.308997	1.504028	0.636812	114	5	113	788.862
0.000000	1.875281	0.107086	111	5	112	788.821
-2.094395	2.704512	1.488683	121	141	114	788.814
-0.261799	1.247695	1.809890	137	126	28	788.662
1.308997	1.135813	-2.658866	126	132	39	788.648
1.308997	2.295480	1.008277	112	15	114	788.555
0.523599	2.295480	1.008277	132	50	116	788.477
0.785398	2.251330	-2.330739	119	127	34	787.944
-2.617994	2.299159	2.264663	121	138	38	787.879
0.000000	0.370812	-2.547742	127	135	35	787.853
-1.570796	1.836682	-0.676006	0	39	112	787.827
-1.308997	1.450119	-2.739050	101	9	124	787.782
1.308997	1.014500	0.906702	134	46	119	787.746
-1.832596	1.948085	-2.363031	120	140	38	787.667
-3.141593	2.396274	-1.959260	52	137	16	787.535
2.094395	2.063651	-2.044600	121	121	33	787.442
0.523599	2.704512	1.488683	125	141	38	787.367
2.617994	0.379747	-1.713059	116	5	112	787.347
1.308997	2.041297	-2.664597	117	133	35	787.287
2.356194	0.297065	2.160177	114	7	110	787.200
0.785398	0.733948	3.021411	111	50	133	787.141
1.570796	1.413430	2.550734	3	142	43	786.837
0.785398	1.014500	0.906702	106	22	115	786.805
-3.141593	0.370812	-2.547742	112	143	132	786.779
-1.832596	1.574060	2.783565	120	127	37	786.640
2.617994	1.555207	1.708892	96	23	120	786.628
-1.308997	1.846342	-1.796954	33	20	22	786.480
2.879793	1.450119	-2.739050	126	139	39	786.279
1.308997	0.674054	1.013609	134	47	123	786.207
-2.356194	1.824694	1.850876	106	1	125	786.196
0.523599	1.214854	-1.966664	119	0	124	786.160
1.047198	2.881233	-2.582574	41	121	29	785.972
2.094395	1.846342	-1.796954	131	124	37	785.945
2.356194	0.370812	-2.547742	108	6	113	785.783
0.000000	1.194549	-0.801900	101	6	120	785.768
-0.785398	1.450119	-2.739050	125	135	39	785.713
-0.523599	1.699788	2.452890	138	142	36	785.635
1.047198	2.478122	2.609777	129	132	39	785.623
1.832596	1.846342	-1.796954	115	0	117	785.583
1.047198	0.297065	2.160177	7	46	137	785.480
-2.879793	1.448123	-2.163292	32	115	34	785.242
2.617994	0.297065	2.160177	117	6	110	785.224
1.047198	0.419640	2.974122	103	12	118	785.214
-1.308997	1.872854	1.543456	113	0	116	785.157
0.261799	2.343981	-1.040456	122	3	111	785.034
1.832596	1.247695	1.809890	128	140	32	785.000
2.356194	2.478122	2.609777	117	18	116	784.813
1.047198	2.760637	2.781135	128	137	37	784.765
1.570796	2.174483	2.653697	128	133	37	784.562
0.000000	2.587733	0.232235	129	133	37	784.532
-2.094395	0.864993	2.278281	105	5	117	784.529
-0.261799	2.404280	-0.174044	6	45	129	784.523
1.047198	1.555207	1.708892	6	44	126	784.420
0.000000	0.733948	3.021411	39	17	7	784.370
-3.141593	2.863997	0.549740	111	143	122	784.273
0.261799	0.640596	-2.797608	102	19	116	784.257
0.000000	0.619654	-2.216909	123	132	36	784.242
-0.523599	0.685216	-1.712745	138	43	131	784.105
0.261799	1.741644	-2.695914	128	128	40	784.060
0.785398	1.732874	-0.951685	99	12	113	783.933
2.879793	2.187132	-0.479875	129	10	105	783.791
-1.047198	1.904882	-1.478089	113	3	31	783.789
2.094395	0.496451	0.593859	1	27	107	783.729
2.879793	2.637879	2.121598	107	15	117	783.564
0.000000	2.153910	-1.714959	127	129	32	783.536
1.832596	1.574060	2.783565	118	135	37	783.465
1.832596	1.367556	0.358405	111	21	102	783.448
-1.047198	0.866395	-2.492918	28	24	22	783.414
1.832596	2.174483	2.653697	19	13	38	783.376
-1.832596	1.998705	2.370472	120	138	38	783.151
-1.308997	1.134796	2.434290	19	127	42	782.951
1.570796	2.664082	-1.071402	105	5	119	782.944
0.000000	1.836682	-0.676006	103	8	117	782.863
-0.523599	2.719179	-1.780644	135	131	38	782.836
0.000000	0.914445	2.687814	35	20	24	782.641
-2.879793	1.417623	-0.202254	110	4	115	782.323
0.261799	1.195355	1.200319	114	6	21	782.169
1.832596	2.001437	0.381215	99	17	115	782.134
2.879793	1.741644	-2.695914	131	135	38	782.014
-1.570796	0.866395	-2.492918	109	11	132	781.983
2.356194	2.396274	-1.959260	127	124	34	781.936
-0.785398	1.184361	0.625864	111	2	120	781.817
2.617994	2.138223	1.678323	120	125	35	781.814
1.047198	1.440580	2.260026	122	141	35	781.797
-0.785398	2.001437	0.381215	138	43	118	781.721
1.570796	0.899350	-2.069907	132	131	37	781.584
2.879793	1.506530	1.988858	134	138	35	781.485
-1.047198	1.599406	1.426070	116	0	116	781.468
1.832596	0.864993	2.278281	132	139	35	781.270
2.879793	1.417623	-0.202254	121	118	26	781.172
2.356194	1.574060	2.783565	118	133	37	780.899
-3.141593	1.135834	-1.431087	41	109	9	780.893
-0.261799	0.866955	-0.931351	115	7	113	780.531
-2.879793	2.299159	2.264663	122	138	38	780.444
-1.047198	0.961715	0.014085	113	17	102	780.350
-2.356194	1.846342	-1.796954	139	45	128	780.312
-1.570796	1.194549	-0.801900	119	134	28	780.281
0.261799	1.732874	-0.951685	104	6	116	780.059
-0.261799	0.290380	-0.796960	97	10	124	779.945
-2.356194	1.545873	-1.877082	136	136	35	779.884
-2.617994	1.732874	-0.951685	119	3	119	779.851
0.261799	2.138223	1.678323	137	46	127	779.818
-2.617994	0.961715	0.014085	110	7	113	779.748
-2.879793	2.063651	-2.044600	136	1	35	779.592
-3.141593	0.419640	2.974122	109	2	122	779.585
2.094395	2.295480	1.008277	116	127	37	779.585
-2.617994	2.247462	0.191623	121	7	107	779.555
-1.570796	0.640596	-2.797608	122	137	37	779.536
-1.047198	1.766067	2.153843	15	100	33	779.463
1.308997	2.187132	-0.479875	133	122	129	779.441
-2.617994	2.407836	1.410646	125	129	37	779.340
-2.094395	0.640596	-2.797608	126	134	37	779.295
-2.094395	1.812176	0.656819	109	8	114	779.165
2.356194	2.637879	2.121598	105	20	120	779.118
2.879793	0.379747	-1.713059	117	5	111	779.073
-2.094395	1.872854	1.543456	135	126	33	778.947
0.000000	1.301460	-0.509251	103	7	116	778.921
-0.261799	2.247462	0.191623	6	43	125	778.910
0.000000	1.683268	0.374177	113	4	114	778.894
2.356194	2.984978	1.954446	143	45	131	778.852
2.879793	0.591903	2.010408	100	8	117	778.736
1.570796	1.872854	1.543456	132	13	115	778.562
2.617994	2.153910	-1.714959	118	141	128	778.553
1.047198	0.864993	2.278281	129	135	35	778.496
0.785398	2.393226	1.857173	119	143	36	778.467
-2.879793	1.846342	-1.796954	129	138	37	778.453
0.000000	2.247462	0.191623	130	140	35	778.438
-1.570796	2.760637	2.781135	117	140	37	778.235
-1.308997	2.251330	-2.330739	114	131	36	778.097
-2.617994	1.846342	-1.796954	132	134	35	778.013
1.570796	2.115563	0.685730	111	134	35	777.914
-2.094395	0.571433	-1.188419	130	50	117	777.900
2.617994	1.325504	-1.671296	30	101	16	777.738
-2.879793	1.574060	2.783565	112	139	36	777.518
1.570796	1.025536	1.576859	29	28	12	777.375
0.785398	2.456751	-1.503343	126	118	30	777.258
0.523599	2.719179	-1.780644	110	6	112	777.068
0.523599	0.929350	-2.910676	24	25	24	777.016
2.094395	2.174483	2.653697	129	132	38	776.602
-1.832596	1.846342	-1.796954	0	45	133	776.582
-2.617994	2.089241	-0.114193	121	15	104	776.492
0.261799	1.869911	2.701025	18	13	37	776.410
1.832596	0.709924	0.218797	0	39	112	776.404
-0.785398	1.721184	-0.153948	112	7	112	776.348
-2.617994	1.128190	-2.288622	122	138	38	776.241
0.785398	2.478122	2.609777	126	135	39	776.117
1.570796	0.733948	3.021411	110	10	109	776.077
0.523599	1.658653	-2.409879	118	143	127	776.008
0.785398	1.510910	-0.740472	131	126	26	775.913
-1.570796	2.393226	1.857173	137	134	36	775.834
-0.785398	2.724429	-0.348782	142	46	124	775.785
0.000000	0.591903	2.010408	132	127	35	775.725
-0.261799	1.256302	0.062705	108	6	111	775.672
-2.617994	0.615174	-0.666022	131	47	110	775.478
-0.261799	1.335669	0.897240	117	2	115	775.435
0.000000	2.041297	-2.664597	123	130	37	775.406
1.047198	1.242974	-2.977882	131	134	39	775.339
1.832596	1.599406	1.426070	118	143	33	775.295
-1.308997	1.662363	0.915448	107	5	117	775.274
1.047198	1.184361	0.625864	126	9	105	775.206
0.785398	0.961715	0.014085	113	20	102	775.144
-0.523599	2.592629	0.909713	133	140	36	774.977
2.617994	2.247462	0.191623	110	4	112	774.857
-1.047198	1.025536	1.576859	43	112	0	774.814
1.308997	1.413430	2.550734	119	137	36	774.766
-2.879793	1.506530	1.988858	99	9	126	774.753
2.356194	0.899350	-2.069907	109	3	134	774.723
2.356194	0.961715	0.014085	138	14	104	774.707
-1.832596	1.741644	-2.695914	121	133	40	774.559
0.261799	1.433411	-1.035986	119	128	27	774.472
0.261799	2.073035	2.027405	34	24	4	774.023
-0.785398	2.247462	0.191623	111	7	111	773.921
-0.523599	2.063651	-2.044600	125	136	35	773.899
-2.617994	0.866955	-0.931351	121	143	33	773.894
-1.832596	1.872854	1.543456	19	99	8	773.805
2.617994	1.135834	-1.431087	130	133	34	773.767
-0.261799	0.992645	-1.723759	122	128	33	773.755
0.261799	1.135834	-1.431087	96	17	119	773.680
-1.308997	2.138223	1.678323	111	4	114	773.678
0.523599	1.766067	2.153843	130	137	36	773.616
2.879793	1.606104	-0.451151	14	140	120	773.605
-0.785398	0.080730	-2.622036	127	131	37	773.576
0.523599	1.872854	1.543456	13	41	125	773.556
-1.308997	0.850607	-1.335383	0	42	120	773.495
0.000000	2.637879	2.121598	41	110	19	773.484
1.047198	0.379747	-1.713059	113	1	116	773.360
2.094395	1.574060	2.783565	117	134	37	773.246
-3.141593	0.709924	0.218797	143	24	107	773.218
-1.308997	1.574060	2.783565	133	128	37	773.182
-0.261799	2.407836	1.410646	142	41	128	773.136
1.308997	1.184361	0.625864	115	29	102	772.981
2.879793	2.180315	-1.357379	44	116	21	772.896
1.047198	2.041297	-2.664597	119	133	36	772.864
-1.308997	1.301460	-0.509251	120	9	111	772.819
-1.832596	2.984978	1.954446	122	113	25	772.725
1.047198	1.045978	0.343692	120	6	109	772.668
-0.523599	0.866395	-2.492918	134	46	133	772.645
-2.356194	1.766067	2.153843	131	122	36	772.611
1.832596	1.135834	-1.431087	104	4	121	772.581
2.094395	2.396274	-1.959260	37	106	13	772.473
2.094395	1.948085	-2.363031	127	137	38	772.261
1.570796	2.247462	0.191623	111	139	34	772.249
-3.141593	2.063651	-2.044600	135	136	35	772.156
2.356194	2.153910	-1.714959	130	134	36	771.816
-2.356194	2.579248	-2.364801	141	47	136	771.789
-3.141593	2.719179	-1.780644	117	3	131	771.705
0.000000	2.724429	-0.348782	141	47	135	771.508
-2.617994	2.881233	-2.582574	132	131	37	771.470
2.356194	0.290380	-0.796960	118	9	108	771.309
2.617994	1.766067	2.153843	124	128	36	771.098
1.308997	0.929350	-2.910676	124	137	39	771.078
-1.047198	2.393226	1.857173	114	4	113	771.068
-1.047198	2.704512	1.488683	129	140	38	770.995
2.879793	2.138223	1.678323	99	15	112	770.980
-3.141593	2.138223	1.678323	101	11	113	770.966
1.308997	1.606104	-0.451151	111	143	118	770.793
1.308997	1.545873	-1.877082	106	2	131	770.667
-2.617994	0.992645	-1.723759	133	142	36	770.633
-0.785398	1.909857	-0.381669	5	42	124	770.530
