144	1.2	0
-2.356194	1.574060	2.783565
0.000000	0.000000	0.000000
../data/3_zdock/HER2_m.pdb	37.529	5.447	5.464
../data/3_zdock/antibody_m/l13_4.pdb	0.421	8.570	-0.825
-1.308997	0.496451	0.593859	109	4	117	1387.406
1.832596	2.104282	-0.813972	115	143	119	1368.666
-2.879793	1.025536	1.576859	118	1	116	1361.129
1.570796	1.982574	-1.115518	114	143	120	1358.469
-3.141593	2.001437	0.381215	114	2	115	1342.970
2.094395	2.455966	-0.641220	115	142	120	1325.281
-2.879793	2.001437	0.381215	118	1	115	1306.146
-1.308997	0.831641	0.616218	113	7	109	1301.116
2.879793	1.809167	1.213774	106	13	111	1288.442
1.308997	1.732874	-0.951685	107	1	120	1281.794
-2.617994	1.134796	2.434290	104	5	125	1268.285
-2.356194	1.168678	2.108595	107	4	121	1267.917
2.879793	2.001437	0.381215	111	4	116	1262.968
-1.570796	2.164094	-2.991358	130	133	37	1235.699
1.047198	2.033014	2.977192	131	135	37	1233.443
-0.523599	0.762244	-0.273349	124	4	111	1231.422
-1.047198	0.709924	0.218797	109	10	108	1229.447
2.094395	2.579248	-2.364801	127	130	35	1227.031
1.308997	1.433411	-1.035986	109	0	120	1226.547
1.570796	1.510910	-0.740472	114	1	115	1223.187
-3.141593	1.809167	1.213774	108	10	111	1219.707
-2.094395	0.619654	-2.216909	130	138	35	1214.973
2.356194	2.455966	-0.641220	110	3	118	1214.365
1.570796	1.554776	0.100351	117	6	110	1212.685
1.570796	1.732874	-0.951685	112	143	119	1211.484
-0.261799	1.218453	2.777284	135	135	36	1209.660
-2.094395	2.174483	2.653697	130	135	36	1204.294
-1.832596	1.014500	0.906702	112	5	111	1200.533
1.832596	0.379747	-1.713059	119	2	114	1195.600
2.094395	2.187132	-0.479875	114	1	116	1193.068
1.047198	2.063651	-2.044600	131	122	34	1187.719
1.570796	1.113094	-0.272241	111	10	111	1187.563
1.832596	1.256302	0.062705	142	130	126	1180.770
0.523599	2.349581	-2.702517	124	129	34	1179.825
-3.141593	2.115563	0.685730	110	2	119	1179.551
0.785398	1.948085	-2.363031	131	127	36	1178.046
-2.879793	0.864993	2.278281	112	0	125	1176.799
0.785398	1.872854	1.543456	31	27	4	1176.781
0.000000	2.356369	3.005869	127	136	37	1173.231
1.832596	2.033014	2.977192	128	131	36	1172.737
-2.879793	1.134796	2.434290	114	0	130	1171.324
2.356194	1.450119	-2.739050	131	134	38	1170.792
2.356194	0.080730	-2.622036	115	1	116	1169.494
-1.047198	0.496451	0.593859	112	4	112	1167.138
0.785398	2.349581	-2.702517	124	131	34	1164.307
1.832596	1.836682	-0.676006	116	1	114	1164.258
2.617994	2.404280	-0.174044	117	0	115	1161.301
-2.879793	1.555207	1.708892	107	9	114	1159.547
-2.879793	0.914445	2.687814	117	0	128	1158.773
-2.617994	1.440580	2.260026	101	5	130	1154.609
-1.308997	1.870545	-2.976234	128	129	38	1152.357
-1.832596	2.187132	-0.479875	119	18	107	1152.269
-3.141593	0.864993	2.278281	112	143	125	1149.174
1.047198	2.073035	2.027405	29	28	14	1148.562
-0.785398	0.961715	0.014085	129	6	108	1145.767
-1.308997	2.033014	2.977192	128	125	36	1145.630
2.094395	1.554776	0.100351	113	10	110	1143.862
-1.308997	2.164094	-2.991358	132	138	37	1142.328
-3.141593	1.599406	1.426070	105	13	111	1141.081
-2.617994	0.864993	2.278281	117	143	123	1140.164
-1.832596	1.545873	-1.877082	1	43	133	1139.080
2.617994	0.619654	-2.216909	111	2	130	1138.572
-1.570796	0.674054	1.013609	112	3	113	1138.370
0.523599	2.587733	0.232235	121	36	10	1138.312
1.047198	2.349581	-2.702517	124	131	35	1138.190
1.832596	1.554776	0.100351	120	6	109	1137.882
2.356194	1.721184	-0.153948	111	5	114	1130.524
2.617994	1.218453	2.777284	116	140	37	1130.276
2.617994	1.977582	0.969896	109	13	107	1126.683
2.356194	1.836682	-0.676006	112	3	113	1125.677
-2.356194	0.899350	-2.069907	129	141	35	1125.222
2.094395	1.836682	-0.676006	121	1	113	1122.563
-1.308997	0.203748	0.590255	105	5	116	1122.017
-2.094395	1.014500	0.906702	108	7	111	1122.015
-2.879793	0.906588	1.252948	117	3	113	1121.918
-0.261799	0.960688	-0.577532	123	10	107	1120.974
-2.617994	0.297065	2.160177	114	0	118	1120.836
-2.617994	0.906588	1.252948	121	3	111	1120.397
-2.094395	1.335669	0.897240	111	5	111	1120.364
2.094395	1.510910	-0.740472	114	2	115	1119.501
-3.141593	2.404280	-0.174044	118	8	109	1119.287
-3.141593	2.174483	2.653697	132	135	38	1115.230
2.094395	2.164094	-2.991358	129	127	36	1114.727
1.832596	2.349581	-2.702517	121	132	35	1113.682
1.570796	1.721184	-0.153948	115	2	114	1111.594
2.094395	1.413347	-1.339188	134	128	31	1111.045
2.879793	1.977582	0.969896	108	9	111	1109.529
0.523599	2.164094	-2.991358	126	134	35	1108.809
-1.047198	0.203748	0.590255	113	3	112	1106.769
-1.570796	1.824694	1.850876	23	98	15	1104.859
-1.832596	1.195355	1.200319	109	4	112	1104.249
-2.094395	1.875281	0.107086	122	16	103	1103.775
-2.094395	1.683268	0.374177	117	13	104	1103.351
-2.617994	0.899350	-2.069907	130	138	35	1102.867
0.261799	0.866955	-0.931351	108	10	112	1102.701
1.832596	2.455966	-0.641220	110	0	121	1102.170
2.094395	2.881233	-2.582574	132	134	35	1101.987
1.047198	0.850607	-1.335383	111	3	116	1099.994
-1.047198	1.218453	2.777284	129	131	35	1099.539
0.785398	1.904882	-1.478089	115	1	118	1098.648
1.308997	1.218453	2.777284	128	137	36	1098.259
0.785398	1.433411	-1.035986	109	16	106	1097.218
0.785398	0.571433	-1.188419	112	4	115	1096.455
0.785398	2.579248	-2.364801	118	0	127	1095.928
1.832596	0.618092	2.539118	132	139	35	1095.136
1.047198	0.290380	-0.796960	116	141	120	1095.098
-2.356194	0.685216	-1.712745	132	143	33	1092.513
-0.261799	2.299159	2.264663	131	132	37	1091.065
0.785398	2.164094	-2.991358	126	135	36	1091.049
2.094395	1.301460	-0.509251	117	6	110	1089.820
1.832596	1.875281	0.107086	116	4	111	1089.025
2.356194	2.187132	-0.479875	119	0	115	1087.522
1.832596	1.194549	-0.801900	112	4	114	1084.873
0.523599	0.571433	-1.188419	108	6	116	1081.466
-2.356194	1.374601	-2.456031	132	135	39	1079.832
-2.879793	1.812176	0.656819	114	3	114	1078.712
-1.570796	0.831641	0.616218	108	7	113	1076.781
1.047198	1.135834	-1.431087	108	4	119	1076.322
-3.141593	1.948085	-2.363031	130	136	38	1075.998
0.785398	1.658653	-2.409879	131	130	38	1074.226
-2.617994	1.506530	1.988858	100	5	125	1074.193
1.047198	0.685216	-1.712745	108	3	122	1073.983
-2.356194	0.297065	2.160177	118	143	118	1073.797
-2.617994	1.025536	1.576859	122	1	114	1072.851
-2.617994	0.591903	2.010408	114	1	118	1072.453
2.617994	1.736875	3.023612	122	129	37	1071.515
-2.356194	1.247695	1.809890	104	3	120	1071.399
-1.308997	2.041297	-2.664597	123	134	38	1070.995
2.617994	1.574060	2.783565	124	133	35	1070.522
1.832596	1.045978	0.343692	117	21	102	1070.423
-2.356194	1.569311	-3.003978	124	134	38	1070.370
2.617994	2.407836	1.410646	100	13	114	1069.592
-2.094395	2.001437	0.381215	121	11	106	1066.678
0.261799	2.979456	-1.009304	133	137	37	1065.750
0.000000	0.615174	-0.666022	110	8	111	1062.591
-2.094395	1.504028	0.636812	106	12	110	1062.009
1.832596	1.450119	-2.739050	107	7	118	1061.099
0.785398	0.850607	-1.335383	109	6	116	1060.677
-0.785398	2.033014	2.977192	124	139	38	1060.619
-2.617994	2.587733	0.232235	119	2	117	1060.251
0.261799	0.496451	0.593859	116	1	115	1059.927
-0.261799	0.290380	-0.796960	99	12	116	1059.450
0.785398	0.831641	0.616218	123	6	110	1057.017
2.879793	2.404280	-0.174044	122	0	115	1056.848
-1.047198	1.128190	-2.288622	27	26	17	1056.562
1.832596	1.301460	-0.509251	117	1	117	1056.446
1.570796	0.571433	-1.188419	119	143	116	1056.242
0.000000	2.704512	1.488683	29	23	15	1055.578
0.523599	2.343981	-1.040456	110	4	114	1055.180
-3.141593	1.736875	3.023612	122	131	37	1054.845
1.047198	2.396274	-1.959260	115	0	125	1054.527
2.094395	1.113094	-0.272241	120	11	105	1053.357
0.785398	1.699788	2.452890	125	136	36	1052.830
-1.570796	1.998705	2.370472	130	134	37	1052.356
2.356194	1.554776	0.100351	117	10	107	1051.750
-2.356194	1.050534	3.042579	128	123	36	1051.746
2.094395	1.256302	0.062705	116	13	107	1051.579
1.308997	0.615174	-0.666022	122	3	111	1050.625
0.261799	2.456751	-1.503343	114	2	118	1049.336
-2.094395	2.478122	2.609777	124	137	37	1048.461
-0.261799	2.478122	2.609777	132	133	36	1048.330
2.356194	1.218453	2.777284	118	141	37	1047.321
0.785398	1.194549	-0.801900	113	142	119	1047.250
2.617994	0.370812	-2.547742	110	2	120	1046.686
2.094395	1.721184	-0.153948	114	5	113	1046.029
2.356194	1.736875	3.023612	122	129	37	1045.643
2.879793	2.407836	1.410646	102	9	114	1044.270
-1.832596	2.356369	3.005869	129	139	37	1043.856
-2.094395	1.391910	3.030322	125	127	37	1043.344
-0.785398	1.875281	0.107086	116	6	112	1043.232
-0.523599	1.218453	2.777284	136	132	35	1043.128
2.617994	2.396274	-1.959260	130	125	34	1042.727
0.523599	0.866955	-0.931351	112	8	110	1041.844
1.570796	0.850607	-1.335383	115	143	118	1040.562
2.617994	1.875281	0.107086	111	4	114	1040.179
-2.356194	1.683268	0.374177	115	14	103	1039.848
-1.832596	2.407836	1.410646	137	132	35	1038.731
2.356194	1.875281	0.107086	109	6	115	1038.483
1.570796	0.290380	-0.796960	128	1	115	1037.563
-0.261799	2.164094	-2.991358	129	124	36	1036.617
-1.047198	2.033014	2.977192	130	126	36	1036.571
0.523599	1.699788	2.452890	22	131	41	1035.654
2.879793	0.419640	2.974122	112	143	123	1035.250
-2.879793	0.618092	2.539118	115	142	125	1034.377
-3.141593	1.977582	0.969896	111	7	111	1033.458
2.356194	2.404280	-0.174044	113	0	116	1033.399
2.094395	2.033014	2.977192	127	132	36	1032.932
-2.356194	0.910508	1.903534	120	1	116	1032.513
2.617994	2.724429	-0.348782	119	142	122	1032.221
0.261799	2.104282	-0.813972	106	6	115	1032.213
1.047198	1.599406	1.426070	119	17	114	1032.177
2.356194	2.724429	-0.348782	114	143	122	1032.077
2.094395	1.909857	-0.381669	117	4	110	1032.003
2.617994	1.721184	-0.153948	115	4	113	1030.962
-0.523599	2.760637	2.781135	111	3	118	1030.898
0.523599	1.870545	-2.976234	130	136	38	1030.321
2.094395	1.417623	-0.202254	119	7	108	1030.208
2.094395	2.104282	-0.813972	122	1	112	1029.301
-2.356194	0.700570	1.559208	138	129	128	1028.409
2.879793	1.948085	-2.363031	133	134	37	1027.965
-1.832596	2.984978	1.954446	123	113	25	1027.924
-1.832596	2.588535	-2.976617	129	136	37	1027.384
1.308997	2.456751	-1.503343	114	1	120	1026.743
1.832596	1.741644	-2.695914	133	135	39	1026.709
2.879793	1.736875	3.023612	122	130	37	1026.276
1.570796	1.417623	-0.202254	118	2	115	1026.081
-0.261799	1.870545	-2.976234	131	129	37	1025.859
1.308997	1.510910	-0.740472	121	127	25	1025.847
2.356194	2.587733	0.232235	103	6	133	1025.832
-2.356194	1.809167	1.213774	110	3	113	1025.652
-0.523599	1.247695	1.809890	117	3	120	1025.363
-1.308997	0.864993	2.278281	38	114	28	1024.567
-1.832596	1.870545	-2.976234	128	135	39	1024.523
-0.785398	1.218453	2.777284	130	132	36	1023.976
0.523599	1.450119	-2.739050	120	2	129	1023.920
0.261799	1.301460	-0.509251	107	4	115	1023.521
1.570796	1.184361	0.625864	114	26	102	1023.403
-0.523599	2.478122	2.609777	132	133	37	1022.547
2.617994	0.640596	-2.797608	112	142	132	1022.525
1.047198	0.992645	-1.723759	106	4	124	1022.274
0.785398	2.138223	1.678323	31	27	7	1021.797
-1.570796	1.948085	-2.363031	120	132	38	1021.427
-2.879793	1.948085	-2.363031	128	138	38	1021.103
-1.308997	1.809167	1.213774	109	4	119	1020.381
0.000000	0.290380	-0.796960	102	8	116	1020.307
-2.879793	2.407836	1.410646	105	4	134	1019.356
-2.094395	1.374601	-2.456031	130	134	39	1019.028
1.832596	1.732874	-0.951685	120	143	115	1018.333
0.785398	2.041297	-2.664597	120	134	35	1018.235
2.356194	2.579248	-2.364801	130	129	36	1018.062
1.570796	1.050534	3.042579	126	138	36	1017.564
-1.570796	1.736875	3.023612	133	128	36	1016.879
2.356194	1.683268	0.374177	114	10	108	1016.722
-2.094395	1.184361	0.625864	0	6	108	1016.454
1.570796	0.685216	-1.712745	106	5	115	1016.366
-2.617994	2.863997	0.549740	112	1	125	1016.364
-1.832596	1.367556	0.358405	107	15	109	1016.251
0.523599	2.356369	3.005869	127	132	38	1015.885
1.570796	2.187132	-0.479875	136	121	129	1015.208
0.523599	2.579248	-2.364801	117	3	115	1015.056
1.832596	1.218453	2.777284	124	140	37	1014.997
2.617994	1.194549	-0.801900	135	135	27	1014.912
1.570796	2.588535	-2.976617	127	134	37	1014.832
-2.094395	1.450119	-2.739050	33	10	33	1014.818
-1.047198	2.984978	1.954446	115	5	114	1014.771
-1.308997	2.108018	1.311430	116	3	112	1014.423
2.879793	1.875281	0.107086	114	3	113	1014.098
1.308997	0.290380	-0.796960	123	0	115	1013.078
-0.523599	0.640596	-2.797608	139	46	129	1012.934
1.570796	2.349581	-2.702517	121	132	36	1012.571
2.094395	0.496451	0.593859	1	26	107	1012.378
-0.785398	0.458961	-0.107937	104	10	111	1012.185
1.570796	1.836682	-0.676006	110	2	115	1012.130
0.785398	2.588535	-2.976617	126	127	37	1011.515
-1.308997	1.168678	2.108595	35	111	28	1011.496
2.617994	1.504028	0.636812	116	15	105	1011.407
-1.832596	1.184361	0.625864	114	8	108	1010.585
-2.617994	1.247695	1.809890	116	2	116	1010.474
1.308997	0.379747	-1.713059	110	3	115	1010.256
0.785398	0.866955	-0.931351	115	9	107	1010.203
-0.523599	0.458961	-0.107937	108	5	116	1009.877
2.094395	1.606104	-0.451151	122	4	108	1009.858
1.308997	1.134497	-1.109631	110	143	121	1008.484
-0.523599	2.164094	-2.991358	127	122	36	1008.299
2.879793	1.310100	1.488307	116	127	29	1007.723
-0.261799	2.637879	2.121598	132	127	36	1007.338
-2.356194	1.875281	0.107086	120	15	103	1007.268
-1.047198	2.881233	-2.582574	117	121	25	1006.817
-2.094395	1.658653	-2.409879	126	139	39	1006.420
-1.308997	1.184361	0.625864	5	8	107	1005.982
1.047198	1.433411	-1.035986	111	13	106	1005.820
-0.785398	1.809167	1.213774	116	5	112	1005.553
0.785398	2.664082	-1.071402	118	5	111	1005.499
0.261799	2.588535	-2.976617	125	133	38	1005.474
0.785398	2.063651	-2.044600	128	122	34	1005.103
2.356194	2.174483	2.653697	130	135	38	1004.998
1.047198	1.732874	-0.951685	102	4	120	1004.803
1.832596	1.417623	-0.202254	116	5	112	1004.624
-1.832596	0.674054	1.013609	107	4	118	1003.798
-0.785398	2.041297	-2.664597	126	126	36	1003.433
-0.261799	1.195355	1.200319	121	1	119	1003.280
-1.832596	1.134796	2.434290	111	143	125	1002.653
-1.570796	1.045978	0.343692	113	13	105	1002.418
-1.570796	1.870545	-2.976234	130	133	37	1002.071
1.832596	0.571433	-1.188419	115	3	115	1001.479
1.832596	2.588535	-2.976617	127	135	37	1000.985
2.879793	2.724429	-0.348782	118	142	122	1000.400
1.832596	1.870545	-2.976234	126	124	35	1000.288
0.785398	2.863997	0.549740	122	36	16	1000.197
1.308997	1.904882	-1.478089	121	141	122	999.629
-3.141593	2.478122	2.609777	106	18	120	999.100
-2.879793	2.063651	-2.044600	25	128	40	998.691
-2.356194	1.555207	1.708892	105	2	119	998.566
2.094395	1.870545	-2.976234	127	125	35	998.364
0.785398	0.290380	-0.796960	109	12	107	998.190
-2.617994	0.618092	2.539118	120	141	125	998.098
-2.879793	0.929350	-2.910676	127	130	38	997.913
-3.141593	0.914445	2.687814	113	143	132	997.566
-2.094395	0.831641	0.616218	106	12	108	997.375
-1.308997	2.063651	-2.044600	121	140	34	997.315
-1.832596	1.977582	0.969896	116	2	115	997.300
2.094395	1.135813	-2.658866	123	135	40	997.159
-2.356194	1.134796	2.434290	108	2	125	996.680
2.617994	2.115563	0.685730	103	8	118	996.241
2.617994	1.948085	-2.363031	133	139	38	996.077
2.094395	1.741644	-2.695914	127	120	34	995.980
1.308997	0.850607	-1.335383	110	1	118	995.606
1.570796	2.180315	-1.357379	118	0	117	995.553
-2.094395	2.063651	-2.044600	124	138	36	995.043
1.832596	1.606104	-0.451151	117	4	109	994.635
-1.047198	2.001437	0.381215	114	5	113	993.729
-2.617994	1.504028	0.636812	115	2	114	993.516
-1.832596	2.164094	-2.991358	130	136	37	993.442
0.785398	1.998705	2.370472	129	134	37	993.134
-3.141593	1.875281	0.107086	119	2	112	993.109
-3.141593	0.899350	-2.069907	128	133	37	992.180
2.356194	0.370812	-2.547742	114	143	121	992.154
0.000000	2.664082	-1.071402	107	7	117	992.045
1.308997	0.571433	-1.188419	107	12	108	991.691
-0.785398	1.488617	1.159546	118	1	115	991.364
1.832596	1.510910	-0.740472	119	1	113	991.042
1.047198	0.458961	-0.107937	120	10	107	990.470
2.879793	2.115563	0.685730	106	4	118	990.219
1.832596	1.113094	-0.272241	114	10	110	988.548
0.261799	1.836682	-0.676006	105	4	117	987.581
-0.785398	1.756530	-2.105156	126	138	35	987.491
1.308997	0.899350	-2.069907	129	131	36	987.402
-2.879793	1.736875	3.023612	122	131	37	987.344
1.570796	1.948085	-2.363031	129	132	38	987.038
-1.308997	1.869911	2.701025	131	129	37	986.692
1.308997	1.554776	0.100351	113	6	110	986.493
0.523599	0.496451	0.593859	121	2	115	986.180
-3.141593	2.295480	1.008277	99	10	114	985.555
0.785398	1.977582	0.969896	143	45	126	985.371
1.570796	1.433411	-1.035986	114	142	120	985.277
-0.785398	2.164094	-2.991358	126	122	35	985.256
-2.879793	1.977582	0.969896	102	11	110	984.510
-3.141593	1.450119	-2.739050	126	138	40	984.175
0.785398	0.458961	-0.107937	114	14	107	983.658
2.617994	1.569311	-3.003978	125	123	36	983.646
-1.047198	2.041297	-2.664597	122	130	37	983.014
-1.308997	0.709924	0.218797	106	11	112	982.239
-0.523599	1.417623	-0.202254	113	4	116	982.204
-3.141593	2.407836	1.410646	105	6	114	982.136
1.047198	2.343981	-1.040456	96	19	118	981.781
-0.261799	1.450119	-2.739050	131	131	39	981.565
-2.879793	1.413430	2.550734	102	8	129	981.516
-0.785398	1.948085	-2.363031	128	132	36	980.724
-1.570796	1.014500	0.906702	110	6	109	980.658
-2.879793	2.247462	0.191623	122	143	115	980.473
1.047198	2.041297	-2.664597	131	134	38	979.517
1.047198	1.699788	2.452890	123	137	36	978.986
-2.879793	0.419640	2.974122	117	141	127	978.971
2.879793	2.164094	-2.991358	131	134	36	978.699
-2.094395	1.846342	-1.796954	130	139	34	978.670
-2.879793	2.115563	0.685730	114	0	119	978.609
1.047198	0.571433	-1.188419	118	4	111	978.001
1.570796	0.379747	-1.713059	106	9	111	977.955
2.356194	1.504028	0.636812	114	15	106	977.453
-1.832596	2.153910	-1.714959	123	143	33	977.279
0.261799	1.606104	-0.451151	107	7	111	976.460
-2.094395	0.591903	2.010408	118	6	111	976.254
-2.617994	1.662363	0.915448	114	0	119	975.820
2.094395	1.135834	-1.431087	114	1	116	975.808
2.617994	1.554776	0.100351	118	10	106	975.708
0.000000	2.343981	-1.040456	107	5	120	975.658
-0.785398	0.709924	0.218797	113	8	107	975.506
2.356194	1.869911	2.701025	118	137	36	975.259
2.617994	1.836682	-0.676006	116	2	112	975.225
2.356194	1.391910	3.030322	124	140	38	975.063
1.832596	0.850607	-1.335383	113	4	112	974.831
-3.141593	2.247462	0.191623	109	1	119	973.881
-1.570796	1.242974	-2.977882	129	128	39	973.817
-0.785398	0.379747	-1.713059	0	46	132	973.125
0.000000	2.588535	-2.976617	115	2	117	972.732
1.308997	2.164094	-2.991358	131	129	38	972.720
0.785398	2.153910	-1.714959	127	124	33	972.608
-1.570796	2.349581	-2.702517	126	142	36	972.398
0.523599	1.948085	-2.363031	129	127	37	972.356
-0.523599	0.960688	-0.577532	121	10	107	971.896
-1.832596	1.662363	0.915448	111	4	117	971.861
-1.570796	0.203748	0.590255	101	8	116	971.768
1.570796	1.134497	-1.109631	101	9	119	971.581
2.356194	1.050534	3.042579	115	143	36	970.650
-2.094395	1.440580	2.260026	129	135	34	969.797
0.261799	0.850607	-1.335383	121	131	32	969.136
-2.879793	1.310100	1.488307	135	127	130	968.957
2.879793	2.041297	-2.664597	132	139	38	968.777
-2.617994	1.948085	-2.363031	128	140	38	968.741
1.570796	1.696674	-1.253233	117	142	119	968.535
0.785398	1.134497	-1.109631	111	11	107	968.486
-1.832596	2.115563	0.685730	122	6	108	968.341
2.617994	2.164094	-2.991358	131	131	36	968.081
-2.617994	1.555207	1.708892	110	7	113	968.068
2.094395	0.379747	-1.713059	124	1	113	967.518
1.570796	1.869911	2.701025	124	133	37	967.450
-2.617994	2.180315	-1.357379	138	126	31	967.446
-0.785398	2.478122	2.609777	33	115	31	967.357
0.000000	1.977582	0.969896	3	40	119	967.212
-0.523599	2.247462	0.191623	132	48	123	966.627
2.094395	1.736875	3.023612	121	128	37	966.163
2.617994	2.001437	0.381215	107	6	116	965.910
2.617994	2.108018	1.311430	103	15	109	964.833
-0.523599	1.195355	1.200319	116	0	120	964.457
1.308997	1.413347	-1.339188	112	8	109	964.314
1.308997	0.619654	-2.216909	126	135	36	963.492
2.617994	2.041297	-2.664597	133	136	38	963.009
1.308997	2.478122	2.609777	129	133	38	962.790
-2.356194	1.872854	1.543456	107	1	119	962.665
0.523599	0.850607	-1.335383	111	4	119	961.942
-1.308997	1.433411	-1.035986	120	17	109	961.913
-1.308997	1.736875	3.023612	133	128	36	961.808
-2.356194	1.736875	3.023612	123	133	37	961.741
0.261799	1.948085	-2.363031	128	129	38	961.635
-2.356194	2.379497	0.561089	117	3	115	961.528
1.832596	0.961715	0.014085	119	17	102	961.493
2.617994	0.709924	0.218797	1	21	106	961.414
-0.523599	2.349581	-2.702517	120	122	36	961.339
-0.261799	2.760637	2.781135	130	130	37	961.250
1.047198	1.998705	2.370472	134	43	2	961.203
0.261799	0.571433	-1.188419	108	4	124	961.142
0.261799	1.699788	2.452890	23	129	41	961.140
-2.356194	1.824694	1.850876	104	1	125	960.773
-1.570796	1.574060	2.783565	131	126	37	960.446
-2.879793	1.391910	3.030322	19	121	42	960.382
-2.879793	2.760637	2.781135	106	16	121	960.159
1.047198	0.961715	0.014085	116	2	113	959.937
-2.879793	0.591903	2.010408	108	3	118	959.671
1.570796	1.367556	0.358405	111	21	103	959.645
-1.308997	0.929350	-2.910676	109	9	130	959.536
-2.617994	1.413430	2.550734	105	5	129	959.443
-1.308997	1.948085	-2.363031	130	138	37	959.278
-2.617994	1.574060	2.783565	117	136	36	959.049
-0.785398	1.662363	0.915448	113	2	117	958.953
-3.141593	0.733948	3.021411	117	143	130	958.945
2.356194	2.115563	0.685730	110	9	108	958.589
-0.523599	2.588535	-2.976617	123	117	32	958.333
-1.047198	2.356369	3.005869	124	117	33	958.328
2.356194	2.063651	-2.044600	132	134	37	958.242
2.356194	1.809167	1.213774	95	23	117	958.152
2.617994	0.866395	-2.492918	107	5	135	958.024
-2.356194	1.242974	-2.977882	130	130	37	957.560
-3.141593	2.033014	2.977192	121	137	36	957.375
0.785398	2.704512	1.488683	30	27	14	957.352
-0.523599	2.396274	-1.959260	142	137	41	957.156
1.047198	1.413347	-1.339188	118	1	116	957.129
-0.523599	0.910508	1.903534	117	2	126	957.067
-2.356194	2.001437	0.381215	118	10	106	956.708
0.785398	1.766067	2.153843	128	140	35	956.462
-1.308997	2.089241	-0.114193	113	11	110	956.354
2.879793	2.033014	2.977192	125	136	37	956.285
2.356194	2.588535	-2.976617	132	131	37	955.789
1.570796	1.218453	2.777284	128	135	36	955.764
1.047198	1.824694	1.850876	28	29	10	955.719
1.308997	1.869911	2.701025	124	133	37	955.633
1.570796	1.391910	3.030322	130	130	36	955.512
1.570796	0.496451	0.593859	137	45	117	955.219
-0.785398	1.045978	0.343692	107	3	122	954.809
-0.523599	1.824694	1.850876	38	114	26	954.578
1.308997	1.194549	-0.801900	118	1	111	954.064
-2.879793	1.599406	1.426070	108	4	117	953.111
-0.261799	1.391910	3.030322	130	134	38	952.724
2.356194	0.640596	-2.797608	107	4	116	952.697
1.308997	1.756530	-2.105156	128	129	37	952.325
-1.570796	2.478122	2.609777	120	139	37	952.096
-1.832596	1.050534	3.042579	125	10	117	951.842
1.570796	0.615174	-0.666022	127	0	114	951.156
-1.832596	1.875281	0.107086	125	16	102	950.832
1.047198	1.756530	-2.105156	104	6	137	950.584
2.617994	0.914445	2.687814	108	143	32	950.490
-1.570796	1.218453	2.777284	131	125	36	950.304
-1.308997	1.846342	-1.796954	33	20	23	950.250
0.523599	1.696674	-1.253233	111	3	118	950.160
-3.141593	1.218453	2.777284	6	109	39	949.968
-2.879793	2.863997	0.549740	115	142	121	949.793
-0.785398	2.349581	-2.702517	118	122	35	949.732
-0.523599	0.290380	-0.796960	97	16	116	948.845
2.617994	0.080730	-2.622036	112	8	110	948.772
0.785398	1.413430	2.550734	122	138	36	948.760
1.832596	1.736875	3.023612	122	128	37	948.436
0.523599	1.025536	1.576859	116	15	119	948.311
-0.523599	0.961715	0.014085	10	121	129	948.191
-1.832596	0.914445	2.687814	33	117	33	948.133
0.523599	2.041297	-2.664597	125	132	37	948.061
1.308997	0.961715	0.014085	121	2	113	947.983
-0.261799	1.135813	-2.658866	132	45	137	947.871
1.047198	1.617114	-1.572037	122	143	122	947.441
0.261799	2.396274	-1.959260	108	4	117	947.381
2.879793	2.089241	-0.114193	121	3	110	947.217
1.047198	1.510910	-0.740472	120	128	25	946.879
1.570796	1.606104	-0.451151	113	5	109	946.867
-1.832596	2.637879	2.121598	102	12	113	946.504
-1.832596	1.617114	-1.572037	2	44	128	945.980
-1.308997	2.247462	0.191623	114	9	110	945.931
-2.617994	2.033014	2.977192	115	139	35	945.735
-2.617994	2.089241	-0.114193	122	14	104	945.722
-1.308997	2.984978	1.954446	111	6	113	945.284
2.879793	1.658653	-2.409879	129	127	39	945.195
-1.308997	2.407836	1.410646	119	2	113	945.029
1.832596	2.664082	-1.071402	108	4	120	944.879
1.047198	1.869911	2.701025	125	132	37	944.326
-2.617994	1.569311	-3.003978	124	133	38	944.307
-2.879793	2.295480	1.008277	102	7	114	944.201
-1.308997	2.104282	-0.813972	134	48	129	944.043
0.000000	2.164094	-2.991358	124	131	38	943.952
-2.356194	2.393226	1.857173	127	132	36	943.807
-2.879793	2.104282	-0.813972	49	121	13	943.337
-1.047198	1.440580	2.260026	143	137	35	943.271
2.879793	2.108018	1.311430	105	12	109	943.202
-0.785398	2.588535	-2.976617	130	139	36	943.055
1.308997	2.180315	-1.357379	105	5	120	942.895
-3.141593	0.618092	2.539118	111	0	125	942.867
1.570796	1.440580	2.260026	123	136	34	942.713
2.879793	1.574060	2.783565	122	134	35	942.598
2.617994	1.606104	-0.451151	127	128	26	942.542
0.261799	0.674054	1.013609	123	4	112	941.818
-0.785398	2.356369	3.005869	22	119	40	941.452
2.356194	1.242974	-2.977882	125	134	39	940.945
-1.832596	1.045978	0.343692	139	126	127	940.638
2.617994	1.242974	-2.977882	120	139	38	940.497
2.094395	1.218453	2.777284	125	137	36	940.346
-2.617994	1.683268	0.374177	118	1	113	940.174
2.356194	2.379497	0.561089	109	5	111	939.994
-2.879793	0.203748	0.590255	112	8	112	939.655
2.094395	2.041297	-2.664597	134	136	38	939.612
1.832596	0.960688	-0.577532	116	7	109	939.453
1.047198	1.569311	-3.003978	128	142	39	939.335
-3.141593	2.089241	-0.114193	117	13	104	938.592
-2.617994	1.812176	0.656819	118	0	116	938.523
1.047198	1.846342	-1.796954	129	119	33	937.843
-1.308997	2.719179	-1.780644	108	138	30	937.598
2.356194	2.001437	0.381215	106	7	117	937.431
0.523599	1.134497	-1.109631	114	9	110	937.275
1.832596	1.998705	2.370472	121	41	4	936.918
-2.356194	0.866955	-0.931351	125	142	32	936.637
0.785398	1.870545	-2.976234	122	138	37	936.393
0.785398	2.984978	1.954446	127	135	38	935.824
-0.261799	2.041297	-2.664597	124	127	38	935.255
-3.141593	1.310100	1.488307	119	126	29	935.047
-1.570796	1.658653	-2.409879	26	19	30	935.012
-0.523599	1.050534	3.042579	139	136	37	934.916
-2.356194	1.440580	2.260026	108	2	123	934.464
1.047198	2.153910	-1.714959	104	3	130	934.371
2.879793	1.218453	2.777284	115	138	37	934.225
-2.617994	1.242974	-2.977882	129	131	38	934.203
-2.356194	0.618092	2.539118	119	4	114	934.036
-1.570796	0.370812	-2.547742	134	137	35	933.683
2.617994	1.909857	-0.381669	111	4	112	933.429
0.261799	1.135813	-2.658866	108	18	118	933.260
0.523599	1.904882	-1.478089	110	3	119	933.007
-3.141593	0.929350	-2.910676	24	106	33	932.773
1.047198	1.301460	-0.509251	134	125	128	932.770
0.523599	0.640596	-2.797608	129	131	36	932.510
-0.261799	0.615174	-0.666022	108	9	114	932.189
2.879793	2.455966	-0.641220	27	100	20	932.000
-3.141593	2.587733	0.232235	108	3	120	931.850
2.094395	1.367556	0.358405	114	17	105	931.814
-2.617994	1.391910	3.030322	21	122	42	931.565
-1.308997	2.187132	-0.479875	133	49	114	931.433
-2.094395	1.168678	2.108595	111	1	119	931.341
-1.308997	2.343981	-1.040456	131	48	134	931.207
1.570796	0.866955	-0.931351	120	1	112	931.196
2.094395	1.809167	1.213774	96	27	118	931.044
2.617994	1.367556	0.358405	122	14	103	931.008
1.570796	1.870545	-2.976234	126	133	40	930.983
0.785398	1.413347	-1.339188	107	12	110	930.946
2.879793	1.870545	-2.976234	129	129	37	930.918
-1.832596	1.335669	0.897240	111	7	107	930.870
0.261799	2.174483	2.653697	132	136	37	930.784
-2.879793	2.456751	-1.503343	133	127	34	930.522
0.261799	2.164094	-2.991358	122	138	37	930.464
-3.141593	1.658653	-2.409879	130	129	39	930.340
-2.617994	2.247462	0.191623	118	10	107	930.109
0.523599	1.247695	1.809890	117	17	117	930.036
-2.879793	1.904882	-1.478089	135	139	33	930.013
-1.570796	2.984978	1.954446	108	7	113	929.507
-3.141593	1.374601	-2.456031	129	124	38	929.430
2.617994	2.456751	-1.503343	30	109	32	929.386
2.617994	2.664082	-1.071402	29	104	27	929.374
-2.356194	1.335669	0.897240	134	129	126	929.283
1.832596	0.685216	-1.712745	110	3	115	929.264
-0.785398	2.174483	2.653697	123	140	38	928.943
1.832596	2.343981	-1.040456	124	141	119	928.453
-1.047198	2.247462	0.191623	117	8	109	928.448
1.570796	1.194549	-0.801900	117	0	114	927.881
0.785398	1.756530	-2.105156	129	124	37	927.837
2.617994	1.870545	-2.976234	127	129	36	927.680
1.308997	2.349581	-2.702517	123	130	37	927.437
2.617994	0.733948	3.021411	107	3	118	927.128
-1.047198	0.864993	2.278281	46	115	6	926.875
-3.141593	1.812176	0.656819	110	5	114	926.868
2.094395	2.404280	-0.174044	107	2	115	926.641
1.308997	1.391910	3.030322	130	132	37	926.611
2.879793	2.295480	1.008277	101	7	129	926.538
2.879793	1.569311	-3.003978	127	125	36	926.418
-1.308997	2.349581	-2.702517	126	142	36	926.279
2.879793	1.488617	1.159546	113	131	27	925.997
2.356194	1.417623	-0.202254	6	119	130	925.961
1.832596	0.458961	-0.107937	116	12	106	925.904
-0.261799	2.979456	-1.009304	104	14	114	925.849
-2.617994	2.704512	1.488683	125	134	38	925.846
1.832596	1.413347	-1.339188	133	124	31	925.797
-2.356194	1.506530	1.988858	111	3	117	925.622
1.308997	1.417623	-0.202254	114	1	114	925.420
1.047198	1.134497	-1.109631	114	9	107	925.279
-1.047198	0.458961	-0.107937	102	13	111	925.238
2.356194	1.569311	-3.003978	130	139	38	925.210
-0.785398	1.168678	2.108595	113	3	124	925.147
0.261799	1.982574	-1.115518	106	3	120	925.011
-2.617994	1.218453	2.777284	121	132	37	924.980
1.570796	2.104282	-0.813972	109	0	119	924.975
1.832596	1.569311	-3.003978	128	141	39	924.958
-2.094395	0.297065	2.160177	116	8	110	924.899
2.094395	1.325504	-1.671296	129	131	34	924.839
2.356194	1.606104	-0.451151	115	3	113	924.791
-0.523599	1.113094	-0.272241	127	10	107	924.630
1.047198	1.696674	-1.253233	106	13	109	924.489
1.570796	1.045978	0.343692	116	22	102	924.470
-1.570796	2.033014	2.977192	132	130	36	924.433
-0.785398	1.599406	1.426070	121	0	116	924.247
0.523599	1.617114	-1.572037	112	1	123	924.114
0.261799	2.760637	2.781135	130	126	35	923.660
2.094395	1.948085	-2.363031	127	136	39	923.076
-1.047198	1.977582	0.969896	114	4	114	922.949
-2.879793	1.870545	-2.976234	123	141	37	922.856
2.094395	1.134497	-1.109631	9	143	116	922.809
-2.617994	1.766067	2.153843	100	5	130	922.801
-0.261799	0.203748	0.590255	118	142	117	922.607
-2.617994	1.367556	0.358405	133	123	25	922.570
0.785398	1.696674	-1.253233	105	16	110	922.463
2.356194	1.367556	0.358405	118	13	106	922.060
0.785398	1.732874	-0.951685	107	20	106	922.038
-0.261799	1.374601	-2.456031	23	16	31	921.828
-1.308997	1.756530	-2.105156	122	137	37	921.562
2.094395	1.242974	-2.977882	125	136	38	921.503
-2.356194	1.504028	0.636812	104	14	109	921.493
1.570796	0.960688	-0.577532	112	7	111	921.313
1.570796	2.033014	2.977192	127	128	36	921.165
1.308997	1.135834	-1.431087	114	5	110	920.774
-2.094395	1.247695	1.809890	127	126	32	920.638
2.879793	1.599406	1.426070	103	17	111	920.616
-2.356194	0.674054	1.013609	103	10	113	920.490
-2.094395	1.135813	-2.658866	133	128	38	920.374
-0.785398	1.824694	1.850876	119	0	116	919.928
-1.047198	1.909857	-0.381669	140	42	112	919.837
2.879793	2.299159	2.264663	126	135	38	919.805
-1.832596	1.736875	3.023612	128	130	38	919.400
1.832596	0.709924	0.218797	138	17	104	919.125
-2.879793	2.587733	0.232235	114	2	118	919.065
0.261799	1.736875	3.023612	130	130	39	918.068
-0.261799	1.113094	-0.272241	104	6	116	917.768
-0.261799	0.370812	-2.547742	0	46	131	917.668
1.308997	1.113094	-0.272241	116	0	117	917.633
-2.094395	1.872854	1.543456	111	142	118	917.604
0.000000	1.391910	3.030322	130	136	38	917.152
-2.879793	2.404280	-0.174044	122	10	107	917.107
-1.308997	1.699788	2.452890	133	138	37	917.081
0.785398	0.615174	-0.666022	111	0	116	916.789
-2.617994	0.458961	-0.107937	106	13	111	916.717
-2.094395	0.700570	1.559208	141	129	127	916.562
0.523599	1.242974	-2.977882	129	141	39	916.317
-0.261799	1.025536	1.576859	118	3	121	916.008
1.308997	0.762244	-0.273349	118	143	118	915.980
1.570796	1.256302	0.062705	110	14	109	915.762
2.617994	2.247462	0.191623	108	2	122	915.414
1.832596	1.721184	-0.153948	119	1	113	915.160
-1.047198	1.875281	0.107086	113	7	113	914.857
2.356194	1.256302	0.062705	121	14	104	914.763
-1.047198	0.619654	-2.216909	140	46	126	914.543
-0.261799	1.766067	2.153843	40	132	34	914.484
0.523599	1.168678	2.108595	128	136	33	914.194
2.094395	1.413430	2.550734	131	134	35	914.166
-2.094395	1.977582	0.969896	109	4	117	914.066
-1.047198	1.168678	2.108595	39	116	28	913.756
-2.879793	2.478122	2.609777	113	19	112	913.418
-1.570796	2.396274	-1.959260	114	139	34	913.379
2.879793	1.391910	3.030322	121	123	36	913.268
-3.141593	1.488617	1.159546	114	128	28	913.225
1.832596	2.393226	1.857173	130	138	36	913.118
2.879793	2.456751	-1.503343	39	125	32	913.026
2.879793	1.662363	0.915448	110	13	107	912.977
-0.785398	1.869911	2.701025	128	138	38	912.929
0.523599	2.174483	2.653697	133	138	38	912.630
0.000000	2.041297	-2.664597	124	129	38	912.555
2.617994	2.033014	2.977192	124	134	37	912.536
0.000000	1.113094	-0.272241	107	3	115	912.374
-0.261799	2.664082	-1.071402	104	10	117	912.205
-1.832596	0.418037	1.360082	110	1	118	912.172
-2.879793	1.504028	0.636812	118	1	113	912.155
1.047198	1.413430	2.550734	118	138	35	912.042
-1.308997	0.910508	1.903534	35	108	23	911.984
2.094395	0.910508	1.903534	131	1	32	911.981
0.523599	0.615174	-0.666022	106	3	116	911.961
2.356194	1.870545	-2.976234	127	128	37	911.854
0.785398	2.180315	-1.357379	113	4	114	911.697
2.617994	2.704512	1.488683	98	12	118	911.687
-3.141593	2.456751	-1.503343	113	3	130	911.472
2.094395	1.617114	-1.572037	134	130	33	911.219
-2.879793	0.910508	1.903534	112	143	123	911.199
1.308997	0.866955	-0.931351	116	3	112	911.186
2.879793	1.450119	-2.739050	125	138	40	911.107
-0.785398	1.658653	-2.409879	133	136	37	911.063
2.617994	2.295480	1.008277	106	9	110	910.830
-1.832596	2.063651	-2.044600	121	138	36	910.734
-1.308997	2.174483	2.653697	131	129	37	910.711
-3.141593	0.910508	1.903534	107	1	124	910.447
-1.832596	1.168678	2.108595	109	0	119	910.394
0.785398	0.709924	0.218797	117	2	114	910.052
-2.879793	1.683268	0.374177	115	1	114	909.962
0.523599	2.180315	-1.357379	112	1	119	909.930
-2.356194	2.041297	-2.664597	26	15	32	909.898
-0.523599	2.115563	0.685730	3	37	114	909.792
0.261799	2.579248	-2.364801	113	3	116	909.726
1.832596	2.251330	-2.330739	121	126	35	909.497
-1.047198	2.456751	-1.503343	110	141	30	909.398
-1.570796	2.089241	-0.114193	117	13	109	909.055
-1.832596	1.450119	-2.739050	30	11	34	908.797
-1.047198	2.115563	0.685730	116	7	110	908.790
1.570796	2.478122	2.609777	128	137	38	908.732
-2.094395	2.115563	0.685730	119	5	110	908.563
1.570796	1.301460	-0.509251	117	4	110	908.510
2.879793	1.374601	-2.456031	127	121	38	908.389
2.879793	2.592629	0.909713	102	6	133	908.281
-0.523599	0.203748	0.590255	117	143	115	908.066
1.570796	1.875281	0.107086	112	5	111	907.803
-1.047198	1.194549	-0.801900	129	138	27	907.362
0.523599	2.104282	-0.813972	110	3	114	907.227
-0.523599	0.496451	0.593859	32	105	2	907.125
-2.094395	0.674054	1.013609	106	6	113	906.947
1.047198	2.138223	1.678323	27	31	7	906.717
-2.094395	1.809167	1.213774	110	3	112	906.677
-2.356194	0.615174	-0.666022	112	10	111	906.386
-2.879793	1.301460	-0.509251	112	7	111	906.263
-2.356194	1.450119	-2.739050	125	130	40	906.258
0.523599	0.458961	-0.107937	112	14	107	906.040
2.879793	1.242974	-2.977882	31	127	37	905.785
2.094395	2.247462	0.191623	112	3	112	905.673
1.832596	1.982574	-1.115518	119	141	120	905.406
1.308997	1.569311	-3.003978	134	138	39	905.392
-2.617994	1.374601	-2.456031	34	112	28	905.248
0.523599	2.153910	-1.714959	110	3	118	905.067
-2.356194	2.478122	2.609777	126	136	37	904.943
1.832596	1.134497	-1.109631	104	5	119	904.643
-2.879793	1.440580	2.260026	98	8	130	904.559
0.000000	1.374601	-2.456031	108	22	117	904.483
-1.308997	1.658653	-2.409879	23	21	29	904.469
-3.141593	2.108018	1.311430	107	9	109	904.333
-2.879793	1.128190	-2.288622	124	137	38	904.228
2.356194	1.872854	1.543456	95	25	122	904.074
0.523599	0.831641	0.616218	119	5	110	904.000
2.094395	2.704512	1.488683	118	14	112	903.977
0.000000	1.134497	-1.109631	120	130	29	903.892
-2.094395	1.812176	0.656819	110	9	112	903.776
-0.523599	1.812176	0.656819	1	33	111	903.672
-2.879793	1.617114	-1.572037	41	118	25	903.576
2.356194	1.433411	-1.035986	118	4	110	903.217
0.785398	1.846342	-1.796954	126	120	33	903.207
1.570796	1.569311	-3.003978	103	9	122	902.742
1.308997	1.836682	-0.676006	106	4	115	902.716
-1.832596	1.699788	2.452890	126	138	37	902.517
-2.617994	1.870545	-2.976234	122	139	38	902.147
-1.308997	2.393226	1.857173	115	4	112	902.076
-0.261799	1.247695	1.809890	137	126	28	902.028
0.261799	2.379497	0.561089	124	136	37	901.875
-3.141593	2.455966	-0.641220	45	113	15	901.872
-2.879793	1.184361	0.625864	114	4	112	901.867
0.261799	2.041297	-2.664597	128	129	38	901.802
-0.261799	1.574060	2.783565	133	128	37	901.590
2.617994	1.450119	-2.739050	131	115	30	901.480
-3.141593	0.640596	-2.797608	113	1	128	901.202
1.570796	1.506530	1.988858	123	40	3	900.949
-0.785398	0.831641	0.616218	115	10	102	900.185
-3.141593	2.393226	1.857173	99	11	117	899.843
-1.047198	0.961715	0.014085	103	11	112	899.779
1.047198	1.904882	-1.478089	127	115	29	899.680
-1.308997	1.413347	-1.339188	36	19	15	899.371
0.261799	0.290380	-0.796960	116	2	113	898.410
-2.617994	1.736875	3.023612	117	134	37	898.257
-1.570796	1.134796	2.434290	117	142	125	898.138
0.523599	2.863997	0.549740	121	53	121	898.129
1.047198	1.374601	-2.456031	129	124	38	897.983
-3.141593	0.419640	2.974122	116	142	124	897.703
-2.094395	1.134497	-1.109631	35	23	141	897.699
1.832596	1.184361	0.625864	114	23	103	897.545
1.832596	1.135834	-1.431087	104	4	121	897.531
0.261799	1.812176	0.656819	121	2	31	897.503
-0.261799	1.554776	0.100351	117	8	106	897.357
1.308997	2.108018	1.311430	128	139	33	897.101
-3.141593	2.724429	-0.348782	126	1	115	896.622
1.308997	1.721184	-0.153948	110	3	113	896.401
2.617994	1.812176	0.656819	115	12	105	896.245
1.832596	0.080730	-2.622036	101	5	121	896.183
-0.523599	1.506530	1.988858	134	122	29	895.911
-0.261799	2.108018	1.311430	32	25	11	895.742
-0.785398	1.242974	-2.977882	130	134	39	895.533
2.094395	1.391910	3.030322	127	134	38	895.499
-0.261799	1.168678	2.108595	135	129	31	895.426
1.570796	1.195355	1.200319	141	45	126	895.119
-2.356194	0.290380	-0.796960	125	138	36	895.003
2.879793	2.247462	0.191623	113	0	120	894.736
-0.785398	2.719179	-1.780644	135	138	38	894.700
1.570796	0.674054	1.013609	130	45	107	894.674
-1.832596	1.998705	2.370472	121	138	38	894.566
-1.047198	2.760637	2.781135	123	115	29	894.500
0.261799	2.664082	-1.071402	116	6	111	894.398
0.000000	2.760637	2.781135	128	130	37	894.365
-2.356194	0.591903	2.010408	124	143	116	894.295
1.308997	1.948085	-2.363031	129	131	38	893.782
-0.785398	0.496451	0.593859	115	2	111	893.709
-1.570796	2.251330	-2.330739	7	140	44	893.609
2.094395	1.450119	-2.739050	128	136	40	893.593
-1.832596	0.379747	-1.713059	132	50	123	893.211
2.356194	2.033014	2.977192	125	134	37	893.080
1.308997	1.335669	0.897240	116	132	25	892.896
2.617994	1.732874	-0.951685	112	0	121	892.709
-0.785398	1.301460	-0.509251	106	7	117	892.673
-2.879793	1.658653	-2.409879	129	132	39	892.571
-0.785398	2.984978	1.954446	37	114	28	892.401
-1.047198	1.413347	-1.339188	117	22	109	892.146
-1.570796	1.699788	2.452890	129	139	38	891.422
1.047198	0.709924	0.218797	122	2	114	891.191
-3.141593	0.080730	-2.622036	117	5	113	891.090
-0.785398	0.762244	-0.273349	110	10	111	890.875
-1.832596	2.174483	2.653697	131	134	36	890.814
2.356194	1.113094	-0.272241	123	11	104	890.519
-3.141593	1.741644	-2.695914	127	143	41	890.514
-2.879793	2.089241	-0.114193	4	131	124	890.391
-2.094395	0.618092	2.539118	123	132	36	890.374
-2.356194	1.256302	0.062705	134	122	25	890.216
2.094395	1.696674	-1.253233	116	2	112	890.188
1.308997	0.992645	-1.723759	131	124	35	890.141
-3.141593	1.574060	2.783565	119	136	36	890.122
-2.879793	1.574060	2.783565	102	10	141	890.026
-1.832596	0.906588	1.252948	113	0	115	889.956
-1.570796	0.850607	-1.335383	0	48	137	889.828
-1.570796	2.063651	-2.044600	118	138	36	889.379
0.000000	0.370812	-2.547742	139	46	131	889.312
0.785398	2.356369	3.005869	30	113	35	889.225
-1.047198	1.869911	2.701025	45	123	24	889.160
-0.261799	0.674054	1.013609	14	10	110	889.012
0.523599	2.033014	2.977192	127	138	38	888.873
1.308997	0.960688	-0.577532	117	140	121	888.699
1.570796	1.310100	1.488307	119	133	26	888.640
-2.617994	1.824694	1.850876	101	4	124	888.592
-1.047198	2.164094	-2.991358	124	129	37	888.585
0.261799	0.831641	0.616218	115	5	110	888.497
0.261799	2.881233	-2.582574	128	130	36	888.481
-1.832596	1.504028	0.636812	115	10	104	888.444
1.570796	2.063651	-2.044600	131	125	37	888.260
-0.523599	1.555207	1.708892	128	0	115	888.166
0.000000	2.349581	-2.702517	125	124	36	888.018
-2.094395	1.325504	-1.671296	137	47	125	888.002
0.000000	2.881233	-2.582574	122	116	30	887.810
-0.785398	2.760637	2.781135	114	3	116	887.771
-0.261799	1.699788	2.452890	23	128	42	887.743
-2.879793	1.756530	-2.105156	135	134	36	887.421
2.879793	1.050534	3.042579	120	137	37	887.319
1.047198	1.545873	-1.877082	102	5	132	887.224
2.094395	2.407836	1.410646	107	15	116	887.198
0.785398	1.741644	-2.695914	116	138	34	887.167
1.570796	1.998705	2.370472	124	41	5	887.136
-2.879793	1.335669	0.897240	114	1	116	887.100
-1.308997	1.045978	0.343692	113	12	105	887.083
-2.879793	0.571433	-1.188419	139	43	117	886.975
1.047198	2.664082	-1.071402	96	18	121	886.887
0.523599	0.290380	-0.796960	114	4	110	886.821
1.308997	1.134796	2.434290	129	140	33	886.820
2.356194	2.393226	1.857173	105	18	118	886.741
1.047198	2.164094	-2.991358	129	135	38	886.635
2.356194	1.812176	0.656819	106	16	107	886.533
-1.308997	2.704512	1.488683	115	5	114	886.514
-1.570796	1.812176	0.656819	119	7	107	886.335
-3.141593	2.153910	-1.714959	48	129	27	886.252
2.094395	0.080730	-2.622036	110	2	116	886.210
-2.356194	2.153910	-1.714959	44	14	23	886.077
-1.047198	2.108018	1.311430	111	4	115	885.635
0.785398	1.809167	1.213774	4	44	125	885.492
2.617994	1.869911	2.701025	118	135	36	885.321
-2.094395	2.979456	-1.009304	132	132	37	885.141
-0.785398	1.870545	-2.976234	128	125	36	885.055
-2.879793	0.674054	1.013609	112	4	113	884.521
-1.570796	2.153910	-1.714959	34	20	23	884.508
-0.523599	0.929350	-2.910676	118	19	116	884.432
-2.094395	0.418037	1.360082	111	2	115	884.392
-1.047198	2.104282	-0.813972	130	50	129	884.293
-0.523599	1.756530	-2.105156	127	137	36	884.086
-2.879793	2.379497	0.561089	30	103	7	883.617
-2.879793	1.569311	-3.003978	124	139	40	883.568
-1.308997	1.335669	0.897240	28	104	1	883.551
0.523599	2.588535	-2.976617	124	133	38	883.529
-3.141593	1.662363	0.915448	104	4	120	883.499
2.094395	0.619654	-2.216909	108	5	113	883.461
1.308997	1.736875	3.023612	124	139	39	883.451
-3.141593	1.870545	-2.976234	124	138	38	883.419
2.617994	1.741644	-2.695914	130	122	34	883.383
-2.356194	2.637879	2.121598	123	136	37	883.374
-2.617994	2.592629	0.909713	112	0	118	883.365
1.047198	0.960688	-0.577532	137	121	129	883.020
1.832596	0.992645	-1.723759	109	2	118	882.751
1.308997	2.041297	-2.664597	117	133	35	882.524
0.261799	2.863997	0.549740	136	47	124	882.326
2.617994	1.488617	1.159546	113	133	28	882.314
-0.785398	2.247462	0.191623	1	42	120	882.261
2.094395	1.662363	0.915448	98	25	113	882.214
-1.570796	2.187132	-0.479875	113	17	108	881.821
-2.094395	0.290380	-0.796960	107	18	109	881.767
2.879793	2.704512	1.488683	101	8	118	881.722
-1.047198	1.998705	2.370472	127	137	38	881.433
2.879793	2.251330	-2.330739	22	125	42	881.367
-2.356194	1.870545	-2.976234	120	138	38	881.288
2.617994	1.256302	0.062705	114	2	115	881.252
-2.094395	1.506530	1.988858	126	132	34	880.939
-1.570796	0.496451	0.593859	105	7	117	880.558
-2.356194	0.619654	-2.216909	128	140	34	880.513
1.308997	1.982574	-1.115518	109	13	109	880.428
-1.832596	0.899350	-2.069907	137	47	129	880.396
0.261799	1.135834	-1.431087	95	18	120	880.092
-2.617994	1.756530	-2.105156	132	136	37	879.743
-2.356194	2.979456	-1.009304	132	132	37	879.658
1.308997	1.050534	3.042579	129	136	37	879.625
0.261799	0.960688	-0.577532	107	1	121	879.576
-2.094395	1.736875	3.023612	129	134	39	879.549
0.261799	2.704512	1.488683	123	140	38	879.324
-0.261799	0.297065	2.160177	131	131	36	879.159
1.047198	2.180315	-1.357379	100	5	125	879.158
-0.785398	1.247695	1.809890	112	3	120	879.080
-2.356194	0.458961	-0.107937	109	11	111	879.067
-2.879793	2.174483	2.653697	132	133	38	878.849
2.879793	1.554776	0.100351	119	9	105	878.836
2.356194	2.247462	0.191623	107	5	111	878.709
2.879793	0.370812	-2.547742	110	2	126	878.581
-0.785398	0.203748	0.590255	117	2	112	878.516
-1.570796	2.356369	3.005869	130	139	37	878.483
-1.308997	2.356369	3.005869	133	140	37	878.199
1.832596	2.396274	-1.959260	122	121	33	878.151
-2.617994	1.809167	1.213774	107	1	125	878.110
-1.832596	1.554776	0.100351	118	20	101	877.865
-0.523599	2.033014	2.977192	128	139	38	877.656
-1.570796	1.756530	-2.105156	126	142	37	877.638
-1.570796	0.866395	-2.492918	137	45	135	877.559
0.785398	1.510910	-0.740472	111	20	103	877.540
2.356194	1.741644	-2.695914	128	120	34	877.377
2.094395	0.992645	-1.723759	113	1	116	877.350
0.261799	1.662363	0.915448	118	3	30	877.348
-2.356194	1.218453	2.777284	121	121	36	877.319
-1.570796	2.041297	-2.664597	18	137	44	877.170
0.785398	1.662363	0.915448	128	142	29	877.001
-1.832596	2.041297	-2.664597	17	138	45	876.900
2.094395	1.875281	0.107086	105	9	115	876.895
0.523599	1.756530	-2.105156	125	127	37	876.867
-2.879793	1.545873	-1.877082	39	115	26	876.665
-1.308997	2.579248	-2.364801	129	141	35	876.545
-1.308997	0.674054	1.013609	111	2	112	876.540
-2.094395	1.756530	-2.105156	139	45	136	876.492
-0.523599	1.256302	0.062705	111	3	116	876.470
0.261799	0.914445	2.687814	142	45	128	876.303
-0.523599	1.662363	0.915448	117	1	117	876.207
1.832596	1.948085	-2.363031	128	135	39	875.541
1.047198	0.762244	-0.273349	114	15	104	875.517
-1.047198	2.349581	-2.702517	116	127	36	875.421
0.000000	1.025536	1.576859	123	3	121	875.245
-0.523599	2.001437	0.381215	134	46	118	875.201
-2.879793	1.662363	0.915448	109	2	119	875.117
-1.047198	2.637879	2.121598	114	1	118	874.926
2.356194	0.619654	-2.216909	130	127	36	874.916
2.617994	1.662363	0.915448	112	17	104	874.871
1.570796	2.664082	-1.071402	111	142	127	874.869
-2.094395	1.195355	1.200319	110	2	115	874.657
-0.785398	0.866395	-2.492918	138	47	132	874.336
0.523599	1.335669	0.897240	113	4	24	874.234
-0.785398	1.699788	2.452890	136	138	36	873.957
0.261799	1.194549	-0.801900	113	4	113	873.901
0.785398	2.174483	2.653697	130	133	38	873.817
2.617994	1.417623	-0.202254	126	126	24	873.757
0.261799	0.458961	-0.107937	31	106	0	873.691
0.523599	1.812176	0.656819	117	1	32	873.583
-1.047198	1.870545	-2.976234	130	130	37	873.513
-1.832596	1.214854	-1.966664	135	48	130	873.145
-0.523599	2.041297	-2.664597	123	126	38	873.144
-1.570796	1.554776	0.100351	120	17	103	872.869
-0.785398	2.664082	-1.071402	108	143	26	872.627
2.879793	1.683268	0.374177	116	8	108	872.591
-1.570796	2.881233	-2.582574	104	13	114	872.478
-1.832596	0.850607	-1.335383	141	45	119	872.414
-2.617994	1.168678	2.108595	103	7	120	872.284
-3.141593	1.756530	-2.105156	135	131	36	872.160
1.047198	1.045978	0.343692	120	6	109	872.128
-1.308997	1.135834	-1.431087	119	20	109	872.031
-2.094395	1.870545	-2.976234	127	135	38	871.924
2.617994	1.872854	1.543456	94	20	123	871.684
-2.356194	2.138223	1.678323	132	130	34	871.655
-1.570796	0.914445	2.687814	36	119	34	871.370
-3.141593	2.041297	-2.664597	124	138	39	871.111
2.879793	0.733948	3.021411	126	130	37	871.056
-2.094395	0.961715	0.014085	143	32	108	870.993
-3.141593	0.591903	2.010408	104	5	117	870.974
-1.047198	1.809167	1.213774	112	6	112	870.874
2.879793	2.379497	0.561089	102	9	111	870.862
-1.308997	1.732874	-0.951685	134	48	126	870.828
2.879793	1.555207	1.708892	120	129	32	870.819
-0.785398	2.251330	-2.330739	123	128	33	870.544
-1.570796	1.766067	2.153843	134	131	35	870.373
0.261799	2.356369	3.005869	127	136	37	870.366
-1.047198	1.948085	-2.363031	119	132	38	870.366
1.570796	2.073035	2.027405	122	46	143	870.144
-2.617994	2.115563	0.685730	111	7	108	870.090
-2.356194	2.343981	-1.040456	135	128	34	869.633
1.570796	0.619654	-2.216909	126	135	37	869.622
-0.785398	2.396274	-1.959260	143	141	41	869.428
2.356194	2.881233	-2.582574	131	131	36	869.380
-1.570796	1.450119	-2.739050	124	133	40	869.271
1.308997	1.977582	0.969896	126	49	120	869.221
-2.356194	1.977582	0.969896	109	5	110	869.149
-3.141593	2.379497	0.561089	111	143	124	869.107
-1.047198	0.370812	-2.547742	131	136	37	868.873
-2.617994	0.674054	1.013609	116	3	112	868.744
0.523599	1.413430	2.550734	124	137	36	868.631
-2.094395	0.914445	2.687814	31	109	32	868.572
-1.047198	1.812176	0.656819	112	2	118	868.555
0.000000	2.579248	-2.364801	108	4	117	868.344
1.570796	0.914445	2.687814	121	143	36	868.328
-0.785398	0.685216	-1.712745	139	44	125	868.314
-1.047198	2.073035	2.027405	115	1	116	868.030
1.047198	0.615174	-0.666022	118	2	111	867.529
0.261799	1.413347	-1.339188	101	5	128	867.511
2.879793	2.073035	2.027405	125	122	34	867.367
-2.356194	0.864993	2.278281	101	5	123	867.163
-0.785398	1.555207	1.708892	117	0	119	867.137
-0.261799	1.506530	1.988858	137	123	28	867.004
2.094395	2.979456	-1.009304	103	5	127	866.743
-1.047198	2.089241	-0.114193	115	10	109	866.581
0.000000	1.301460	-0.509251	127	15	105	866.571
2.356194	2.089241	-0.114193	109	2	120	866.333
2.617994	2.592629	0.909713	106	5	114	866.050
0.523599	1.194549	-0.801900	108	0	121	865.809
-1.570796	2.588535	-2.976617	130	133	39	865.764
2.617994	2.379497	0.561089	103	6	129	865.435
-1.832596	2.455966	-0.641220	116	17	108	865.380
2.617994	1.510910	-0.740472	124	129	26	865.341
-2.356194	0.914445	2.687814	123	116	34	865.208
-1.832596	2.478122	2.609777	125	136	38	865.079
-2.879793	0.899350	-2.069907	131	134	36	864.956
-2.617994	0.850607	-1.335383	129	143	33	864.777
0.523599	0.709924	0.218797	112	2	114	864.725
-2.879793	2.984978	1.954446	114	119	22	864.540
-2.094395	2.041297	-2.664597	18	137	45	864.524
-0.261799	1.242974	-2.977882	125	138	39	864.476
-2.356194	1.014500	0.906702	105	9	111	864.390
0.261799	1.413430	2.550734	126	136	35	864.378
-2.879793	2.033014	2.977192	119	137	37	864.377
2.879793	2.637879	2.121598	107	15	117	864.373
2.617994	1.310100	1.488307	115	129	29	864.248
-1.308997	1.242974	-2.977882	129	128	39	864.138
0.261799	1.374601	-2.456031	125	135	39	864.118
-0.523599	0.615174	-0.666022	116	4	114	864.010
-1.570796	2.863997	0.549740	117	8	112	863.925
-1.047198	1.836682	-0.676006	131	49	123	863.910
2.617994	1.413347	-1.339188	118	2	113	863.875
-1.047198	1.184361	0.625864	8	9	107	863.872
2.094395	0.961715	0.014085	121	16	103	863.784
-1.047198	2.063651	-2.044600	115	136	36	863.627
-2.879793	1.506530	1.988858	101	9	119	863.538
-0.523599	0.899350	-2.069907	140	44	128	863.441
0.000000	2.138223	1.678323	50	125	16	863.379
-2.879793	2.138223	1.678323	103	7	114	863.361
2.094395	1.683268	0.374177	120	5	111	863.346
0.523599	0.866395	-2.492918	103	12	119	863.316
-2.094395	0.379747	-1.713059	136	47	123	863.035
0.000000	2.407836	1.410646	138	45	127	862.984
-0.785398	0.864993	2.278281	119	3	125	862.951
1.308997	1.256302	0.062705	117	4	112	862.903
1.047198	1.325504	-1.671296	106	3	126	862.859
-1.047198	1.335669	0.897240	34	106	1	862.668
-2.617994	1.134497	-1.109631	121	2	30	862.645
-1.832596	0.992645	-1.723759	1	43	124	862.627
1.308997	1.325504	-1.671296	123	124	35	862.615
1.832596	2.984978	1.954446	122	53	129	862.600
-1.570796	1.869911	2.701025	131	122	35	862.348
-2.879793	1.134497	-1.109631	129	140	31	862.148
1.832596	2.187132	-0.479875	109	2	115	861.947
-1.832596	0.297065	2.160177	119	8	110	861.892
-0.785398	2.001437	0.381215	2	37	114	861.803
-2.094395	1.050534	3.042579	122	8	118	861.726
-1.047198	0.910508	1.903534	38	112	24	861.638
2.356194	1.135813	-2.658866	122	136	40	861.613
-1.832596	1.247695	1.809890	130	126	33	861.453
0.261799	0.370812	-2.547742	126	136	35	861.414
0.523599	0.914445	2.687814	116	1	31	861.312
2.094395	2.478122	2.609777	133	136	37	861.269
2.094395	1.025536	1.576859	127	2	30	861.117
1.047198	2.579248	-2.364801	121	123	35	860.813
1.832596	2.138223	1.678323	118	20	111	860.728
-1.832596	0.831641	0.616218	108	10	109	860.623
1.308997	0.685216	-1.712745	112	1	120	860.558
-2.879793	0.640596	-2.797608	131	124	36	860.400
2.617994	1.134796	2.434290	112	141	35	860.034
1.308997	2.704512	1.488683	133	48	129	859.979
1.570796	1.736875	3.023612	122	128	36	859.947
-1.570796	2.760637	2.781135	3	102	33	859.945
-0.523599	1.301460	-0.509251	100	12	116	859.913
-1.047198	0.929350	-2.910676	27	25	21	859.875
0.261799	2.455966	-0.641220	113	5	112	859.830
-2.879793	2.108018	1.311430	110	6	109	859.815
1.047198	1.488617	1.159546	1	43	121	859.715
2.094395	1.569311	-3.003978	121	123	36	859.694
2.617994	1.658653	-2.409879	136	133	38	859.269
0.261799	0.203748	0.590255	116	143	121	859.109
1.832596	0.203748	0.590255	134	48	121	859.039
0.000000	2.637879	2.121598	133	124	36	858.948
0.523599	2.108018	1.311430	33	26	1	858.523
1.308997	1.696674	-1.253233	109	143	124	858.520
-0.261799	0.910508	1.903534	122	2	125	858.491
1.047198	1.977582	0.969896	116	17	109	858.398
-2.094395	1.242974	-2.977882	127	123	39	858.288
-2.617994	1.545873	-1.877082	41	120	26	858.213
2.356194	2.041297	-2.664597	132	134	38	858.136
-2.617994	1.904882	-1.478089	51	135	22	857.957
-0.261799	2.719179	-1.780644	132	143	36	857.952
1.832596	0.831641	0.616218	129	41	103	857.736
0.000000	1.599406	1.426070	127	4	28	857.707
-0.261799	1.948085	-2.363031	135	134	39	857.693
-0.523599	1.658653	-2.409879	133	134	38	857.679
-3.141593	2.396274	-1.959260	128	127	35	857.364
-2.617994	1.741644	-2.695914	124	138	40	857.273
-2.356194	2.115563	0.685730	113	4	113	856.941
-0.785398	2.637879	2.121598	115	2	117	856.933
-1.832596	1.488617	1.159546	17	124	126	856.844
-3.141593	1.569311	-3.003978	122	141	40	856.798
2.617994	2.637879	2.121598	104	17	121	856.752
-1.832596	2.760637	2.781135	133	131	39	856.697
-1.308997	2.180315	-1.357379	32	23	18	856.508
-2.094395	2.592629	0.909713	109	6	116	856.273
-2.356194	0.571433	-1.188419	126	136	35	855.911
0.261799	2.251330	-2.330739	113	1	121	855.450
-1.570796	1.433411	-1.035986	119	16	109	855.337
2.356194	1.194549	-0.801900	111	1	118	855.281
2.879793	1.247695	1.809890	121	124	30	855.061
2.356194	0.496451	0.593859	0	27	107	854.990
2.094395	2.393226	1.857173	118	19	112	854.883
-1.570796	0.709924	0.218797	102	15	112	854.838
1.047198	1.050534	3.042579	129	135	36	854.607
-0.523599	1.128190	-2.288622	22	23	26	854.602
-2.879793	2.180315	-1.357379	115	1	128	854.503
-0.785398	2.455966	-0.641220	6	47	133	854.238
-2.617994	2.760637	2.781135	113	15	113	854.202
1.047198	2.478122	2.609777	129	131	39	853.946
-2.879793	1.247695	1.809890	118	143	121	853.762
-2.879793	0.709924	0.218797	143	25	107	853.695
-2.356194	0.906588	1.252948	105	5	116	853.645
2.094395	1.374601	-2.456031	142	111	38	853.565
2.094395	0.370812	-2.547742	102	9	115	853.538
0.000000	1.450119	-2.739050	21	16	33	853.500
0.523599	1.599406	1.426070	2	42	120	853.422
-2.879793	1.606104	-0.451151	46	120	2	853.342
-2.356194	1.448123	-2.163292	41	120	27	853.332
-1.832596	1.440580	2.260026	129	134	35	853.302
2.356194	2.299159	2.264663	130	132	37	853.153
2.094395	1.872854	1.543456	95	30	122	853.098
-2.356194	1.948085	-2.363031	104	21	122	853.094
0.785398	1.440580	2.260026	35	19	26	852.965
2.356194	1.510910	-0.740472	116	5	109	852.943
0.000000	0.960688	-0.577532	118	11	106	852.932
-0.785398	1.554776	0.100351	113	3	116	852.770
-1.308997	0.370812	-2.547742	133	137	36	852.760
2.879793	1.699788	2.452890	127	132	37	852.742
-1.047198	2.299159	2.264663	115	0	117	852.628
1.308997	1.617114	-1.572037	108	6	112	852.407
0.261799	1.870545	-2.976234	124	0	119	852.267
-2.879793	2.881233	-2.582574	131	129	37	852.253
2.094395	2.587733	0.232235	109	2	116	852.245
-2.617994	2.138223	1.678323	17	102	12	852.195
1.570796	2.719179	-1.780644	109	3	121	852.006
-1.308997	0.640596	-2.797608	111	10	133	851.926
-2.879793	1.195355	1.200319	118	0	116	851.902
-2.356194	1.135813	-2.658866	133	129	39	851.873
0.000000	2.456751	-1.503343	115	3	114	851.831
2.879793	2.587733	0.232235	103	5	119	851.738
2.094395	0.615174	-0.666022	113	7	110	851.480
1.570796	2.456751	-1.503343	122	140	126	851.281
1.047198	2.984978	1.954446	126	136	38	851.086
-2.356194	1.391910	3.030322	124	128	37	851.086
-1.570796	0.685216	-1.712745	141	44	120	851.059
2.879793	1.766067	2.153843	125	128	36	850.928
-0.261799	2.349581	-2.702517	122	122	35	850.824
0.785398	1.869911	2.701025	133	140	37	850.656
-2.879793	0.992645	-1.723759	130	139	35	850.522
2.094395	2.379497	0.561089	106	7	112	850.416
-1.570796	2.174483	2.653697	124	116	33	850.330
0.261799	0.906588	1.252948	122	3	126	850.139
-0.523599	1.391910	3.030322	131	131	38	849.674
2.617994	1.599406	1.426070	95	21	118	849.661
-3.141593	1.683268	0.374177	115	5	111	849.482
0.000000	1.128190	-2.288622	109	19	115	849.408
1.308997	2.579248	-2.364801	24	132	41	849.181
-2.094395	1.025536	1.576859	107	3	115	849.030
2.879793	1.134497	-1.109631	132	136	31	849.002
1.308997	1.247695	1.809890	138	46	137	848.508
-1.832596	0.619654	-2.216909	139	46	128	848.318
1.308997	1.683268	0.374177	112	10	107	848.235
0.785398	2.407836	1.410646	131	141	35	848.163
0.523599	1.766067	2.153843	130	139	36	847.985
0.261799	2.349581	-2.702517	127	124	36	847.909
-1.570796	0.906588	1.252948	111	1	113	847.857
-2.617994	1.872854	1.543456	102	4	119	847.784
1.570796	2.455966	-0.641220	97	16	117	847.725
2.617994	1.134497	-1.109631	133	132	31	847.695
-1.047198	1.699788	2.452890	136	137	37	847.548
0.261799	0.297065	2.160177	135	48	128	847.453
1.308997	2.153910	-1.714959	131	115	32	847.439
-3.141593	1.134796	2.434290	124	131	34	847.427
-2.617994	2.456751	-1.503343	131	128	36	847.055
2.879793	1.741644	-2.695914	124	131	40	846.897
0.000000	1.242974	-2.977882	133	135	39	846.895
0.000000	0.203748	0.590255	110	143	121	846.834
-3.141593	1.168678	2.108595	125	127	32	846.817
2.617994	1.391910	3.030322	126	128	35	846.816
0.000000	1.948085	-2.363031	117	132	36	846.794
-2.879793	1.875281	0.107086	125	4	108	846.734
1.832596	2.299159	2.264663	123	43	2	846.380
1.308997	2.760637	2.781135	128	136	37	846.268
0.000000	0.866395	-2.492918	128	130	36	845.810
-1.832596	2.299159	2.264663	134	135	37	845.712
0.523599	2.984978	1.954446	29	23	18	845.609
0.785398	1.135834	-1.431087	104	8	117	845.376
2.094395	2.089241	-0.114193	112	9	104	845.105
-2.356194	1.846342	-1.796954	141	44	128	845.066
-1.832596	2.704512	1.488683	135	131	36	844.990
-2.879793	1.374601	-2.456031	130	126	38	844.958
-2.617994	1.310100	1.488307	111	3	115	844.864
0.785398	0.864993	2.278281	130	134	35	844.804
-0.523599	1.194549	-0.801900	106	5	119	844.783
-2.879793	1.510910	-0.740472	48	120	4	844.689
0.000000	2.379497	0.561089	125	135	37	844.658
1.570796	1.574060	2.783565	127	37	24	844.629
-1.047198	2.588535	-2.976617	122	118	30	844.441
1.308997	0.418037	1.360082	2	142	34	844.404
1.308997	2.063651	-2.044600	129	123	37	844.338
-2.094395	1.545873	-1.877082	137	47	129	844.332
2.879793	2.396274	-1.959260	132	127	35	844.042
0.523599	1.977582	0.969896	115	141	34	844.022
-3.141593	2.356369	3.005869	111	23	114	844.021
-1.832596	1.948085	-2.363031	19	129	42	844.007
-3.141593	1.025536	1.576859	121	123	27	843.602
1.832596	0.866955	-0.931351	117	1	117	843.586
1.047198	0.619654	-2.216909	118	135	37	843.562
-1.308997	2.979456	-1.009304	137	48	127	843.523
0.523599	2.379497	0.561089	124	137	36	843.388
2.617994	1.247695	1.809890	119	126	30	843.364
-2.094395	1.488617	1.159546	2	142	115	843.333
-1.047198	2.404280	-0.174044	135	48	115	843.257
-2.879793	1.872854	1.543456	105	7	115	842.967
-0.523599	1.599406	1.426070	121	3	114	842.940
-2.356194	1.812176	0.656819	123	3	109	842.920
-2.094395	0.906588	1.252948	108	3	116	842.806
-2.879793	1.242974	-2.977882	125	134	39	842.779
0.261799	1.756530	-2.105156	115	1	121	842.389
0.785398	2.073035	2.027405	1	44	132	842.160
-2.356194	0.992645	-1.723759	46	122	16	841.756
0.523599	1.135834	-1.431087	97	13	120	841.602
0.000000	2.863997	0.549740	31	25	16	841.539
1.047198	0.899350	-2.069907	128	133	36	841.514
-2.356194	2.299159	2.264663	105	5	138	841.031
0.785398	1.812176	0.656819	119	9	111	840.919
-2.094395	1.554776	0.100351	118	20	101	840.864
-2.094395	1.310100	1.488307	103	2	122	840.806
-1.308997	2.637879	2.121598	107	5	117	840.772
0.261799	1.696674	-1.253233	111	2	120	840.749
2.094395	1.732874	-0.951685	111	3	113	840.741
-2.094395	1.218453	2.777284	125	122	35	840.739
-0.523599	2.089241	-0.114193	130	50	119	840.664
-2.879793	2.187132	-0.479875	47	117	9	840.610
-2.094395	1.448123	-2.163292	42	125	27	840.534
2.094395	2.664082	-1.071402	107	6	116	840.504
-2.617994	0.910508	1.903534	115	1	117	840.466
-1.308997	2.379497	0.561089	114	6	112	840.427
-2.617994	1.325504	-1.671296	44	119	21	840.408
-2.356194	2.108018	1.311430	105	3	116	840.381
-3.141593	2.984978	1.954446	133	131	38	839.864
1.047198	1.440580	2.260026	120	142	34	839.840
1.570796	0.961715	0.014085	125	3	112	839.803
1.047198	0.379747	-1.713059	112	1	116	839.738
0.523599	2.001437	0.381215	120	4	114	839.548
1.570796	1.335669	0.897240	111	30	105	839.493
1.832596	1.977582	0.969896	95	29	118	839.065
-1.570796	1.367556	0.358405	109	12	109	838.979
0.785398	1.050534	3.042579	139	141	39	838.761
-2.617994	0.419640	2.974122	23	98	23	838.473
-1.832596	2.033014	2.977192	121	140	39	838.406
-3.141593	2.063651	-2.044600	135	136	35	838.215
-0.523599	1.184361	0.625864	105	5	115	838.201
-1.570796	2.704512	1.488683	111	6	113	838.158
-1.832596	0.618092	2.539118	123	132	36	838.103
-0.261799	2.588535	-2.976617	127	117	33	837.927
1.570796	1.325504	-1.671296	115	2	112	837.834
0.523599	1.662363	0.915448	114	1	30	837.789
2.094395	2.251330	-2.330739	122	126	36	837.786
1.047198	1.741644	-2.695914	127	137	40	837.752
2.356194	2.456751	-1.503343	27	107	32	837.727
0.785398	2.247462	0.191623	108	10	114	837.668
-2.617994	2.379497	0.561089	111	3	116	837.476
0.523599	2.063651	-2.044600	110	129	34	837.401
1.832596	1.391910	3.030322	128	136	37	837.322
-2.094395	1.599406	1.426070	106	2	117	837.160
-0.523599	0.080730	-2.622036	128	132	36	837.004
-2.879793	2.396274	-1.959260	129	128	36	836.904
2.094395	2.356369	3.005869	132	133	37	836.719
1.570796	2.356369	3.005869	47	136	28	836.582
-1.570796	1.846342	-1.796954	139	46	135	836.332
0.523599	1.998705	2.370472	130	133	37	836.198
-1.308997	1.909857	-0.381669	131	47	110	836.110
-0.785398	2.579248	-2.364801	132	142	37	835.967
-2.094395	1.045978	0.343692	103	18	110	835.832
-2.617994	1.599406	1.426070	113	1	116	835.824
2.879793	1.128190	-2.288622	126	135	39	835.800
0.000000	1.766067	2.153843	33	125	36	835.759
2.617994	2.063651	-2.044600	120	142	125	835.756
-0.523599	0.866395	-2.492918	134	46	133	835.574
-0.261799	0.618092	2.539118	127	128	37	835.573
-0.523599	1.869911	2.701025	131	139	37	835.264
2.356194	2.592629	0.909713	118	134	36	835.226
-2.094395	2.579248	-2.364801	133	128	36	835.190
0.261799	2.115563	0.685730	122	140	35	835.147
1.308997	2.174483	2.653697	128	132	37	835.064
-0.785398	1.134796	2.434290	133	129	33	834.761
2.094395	1.194549	-0.801900	117	7	107	834.753
-1.047198	1.599406	1.426070	116	0	116	834.638
2.356194	0.615174	-0.666022	116	6	109	834.594
2.094395	2.396274	-1.959260	20	126	41	834.486
-0.523599	1.413430	2.550734	128	131	35	834.475
1.308997	2.295480	1.008277	112	15	114	834.406
0.785398	2.760637	2.781135	128	133	38	834.393
1.047198	1.555207	1.708892	6	44	125	834.285
2.879793	2.063651	-2.044600	138	136	36	834.223
-1.308997	1.014500	0.906702	114	4	108	834.220
-3.141593	2.760637	2.781135	105	18	121	834.062
1.570796	1.545873	-1.877082	128	129	35	833.856
-1.047198	0.733948	3.021411	111	8	130	833.806
-2.617994	2.153910	-1.714959	47	10	23	833.788
0.523599	2.719179	-1.780644	110	6	112	833.616
0.261799	2.033014	2.977192	128	136	37	833.571
-2.094395	2.073035	2.027405	130	131	36	833.566
1.832596	1.506530	1.988858	124	138	35	833.389
-2.094395	1.134796	2.434290	106	1	125	833.350
1.832596	1.433411	-1.035986	111	5	111	833.290
-2.879793	2.356369	3.005869	110	21	114	833.283
0.000000	2.033014	2.977192	124	140	37	832.850
-2.094395	2.164094	-2.991358	129	142	38	832.819
-2.879793	1.836682	-0.676006	48	120	8	832.733
0.785398	1.617114	-1.572037	103	6	124	832.363
1.308997	1.184361	0.625864	114	28	102	832.277
0.785398	2.295480	1.008277	117	133	36	832.082
-0.261799	2.379497	0.561089	1	44	124	832.027
2.356194	1.134497	-1.109631	133	129	31	831.939
-1.570796	1.325504	-1.671296	129	1	34	831.888
-1.832596	2.396274	-1.959260	124	141	35	831.859
-3.141593	0.831641	0.616218	139	22	106	831.832
0.261799	1.809167	1.213774	1	43	124	831.801
-1.308997	0.297065	2.160177	116	142	124	831.767
-1.047198	1.721184	-0.153948	140	37	108	831.733
-2.617994	1.488617	1.159546	115	4	111	831.589
-2.094395	1.367556	0.358405	112	17	103	831.587
1.047198	1.218453	2.777284	129	135	36	831.417
-0.261799	0.496451	0.593859	10	136	121	831.375
-1.570796	1.335669	0.897240	25	103	1	831.355
-1.570796	1.050534	3.042579	122	1	129	831.212
-1.570796	2.104282	-0.813972	134	51	118	831.170
-3.141593	2.704512	1.488683	127	132	37	831.132
-0.523599	1.741644	-2.695914	130	129	39	830.999
0.785398	1.310100	1.488307	139	45	129	830.869
2.356194	1.948085	-2.363031	125	138	39	830.702
1.308997	1.413430	2.550734	116	138	35	830.701
-0.523599	2.455966	-0.641220	0	47	132	830.652
-1.047198	0.906588	1.252948	37	105	6	830.578
0.000000	1.194549	-0.801900	101	6	120	830.381
-3.141593	1.184361	0.625864	132	131	127	830.375
-1.308997	2.396274	-1.959260	111	137	34	830.340
2.356194	0.709924	0.218797	1	20	105	830.332
-0.523599	0.419640	2.974122	133	136	36	830.330
1.570796	2.396274	-1.959260	110	0	124	830.195
-2.356194	1.904882	-1.478089	48	12	18	830.045
2.356194	0.960688	-0.577532	113	3	113	829.803
-0.785398	1.506530	1.988858	113	3	118	829.793
-1.047198	2.592629	0.909713	132	138	37	829.761
-1.832596	1.869911	2.701025	121	113	28	829.673
2.617994	2.356369	3.005869	135	133	37	829.557
1.308997	0.700570	1.559208	128	50	113	829.483
2.094395	1.812176	0.656819	98	20	112	829.302
2.094395	2.984978	1.954446	124	35	22	829.149
2.879793	0.080730	-2.622036	113	6	114	829.091
1.308997	0.733948	3.021411	106	13	111	829.055
-1.308997	0.571433	-1.188419	142	40	117	829.026
2.094395	2.174483	2.653697	129	132	38	828.858
0.785398	1.450119	-2.739050	134	137	39	828.639
-0.785398	1.194549	-0.801900	103	9	119	828.454
1.570796	1.135813	-2.658866	126	136	40	828.440
0.523599	2.881233	-2.582574	36	124	32	828.405
-1.570796	0.458961	-0.107937	96	24	115	828.402
2.356194	1.662363	0.915448	97	21	114	828.326
-2.617994	2.343981	-1.040456	117	2	132	828.301
1.308997	2.343981	-1.040456	97	14	117	828.300
-2.879793	1.488617	1.159546	114	13	105	828.108
1.308997	1.025536	1.576859	134	45	137	827.930
1.047198	1.194549	-0.801900	97	18	117	827.926
2.094395	2.349581	-2.702517	133	134	38	827.812
-0.785398	0.929350	-2.910676	118	19	115	827.594
1.570796	2.343981	-1.040456	111	142	124	827.584
-2.879793	1.135813	-2.658866	134	133	39	827.581
-2.617994	2.393226	1.857173	103	3	133	827.370
-1.047198	0.419640	2.974122	126	132	37	827.185
1.308997	2.637879	2.121598	125	139	38	827.160
-1.570796	0.864993	2.278281	34	111	29	827.117
2.617994	2.251330	-2.330739	134	135	36	826.933
-1.047198	1.025536	1.576859	41	107	12	826.904
-1.832596	2.104282	-0.813972	139	48	119	826.896
-2.617994	1.184361	0.625864	120	5	108	826.697
0.523599	2.251330	-2.330739	118	0	120	826.549
2.356194	0.297065	2.160177	112	6	113	826.516
2.356194	1.301460	-0.509251	121	6	108	826.297
-2.879793	1.218453	2.777284	117	0	135	826.230
-0.523599	2.637879	2.121598	25	108	36	826.204
-2.356194	0.762244	-0.273349	111	10	111	825.832
0.261799	2.180315	-1.357379	108	3	119	825.828
-2.094395	1.948085	-2.363031	26	141	42	825.799
1.832596	1.242974	-2.977882	134	122	38	825.686
2.356194	1.756530	-2.105156	112	0	121	825.617
-3.141593	1.413430	2.550734	118	133	35	825.605
-2.617994	2.001437	0.381215	115	11	105	825.551
-0.261799	2.356369	3.005869	128	133	37	825.342
-0.261799	1.194549	-0.801900	110	3	118	825.299
0.785398	0.733948	3.021411	1	46	0	825.176
1.570796	2.251330	-2.330739	121	125	36	825.110
-2.356194	1.998705	2.370472	131	126	37	825.054
-1.832596	1.433411	-1.035986	118	16	109	824.979
0.000000	2.063651	-2.044600	131	131	34	824.932
1.047198	1.574060	2.783565	119	133	36	824.760
-1.308997	1.134796	2.434290	131	118	34	824.685
-2.356194	2.063651	-2.044600	130	133	35	824.676
0.785398	1.247695	1.809890	143	46	133	824.559
-1.570796	0.419640	2.974122	126	137	36	824.373
-0.523599	1.948085	-2.363031	129	130	37	824.337
-1.832596	2.881233	-2.582574	102	16	116	824.247
-1.047198	2.138223	1.678323	115	3	113	824.031
-2.094395	2.379497	0.561089	124	1	117	823.935
-1.832596	1.218453	2.777284	127	125	35	823.929
-1.570796	1.732874	-0.951685	118	19	109	823.869
0.523599	0.619654	-2.216909	107	8	116	823.794
-2.356194	1.741644	-2.695914	122	138	40	823.723
-1.570796	1.836682	-0.676006	132	49	114	823.716
-1.570796	0.929350	-2.910676	111	11	128	823.615
-2.879793	2.153910	-1.714959	138	128	31	823.555
-1.308997	1.545873	-1.877082	124	142	36	823.551
-2.356194	1.658653	-2.409879	37	120	32	823.547
-2.094395	2.295480	1.008277	113	1	119	823.384
-3.141593	1.982574	-1.115518	106	7	122	823.358
1.047198	1.135813	-2.658866	127	129	38	823.331
1.832596	2.063651	-2.044600	125	110	23	823.216
2.356194	1.310100	1.488307	115	131	29	823.175
-3.141593	1.391910	3.030322	115	138	38	823.111
2.879793	2.478122	2.609777	113	21	113	823.107
0.523599	0.929350	-2.910676	24	25	24	823.086
2.094395	1.247695	1.809890	125	38	20	822.859
-2.094395	2.396274	-1.959260	135	47	129	822.840
2.356194	2.979456	-1.009304	107	1	127	822.828
-2.356194	2.295480	1.008277	111	2	114	822.537
-1.308997	1.510910	-0.740472	133	47	121	822.455
1.047198	1.982574	-1.115518	106	15	109	822.393
0.261799	1.617114	-1.572037	101	5	130	822.152
0.261799	0.700570	1.559208	126	5	125	821.984
-1.832596	1.135834	-1.431087	130	1	32	821.788
-0.785398	1.977582	0.969896	115	3	113	821.603
1.047198	0.700570	1.559208	133	48	113	821.572
-2.356194	1.488617	1.159546	99	9	118	821.563
1.832596	1.374601	-2.456031	129	130	39	821.401
-1.832596	2.089241	-0.114193	115	13	109	821.386
2.879793	1.904882	-1.478089	137	131	33	821.345
1.570796	1.756530	-2.105156	125	126	39	821.340
-2.094395	0.419640	2.974122	117	142	130	821.184
-0.261799	1.741644	-2.695914	130	126	38	820.938
-0.261799	2.984978	1.954446	131	122	35	820.873
-2.879793	1.450119	-2.739050	124	126	40	820.640
-2.617994	1.045978	0.343692	133	120	22	820.608
-1.832596	2.251330	-2.330739	8	142	44	820.433
-3.141593	1.696674	-1.253233	139	131	30	820.391
0.785398	2.299159	2.264663	131	131	39	820.360
0.785398	2.379497	0.561089	121	48	112	820.286
0.000000	1.417623	-0.202254	107	7	110	820.166
-1.570796	0.700570	1.559208	117	0	113	820.141
-2.094395	0.370812	-2.547742	129	136	35	820.124
-1.047198	2.704512	1.488683	129	140	38	820.021
-0.785398	1.413430	2.550734	20	132	43	820.004
-0.523599	1.699788	2.452890	21	123	42	819.907
2.094395	1.214854	-1.966664	106	5	115	819.882
2.356194	1.448123	-2.163292	6	102	35	819.846
-2.094395	1.741644	-2.695914	27	135	43	819.627
-1.570796	0.899350	-2.069907	133	50	129	819.567
2.094395	2.343981	-1.040456	118	143	117	819.432
0.523599	1.374601	-2.456031	124	135	39	819.399
-1.047198	0.850607	-1.335383	142	42	120	819.338
1.832596	2.356369	3.005869	130	132	37	819.113
-1.047198	2.153910	-1.714959	112	141	33	819.084
-1.832596	1.242974	-2.977882	128	125	39	819.049
0.261799	0.864993	2.278281	0	45	127	818.947
2.879793	1.510910	-0.740472	39	108	6	818.885
-0.523599	2.579248	-2.364801	112	5	113	818.824
0.785398	1.504028	0.636812	111	2	27	818.745
0.523599	2.299159	2.264663	131	133	38	818.686
1.308997	1.195355	1.200319	120	51	115	818.566
-2.617994	2.295480	1.008277	106	4	114	818.471
-0.261799	2.456751	-1.503343	106	5	122	818.149
-0.261799	1.301460	-0.509251	102	8	116	817.968
-1.832596	2.295480	1.008277	139	130	35	817.745
0.785398	2.719179	-1.780644	118	141	120	817.518
-1.047198	2.455966	-0.641220	32	25	14	817.398
-2.879793	1.824694	1.850876	101	6	131	817.337
-2.094395	0.685216	-1.712745	137	48	123	817.311
-2.617994	1.998705	2.370472	129	120	35	817.259
-1.832596	0.615174	-0.666022	131	44	112	816.995
-2.356194	0.419640	2.974122	127	131	37	816.982
1.308997	2.588535	-2.976617	50	125	24	816.847
-1.570796	2.587733	0.232235	116	10	110	816.658
-1.308997	1.606104	-0.451151	135	45	116	816.625
1.832596	2.073035	2.027405	20	20	29	816.445
-2.356194	2.396274	-1.959260	121	143	34	816.404
1.047198	2.760637	2.781135	33	9	32	816.399
2.094395	0.864993	2.278281	133	142	34	816.379
0.785398	0.906588	1.252948	122	12	114	816.340
-3.141593	1.869911	2.701025	115	134	36	816.339
-0.523599	1.440580	2.260026	133	128	33	816.300
-3.141593	1.242974	-2.977882	126	136	39	815.850
0.261799	1.242974	-2.977882	132	138	39	815.766
-2.356194	2.863997	0.549740	115	1	123	815.708
1.832596	2.295480	1.008277	115	129	37	815.635
1.832596	2.979456	-1.009304	123	110	25	815.225
1.570796	2.863997	0.549740	127	134	37	815.092
2.617994	1.301460	-0.509251	125	126	24	815.014
-0.261799	1.736875	3.023612	126	39	5	814.881
0.523599	1.433411	-1.035986	107	17	106	814.805
-1.308997	1.872854	1.543456	113	0	116	814.788
-2.094395	1.869911	2.701025	106	5	124	814.615
-1.308997	2.299159	2.264663	123	135	38	814.574
0.000000	0.496451	0.593859	19	113	133	814.514
-2.094395	0.992645	-1.723759	138	47	124	814.455
2.356194	2.407836	1.410646	98	21	109	814.454
1.308997	1.310100	1.488307	140	45	131	814.441
-2.879793	0.080730	-2.622036	135	143	118	814.434
1.047198	1.736875	3.023612	125	139	39	814.393
1.308997	1.135813	-2.658866	126	132	39	814.306
-1.047198	0.571433	-1.188419	139	45	128	814.293
-0.261799	0.961715	0.014085	12	118	130	814.078
-1.308997	1.050534	3.042579	107	9	127	814.064
0.000000	2.478122	2.609777	115	1	122	813.858
0.261799	2.587733	0.232235	103	22	110	813.855
1.308997	1.662363	0.915448	129	48	118	813.850
-2.356194	2.592629	0.909713	110	1	123	813.701
0.261799	1.440580	2.260026	128	139	35	813.683
2.094395	1.977582	0.969896	95	23	117	813.619
-2.879793	0.700570	1.559208	116	2	114	813.588
2.617994	2.187132	-0.479875	118	1	113	813.518
0.261799	2.343981	-1.040456	106	6	114	813.515
0.523599	0.591903	2.010408	137	47	134	813.234
-1.832596	1.809167	1.213774	112	0	119	813.215
-2.094395	2.637879	2.121598	127	136	37	813.143
-1.832596	1.574060	2.783565	129	124	37	813.103
-1.308997	0.866395	-2.492918	133	48	134	812.984
-1.832596	1.569311	-3.003978	30	111	32	812.889
0.785398	2.115563	0.685730	117	139	35	812.884
-1.832596	0.370812	-2.547742	126	138	36	812.702
2.356194	1.909857	-0.381669	108	5	112	812.472
-1.047198	1.756530	-2.105156	121	136	38	812.455
-1.570796	1.195355	1.200319	114	2	110	812.324
-2.356194	1.184361	0.625864	135	128	126	812.299
-2.617994	2.164094	-2.991358	127	135	39	812.259
0.261799	2.724429	-0.348782	109	13	108	812.110
-1.308997	0.615174	-0.666022	98	30	115	812.067
-3.141593	1.721184	-0.153948	1	130	124	811.901
0.785398	2.396274	-1.959260	129	121	35	811.900
1.047198	1.448123	-2.163292	110	4	118	811.754
-0.785398	1.872854	1.543456	118	3	113	811.696
-0.261799	1.440580	2.260026	133	130	33	811.538
1.570796	1.617114	-1.572037	112	4	112	811.375
1.308997	0.591903	2.010408	119	54	123	811.363
0.523599	1.045978	0.343692	7	13	105	811.350
0.000000	0.685216	-1.712745	116	136	36	811.298
-2.879793	1.113094	-0.272241	110	8	110	811.224
-1.308997	1.812176	0.656819	110	7	113	810.950
-0.261799	0.619654	-2.216909	124	131	36	810.942
2.879793	2.174483	2.653697	132	131	38	810.896
1.570796	0.709924	0.218797	138	17	102	810.759
-2.879793	0.297065	2.160177	110	1	119	810.687
2.879793	1.504028	0.636812	133	12	104	810.518
-0.785398	2.343981	-1.040456	110	4	24	810.358
1.570796	2.724429	-0.348782	95	22	119	810.279
-0.523599	2.174483	2.653697	43	115	26	810.233
-1.308997	2.478122	2.609777	119	137	38	809.863
1.047198	2.356369	3.005869	41	131	35	809.743
0.785398	2.478122	2.609777	126	135	38	809.547
0.261799	1.977582	0.969896	119	143	34	809.487
1.832596	1.756530	-2.105156	126	128	39	809.463
-2.879793	1.194549	-0.801900	48	123	3	809.452
2.356194	2.295480	1.008277	117	126	37	809.211
-0.785398	2.063651	-2.044600	114	133	37	809.088
2.617994	1.824694	1.850876	119	131	36	809.013
2.617994	2.104282	-0.813972	141	6	109	808.933
-0.523599	0.674054	1.013609	108	8	110	808.920
1.832596	2.089241	-0.114193	109	11	104	808.875
-1.047198	0.297065	2.160177	128	131	36	808.857
2.094395	2.592629	0.909713	101	11	114	808.802
2.356194	0.929350	-2.910676	110	2	117	808.676
-0.261799	2.174483	2.653697	131	136	36	808.599
1.308997	1.599406	1.426070	138	46	130	808.551
2.094395	0.458961	-0.107937	1	17	105	808.538
1.832596	1.909857	-0.381669	113	4	110	808.398
2.879793	1.756530	-2.105156	42	122	32	808.279
-2.094395	2.187132	-0.479875	118	18	107	808.259
1.308997	1.846342	-1.796954	106	4	117	808.131
1.047198	2.881233	-2.582574	112	0	131	808.021
0.261799	1.599406	1.426070	136	46	119	807.630
-1.832596	2.456751	-1.503343	137	47	124	807.525
-1.047198	2.174483	2.653697	34	115	32	807.375
-0.785398	1.569311	-3.003978	130	129	39	807.350
-0.261799	1.413430	2.550734	129	132	35	807.281
-1.047198	1.904882	-1.478089	114	3	31	807.276
2.094395	0.866395	-2.492918	104	5	118	807.202
-1.570796	1.696674	-1.253233	118	24	108	807.198
0.785398	1.824694	1.850876	32	27	10	807.016
-1.832596	1.683268	0.374177	120	13	103	806.970
0.523599	1.504028	0.636812	115	5	26	806.929
-1.832596	1.812176	0.656819	113	7	113	806.747
-2.094395	2.393226	1.857173	130	133	37	806.736
-1.047198	2.251330	-2.330739	117	138	37	806.734
2.094395	1.045978	0.343692	4	134	123	806.711
-1.308997	2.664082	-1.071402	126	54	124	806.660
-1.047198	1.846342	-1.796954	117	141	35	806.585
-0.261799	2.033014	2.977192	126	141	38	806.536
0.785398	0.866395	-2.492918	124	134	37	806.492
-1.570796	2.637879	2.121598	126	112	26	806.415
-1.047198	2.407836	1.410646	118	7	108	806.365
0.000000	2.979456	-1.009304	106	11	114	806.357
-0.523599	0.709924	0.218797	109	12	103	806.312
2.879793	1.812176	0.656819	102	6	119	806.236
2.094395	1.050534	3.042579	121	142	37	806.210
0.261799	0.619654	-2.216909	105	12	116	806.166
1.308997	1.545873	-1.877082	106	2	132	806.040
-0.785398	0.733948	3.021411	28	32	11	805.961
-2.094395	2.704512	1.488683	120	141	114	805.922
-3.141593	1.135834	-1.431087	41	109	9	805.705
0.523599	1.413347	-1.339188	105	1	127	805.439
1.570796	2.407836	1.410646	120	35	12	805.439
1.308997	2.719179	-1.780644	102	5	125	805.345
1.308997	1.555207	1.708892	133	45	139	805.328
-2.879793	2.704512	1.488683	121	135	36	805.320
-2.879793	2.164094	-2.991358	121	40	6	805.134
2.356194	2.396274	-1.959260	127	124	34	805.044
-1.308997	1.977582	0.969896	110	6	114	804.814
-2.617994	1.450119	-2.739050	124	127	40	804.800
2.094395	1.846342	-1.796954	129	132	35	804.671
1.047198	2.295480	1.008277	116	132	37	804.648
-2.617994	0.496451	0.593859	113	7	109	804.401
-2.617994	0.733948	3.021411	26	103	30	804.295
-2.094395	0.458961	-0.107937	113	10	108	804.146
0.000000	2.153910	-1.714959	126	130	32	804.142
1.832596	2.407836	1.410646	119	132	37	803.978
-2.094395	1.569311	-3.003978	134	136	40	803.807
-2.094395	2.108018	1.311430	110	0	116	803.719
1.047198	2.115563	0.685730	117	139	34	803.687
2.094395	0.290380	-0.796960	116	9	108	803.526
0.785398	0.640596	-2.797608	105	12	116	803.524
-2.617994	2.979456	-1.009304	32	26	10	803.438
-3.141593	2.719179	-1.780644	117	3	131	803.119
-1.570796	2.455966	-0.641220	32	20	20	803.109
-3.141593	2.138223	1.678323	98	10	134	803.056
-2.879793	1.050534	3.042579	21	108	36	803.023
0.523599	1.488617	1.159546	143	42	118	802.981
1.308997	2.187132	-0.479875	97	12	113	802.866
-1.047198	0.899350	-2.069907	27	28	12	802.766
0.261799	0.618092	2.539118	141	44	124	802.600
-0.523599	2.299159	2.264663	131	134	37	802.573
-1.308997	1.696674	-1.253233	133	48	131	802.484
-3.141593	1.050534	3.042579	11	106	38	802.446
-2.094395	2.984978	1.954446	4	99	30	802.410
0.785398	2.881233	-2.582574	107	2	131	802.269
2.879793	2.356369	3.005869	112	24	114	802.252
-1.308997	2.863997	0.549740	120	8	111	802.162
-0.785398	1.417623	-0.202254	109	5	117	802.000
-1.570796	1.569311	-3.003978	38	121	32	801.998
1.832596	2.247462	0.191623	108	5	112	801.982
2.617994	1.809167	1.213774	95	18	117	801.974
1.047198	1.662363	0.915448	119	13	109	801.905
1.047198	1.809167	1.213774	119	18	109	801.861
2.094395	1.506530	1.988858	130	138	33	801.768
1.047198	1.256302	0.062705	139	127	125	801.574
1.570796	0.762244	-0.273349	124	0	117	801.570
1.308997	2.001437	0.381215	111	140	33	801.559
0.785398	0.914445	2.687814	128	138	36	801.396
-2.617994	0.866955	-0.931351	135	44	112	801.237
0.523599	0.370812	-2.547742	107	11	114	801.202
-2.094395	0.899350	-2.069907	127	143	36	800.894
0.523599	2.115563	0.685730	119	140	35	800.783
1.047198	0.866955	-0.931351	119	9	106	800.708
-2.356194	1.367556	0.358405	105	17	109	800.670
-0.523599	1.135813	-2.658866	25	23	23	800.641
-1.308997	0.591903	2.010408	23	99	5	800.477
1.832596	1.367556	0.358405	112	18	106	800.446
0.785398	0.762244	-0.273349	111	16	104	800.394
-1.570796	1.809167	1.213774	104	6	118	800.325
-0.785398	1.184361	0.625864	111	2	120	800.100
2.356194	0.290380	-0.796960	23	109	141	800.090
2.879793	2.979456	-1.009304	22	106	35	799.949
1.047198	2.379497	0.561089	119	137	36	799.761
-1.308997	1.721184	-0.153948	135	43	117	799.752
2.617994	0.379747	-1.713059	116	5	112	799.706
-0.261799	1.256302	0.062705	108	6	111	799.660
0.000000	0.831641	0.616218	10	14	107	799.633
0.000000	1.569311	-3.003978	26	14	33	799.516
2.094395	2.724429	-0.348782	109	143	122	799.421
0.000000	0.866955	-0.931351	102	8	119	799.404
2.617994	1.904882	-1.478089	117	142	122	799.374
0.261799	1.433411	-1.035986	119	128	27	799.326
2.356194	1.599406	1.426070	96	25	117	799.075
2.356194	2.164094	-2.991358	130	131	36	799.063
-0.523599	2.881233	-2.582574	2	105	34	798.943
1.570796	1.741644	-2.695914	122	118	33	798.799
-0.261799	0.080730	-2.622036	129	133	36	798.728
-1.832596	0.929350	-2.910676	42	2	31	798.706
2.094395	0.762244	-0.273349	113	8	109	798.563
0.785398	1.335669	0.897240	108	1	24	798.459
2.356194	2.356369	3.005869	131	135	37	798.421
-0.523599	1.367556	0.358405	102	10	112	798.401
-2.617994	1.977582	0.969896	119	7	104	798.375
1.832596	0.619654	-2.216909	102	8	116	798.270
-1.308997	2.456751	-1.503343	28	22	23	798.062
-2.094395	2.863997	0.549740	40	111	23	798.053
2.617994	1.766067	2.153843	124	128	36	797.913
-2.617994	2.881233	-2.582574	132	131	37	797.842
-1.308997	2.404280	-0.174044	117	13	107	797.795
1.832596	0.762244	-0.273349	137	10	104	797.591
0.000000	1.218453	2.777284	135	138	36	797.532
0.523599	2.592629	0.909713	121	130	38	797.496
0.000000	2.299159	2.264663	131	129	38	797.364
1.570796	2.579248	-2.364801	126	123	36	797.315
2.356194	2.478122	2.609777	117	18	116	797.290
0.523599	2.456751	-1.503343	108	6	113	797.206
1.570796	2.115563	0.685730	111	134	35	797.194
-1.570796	1.184361	0.625864	2	6	107	797.187
2.094395	2.001437	0.381215	120	7	105	797.173
-2.356194	2.579248	-2.364801	141	47	134	797.145
-2.094395	2.760637	2.781135	121	139	37	796.830
-0.523599	0.618092	2.539118	126	127	37	796.784
-3.141593	0.370812	-2.547742	130	120	34	796.687
-1.308997	1.836682	-0.676006	128	50	114	796.580
1.570796	1.413347	-1.339188	103	7	113	796.571
0.000000	2.108018	1.311430	138	46	123	796.557
0.523599	1.809167	1.213774	142	44	123	796.535
2.356194	1.574060	2.783565	117	130	37	796.514
1.308997	0.496451	0.593859	116	17	105	796.466
-1.047198	0.762244	-0.273349	100	15	116	796.362
-3.141593	1.504028	0.636812	104	4	118	796.326
0.785398	0.370812	-2.547742	123	137	36	796.316
2.617994	1.683268	0.374177	122	3	113	796.211
-2.879793	1.168678	2.108595	105	3	125	796.163
-3.141593	1.134497	-1.109631	131	138	31	796.044
1.832596	1.335669	0.897240	115	47	113	795.852
1.832596	1.050534	3.042579	126	131	37	795.839
2.879793	0.992645	-1.723759	133	133	35	795.778
-3.141593	0.992645	-1.723759	134	136	35	795.776
2.879793	0.640596	-2.797608	107	3	130	795.771
-2.617994	1.135813	-2.658866	32	106	26	795.557
-1.570796	1.194549	-0.801900	119	134	28	795.546
2.879793	2.719179	-1.780644	134	130	34	795.421
0.261799	2.637879	2.121598	141	39	137	795.408
1.308997	2.073035	2.027405	126	46	0	795.363
2.617994	2.299159	2.264663	126	123	34	795.324
-1.308997	1.998705	2.370472	133	135	37	795.166
-1.047198	0.674054	1.013609	116	0	111	794.926
-1.047198	0.080730	-2.622036	128	130	37	794.735
1.570796	0.906588	1.252948	140	46	130	794.621
-0.785398	1.448123	-2.163292	133	141	37	794.557
-0.523599	1.809167	1.213774	120	4	112	794.515
2.617994	1.135834	-1.431087	130	133	34	794.448
0.785398	0.960688	-0.577532	100	20	112	794.373
-2.094395	1.214854	-1.966664	138	45	130	794.266
-0.785398	2.393226	1.857173	134	130	36	794.205
-2.879793	2.299159	2.264663	122	138	38	794.201
-2.617994	1.732874	-0.951685	119	3	119	793.922
-2.094395	1.766067	2.153843	124	136	35	793.856
1.832596	1.617114	-1.572037	116	2	112	793.770
0.000000	2.115563	0.685730	132	49	119	793.742
1.047198	1.195355	1.200319	118	16	112	793.603
2.617994	1.699788	2.452890	127	130	37	793.557
-1.308997	1.617114	-1.572037	35	21	17	793.383
2.617994	1.696674	-1.253233	116	0	117	793.163
0.261799	0.866395	-2.492918	127	126	35	793.090
-0.523599	1.168678	2.108595	134	125	32	793.056
-1.308997	2.592629	0.909713	113	6	114	792.986
-2.356194	2.664082	-1.071402	131	132	37	792.914
2.356194	2.104282	-0.813972	111	0	117	792.572
1.308997	1.809167	1.213774	119	14	117	792.545
2.617994	1.135813	-2.658866	122	135	40	792.399
-0.785398	0.080730	-2.622036	129	130	36	792.391
-2.879793	1.909857	-0.381669	46	117	4	792.299
-1.308997	1.450119	-2.739050	101	9	124	792.159
0.523599	2.704512	1.488683	125	141	38	792.146
0.261799	1.310100	1.488307	129	6	29	792.127
-3.141593	2.180315	-1.357379	110	2	128	792.108
0.000000	0.914445	2.687814	142	45	125	791.898
-2.356194	1.045978	0.343692	102	21	110	791.893
-0.523599	0.906588	1.252948	116	143	126	791.748
-0.261799	2.579248	-2.364801	116	4	112	791.559
1.570796	1.242974	-2.977882	106	12	113	791.339
0.261799	2.153910	-1.714959	110	1	124	791.308
1.570796	2.704512	1.488683	123	36	19	791.181
-2.617994	0.929350	-2.910676	128	130	39	790.803
2.356194	1.555207	1.708892	119	130	32	790.776
2.094395	0.850607	-1.335383	117	3	112	790.644
-2.879793	1.699788	2.452890	99	10	135	790.531
-2.356194	2.587733	0.232235	113	0	123	790.441
-1.047198	0.831641	0.616218	117	5	107	790.396
-1.832596	1.135813	-2.658866	105	14	130	790.383
2.879793	2.138223	1.678323	99	15	112	790.333
0.523599	0.960688	-0.577532	99	23	113	790.293
-2.617994	2.349581	-2.702517	129	137	38	790.256
-0.785398	1.367556	0.358405	109	4	117	790.253
0.000000	0.700570	1.559208	123	3	126	790.241
2.879793	0.379747	-1.713059	117	5	111	790.136
-1.570796	2.299159	2.264663	123	133	38	790.104
-1.832596	1.413430	2.550734	111	143	127	790.094
2.356194	1.699788	2.452890	114	137	35	789.994
1.047198	1.391910	3.030322	118	143	37	789.873
1.308997	1.242974	-2.977882	130	134	38	789.870
-0.261799	2.073035	2.027405	38	116	29	789.842
1.570796	2.041297	-2.664597	121	139	38	789.661
1.832596	2.579248	-2.364801	21	132	43	789.619
-1.570796	0.618092	2.539118	119	142	126	789.609
0.523599	2.073035	2.027405	132	139	37	789.558
2.617994	2.979456	-1.009304	27	106	31	789.526
-1.308997	1.904882	-1.478089	125	47	140	789.482
-1.570796	0.640596	-2.797608	109	12	134	789.478
-3.141593	1.872854	1.543456	126	139	124	789.461
0.785398	1.134796	2.434290	118	0	32	789.324
2.879793	1.869911	2.701025	116	136	36	789.244
1.047198	1.870545	-2.976234	132	140	39	789.013
0.785398	2.979456	-1.009304	140	105	30	788.677
0.785398	2.001437	0.381215	114	9	111	788.630
-2.356194	2.704512	1.488683	115	142	115	788.510
-2.356194	1.413430	2.550734	108	1	129	788.488
2.879793	1.836682	-0.676006	115	143	123	788.484
2.617994	1.050534	3.042579	129	139	37	788.460
-1.047198	1.732874	-0.951685	128	50	125	788.371
2.879793	1.846342	-1.796954	120	2	117	788.369
-2.356194	1.545873	-1.877082	135	133	34	788.364
-1.047198	1.310100	1.488307	115	142	121	788.234
1.832596	1.134796	2.434290	130	140	35	788.232
1.832596	2.174483	2.653697	122	140	38	788.157
0.000000	1.736875	3.023612	130	130	38	787.880
-0.785398	1.683268	0.374177	143	33	108	787.825
0.000000	2.587733	0.232235	129	133	37	787.794
-0.261799	1.134796	2.434290	138	130	35	787.653
2.617994	1.555207	1.708892	96	25	115	787.615
0.261799	2.299159	2.264663	132	132	37	787.547
1.570796	2.153910	-1.714959	108	3	118	787.536
-2.094395	0.615174	-0.666022	111	15	108	787.412
1.570796	0.080730	-2.622036	97	9	120	787.363
-1.832596	1.599406	1.426070	110	143	117	787.283
2.879793	1.134796	2.434290	109	139	34	787.220
0.785398	0.685216	-1.712745	98	7	130	787.206
-0.523599	2.379497	0.561089	137	46	125	787.104
0.785398	1.555207	1.708892	131	51	121	787.090
-0.523599	2.251330	-2.330739	116	126	37	787.072
0.261799	1.658653	-2.409879	122	127	41	787.044
-2.617994	2.407836	1.410646	125	129	37	786.994
1.832596	0.418037	1.360082	7	47	130	786.875
2.356194	1.325504	-1.671296	10	97	26	786.803
-1.832596	2.587733	0.232235	114	10	110	786.792
1.832596	1.599406	1.426070	118	143	33	786.775
-2.094395	1.617114	-1.572037	127	3	34	786.621
1.832596	1.574060	2.783565	118	132	37	786.327
2.356194	0.910508	1.903534	133	143	32	786.284
-2.356194	2.251330	-2.330739	105	20	119	786.077
2.879793	0.618092	2.539118	110	0	121	786.031
2.879793	2.180315	-1.357379	105	8	123	785.892
-2.879793	2.343981	-1.040456	113	2	133	785.789
2.879793	1.335669	0.897240	111	131	24	785.787
-1.832596	0.866395	-2.492918	107	14	133	785.732
2.879793	0.929350	-2.910676	21	107	34	785.664
1.308997	2.251330	-2.330739	119	126	35	785.547
0.261799	1.195355	1.200319	114	6	21	785.509
2.356194	2.251330	-2.330739	123	126	36	785.492
1.832596	2.724429	-0.348782	97	18	119	785.185
-2.094395	1.998705	2.370472	121	139	38	785.042
0.000000	1.982574	-1.115518	102	6	120	784.908
-2.617994	0.700570	1.559208	109	4	115	784.641
-2.617994	1.982574	-1.115518	136	121	29	784.431
2.356194	0.571433	-1.188419	44	107	7	784.381
-0.523599	2.356369	3.005869	131	118	34	784.200
-0.523599	1.214854	-1.966664	122	39	8	784.101
0.523599	1.569311	-3.003978	118	43	2	784.067
1.308997	0.419640	2.974122	130	135	36	784.051
-2.879793	2.073035	2.027405	100	8	136	783.889
1.308997	2.455966	-0.641220	96	21	116	783.713
-0.785398	2.404280	-0.174044	32	25	11	783.688
-0.785398	1.836682	-0.676006	8	44	126	783.646
-3.141593	2.881233	-2.582574	132	51	134	783.521
-0.785398	2.138223	1.678323	36	107	23	783.512
-2.617994	1.699788	2.452890	101	6	136	783.448
0.261799	1.218453	2.777284	136	46	131	783.426
-2.617994	2.984978	1.954446	141	103	29	783.279
0.785398	1.218453	2.777284	130	134	37	783.133
-2.617994	0.961715	0.014085	110	7	113	783.052
2.094395	0.831641	0.616218	134	26	102	782.960
2.356194	2.343981	-1.040456	120	125	33	782.928
-2.356194	1.599406	1.426070	107	3	115	782.912
-1.570796	2.115563	0.685730	124	7	107	782.867
1.047198	2.393226	1.857173	25	24	25	782.797
-0.523599	1.836682	-0.676006	5	44	127	782.678
2.617994	2.393226	1.857173	124	127	36	782.664
-1.832596	0.496451	0.593859	98	16	111	782.518
-1.308997	2.455966	-0.641220	133	51	120	782.514
2.617994	2.455966	-0.641220	20	98	22	782.441
1.570796	1.766067	2.153843	119	44	2	782.403
-1.308997	0.418037	1.360082	118	14	105	782.298
2.879793	0.961715	0.014085	127	127	22	782.283
-3.141593	0.866395	-2.492918	113	3	141	782.281
-1.570796	2.108018	1.311430	27	100	7	782.199
-1.832596	1.391910	3.030322	129	125	38	782.199
1.570796	0.899350	-2.069907	132	131	37	782.155
1.308997	1.574060	2.783565	118	133	37	782.129
-1.047198	1.545873	-1.877082	126	41	4	782.117
2.617994	0.762244	-0.273349	3	15	105	782.100
-0.261799	2.407836	1.410646	140	41	127	781.778
1.832596	2.719179	-1.780644	126	117	33	781.665
0.000000	1.836682	-0.676006	103	7	117	781.530
0.261799	1.014500	0.906702	118	2	124	781.430
0.000000	1.696674	-1.253233	98	9	123	781.381
1.570796	1.134796	2.434290	127	141	35	781.374
1.832596	1.128190	-2.288622	125	126	40	781.357
-2.356194	1.756530	-2.105156	129	133	37	781.352
-2.879793	1.256302	0.062705	109	5	115	781.254
0.785398	1.736875	3.023612	131	4	120	781.234
0.523599	1.510910	-0.740472	124	130	24	780.968
-0.261799	2.396274	-1.959260	128	132	34	780.759
2.356194	2.180315	-1.357379	117	125	32	780.692
-3.141593	1.606104	-0.451151	38	110	0	780.637
-1.047198	2.393226	1.857173	114	4	113	780.627
0.523599	1.301460	-0.509251	111	1	114	780.536
2.617994	0.297065	2.160177	117	6	109	780.411
-2.879793	2.041297	-2.664597	133	129	37	780.359
-0.785398	2.089241	-0.114193	134	48	119	780.320
1.570796	0.733948	3.021411	110	10	110	780.248
-2.617994	2.174483	2.653697	130	127	38	780.018
-2.879793	0.685216	-1.712745	132	132	37	779.983
-2.094395	2.455966	-0.641220	115	18	110	779.896
-1.047198	1.135834	-1.431087	111	19	116	779.820
0.000000	2.396274	-1.959260	104	7	118	779.815
2.356194	0.961715	0.014085	122	39	103	779.753
0.785398	1.014500	0.906702	106	22	115	779.731
0.000000	0.674054	1.013609	119	3	112	779.711
-1.570796	1.555207	1.708892	25	98	12	779.641
1.308997	1.606104	-0.451151	111	143	118	779.609
0.000000	0.571433	-1.188419	114	4	116	779.604
1.047198	1.450119	-2.739050	123	140	40	779.442
-2.356194	0.831641	0.616218	103	16	107	779.359
-2.617994	1.448123	-2.163292	135	131	37	779.343
-1.047198	1.325504	-1.671296	117	1	36	779.252
1.570796	1.977582	0.969896	112	16	108	779.075
2.356194	1.135834	-1.431087	131	130	34	779.069
1.308997	0.297065	2.160177	132	132	36	779.066
2.356194	0.618092	2.539118	129	130	35	778.939
-0.523599	2.719179	-1.780644	109	9	111	778.804
-1.832596	0.709924	0.218797	98	21	111	778.784
-1.308997	2.724429	-0.348782	134	131	38	778.676
-1.570796	1.662363	0.915448	114	3	116	778.646
-2.094395	1.555207	1.708892	104	1	128	778.604
0.261799	1.134497	-1.109631	102	4	125	778.602
-1.047198	1.014500	0.906702	32	105	1	778.488
1.047198	0.906588	1.252948	135	47	124	778.469
-3.141593	2.863997	0.549740	111	142	122	778.449
0.261799	0.685216	-1.712745	115	135	35	778.378
0.523599	1.741644	-2.695914	123	136	38	778.311
-2.617994	2.063651	-2.044600	134	125	32	778.091
1.570796	2.984978	1.954446	128	53	129	777.851
-2.356194	1.214854	-1.966664	43	120	22	777.583
-1.047198	0.992645	-1.723759	123	140	37	777.474
0.261799	1.450119	-2.739050	131	135	39	777.462
-2.356194	1.025536	1.576859	118	3	111	777.421
1.570796	2.138223	1.678323	116	31	15	777.330
2.094395	2.295480	1.008277	116	127	37	777.306
-2.356194	2.407836	1.410646	114	0	112	777.089
-3.141593	1.909857	-0.381669	41	110	4	777.079
-0.785398	0.591903	2.010408	121	3	116	776.996
2.879793	2.393226	1.857173	97	15	116	776.864
2.356194	1.977582	0.969896	96	18	117	776.819
1.832596	2.704512	1.488683	105	18	120	776.807
-0.261799	1.599406	1.426070	125	2	114	776.698
2.879793	1.696674	-1.253233	137	130	31	776.603
-3.141593	1.113094	-0.272241	107	11	111	776.470
0.261799	1.869911	2.701025	18	13	37	776.336
-3.141593	2.299159	2.264663	108	16	115	776.112
-1.047198	2.478122	2.609777	130	133	38	776.078
-2.356194	2.164094	-2.991358	13	134	46	776.051
-2.094395	0.496451	0.593859	96	18	116	775.888
