144	1.2	0
-2.356194	1.574060	2.783565
0.000000	0.000000	0.000000
../data/3_zdock/HER2_m.pdb	37.529	5.447	5.464
../data/3_zdock/antibody_m/l13_5.pdb	-0.988	9.226	-1.480
2.094395	2.579248	-2.364801	128	129	34	1425.232
2.356194	2.724429	-0.348782	113	143	121	1392.557
1.832596	2.104282	-0.813972	115	143	117	1386.346
1.832596	1.836682	-0.676006	116	1	113	1366.796
0.785398	0.571433	-1.188419	114	2	115	1360.427
2.356194	1.554776	0.100351	117	12	105	1312.517
0.523599	0.571433	-1.188419	109	4	117	1304.008
2.094395	1.909857	-0.381669	117	5	108	1301.747
2.617994	2.404280	-0.174044	116	0	115	1299.062
2.094395	2.455966	-0.641220	114	142	119	1283.875
-1.570796	2.164094	-2.991358	128	134	37	1275.796
1.570796	1.836682	-0.676006	111	2	113	1271.755
1.832596	1.606104	-0.451151	118	4	108	1269.575
1.047198	1.325504	-1.671296	107	3	125	1264.162
-3.141593	2.001437	0.381215	113	3	114	1262.515
2.094395	2.187132	-0.479875	115	2	113	1256.315
2.356194	0.370812	-2.547742	115	143	123	1255.856
-1.308997	0.831641	0.616218	113	5	110	1254.751
2.879793	1.809167	1.213774	105	14	112	1253.322
1.047198	0.685216	-1.712745	109	2	122	1249.073
1.308997	1.433411	-1.035986	110	143	119	1233.648
-1.308997	1.736875	3.023612	132	129	37	1228.349
2.094395	1.606104	-0.451151	122	5	107	1225.481
2.879793	2.001437	0.381215	110	4	115	1222.340
2.094395	1.413347	-1.339188	134	128	30	1218.031
2.094395	1.554776	0.100351	113	11	110	1214.330
2.094395	1.367556	0.358405	115	19	104	1210.765
1.308997	1.732874	-0.951685	107	1	119	1198.631
1.047198	2.349581	-2.702517	124	129	35	1197.717
2.356194	1.683268	0.374177	111	15	106	1192.951
0.523599	2.349581	-2.702517	123	128	34	1191.696
2.356194	1.504028	0.636812	113	17	107	1191.621
-1.308997	1.870545	-2.976234	128	133	38	1190.785
1.832596	0.379747	-1.713059	121	1	114	1187.030
2.356194	2.579248	-2.364801	130	130	35	1186.921
1.570796	1.510910	-0.740472	115	1	113	1183.609
1.570796	1.113094	-0.272241	112	11	111	1182.318
-3.141593	2.115563	0.685730	109	3	119	1181.118
-2.094395	2.001437	0.381215	119	9	106	1179.295
1.047198	1.135834	-1.431087	108	2	120	1176.434
-3.141593	1.809167	1.213774	106	11	112	1170.165
1.832596	1.554776	0.100351	120	7	109	1168.085
1.047198	2.063651	-2.044600	130	122	33	1166.153
0.261799	0.290380	-0.796960	116	1	113	1165.180
0.785398	0.850607	-1.335383	110	4	115	1163.118
1.570796	1.732874	-0.951685	113	143	118	1161.504
-0.523599	0.762244	-0.273349	125	3	111	1156.168
-2.879793	0.914445	2.687814	118	143	130	1155.715
-1.047198	1.909857	-0.381669	140	41	111	1153.731
-1.832596	2.588535	-2.976617	128	137	36	1153.562
1.570796	1.869911	2.701025	125	132	37	1152.936
-2.617994	1.440580	2.260026	101	5	132	1150.410
2.094395	1.417623	-0.202254	120	8	107	1149.664
-2.879793	0.618092	2.539118	116	142	126	1147.596
-2.879793	1.242974	-2.977882	127	135	39	1147.000
1.308997	1.836682	-0.676006	106	4	114	1145.223
-2.617994	2.587733	0.232235	123	2	113	1141.145
2.356194	1.721184	-0.153948	111	6	112	1140.103
-3.141593	0.618092	2.539118	111	143	126	1137.762
1.832596	1.450119	-2.739050	129	135	39	1132.629
-0.523599	2.349581	-2.702517	119	122	35	1132.325
2.094395	2.881233	-2.582574	132	133	35	1131.440
2.617994	2.396274	-1.959260	131	125	33	1124.917
-2.617994	0.864993	2.278281	111	1	124	1124.766
1.570796	2.588535	-2.976617	127	133	36	1123.416
1.570796	1.554776	0.100351	117	6	110	1122.833
-1.570796	2.033014	2.977192	131	127	37	1122.313
2.094395	1.391910	3.030322	128	134	37	1121.036
2.879793	1.875281	0.107086	113	4	112	1119.132
-0.523599	1.218453	2.777284	24	29	19	1119.008
2.356194	2.455966	-0.641220	119	142	118	1117.258
-2.879793	1.134796	2.434290	114	0	132	1116.480
-1.832596	2.356369	3.005869	128	140	36	1116.283
1.832596	2.455966	-0.641220	110	0	119	1115.865
0.785398	1.948085	-2.363031	130	125	36	1112.494
-2.094395	1.809167	1.213774	113	1	113	1111.820
1.047198	2.073035	2.027405	30	28	15	1111.312
-0.785398	2.164094	-2.991358	124	122	35	1111.140
1.308997	1.134796	2.434290	128	140	35	1110.369
0.785398	2.349581	-2.702517	124	129	34	1108.533
-2.356194	0.685216	-1.712745	131	0	33	1107.547
0.000000	1.391910	3.030322	129	136	39	1102.664
-0.261799	2.349581	-2.702517	121	121	35	1099.840
2.617994	1.218453	2.777284	117	139	38	1098.662
0.261799	0.866955	-0.931351	115	6	110	1094.986
-2.356194	1.168678	2.108595	105	1	127	1094.720
0.785398	2.164094	-2.991358	129	133	36	1094.497
1.570796	1.606104	-0.451151	113	5	109	1094.119
2.617994	2.724429	-0.348782	118	142	121	1093.818
1.308997	1.554776	0.100351	114	7	110	1092.404
-3.141593	1.875281	0.107086	120	5	108	1091.898
0.785398	1.904882	-1.478089	115	1	117	1091.404
0.785398	2.588535	-2.976617	126	127	36	1091.304
2.617994	2.247462	0.191623	108	3	120	1091.170
0.261799	2.041297	-2.664597	124	128	37	1090.433
1.832596	1.909857	-0.381669	113	5	109	1089.651
2.094395	0.370812	-2.547742	109	0	123	1088.642
1.570796	1.184361	0.625864	114	28	103	1088.641
-2.094395	1.374601	-2.456031	131	136	39	1088.238
2.879793	2.108018	1.311430	104	13	110	1087.470
1.832596	2.349581	-2.702517	122	131	35	1087.131
-2.879793	2.587733	0.232235	115	0	120	1086.791
-2.094395	1.875281	0.107086	121	16	103	1086.713
-2.879793	2.247462	0.191623	115	2	114	1086.436
-2.094395	1.756530	-2.105156	134	47	132	1085.662
-2.094395	1.846342	-1.796954	136	48	127	1085.111
2.094395	1.836682	-0.676006	121	1	112	1083.348
0.785398	2.863997	0.549740	123	36	15	1083.134
1.832596	1.998705	2.370472	122	40	6	1082.004
-2.356194	1.374601	-2.456031	132	136	39	1079.604
0.785398	1.658653	-2.409879	130	128	38	1078.960
-2.617994	2.247462	0.191623	120	2	113	1078.359
-2.879793	0.640596	-2.797608	132	125	36	1077.720
-2.617994	0.297065	2.160177	114	143	119	1077.056
1.570796	2.180315	-1.357379	117	0	116	1076.500
1.570796	2.104282	-0.813972	109	0	118	1076.369
-2.617994	0.618092	2.539118	119	141	126	1074.988
2.356194	2.187132	-0.479875	118	1	112	1073.894
-0.261799	0.615174	-0.666022	108	7	114	1073.445
0.000000	2.407836	1.410646	51	127	12	1073.050
-1.832596	2.164094	-2.991358	129	138	37	1067.821
-3.141593	0.419640	2.974122	116	142	125	1067.219
-3.141593	1.599406	1.426070	104	13	113	1067.173
-3.141593	1.450119	-2.739050	127	139	40	1066.912
2.617994	2.115563	0.685730	112	9	108	1066.311
-1.047198	0.709924	0.218797	110	8	108	1065.022
-2.094395	0.619654	-2.216909	130	140	36	1064.632
2.094395	1.741644	-2.695914	128	119	34	1064.015
-2.617994	1.025536	1.576859	121	1	115	1062.744
-1.570796	0.831641	0.616218	109	7	110	1062.695
-2.094395	2.478122	2.609777	124	138	37	1062.334
0.523599	0.831641	0.616218	121	6	110	1061.777
-3.141593	1.391910	3.030322	121	128	38	1061.340
-1.308997	0.496451	0.593859	108	3	117	1061.238
-2.356194	1.812176	0.656819	115	7	106	1061.066
1.047198	2.033014	2.977192	132	133	39	1060.824
-2.617994	1.504028	0.636812	114	2	114	1060.636
-2.617994	0.899350	-2.069907	131	139	35	1058.459
2.356194	1.367556	0.358405	119	17	103	1057.514
-3.141593	2.174483	2.653697	132	134	38	1057.201
1.832596	1.301460	-0.509251	118	2	116	1056.616
2.617994	0.619654	-2.216909	113	2	130	1056.503
-2.617994	1.134796	2.434290	105	5	127	1055.184
2.617994	1.875281	0.107086	110	6	114	1055.040
0.000000	2.664082	-1.071402	107	8	116	1055.035
1.047198	1.433411	-1.035986	105	1	119	1054.161
-2.879793	0.864993	2.278281	113	143	126	1053.770
-2.617994	0.591903	2.010408	113	1	118	1053.200
1.570796	0.290380	-0.796960	130	1	115	1053.193
2.094395	1.301460	-0.509251	118	7	109	1051.154
-1.308997	2.033014	2.977192	126	126	37	1049.928
2.617994	0.640596	-2.797608	114	142	132	1048.855
-1.047198	2.760637	2.781135	123	115	28	1048.244
2.879793	2.587733	0.232235	112	0	116	1048.010
-3.141593	1.977582	0.969896	110	8	111	1047.916
-1.832596	1.736875	3.023612	129	131	39	1047.389
-2.879793	0.906588	1.252948	113	1	118	1045.956
1.047198	0.709924	0.218797	123	3	114	1045.529
1.570796	1.417623	-0.202254	120	2	113	1045.510
1.047198	1.413347	-1.339188	110	9	108	1044.225
-1.570796	1.184361	0.625864	114	6	107	1044.027
-3.141593	2.295480	1.008277	109	4	116	1043.963
2.617994	2.089241	-0.114193	111	1	117	1043.815
-1.308997	0.864993	2.278281	38	114	29	1042.768
1.308997	0.961715	0.014085	122	3	113	1042.544
-2.356194	0.700570	1.559208	138	128	129	1042.281
-1.308997	2.187132	-0.479875	133	48	112	1041.880
1.308997	2.349581	-2.702517	123	129	36	1041.786
2.879793	1.736875	3.023612	123	134	38	1041.019
-2.879793	1.391910	3.030322	120	137	39	1040.487
-1.308997	2.164094	-2.991358	131	138	37	1038.189
-0.523599	2.041297	-2.664597	121	127	37	1037.386
-1.832596	1.184361	0.625864	111	8	107	1037.047
0.785398	0.866955	-0.931351	117	8	106	1036.127
-3.141593	1.242974	-2.977882	126	136	38	1035.859
-3.141593	2.478122	2.609777	114	22	113	1035.657
-1.047198	0.619654	-2.216909	138	46	126	1034.301
-2.094395	1.335669	0.897240	110	4	112	1033.578
-3.141593	1.488617	1.159546	109	14	108	1033.049
1.570796	2.349581	-2.702517	122	130	36	1032.492
1.570796	1.391910	3.030322	131	129	37	1031.966
-1.570796	0.674054	1.013609	112	1	114	1031.799
-3.141593	1.413430	2.550734	101	13	130	1031.669
2.094395	2.724429	-0.348782	108	0	121	1031.439
-1.308997	2.343981	-1.040456	132	48	133	1031.293
-2.356194	1.555207	1.708892	103	2	122	1031.089
2.094395	2.041297	-2.664597	135	135	38	1030.716
2.879793	1.574060	2.783565	124	134	36	1030.612
-0.785398	2.588535	-2.976617	118	118	32	1030.399
-1.570796	2.984978	1.954446	106	7	113	1029.490
2.879793	2.404280	-0.174044	113	1	116	1029.440
-2.879793	2.104282	-0.813972	48	121	12	1028.797
-2.617994	1.506530	1.988858	117	0	123	1028.727
-1.832596	1.846342	-1.796954	33	26	11	1028.719
-3.141593	0.914445	2.687814	113	143	133	1026.926
2.879793	2.041297	-2.664597	133	139	37	1026.722
-2.094395	1.545873	-1.877082	136	48	129	1026.623
2.356194	1.875281	0.107086	108	7	114	1026.435
1.308997	1.510910	-0.740472	110	2	114	1026.229
1.047198	0.458961	-0.107937	122	10	107	1025.542
2.356194	2.063651	-2.044600	132	134	35	1025.302
1.832596	1.741644	-2.695914	134	134	39	1022.698
-1.308997	1.433411	-1.035986	119	17	108	1022.264
-1.308997	2.247462	0.191623	114	8	110	1021.701
2.356194	1.113094	-0.272241	122	13	103	1021.256
-1.308997	1.617114	-1.572037	119	26	109	1021.225
-1.047198	1.875281	0.107086	113	6	112	1021.095
-2.356194	0.899350	-2.069907	129	142	35	1020.949
-1.308997	2.063651	-2.044600	121	142	33	1020.868
2.617994	2.164094	-2.991358	136	130	35	1017.960
-1.832596	2.719179	-1.780644	33	19	27	1017.312
1.570796	1.433411	-1.035986	115	142	118	1016.555
-0.785398	2.174483	2.653697	128	135	38	1016.538
1.570796	1.367556	0.358405	112	23	102	1016.482
0.785398	2.063651	-2.044600	128	122	33	1016.448
2.356194	1.242974	-2.977882	121	142	38	1015.530
-2.094395	1.450119	-2.739050	30	112	30	1015.461
-1.832596	1.870545	-2.976234	127	136	39	1014.943
-1.308997	2.174483	2.653697	129	129	38	1014.305
1.047198	1.134796	2.434290	131	139	35	1014.283
-0.523599	2.588535	-2.976617	122	118	32	1013.901
-2.879793	0.591903	2.010408	108	3	118	1013.830
-2.356194	2.115563	0.685730	111	4	113	1013.471
-0.785398	2.349581	-2.702517	117	123	35	1013.109
-2.879793	2.063651	-2.044600	27	128	39	1012.727
-1.570796	1.699788	2.452890	127	140	38	1012.407
-2.094395	1.872854	1.543456	110	142	119	1012.172
1.570796	1.218453	2.777284	128	135	36	1011.775
-1.570796	1.014500	0.906702	114	2	111	1011.740
1.308997	2.579248	-2.364801	124	122	34	1010.855
-1.832596	1.134796	2.434290	112	143	127	1010.811
0.523599	2.174483	2.653697	133	137	38	1010.660
0.261799	1.301460	-0.509251	108	3	115	1008.985
-2.094395	1.135813	-2.658866	133	129	39	1008.881
0.261799	1.135813	-2.658866	107	18	118	1008.783
-1.308997	2.349581	-2.702517	125	143	36	1008.670
2.879793	2.407836	1.410646	124	127	37	1008.282
1.570796	2.343981	-1.040456	111	142	123	1008.195
1.047198	0.992645	-1.723759	108	3	122	1008.026
1.047198	1.741644	-2.695914	127	136	40	1008.005
-1.047198	2.164094	-2.991358	121	125	36	1007.951
0.261799	2.881233	-2.582574	110	4	115	1007.734
1.570796	2.033014	2.977192	128	127	37	1007.659
-2.094395	1.247695	1.809890	127	126	34	1006.945
0.000000	2.704512	1.488683	30	22	15	1006.844
-3.141593	2.407836	1.410646	125	128	37	1006.500
-0.523599	2.164094	-2.991358	125	122	36	1006.204
-2.356194	0.910508	1.903534	120	0	118	1006.001
1.832596	1.732874	-0.951685	120	143	114	1005.805
0.523599	0.866955	-0.931351	112	7	110	1005.698
0.261799	2.396274	-1.959260	107	4	116	1005.695
-2.879793	2.001437	0.381215	117	1	114	1005.620
2.617994	1.194549	-0.801900	135	135	27	1005.351
-0.785398	1.168678	2.108595	113	2	126	1005.190
2.617994	2.664082	-1.071402	28	104	27	1005.095
2.094395	0.379747	-1.713059	113	4	117	1004.564
1.832596	1.194549	-0.801900	113	4	114	1004.267
0.261799	2.456751	-1.503343	113	2	117	1003.065
2.879793	0.419640	2.974122	111	143	126	1002.791
-1.570796	1.870545	-2.976234	129	134	38	1002.184
-2.094395	2.979456	-1.009304	133	131	36	1001.775
-1.308997	1.948085	-2.363031	119	133	37	1000.443
-0.523599	1.812176	0.656819	2	32	111	1000.094
1.570796	1.909857	-0.381669	109	7	108	999.915
1.308997	1.756530	-2.105156	128	128	36	999.575
-2.356194	0.591903	2.010408	120	143	118	999.501
-1.047198	2.349581	-2.702517	118	125	33	999.142
2.094395	1.256302	0.062705	120	15	105	999.119
1.570796	0.571433	-1.188419	121	143	116	998.812
-1.308997	1.184361	0.625864	5	7	108	998.789
2.617994	1.736875	3.023612	124	133	38	998.575
-2.879793	0.203748	0.590255	111	7	113	998.100
-1.308997	1.869911	2.701025	107	5	123	997.928
-1.308997	0.203748	0.590255	107	3	116	997.175
2.356194	1.218453	2.777284	117	141	38	996.964
2.094395	2.979456	-1.009304	109	2	123	996.692
1.832596	1.417623	-0.202254	116	6	112	996.688
2.617994	1.658653	-2.409879	8	108	37	996.375
2.356194	1.417623	-0.202254	122	9	107	995.864
1.570796	1.982574	-1.115518	114	142	120	995.184
1.308997	1.869911	2.701025	126	131	38	994.655
2.356194	2.379497	0.561089	109	6	112	994.490
2.356194	2.404280	-0.174044	111	1	115	994.322
0.000000	0.290380	-0.796960	104	6	115	994.260
0.785398	1.872854	1.543456	32	27	5	994.023
-0.785398	0.458961	-0.107937	105	8	111	993.441
-2.879793	1.574060	2.783565	115	131	37	992.847
-1.047198	2.001437	0.381215	114	4	113	992.792
-1.570796	1.569311	-3.003978	37	121	32	992.748
2.094395	1.721184	-0.153948	117	10	105	992.716
2.879793	2.247462	0.191623	111	0	119	992.641
-1.308997	2.041297	-2.664597	122	135	38	992.312
2.879793	2.089241	-0.114193	113	4	111	992.009
-1.832596	1.014500	0.906702	110	4	112	991.949
2.356194	2.174483	2.653697	130	135	38	991.526
-1.047198	0.496451	0.593859	111	2	112	991.314
2.617994	0.080730	-2.622036	113	8	110	990.932
-1.308997	2.108018	1.311430	115	2	113	990.551
1.570796	0.379747	-1.713059	115	2	114	990.509
-2.879793	0.929350	-2.910676	129	129	38	990.272
1.832596	2.588535	-2.976617	128	134	37	990.054
2.879793	1.977582	0.969896	107	10	111	989.909
2.879793	1.662363	0.915448	109	14	108	989.596
-0.261799	1.374601	-2.456031	21	15	32	989.543
2.094395	2.984978	1.954446	126	35	22	989.468
1.832596	1.256302	0.062705	113	14	109	989.157
-2.879793	1.599406	1.426070	108	10	112	989.126
0.261799	2.979456	-1.009304	133	138	37	988.771
-3.141593	1.658653	-2.409879	131	131	39	988.458
0.785398	1.869911	2.701025	133	137	37	988.383
-2.094395	0.591903	2.010408	119	5	112	988.225
-1.047198	2.356369	3.005869	122	117	33	987.829
-0.261799	2.588535	-2.976617	125	117	32	987.161
1.832596	1.391910	3.030322	128	136	38	986.661
0.785398	2.637879	2.121598	130	138	37	986.322
1.308997	1.948085	-2.363031	129	129	38	986.133
0.261799	1.982574	-1.115518	107	3	118	986.069
-2.356194	2.379497	0.561089	118	143	119	985.703
-0.785398	1.599406	1.426070	121	143	117	985.611
1.047198	2.588535	-2.976617	42	122	32	984.826
-2.617994	1.218453	2.777284	122	133	38	983.858
-1.308997	1.809167	1.213774	108	2	120	982.706
1.308997	2.180315	-1.357379	105	1	123	982.248
-0.261799	1.218453	2.777284	133	135	38	981.605
2.094395	1.510910	-0.740472	115	3	113	980.806
1.308997	0.899350	-2.069907	130	130	36	980.270
1.832596	0.458961	-0.107937	116	13	107	979.723
1.832596	1.721184	-0.153948	114	9	105	979.375
1.047198	1.732874	-0.951685	103	4	117	979.281
1.832596	2.356369	3.005869	130	132	38	978.527
-2.356194	1.335669	0.897240	133	128	127	977.869
-1.047198	1.194549	-0.801900	128	137	26	977.724
-0.785398	0.866395	-2.492918	136	47	132	977.377
1.570796	2.478122	2.609777	129	136	38	977.346
-2.879793	1.413430	2.550734	103	9	131	976.615
0.261799	0.618092	2.539118	141	44	125	976.561
0.261799	1.836682	-0.676006	106	4	116	976.415
1.308997	1.134497	-1.109631	111	142	120	976.352
-0.785398	0.379747	-1.713059	142	46	133	976.297
-2.094395	1.025536	1.576859	106	3	116	976.167
1.308997	1.256302	0.062705	112	18	104	975.562
0.785398	0.709924	0.218797	118	2	114	975.064
2.356194	2.033014	2.977192	130	14	38	974.664
1.570796	2.187132	-0.479875	136	122	128	974.510
1.570796	0.866955	-0.931351	20	104	141	973.656
-1.047198	0.571433	-1.188419	138	44	128	973.539
0.785398	1.413347	-1.339188	108	11	109	973.408
-0.523599	1.756530	-2.105156	126	136	35	971.588
0.523599	1.658653	-2.409879	120	0	123	971.578
-1.047198	1.256302	0.062705	122	5	109	971.480
-1.047198	2.251330	-2.330739	117	138	36	971.424
1.047198	2.984978	1.954446	127	135	38	971.290
1.047198	1.045978	0.343692	121	7	109	971.203
-2.617994	1.413430	2.550734	104	5	136	971.085
-1.570796	1.367556	0.358405	117	11	104	969.678
1.047198	2.863997	0.549740	119	33	15	969.638
-1.308997	1.168678	2.108595	34	111	29	969.520
-2.617994	0.850607	-1.335383	139	45	117	968.744
2.879793	2.719179	-1.780644	134	129	33	968.572
1.832596	0.571433	-1.188419	117	3	114	968.404
0.261799	0.496451	0.593859	117	1	116	967.772
1.308997	2.719179	-1.780644	122	118	30	967.746
-3.141593	1.683268	0.374177	113	6	111	967.571
-0.261799	2.164094	-2.991358	127	125	36	967.469
0.523599	2.180315	-1.357379	112	2	117	967.468
-2.356194	1.134796	2.434290	109	2	126	967.459
2.094395	2.343981	-1.040456	118	143	116	967.405
-0.523599	2.001437	0.381215	135	45	118	967.084
-3.141593	0.733948	3.021411	118	143	131	966.811
1.832596	2.664082	-1.071402	116	141	125	966.775
2.879793	1.450119	-2.739050	127	138	40	966.325
0.523599	2.343981	-1.040456	110	5	112	966.313
1.832596	2.033014	2.977192	129	129	37	965.898
1.832596	2.343981	-1.040456	113	8	110	965.585
0.261799	0.571433	-1.188419	109	2	124	964.913
-2.879793	2.089241	-0.114193	3	131	123	964.234
2.356194	0.080730	-2.622036	116	0	116	964.008
-1.308997	2.579248	-2.364801	130	142	35	963.643
-2.879793	1.555207	1.708892	107	9	115	963.640
0.523599	1.696674	-1.253233	111	2	116	963.594
-1.832596	0.914445	2.687814	116	143	131	963.326
-1.832596	2.407836	1.410646	136	132	35	962.898
-0.523599	1.869911	2.701025	133	140	37	962.761
-0.523599	0.910508	1.903534	117	2	127	962.729
2.879793	2.295480	1.008277	108	8	110	962.501
2.356194	2.588535	-2.976617	132	130	37	962.126
-1.047198	2.719179	-1.780644	137	141	37	961.893
0.523599	2.664082	-1.071402	114	7	111	961.856
-2.879793	1.904882	-1.478089	135	139	32	961.469
1.832596	1.869911	2.701025	125	133	38	961.395
0.523599	2.104282	-0.813972	110	4	113	961.075
2.617994	0.709924	0.218797	0	23	106	960.324
-1.047198	1.977582	0.969896	114	3	114	960.061
-1.308997	1.756530	-2.105156	122	139	36	959.979
-0.261799	1.440580	2.260026	132	126	33	959.916
1.570796	1.050534	3.042579	126	137	37	959.284
1.047198	1.904882	-1.478089	126	115	28	959.050
-1.832596	0.906588	1.252948	112	143	117	958.800
-1.047198	0.910508	1.903534	39	112	24	958.574
1.308997	0.762244	-0.273349	114	12	109	958.398
-0.523599	2.396274	-1.959260	141	137	40	958.220
-1.570796	2.349581	-2.702517	126	0	36	957.983
0.000000	2.349581	-2.702517	123	121	35	957.710
2.356194	1.836682	-0.676006	112	4	111	957.615
-1.308997	1.846342	-1.796954	33	21	21	956.988
2.617994	1.721184	-0.153948	115	5	110	956.859
0.523599	2.356369	3.005869	127	133	36	956.792
-1.308997	1.045978	0.343692	113	10	105	956.675
-2.094395	1.506530	1.988858	125	132	35	956.465
0.261799	2.104282	-0.813972	106	6	114	956.410
1.570796	2.664082	-1.071402	111	142	126	955.533
2.617994	2.379497	0.561089	112	4	111	955.488
-2.617994	0.910508	1.903534	112	0	121	955.345
-2.356194	1.846342	-1.796954	141	45	126	955.188
-1.832596	1.504028	0.636812	109	7	113	955.096
-2.094395	2.637879	2.121598	126	137	37	955.000
2.617994	2.637879	2.121598	105	18	121	954.973
-1.832596	1.050534	3.042579	125	11	118	954.635
-1.570796	1.195355	1.200319	114	1	111	954.402
1.308997	0.615174	-0.666022	124	3	111	954.362
-0.261799	0.960688	-0.577532	123	6	109	954.320
-2.094395	1.014500	0.906702	108	5	113	954.120
-2.617994	1.391910	3.030322	122	127	39	953.835
-1.047198	2.637879	2.121598	109	3	118	953.643
2.617994	2.295480	1.008277	106	10	111	953.057
-2.617994	0.906588	1.252948	120	2	112	952.966
-2.094395	1.440580	2.260026	105	2	123	952.528
0.000000	2.588535	-2.976617	113	1	118	952.277
1.832596	2.138223	1.678323	119	21	112	952.215
-1.047198	0.203748	0.590255	113	2	113	952.007
2.617994	0.370812	-2.547742	110	4	119	951.910
2.617994	2.587733	0.232235	107	2	116	951.757
1.832596	1.510910	-0.740472	121	2	109	951.716
-3.141593	2.108018	1.311430	106	10	110	951.377
-1.047198	2.041297	-2.664597	121	131	37	950.821
0.523599	0.850607	-1.335383	107	6	116	950.648
-0.785398	1.488617	1.159546	119	0	116	950.502
1.308997	1.113094	-0.272241	117	1	116	950.463
1.308997	0.571433	-1.188419	109	11	107	950.192
-0.785398	2.719179	-1.780644	135	139	37	949.944
1.832596	0.960688	-0.577532	117	8	109	949.904
2.094395	1.113094	-0.272241	121	12	104	949.753
-1.308997	2.637879	2.121598	111	4	114	949.529
2.879793	1.948085	-2.363031	133	133	37	949.299
-0.523599	2.115563	0.685730	4	36	114	949.239
1.047198	0.866955	-0.931351	112	2	112	949.047
-0.785398	2.041297	-2.664597	124	126	36	948.747
-2.356194	0.618092	2.539118	120	4	115	948.410
1.308997	2.033014	2.977192	133	135	39	947.864
2.356194	1.433411	-1.035986	118	4	110	947.301
2.094395	1.194549	-0.801900	119	7	107	947.110
2.617994	2.041297	-2.664597	131	137	38	946.761
0.785398	1.134497	-1.109631	112	10	106	946.674
-0.261799	2.295480	1.008277	139	44	124	946.594
0.785398	0.290380	-0.796960	111	11	107	946.441
-2.879793	1.545873	-1.877082	40	116	25	946.383
-0.523599	1.195355	1.200319	117	0	120	946.247
-2.617994	1.766067	2.153843	100	6	130	946.202
1.047198	2.396274	-1.959260	114	143	124	945.715
0.785398	2.153910	-1.714959	126	123	32	945.278
1.308997	0.866955	-0.931351	102	13	114	945.107
1.832596	1.045978	0.343692	117	22	102	945.095
-2.356194	1.247695	1.809890	103	3	122	945.029
-2.356194	1.504028	0.636812	102	14	110	944.935
-2.617994	1.367556	0.358405	132	123	25	944.785
2.094395	1.450119	-2.739050	133	134	39	944.506
0.000000	0.370812	-2.547742	138	45	131	944.469
-1.570796	0.906588	1.252948	111	0	114	944.283
1.047198	1.301460	-0.509251	135	125	127	944.170
-3.141593	2.456751	-1.503343	113	2	130	944.167
1.570796	1.256302	0.062705	113	17	104	944.033
-2.356194	1.736875	3.023612	127	136	39	943.675
0.261799	2.356369	3.005869	125	135	38	943.274
-3.141593	2.247462	0.191623	115	143	118	943.113
-0.785398	2.247462	0.191623	2	41	119	942.763
-2.879793	2.115563	0.685730	113	1	119	942.649
-1.308997	2.356369	3.005869	131	140	38	942.424
0.000000	1.450119	-2.739050	129	132	39	942.069
-2.094395	0.910508	1.903534	109	0	121	941.872
2.879793	2.704512	1.488683	100	9	118	941.628
-2.617994	1.374601	-2.456031	35	113	28	941.603
1.832596	1.218453	2.777284	124	139	37	941.155
1.047198	0.571433	-1.188419	113	4	110	941.010
2.879793	1.218453	2.777284	115	137	38	940.798
0.000000	2.138223	1.678323	50	124	16	940.788
-3.141593	1.662363	0.915448	111	12	107	940.545
1.047198	1.450119	-2.739050	122	139	40	940.522
0.785398	0.831641	0.616218	124	7	110	940.482
-1.832596	0.297065	2.160177	120	8	111	940.358
-2.356194	0.619654	-2.216909	128	141	34	940.303
2.879793	0.080730	-2.622036	113	6	115	940.007
0.523599	1.450119	-2.739050	119	1	129	940.000
2.094395	2.349581	-2.702517	122	131	36	939.727
0.261799	1.736875	3.023612	130	129	39	939.723
-0.785398	1.658653	-2.409879	132	136	37	939.457
1.308997	2.108018	1.311430	129	139	33	939.454
-2.617994	1.247695	1.809890	116	2	117	939.240
0.523599	1.870545	-2.976234	129	134	38	939.199
-0.523599	1.391910	3.030322	135	131	37	939.182
-0.261799	2.664082	-1.071402	104	11	116	939.161
-2.879793	2.863997	0.549740	114	142	121	939.113
-1.308997	2.180315	-1.357379	33	22	18	939.094
0.785398	2.041297	-2.664597	120	133	34	939.041
2.094395	1.218453	2.777284	120	141	39	938.478
-1.832596	0.674054	1.013609	108	3	117	938.192
-2.094395	0.929350	-2.910676	133	123	37	938.148
1.308997	0.290380	-0.796960	115	7	112	938.107
1.047198	1.696674	-1.253233	103	1	124	937.857
2.879793	2.379497	0.561089	106	3	129	937.728
-0.261799	2.356369	3.005869	126	134	37	937.443
0.523599	0.458961	-0.107937	120	143	114	936.781
1.047198	1.135813	-2.658866	126	129	39	936.685
2.094395	2.356369	3.005869	133	131	37	936.628
0.000000	1.128190	-2.288622	108	19	115	936.554
-2.356194	0.297065	2.160177	125	141	117	936.469
-1.308997	2.984978	1.954446	29	107	27	935.460
2.094395	1.135813	-2.658866	124	137	40	935.160
-3.141593	2.863997	0.549740	110	142	122	934.769
1.308997	1.218453	2.777284	128	136	37	934.071
2.617994	2.187132	-0.479875	111	1	116	933.976
2.094395	1.325504	-1.671296	131	131	33	933.951
-1.832596	2.251330	-2.330739	8	142	43	933.673
1.308997	0.379747	-1.713059	104	11	111	933.569
0.261799	2.164094	-2.991358	120	138	37	933.283
-1.047198	2.108018	1.311430	110	3	116	932.754
0.785398	0.733948	3.021411	0	45	1	932.730
-1.047198	2.588535	-2.976617	115	119	32	932.721
2.617994	2.407836	1.410646	100	15	114	932.003
-2.617994	1.335669	0.897240	130	129	127	931.886
2.617994	1.134497	-1.109631	133	134	30	931.631
-1.570796	1.756530	-2.105156	125	143	36	931.190
0.000000	1.113094	-0.272241	108	2	115	931.092
-2.879793	0.419640	2.974122	113	143	126	931.051
-1.832596	1.195355	1.200319	109	2	112	930.681
2.356194	1.812176	0.656819	113	14	105	930.612
1.570796	2.089241	-0.114193	100	16	107	930.503
-0.785398	0.961715	0.014085	130	4	108	930.478
0.261799	0.850607	-1.335383	121	130	31	930.386
0.785398	2.180315	-1.357379	97	15	117	930.050
-3.141593	1.948085	-2.363031	132	136	37	929.927
-2.094395	0.297065	2.160177	117	7	110	929.820
0.261799	2.579248	-2.364801	111	3	115	929.212
-3.141593	1.025536	1.576859	99	7	124	929.187
-0.261799	1.506530	1.988858	135	125	30	929.072
-0.261799	0.961715	0.014085	13	117	130	928.867
-3.141593	1.736875	3.023612	123	133	38	928.589
1.047198	0.379747	-1.713059	112	0	117	928.467
-2.879793	2.108018	1.311430	108	7	110	928.414
-1.570796	0.929350	-2.910676	106	13	131	928.371
-2.356194	1.450119	-2.739050	35	9	33	928.006
2.617994	1.812176	0.656819	107	14	108	927.977
-1.832596	0.618092	2.539118	123	132	37	927.918
0.000000	1.134497	-1.109631	120	129	27	927.572
0.785398	1.433411	-1.035986	110	14	105	927.445
2.356194	1.450119	-2.739050	132	133	38	927.366
-0.523599	0.618092	2.539118	133	134	36	927.347
-2.879793	0.297065	2.160177	105	1	123	927.104
0.523599	0.640596	-2.797608	102	15	117	927.065
0.785398	2.579248	-2.364801	117	0	118	926.958
0.261799	1.869911	2.701025	133	138	38	926.388
-2.356194	0.458961	-0.107937	107	11	111	926.356
0.523599	1.413347	-1.339188	105	14	108	926.288
-3.141593	0.899350	-2.069907	129	134	37	926.283
1.047198	0.961715	0.014085	117	3	113	926.187
-0.523599	1.247695	1.809890	117	2	121	926.111
-2.879793	1.812176	0.656819	110	1	118	925.951
0.261799	0.674054	1.013609	124	5	113	925.948
-0.785398	1.809167	1.213774	116	4	112	925.691
1.570796	1.569311	-3.003978	103	8	123	925.492
0.000000	2.041297	-2.664597	123	129	37	925.255
-0.261799	2.041297	-2.664597	122	127	37	925.219
-0.523599	2.760637	2.781135	109	3	118	925.190
-2.617994	2.180315	-1.357379	138	126	30	925.065
1.308997	0.992645	-1.723759	112	1	121	925.000
-2.879793	1.982574	-1.115518	49	127	17	924.974
1.047198	1.836682	-0.676006	109	1	114	924.699
1.308997	1.440580	2.260026	125	137	36	924.458
2.356194	2.979456	-1.009304	33	109	26	924.043
0.261799	0.615174	-0.666022	117	5	108	924.039
-2.094395	1.599406	1.426070	109	0	116	924.033
-1.047198	1.756530	-2.105156	120	137	37	923.721
0.523599	1.756530	-2.105156	119	0	118	923.486
1.308997	2.187132	-0.479875	98	13	111	922.941
-1.570796	1.504028	0.636812	112	5	113	922.826
2.356194	1.391910	3.030322	126	130	37	922.797
1.832596	2.251330	-2.330739	122	125	35	922.626
2.356194	0.619654	-2.216909	132	126	36	922.309
0.523599	1.134497	-1.109631	109	12	107	921.891
2.356194	0.297065	2.160177	114	6	111	921.805
2.617994	1.909857	-0.381669	111	4	111	921.332
0.000000	2.356369	3.005869	125	135	37	921.115
-2.617994	1.569311	-3.003978	125	134	38	920.940
1.308997	0.700570	1.559208	128	51	114	920.837
-0.785398	2.251330	-2.330739	118	129	33	920.795
0.261799	0.458961	-0.107937	33	105	1	920.559
-1.832596	2.984978	1.954446	121	113	24	920.021
2.356194	0.496451	0.593859	0	29	108	919.958
2.356194	0.929350	-2.910676	117	138	39	919.370
-0.785398	0.762244	-0.273349	108	9	112	919.125
2.879793	2.456751	-1.503343	39	124	31	919.062
-1.832596	1.812176	0.656819	112	6	113	918.975
-0.785398	1.374601	-2.456031	125	132	39	918.711
-0.523599	0.458961	-0.107937	108	3	116	918.398
1.832596	1.134796	2.434290	132	138	37	918.393
0.523599	1.025536	1.576859	117	15	121	918.356
1.832596	2.187132	-0.479875	110	2	114	918.298
0.523599	2.164094	-2.991358	127	133	35	917.989
1.047198	1.982574	-1.115518	106	16	107	917.801
2.356194	2.587733	0.232235	112	1	114	917.686
-0.261799	1.168678	2.108595	135	129	33	917.593
-0.261799	0.203748	0.590255	117	11	107	917.432
-2.094395	0.418037	1.360082	105	2	119	917.367
-0.261799	2.760637	2.781135	115	2	115	917.350
-2.356194	0.992645	-1.723759	130	2	33	917.215
2.617994	1.488617	1.159546	113	134	28	916.782
-2.094395	1.391910	3.030322	133	131	39	916.572
2.356194	0.591903	2.010408	110	4	118	916.525
2.094395	0.910508	1.903534	130	0	33	916.359
-0.523599	1.413430	2.550734	133	133	36	915.934
-1.832596	1.450119	-2.739050	38	120	30	915.627
-2.356194	1.872854	1.543456	104	1	120	915.433
-0.523599	0.899350	-2.069907	139	44	128	915.289
1.308997	1.696674	-1.253233	109	142	123	915.137
-1.570796	1.662363	0.915448	113	2	116	915.123
1.047198	0.850607	-1.335383	113	2	115	914.876
-3.141593	1.574060	2.783565	119	136	37	914.853
2.879793	0.640596	-2.797608	108	4	131	914.625
-2.879793	2.349581	-2.702517	109	24	116	914.600
-1.047198	1.721184	-0.153948	140	36	107	914.414
-1.047198	2.089241	-0.114193	133	45	121	914.369
1.832596	0.618092	2.539118	133	136	37	914.317
2.094395	1.504028	0.636812	110	22	105	914.288
2.094395	0.961715	0.014085	135	14	104	914.284
1.832596	1.135834	-1.431087	105	4	120	914.267
-1.308997	0.370812	-2.547742	129	139	37	914.030
-0.785398	1.824694	1.850876	119	0	117	913.746
2.879793	0.370812	-2.547742	24	98	22	913.668
1.832596	1.135813	-2.658866	125	134	40	913.480
-1.570796	0.914445	2.687814	36	118	35	913.453
1.570796	1.506530	1.988858	125	140	35	913.195
2.094395	2.393226	1.857173	118	20	113	913.160
0.785398	2.033014	2.977192	132	131	39	912.931
-2.356194	1.218453	2.777284	124	132	38	912.371
2.356194	2.115563	0.685730	110	10	108	912.213
2.617994	1.050534	3.042579	131	139	37	911.943
-1.308997	2.407836	1.410646	118	1	114	911.762
2.617994	1.606104	-0.451151	127	129	25	911.469
-2.356194	2.587733	0.232235	127	2	112	911.330
1.832596	2.396274	-1.959260	124	119	33	911.229
0.261799	0.960688	-0.577532	108	0	119	911.148
2.094395	2.247462	0.191623	112	4	111	911.109
-3.141593	2.404280	-0.174044	118	0	115	910.738
-1.047198	2.033014	2.977192	128	127	37	910.317
0.523599	2.033014	2.977192	125	137	38	910.243
-2.879793	1.025536	1.576859	104	3	123	910.225
-0.261799	0.640596	-2.797608	136	47	131	910.027
-2.094395	1.310100	1.488307	108	2	115	909.970
1.832596	2.299159	2.264663	128	47	143	909.734
1.047198	2.153910	-1.714959	104	2	129	909.601
-2.094395	2.174483	2.653697	129	136	37	909.291
-1.570796	1.335669	0.897240	6	2	111	909.144
-1.570796	1.736875	3.023612	132	129	37	908.270
-2.094395	1.683268	0.374177	108	13	108	908.266
2.879793	1.732874	-0.951685	116	143	120	908.211
0.523599	0.370812	-2.547742	106	10	115	908.193
1.047198	1.869911	2.701025	125	131	38	908.126
-2.356194	1.506530	1.988858	124	130	35	907.872
0.261799	2.588535	-2.976617	125	133	38	907.731
-2.356194	1.025536	1.576859	117	2	113	907.410
0.261799	0.831641	0.616218	116	5	110	907.358
2.356194	1.948085	-2.363031	28	109	36	907.218
-2.094395	1.658653	-2.409879	126	141	39	907.210
-2.879793	2.033014	2.977192	130	137	39	906.945
-1.047198	0.733948	3.021411	110	9	131	906.771
2.094395	2.587733	0.232235	108	3	115	906.725
0.000000	2.396274	-1.959260	103	7	117	906.479
-2.617994	2.456751	-1.503343	132	128	35	906.296
-0.523599	1.256302	0.062705	111	2	116	906.274
-3.141593	1.741644	-2.695914	129	143	40	906.089
-3.141593	1.310100	1.488307	118	126	30	905.996
-1.308997	2.588535	-2.976617	125	142	36	905.850
-2.094395	0.864993	2.278281	106	2	124	905.837
-2.094395	1.554776	0.100351	116	18	101	905.599
1.570796	1.736875	3.023612	123	126	37	905.240
-1.047198	2.138223	1.678323	116	3	113	904.859
1.832596	2.719179	-1.780644	125	117	31	904.254
0.261799	2.153910	-1.714959	105	5	117	903.770
2.094395	1.869911	2.701025	129	129	37	903.691
-1.047198	1.809167	1.213774	109	2	119	903.459
-2.879793	1.310100	1.488307	109	13	110	903.317
0.523599	1.433411	-1.035986	108	17	105	903.270
-2.879793	2.379497	0.561089	28	103	7	903.236
-2.094395	2.063651	-2.044600	133	49	131	903.230
-2.617994	2.089241	-0.114193	120	14	103	903.225
-1.570796	1.812176	0.656819	116	4	112	903.165
0.785398	1.756530	-2.105156	128	123	36	903.136
-2.356194	1.367556	0.358405	103	19	108	903.070
1.570796	1.440580	2.260026	123	136	36	902.917
0.000000	2.579248	-2.364801	106	4	117	902.837
2.356194	2.393226	1.857173	106	19	118	902.820
-1.570796	0.203748	0.590255	102	6	116	902.766
1.308997	1.310100	1.488307	140	46	132	902.445
-0.261799	1.247695	1.809890	137	126	29	901.987
0.785398	1.846342	-1.796954	125	119	32	901.980
-1.570796	2.251330	-2.330739	6	141	43	901.957
1.570796	1.134497	-1.109631	102	9	118	901.894
-1.570796	2.187132	-0.479875	137	46	112	901.756
1.832596	1.413347	-1.339188	135	123	29	901.599
1.047198	2.138223	1.678323	28	31	8	901.338
1.570796	1.721184	-0.153948	115	3	113	900.899
0.000000	2.164094	-2.991358	123	130	37	900.875
-0.261799	1.909857	-0.381669	4	43	124	900.814
1.832596	1.875281	0.107086	116	6	110	900.704
0.785398	0.458961	-0.107937	125	0	114	900.555
-2.879793	0.910508	1.903534	113	142	124	900.523
-1.570796	1.904882	-1.478089	136	48	136	900.445
1.308997	0.685216	-1.712745	113	143	120	900.064
-0.523599	2.033014	2.977192	126	140	38	900.032
2.617994	1.977582	0.969896	101	15	111	900.029
0.785398	1.696674	-1.253233	105	15	108	899.689
-1.832596	2.704512	1.488683	131	134	38	899.604
2.094395	2.104282	-0.813972	121	1	111	899.572
1.832596	1.617114	-1.572037	117	2	110	899.360
2.356194	1.135813	-2.658866	123	136	40	899.283
1.570796	1.696674	-1.253233	105	4	115	899.181
-0.785398	2.760637	2.781135	105	5	118	899.120
1.047198	1.998705	2.370472	31	25	21	898.992
1.047198	0.290380	-0.796960	113	11	107	898.979
-0.523599	1.506530	1.988858	133	121	30	898.892
-2.879793	1.870545	-2.976234	124	143	38	898.561
1.308997	0.850607	-1.335383	112	0	117	898.035
2.617994	1.662363	0.915448	111	18	105	897.748
-0.261799	1.113094	-0.272241	104	5	116	897.564
2.617994	1.836682	-0.676006	115	3	110	897.389
-3.141593	0.080730	-2.622036	118	5	114	897.050
-2.617994	1.869911	2.701025	109	139	35	896.677
0.261799	2.180315	-1.357379	108	3	118	896.287
-1.308997	0.709924	0.218797	109	6	112	896.180
-0.785398	1.948085	-2.363031	123	131	36	895.681
-0.261799	1.301460	-0.509251	103	7	115	895.310
-3.141593	0.831641	0.616218	137	22	107	895.184
-2.617994	1.683268	0.374177	117	1	113	895.181
2.094395	1.134497	-1.109631	116	4	112	894.974
1.047198	1.134497	-1.109631	102	14	108	894.757
-1.570796	1.242974	-2.977882	128	129	40	894.711
-1.308997	0.929350	-2.910676	108	10	130	894.623
-1.832596	2.760637	2.781135	132	133	39	893.855
0.261799	0.914445	2.687814	141	45	129	893.854
-2.617994	1.168678	2.108595	117	1	118	893.816
1.832596	1.736875	3.023612	123	127	38	893.689
2.094395	2.404280	-0.174044	107	2	115	893.344
1.570796	0.961715	0.014085	126	4	112	893.328
2.879793	1.488617	1.159546	112	131	28	893.239
0.785398	2.664082	-1.071402	117	5	110	893.214
0.000000	2.343981	-1.040456	107	5	120	893.153
-2.879793	1.195355	1.200319	118	143	118	893.066
-0.261799	1.413347	-1.339188	120	133	29	892.973
-2.617994	1.574060	2.783565	113	136	38	892.786
0.000000	2.456751	-1.503343	114	4	113	892.679
-0.261799	1.135813	-2.658866	130	45	136	892.656
-2.879793	1.869911	2.701025	111	142	35	892.614
-1.832596	1.135834	-1.431087	129	1	32	892.321
2.879793	2.115563	0.685730	105	5	118	892.303
-0.523599	1.555207	1.708892	123	0	118	892.267
-2.879793	1.699788	2.452890	99	11	136	892.142
-3.141593	1.756530	-2.105156	136	131	35	892.133
-2.617994	0.080730	-2.622036	121	10	110	892.060
-2.094395	1.569311	-3.003978	134	137	40	891.765
-2.356194	2.138223	1.678323	131	131	35	891.718
2.356194	2.001437	0.381215	100	8	123	891.578
-1.832596	2.295480	1.008277	137	129	35	891.572
1.570796	0.674054	1.013609	32	24	15	891.383
-1.570796	1.413347	-1.339188	18	43	1	891.213
2.356194	2.247462	0.191623	118	5	106	890.859
0.000000	1.374601	-2.456031	124	134	39	890.701
-1.832596	2.187132	-0.479875	119	17	106	890.663
0.261799	1.948085	-2.363031	127	127	38	890.597
2.879793	2.724429	-0.348782	117	141	121	890.504
-0.523599	1.050534	3.042579	138	135	37	890.379
2.094395	1.413430	2.550734	131	134	36	890.351
1.047198	1.824694	1.850876	29	29	12	889.846
2.094395	1.135834	-1.431087	115	1	116	889.798
0.261799	2.379497	0.561089	126	136	36	889.524
2.094395	2.704512	1.488683	119	15	112	889.431
2.879793	1.554776	0.100351	119	11	104	889.391
2.879793	1.870545	-2.976234	131	130	37	889.336
1.308997	1.569311	-3.003978	134	137	39	889.033
-1.832596	2.001437	0.381215	123	11	104	888.777
-1.308997	2.089241	-0.114193	113	10	109	888.604
-0.523599	1.870545	-2.976234	129	127	37	888.427
2.879793	2.592629	0.909713	108	4	114	887.873
2.356194	0.831641	0.616218	15	6	121	887.829
2.094395	0.080730	-2.622036	109	1	119	887.659
-0.261799	0.297065	2.160177	131	132	36	887.635
-2.094395	1.977582	0.969896	111	2	114	887.630
2.617994	2.001437	0.381215	106	6	115	887.550
2.617994	2.108018	1.311430	103	17	110	886.846
-2.094395	0.906588	1.252948	107	2	118	886.667
-0.785398	2.138223	1.678323	135	128	36	886.659
1.047198	2.379497	0.561089	120	138	36	886.610
2.356194	1.662363	0.915448	97	22	114	886.551
1.308997	2.587733	0.232235	105	10	117	886.364
-3.141593	0.864993	2.278281	112	143	126	886.285
-0.785398	1.756530	-2.105156	125	138	35	885.973
0.261799	2.664082	-1.071402	115	7	109	885.752
1.832596	1.433411	-1.035986	124	0	112	885.728
0.523599	2.719179	-1.780644	127	120	31	885.663
1.047198	2.041297	-2.664597	118	132	35	885.395
0.261799	2.349581	-2.702517	115	0	120	885.313
2.356194	0.709924	0.218797	0	22	105	885.306
0.000000	2.587733	0.232235	130	133	36	885.284
1.047198	1.599406	1.426070	120	17	115	885.272
-0.261799	2.719179	-1.780644	132	0	35	885.103
1.832596	1.367556	0.358405	112	22	103	884.948
-2.094395	1.433411	-1.035986	35	23	140	884.840
0.785398	0.960688	-0.577532	102	19	112	884.832
-0.523599	0.961715	0.014085	10	119	129	884.746
1.832596	1.982574	-1.115518	121	1	111	884.703
-2.356194	1.391910	3.030322	123	128	39	884.689
-1.570796	2.153910	-1.714959	132	47	140	884.680
1.308997	2.760637	2.781135	129	135	37	884.443
-3.141593	1.872854	1.543456	97	12	119	884.304
-1.308997	1.658653	-2.409879	22	23	29	884.219
0.000000	1.218453	2.777284	136	46	133	884.168
-1.308997	1.699788	2.452890	130	139	39	884.121
-3.141593	2.033014	2.977192	128	137	38	884.015
-2.094395	0.419640	2.974122	118	143	131	883.906
0.261799	2.251330	-2.330739	112	0	121	883.746
2.094395	1.824694	1.850876	123	137	37	883.731
1.308997	0.418037	1.360082	1	143	35	883.711
-2.356194	1.756530	-2.105156	139	45	133	883.283
-1.047198	1.846342	-1.796954	116	142	33	883.241
1.832596	0.961715	0.014085	135	13	103	883.192
0.261799	0.619654	-2.216909	120	136	36	883.118
1.308997	0.960688	-0.577532	118	140	121	883.055
2.356194	2.089241	-0.114193	114	5	109	882.882
1.832596	1.699788	2.452890	126	132	38	882.881
1.308997	1.194549	-0.801900	113	0	114	882.781
-2.094395	1.195355	1.200319	111	2	113	882.373
0.000000	0.615174	-0.666022	117	5	109	882.280
-0.523599	2.174483	2.653697	130	135	37	882.210
-0.785398	0.709924	0.218797	111	4	112	882.207
-1.832596	1.242974	-2.977882	128	127	40	881.830
-2.356194	2.180315	-1.357379	0	47	128	881.723
1.832596	2.393226	1.857173	131	139	37	881.716
-0.261799	1.195355	1.200319	122	0	120	881.635
0.785398	2.295480	1.008277	118	133	37	881.445
-2.356194	1.545873	-1.877082	136	137	34	881.425
1.570796	0.618092	2.539118	133	138	36	881.279
0.785398	1.812176	0.656819	120	10	111	881.114
0.261799	2.115563	0.685730	123	140	35	880.949
-2.879793	1.014500	0.906702	117	2	113	880.890
2.879793	1.310100	1.488307	116	127	31	880.521
1.308997	1.413347	-1.339188	114	7	108	880.291
-2.094395	2.164094	-2.991358	131	143	38	880.091
-3.141593	1.184361	0.625864	131	132	127	880.000
-2.879793	1.569311	-3.003978	124	140	40	879.963
2.879793	1.504028	0.636812	132	13	104	879.895
-1.832596	1.335669	0.897240	104	5	123	879.702
2.356194	1.256302	0.062705	121	15	104	879.592
-1.832596	1.545873	-1.877082	1	45	133	879.209
1.570796	1.617114	-1.572037	113	3	111	879.102
-2.617994	0.458961	-0.107937	105	13	111	878.869
-3.141593	1.569311	-3.003978	126	132	38	878.861
-1.308997	2.104282	-0.813972	134	47	128	878.773
0.000000	0.866955	-0.931351	119	5	112	878.608
-3.141593	2.379497	0.561089	110	0	123	878.523
0.261799	2.033014	2.977192	129	135	37	878.374
-2.356194	1.014500	0.906702	104	7	113	877.964
-2.356194	1.135813	-2.658866	133	130	39	877.788
-0.523599	1.301460	-0.509251	100	11	115	877.788
-2.879793	1.736875	3.023612	120	135	38	877.727
-0.261799	0.914445	2.687814	141	45	127	877.705
-2.094395	1.741644	-2.695914	104	19	122	877.598
-1.047198	0.850607	-1.335383	140	42	120	877.504
0.261799	1.242974	-2.977882	131	137	40	877.430
-1.308997	1.413347	-1.339188	35	19	13	876.984
-2.094395	2.592629	0.909713	108	5	116	876.958
1.047198	1.699788	2.452890	125	135	37	876.393
1.308997	1.050534	3.042579	129	129	37	876.332
-1.570796	2.478122	2.609777	119	139	37	876.106
1.047198	0.899350	-2.069907	130	132	37	875.974
2.094395	1.683268	0.374177	110	16	105	875.777
-3.141593	2.724429	-0.348782	26	101	22	875.693
0.523599	0.496451	0.593859	122	2	116	875.629
-0.261799	2.637879	2.121598	36	112	32	875.582
-1.047198	1.662363	0.915448	134	134	30	875.201
0.000000	1.569311	-3.003978	133	128	39	874.914
2.094395	2.001437	0.381215	112	9	108	874.896
1.047198	0.864993	2.278281	141	47	139	874.777
2.617994	1.574060	2.783565	118	133	38	874.566
-1.832596	1.617114	-1.572037	1	45	127	874.133
1.832596	2.379497	0.561089	115	137	34	874.043
-1.047198	0.831641	0.616218	117	4	108	873.754
-2.879793	0.992645	-1.723759	135	140	35	873.670
1.832596	1.658653	-2.409879	135	128	38	873.647
-2.356194	1.256302	0.062705	133	122	24	873.368
-0.785398	2.001437	0.381215	4	1	31	873.347
-2.094395	0.674054	1.013609	110	2	114	873.296
0.523599	2.251330	-2.330739	117	0	119	873.265
0.523599	1.812176	0.656819	118	1	32	873.245
2.356194	1.809167	1.213774	95	23	119	873.063
-2.094395	2.356369	3.005869	126	143	39	873.037
-0.785398	0.914445	2.687814	31	3	38	872.917
-2.617994	1.555207	1.708892	109	7	114	872.821
2.356194	1.569311	-3.003978	125	123	36	872.750
-0.785398	1.875281	0.107086	116	5	111	872.734
-1.570796	0.618092	2.539118	120	142	128	872.531
2.879793	1.741644	-2.695914	126	132	40	872.461
-0.261799	2.478122	2.609777	130	133	37	872.346
2.356194	1.510910	-0.740472	116	6	108	872.290
-3.141593	1.195355	1.200319	113	1	119	872.242
0.523599	2.704512	1.488683	126	140	37	871.903
2.617994	1.869911	2.701025	119	138	36	871.898
-1.047198	0.370812	-2.547742	130	137	37	871.678
-2.879793	1.218453	2.777284	105	6	138	871.457
-0.785398	1.662363	0.915448	133	137	30	871.214
-2.617994	2.349581	-2.702517	130	137	37	871.200
2.879793	2.033014	2.977192	124	138	37	871.169
1.832596	2.724429	-0.348782	96	18	118	871.047
-1.570796	2.041297	-2.664597	17	139	44	871.029
1.832596	0.831641	0.616218	129	42	103	871.018
1.832596	1.242974	-2.977882	128	138	38	870.954
2.356194	1.301460	-0.509251	112	5	113	870.883
2.617994	0.733948	3.021411	108	2	119	870.639
1.308997	0.419640	2.974122	129	134	37	870.363
-0.785398	1.870545	-2.976234	128	126	37	870.325
2.879793	2.393226	1.857173	128	123	35	870.269
-1.832596	1.367556	0.358405	108	12	110	870.179
-1.832596	2.115563	0.685730	121	4	108	870.049
2.879793	2.164094	-2.991358	136	129	36	869.827
0.261799	1.699788	2.452890	24	127	42	869.766
0.000000	1.025536	1.576859	121	3	125	869.642
-0.523599	1.113094	-0.272241	128	7	107	869.590
-0.261799	1.025536	1.576859	115	1	130	869.445
-2.094395	1.214854	-1.966664	137	47	130	869.387
-3.141593	0.929350	-2.910676	127	131	38	869.139
0.000000	1.574060	2.783565	132	140	38	868.865
0.785398	0.615174	-0.666022	112	0	116	868.770
-0.523599	1.367556	0.358405	114	1	116	868.749
0.785398	0.866395	-2.492918	124	132	37	868.609
-1.570796	0.685216	-1.712745	140	45	120	868.605
1.047198	1.846342	-1.796954	129	119	32	868.526
-3.141593	2.356369	3.005869	112	24	114	868.328
0.261799	2.863997	0.549740	139	47	123	868.123
0.261799	2.343981	-1.040456	106	7	113	867.908
2.094395	1.732874	-0.951685	111	4	111	867.668
-1.308997	0.591903	2.010408	24	99	6	867.508
0.523599	2.587733	0.232235	122	37	10	867.017
2.094395	2.033014	2.977192	128	131	37	866.902
-2.356194	1.683268	0.374177	133	128	29	866.791
-1.832596	1.488617	1.159546	16	123	127	866.638
0.785398	1.545873	-1.877082	103	5	128	866.580
-3.141593	0.992645	-1.723759	133	137	35	866.514
0.523599	2.041297	-2.664597	119	143	125	866.510
0.523599	0.591903	2.010408	137	47	135	866.480
-1.308997	1.732874	-0.951685	134	48	125	866.324
-3.141593	1.218453	2.777284	114	135	38	866.287
-0.785398	2.033014	2.977192	128	128	37	866.241
2.094395	0.762244	-0.273349	16	142	119	866.016
-2.879793	1.683268	0.374177	113	2	114	865.949
-2.356194	2.393226	1.857173	126	133	37	865.802
1.308997	1.135813	-2.658866	126	130	39	865.592
0.785398	1.741644	-2.695914	123	143	128	865.590
0.000000	1.736875	3.023612	131	131	39	865.537
-2.356194	1.824694	1.850876	104	1	125	865.490
-0.785398	1.683268	0.374177	0	31	108	865.355
1.570796	1.194549	-0.801900	137	126	126	865.350
-2.094395	2.153910	-1.714959	136	49	125	865.137
-0.261799	1.214854	-1.966664	112	20	111	864.958
-1.570796	1.045978	0.343692	110	7	111	864.760
2.879793	2.664082	-1.071402	33	105	25	864.578
-2.879793	0.709924	0.218797	142	25	107	864.369
1.832596	1.569311	-3.003978	122	122	36	864.295
-1.308997	0.910508	1.903534	36	108	24	864.256
-2.356194	0.571433	-1.188419	126	137	35	864.042
2.094395	1.870545	-2.976234	129	117	34	864.028
1.832596	1.870545	-2.976234	127	122	35	864.022
-1.570796	1.574060	2.783565	131	127	37	863.850
2.356194	1.599406	1.426070	95	27	119	863.773
-1.047198	1.872854	1.543456	113	3	115	863.528
-0.523599	1.310100	1.488307	120	143	122	863.301
0.523599	1.335669	0.897240	114	4	25	863.281
1.570796	0.685216	-1.712745	107	5	114	863.250
-1.570796	1.050534	3.042579	43	123	33	862.634
-1.047198	2.063651	-2.044600	126	140	35	862.508
-1.047198	1.812176	0.656819	121	5	109	862.495
0.785398	1.662363	0.915448	111	142	31	862.362
1.570796	1.195355	1.200319	141	46	127	862.355
-1.570796	1.948085	-2.363031	119	133	38	861.798
-2.879793	1.168678	2.108595	105	3	127	861.788
-1.832596	1.998705	2.370472	119	139	38	861.657
2.356194	1.374601	-2.456031	131	130	39	861.584
0.000000	2.478122	2.609777	130	132	37	861.558
1.832596	1.574060	2.783565	119	131	38	861.483
2.617994	1.242974	-2.977882	125	121	36	861.354
2.879793	1.135834	-1.431087	115	1	113	861.235
-1.832596	1.683268	0.374177	118	13	104	861.219
1.832596	0.080730	-2.622036	104	3	132	861.204
-2.879793	0.496451	0.593859	116	3	114	861.141
-1.832596	1.554776	0.100351	117	19	101	861.139
-2.879793	1.872854	1.543456	100	8	119	860.965
-1.570796	2.704512	1.488683	115	2	114	860.922
2.879793	1.699788	2.452890	128	132	38	860.796
1.570796	1.135813	-2.658866	127	133	39	860.766
0.523599	0.615174	-0.666022	107	1	115	860.733
-2.094395	2.393226	1.857173	129	134	37	860.616
2.879793	0.733948	3.021411	113	1	119	860.579
-2.879793	2.295480	1.008277	101	7	114	860.556
-2.094395	2.863997	0.549740	117	7	110	860.527
2.356194	1.869911	2.701025	129	131	38	860.468
-0.261799	2.115563	0.685730	135	46	119	860.408
2.356194	2.295480	1.008277	103	13	111	860.057
0.523599	0.866395	-2.492918	102	11	119	859.857
0.523599	2.456751	-1.503343	118	2	115	859.821
2.356194	2.592629	0.909713	118	135	37	859.816
-2.094395	1.736875	3.023612	128	136	40	859.772
0.261799	2.174483	2.653697	131	134	38	859.719
-0.523599	0.419640	2.974122	132	135	37	859.618
-3.141593	2.637879	2.121598	131	126	37	859.601
-1.308997	1.504028	0.636812	114	4	112	859.599
-2.617994	2.063651	-2.044600	135	126	31	859.484
1.570796	2.063651	-2.044600	131	124	36	859.412
-2.356194	2.153910	-1.714959	139	48	136	859.348
1.570796	0.850607	-1.335383	117	143	118	859.145
2.617994	1.569311	-3.003978	132	119	34	859.065
1.308997	2.153910	-1.714959	115	143	121	858.586
-2.879793	1.658653	-2.409879	131	134	39	858.530
-0.261799	2.174483	2.653697	126	136	38	858.478
-1.308997	2.664082	-1.071402	32	24	18	858.406
1.832596	1.374601	-2.456031	130	130	39	858.343
1.308997	1.998705	2.370472	129	135	37	858.210
-1.570796	0.370812	-2.547742	133	137	36	857.938
1.570796	1.574060	2.783565	120	131	37	857.844
-2.879793	1.135813	-2.658866	137	133	39	857.807
2.879793	0.992645	-1.723759	134	134	35	857.601
1.047198	1.488617	1.159546	129	1	30	857.365
-1.832596	0.864993	2.278281	112	143	124	857.300
-1.308997	2.251330	-2.330739	113	132	36	857.136
-0.261799	2.579248	-2.364801	1	115	39	856.480
-0.261799	1.128190	-2.288622	106	20	117	856.435
-1.308997	1.721184	-0.153948	136	42	116	856.175
-2.617994	1.545873	-1.877082	41	121	26	856.170
-1.832596	1.128190	-2.288622	108	17	126	856.128
0.523599	1.247695	1.809890	118	17	118	856.037
-1.047198	2.407836	1.410646	117	6	109	855.912
-0.523599	0.960688	-0.577532	118	5	111	855.776
-1.570796	2.343981	-1.040456	132	53	121	855.721
2.617994	1.367556	0.358405	121	16	102	855.692
2.356194	1.214854	-1.966664	7	98	28	855.604
1.308997	1.488617	1.159546	120	53	123	855.576
-1.570796	1.998705	2.370472	129	134	38	855.411
0.261799	2.760637	2.781135	49	123	22	855.146
-2.617994	2.115563	0.685730	106	6	114	855.123
-2.879793	2.180315	-1.357379	116	0	127	855.073
-1.570796	1.134796	2.434290	32	112	34	854.743
-0.261799	2.407836	1.410646	50	121	12	854.721
-2.356194	1.574060	2.783565	120	136	38	854.699
-1.570796	1.869911	2.701025	130	123	36	854.637
-2.879793	0.674054	1.013609	112	4	113	854.603
1.832596	0.709924	0.218797	138	18	104	854.432
2.879793	1.599406	1.426070	116	131	31	854.224
0.261799	0.762244	-0.273349	29	108	140	854.084
-2.094395	2.719179	-1.780644	34	21	24	854.070
2.617994	1.870545	-2.976234	130	132	37	853.863
2.094395	1.875281	0.107086	120	3	116	853.858
-0.785398	2.984978	1.954446	118	4	113	853.837
-2.879793	1.128190	-2.288622	125	138	37	853.735
-3.141593	2.396274	-1.959260	129	127	34	853.577
-1.832596	1.433411	-1.035986	117	16	108	853.515
0.000000	2.881233	-2.582574	122	115	29	853.311
1.832596	0.866955	-0.931351	119	1	116	853.117
1.832596	2.247462	0.191623	108	6	112	853.067
2.879793	1.569311	-3.003978	134	117	35	853.066
-2.356194	2.063651	-2.044600	138	46	130	852.977
0.000000	1.662363	0.915448	16	34	116	852.948
0.261799	1.696674	-1.253233	111	1	119	852.816
-2.879793	1.506530	1.988858	106	10	118	852.339
-2.617994	2.164094	-2.991358	108	23	116	852.126
-0.523599	2.579248	-2.364801	140	125	41	851.975
-2.617994	0.992645	-1.723759	133	143	35	851.875
-0.523599	1.741644	-2.695914	129	129	39	851.632
2.094395	2.379497	0.561089	114	135	35	851.625
2.617994	2.592629	0.909713	117	134	37	851.602
-2.617994	2.379497	0.561089	109	3	116	850.957
-1.047198	2.073035	2.027405	114	0	117	850.945
-0.785398	2.404280	-0.174044	32	25	10	850.766
-0.785398	1.699788	2.452890	134	138	37	850.694
2.879793	1.869911	2.701025	117	138	36	850.621
2.617994	1.599406	1.426070	94	22	119	850.598
-1.570796	2.587733	0.232235	116	9	109	850.524
-2.617994	2.138223	1.678323	16	102	13	850.500
-1.047198	1.488617	1.159546	109	1	123	850.458
-0.261799	0.864993	2.278281	134	130	35	850.425
-1.047198	2.174483	2.653697	108	0	130	850.409
-2.356194	1.809167	1.213774	108	3	113	850.224
1.832596	1.113094	-0.272241	114	10	110	849.897
1.570796	2.174483	2.653697	129	128	39	849.816
-0.785398	0.419640	2.974122	132	134	37	849.650
-2.094395	2.033014	2.977192	131	139	38	849.460
-1.308997	2.393226	1.857173	27	103	29	849.387
2.879793	1.658653	-2.409879	132	128	39	848.921
1.047198	0.762244	-0.273349	115	15	104	848.859
-3.141593	0.640596	-2.797608	114	1	129	848.814
2.094395	1.545873	-1.877082	102	5	122	848.809
0.523599	2.115563	0.685730	112	16	109	848.798
-2.094395	0.379747	-1.713059	134	142	34	848.705
-1.047198	1.998705	2.370472	132	133	37	848.622
0.261799	1.506530	1.988858	139	47	136	848.580
1.047198	2.760637	2.781135	34	7	32	848.519
0.000000	1.301460	-0.509251	104	6	115	848.464
1.832596	2.089241	-0.114193	114	1	113	848.298
1.047198	2.343981	-1.040456	96	19	115	848.260
-2.879793	2.760637	2.781135	107	17	121	848.260
-0.261799	1.391910	3.030322	131	135	38	848.078
2.879793	2.455966	-0.641220	27	99	18	848.066
2.094395	2.251330	-2.330739	122	125	35	847.997
-2.356194	2.041297	-2.664597	129	141	37	847.978
1.047198	1.050534	3.042579	129	134	37	847.790
2.879793	1.134497	-1.109631	132	138	30	847.790
0.000000	2.299159	2.264663	130	128	38	847.778
-2.094395	2.379497	0.561089	134	124	35	847.631
1.308997	2.089241	-0.114193	99	20	107	847.592
-3.141593	1.374601	-2.456031	130	125	38	847.464
-1.047198	0.458961	-0.107937	99	9	122	847.395
1.308997	1.417623	-0.202254	115	2	113	846.791
-2.617994	1.812176	0.656819	116	0	116	846.785
2.617994	0.419640	2.974122	103	1	129	846.778
0.523599	2.579248	-2.364801	116	2	114	846.731
1.047198	0.619654	-2.216909	119	134	36	846.711
1.570796	2.115563	0.685730	119	135	35	846.691
-0.261799	1.242974	-2.977882	124	138	40	846.536
-0.523599	2.719179	-1.780644	135	132	37	846.473
-1.570796	2.588535	-2.976617	127	138	37	846.394
2.356194	1.658653	-2.409879	135	132	38	845.866
-1.832596	1.440580	2.260026	129	135	37	845.795
0.785398	1.870545	-2.976234	102	9	130	845.617
2.094395	1.050534	3.042579	122	141	38	845.494
-2.879793	1.374601	-2.456031	131	127	38	845.488
-0.523599	0.297065	2.160177	132	130	36	845.448
-3.141593	2.349581	-2.702517	18	133	45	845.411
0.261799	1.909857	-0.381669	108	6	111	845.291
0.523599	0.290380	-0.796960	120	1	111	845.231
1.047198	1.247695	1.809890	118	47	115	845.226
-2.356194	2.349581	-2.702517	131	28	35	844.855
2.094395	2.063651	-2.044600	126	136	36	844.699
0.785398	2.456751	-1.503343	116	0	116	844.606
-1.047198	2.592629	0.909713	131	137	37	844.534
1.308997	1.391910	3.030322	117	140	39	844.529
1.570796	0.615174	-0.666022	128	0	114	844.312
2.617994	1.450119	-2.739050	132	115	31	844.268
-0.523599	1.662363	0.915448	117	0	118	844.266
0.523599	1.301460	-0.509251	112	1	113	844.204
0.523599	1.014500	0.906702	13	20	108	844.200
-2.356194	0.866955	-0.931351	124	143	31	844.181
2.356194	1.606104	-0.451151	116	3	112	843.879
0.523599	2.063651	-2.044600	127	126	34	843.837
-1.047198	1.732874	-0.951685	128	50	123	843.730
-1.832596	2.153910	-1.714959	122	0	32	843.659
2.617994	1.247695	1.809890	118	126	31	843.585
-1.832596	1.977582	0.969896	114	1	116	843.551
2.879793	1.391910	3.030322	122	126	38	843.425
-1.308997	1.812176	0.656819	117	5	109	843.345
0.523599	1.504028	0.636812	117	5	26	843.239
2.094395	2.164094	-2.991358	133	130	36	843.203
-2.356194	1.242974	-2.977882	130	131	38	843.142
-1.047198	2.299159	2.264663	126	135	38	843.135
0.785398	1.977582	0.969896	114	138	35	843.075
-2.617994	1.662363	0.915448	98	13	114	842.972
2.617994	1.391910	3.030322	125	134	39	842.933
1.570796	0.960688	-0.577532	114	8	109	842.929
-1.570796	1.413430	2.550734	131	140	38	842.870
0.000000	1.977582	0.969896	137	47	119	842.820
2.094395	0.864993	2.278281	131	141	36	842.760
-2.356194	1.948085	-2.363031	19	140	44	842.693
1.308997	2.379497	0.561089	118	137	36	842.618
-1.047198	1.948085	-2.363031	119	133	37	842.574
1.308997	1.909857	-0.381669	101	14	107	842.345
-2.617994	1.242974	-2.977882	130	131	39	842.134
-0.261799	1.599406	1.426070	138	138	32	841.832
-3.141593	1.128190	-2.288622	126	137	38	841.717
2.356194	1.194549	-0.801900	28	104	0	841.625
-2.094395	0.618092	2.539118	124	132	37	841.504
0.000000	0.203748	0.590255	112	143	121	841.418
-1.570796	2.089241	-0.114193	110	12	111	841.307
0.000000	0.496451	0.593859	21	112	134	841.300
-0.785398	1.045978	0.343692	107	2	123	841.298
-1.308997	1.050534	3.042579	106	11	128	841.153
-1.308997	2.455966	-0.641220	133	51	118	841.098
-1.832596	1.168678	2.108595	109	0	120	841.052
-2.617994	1.050534	3.042579	126	128	37	840.944
-0.261799	2.455966	-0.641220	107	143	20	840.879
0.523599	1.242974	-2.977882	129	140	40	840.824
-2.356194	2.187132	-0.479875	51	136	11	840.759
2.094395	0.709924	0.218797	139	22	103	840.717
-1.308997	1.367556	0.358405	33	2	129	840.635
2.879793	2.251330	-2.330739	138	131	35	840.531
-1.570796	0.864993	2.278281	34	110	30	840.494
1.570796	2.153910	-1.714959	108	2	117	840.493
0.000000	0.960688	-0.577532	104	3	121	840.475
-1.832596	2.174483	2.653697	131	135	37	840.401
-2.094395	2.396274	-1.959260	119	143	34	840.264
-0.523599	1.699788	2.452890	138	141	37	840.084
-1.047198	0.961715	0.014085	118	4	110	839.987
0.785398	1.242974	-2.977882	129	126	37	839.945
-1.832596	1.699788	2.452890	125	139	38	839.919
2.356194	0.615174	-0.666022	116	7	109	839.908
2.094395	1.617114	-1.572037	134	130	32	839.895
-0.261799	0.080730	-2.622036	125	132	38	839.864
-2.879793	2.592629	0.909713	105	2	117	839.596
-0.523599	2.247462	0.191623	133	48	122	839.578
0.261799	2.001437	0.381215	125	0	33	839.326
-0.261799	2.396274	-1.959260	126	132	33	839.277
-0.523599	2.863997	0.549740	133	136	36	839.203
-3.141593	2.704512	1.488683	124	133	38	838.827
-1.047198	2.587733	0.232235	111	10	108	838.788
-0.261799	0.674054	1.013609	112	7	112	838.743
-3.141593	1.904882	-1.478089	122	1	118	838.703
-2.094395	1.504028	0.636812	120	5	107	838.648
-1.308997	1.510910	-0.740472	133	46	120	838.637
-2.617994	2.343981	-1.040456	117	2	131	838.204
2.356194	2.407836	1.410646	125	127	35	838.065
-2.617994	1.606104	-0.451151	11	26	107	837.820
2.879793	2.153910	-1.714959	48	124	26	837.685
0.000000	0.591903	2.010408	132	128	36	837.471
-1.047198	2.456751	-1.503343	110	142	29	837.456
2.879793	2.478122	2.609777	114	22	113	837.353
-2.879793	1.488617	1.159546	106	1	126	837.350
-1.832596	1.374601	-2.456031	29	28	15	837.328
-2.879793	1.335669	0.897240	117	0	117	837.227
2.094395	0.992645	-1.723759	121	1	112	837.005
2.094395	1.242974	-2.977882	128	126	38	836.924
-2.617994	1.736875	3.023612	118	134	38	836.865
-1.308997	1.977582	0.969896	110	4	115	836.625
-2.617994	0.496451	0.593859	112	6	110	836.444
-3.141593	1.050534	3.042579	121	120	37	836.367
-1.570796	1.218453	2.777284	40	120	33	836.359
-0.261799	2.724429	-0.348782	110	1	21	836.348
-2.356194	0.864993	2.278281	101	5	124	836.345
1.832596	0.762244	-0.273349	138	10	105	836.206
-2.094395	0.899350	-2.069907	126	0	35	836.177
2.617994	1.510910	-0.740472	119	6	107	836.095
-2.094395	0.961715	0.014085	142	32	108	836.026
1.308997	1.870545	-2.976234	134	133	39	835.973
-2.094395	2.349581	-2.702517	125	143	37	835.931
-0.523599	1.417623	-0.202254	114	2	115	835.721
-2.617994	0.674054	1.013609	116	2	113	835.661
-0.261799	1.554776	0.100351	118	7	106	835.599
-3.141593	2.180315	-1.357379	112	2	126	835.522
1.570796	1.504028	0.636812	109	29	104	835.174
1.832596	1.134497	-1.109631	105	6	118	835.045
1.832596	0.850607	-1.335383	114	4	111	834.990
-0.523599	0.379747	-1.713059	119	136	35	834.863
-0.261799	1.948085	-2.363031	133	134	38	834.787
-1.832596	0.992645	-1.723759	0	44	123	834.682
-0.523599	2.251330	-2.330739	113	128	35	834.652
-1.308997	2.719179	-1.780644	109	139	29	834.543
2.356194	2.456751	-1.503343	26	105	31	834.303
-0.785398	1.872854	1.543456	119	2	113	834.204
1.832596	2.407836	1.410646	107	19	117	833.997
-1.832596	2.073035	2.027405	126	128	38	833.823
-2.879793	1.247695	1.809890	106	2	124	833.816
-2.356194	1.696674	-1.253233	139	35	108	833.474
0.785398	1.194549	-0.801900	114	142	118	833.352
2.617994	1.135834	-1.431087	131	134	33	833.225
-0.261799	1.450119	-2.739050	130	132	39	833.112
-0.261799	1.869911	2.701025	134	141	38	833.014
-1.570796	2.637879	2.121598	103	9	113	832.988
1.832596	2.979456	-1.009304	121	110	24	832.954
-1.832596	1.875281	0.107086	123	16	102	832.823
-1.308997	1.982574	-1.115518	133	49	130	832.797
-2.356194	1.440580	2.260026	108	2	125	832.448
-1.832596	0.418037	1.360082	116	0	115	832.417
-2.617994	0.700570	1.559208	113	143	118	832.285
0.785398	0.419640	2.974122	129	136	36	832.154
2.879793	2.356369	3.005869	113	25	114	831.930
-2.617994	1.824694	1.850876	100	5	125	831.868
-3.141593	2.393226	1.857173	99	12	118	831.793
-2.094395	2.984978	1.954446	3	100	30	831.762
0.785398	2.393226	1.857173	120	143	36	831.748
0.000000	0.733948	3.021411	138	46	130	831.734
-1.308997	2.299159	2.264663	108	2	119	831.714
-1.832596	0.615174	-0.666022	130	44	112	831.564
2.094395	1.977582	0.969896	95	25	118	831.441
-0.785398	2.637879	2.121598	20	108	38	831.416
2.879793	0.866395	-2.492918	127	126	39	831.409
-2.356194	1.050534	3.042579	128	123	37	831.381
-1.570796	2.104282	-0.813972	133	51	117	831.264
-2.617994	1.014500	0.906702	122	2	112	831.259
0.523599	2.588535	-2.976617	123	132	38	831.248
-0.523599	2.456751	-1.503343	132	0	34	831.234
2.879793	2.343981	-1.040456	33	103	21	831.166
-1.308997	1.909857	-0.381669	131	46	109	831.109
-1.047198	1.554776	0.100351	140	31	105	830.949
-0.785398	1.569311	-3.003978	128	130	40	830.705
1.832596	0.619654	-2.216909	106	3	118	830.336
1.570796	1.301460	-0.509251	118	4	109	830.001
1.308997	0.619654	-2.216909	127	134	36	829.967
0.000000	2.979456	-1.009304	112	13	107	829.949
2.094395	0.615174	-0.666022	113	8	110	829.928
0.261799	0.370812	-2.547742	104	13	115	829.846
2.094395	0.619654	-2.216909	108	4	115	829.807
0.523599	1.948085	-2.363031	129	126	36	829.725
2.356194	1.756530	-2.105156	113	143	121	829.570
0.261799	2.587733	0.232235	104	22	109	829.208
0.785398	1.325504	-1.671296	102	5	125	829.167
-3.141593	1.998705	2.370472	129	116	32	829.147
1.570796	2.984978	1.954446	29	25	21	829.094
1.047198	2.164094	-2.991358	132	134	39	829.084
2.879793	2.349581	-2.702517	19	131	45	829.028
0.785398	1.824694	1.850876	33	26	10	828.820
-2.617994	0.961715	0.014085	122	143	115	828.688
1.308997	1.168678	2.108595	130	0	34	828.682
1.570796	1.242974	-2.977882	106	11	113	828.664
2.879793	1.256302	0.062705	120	16	101	828.661
2.094395	1.699788	2.452890	124	133	38	828.502
2.617994	1.301460	-0.509251	124	128	24	828.502
-2.617994	2.588535	-2.976617	127	30	31	828.419
-1.832596	1.413347	-1.339188	126	4	30	828.255
-2.879793	0.733948	3.021411	123	120	38	828.027
1.308997	1.367556	0.358405	111	24	103	828.007
1.308997	1.135834	-1.431087	116	4	108	827.979
0.523599	1.982574	-1.115518	113	4	112	827.674
0.523599	2.299159	2.264663	131	133	39	827.616
1.570796	1.809167	1.213774	125	51	124	827.469
-0.523599	2.637879	2.121598	113	1	135	827.388
0.000000	1.168678	2.108595	29	32	10	827.387
-2.094395	2.251330	-2.330739	125	135	36	827.095
-2.356194	2.478122	2.609777	127	129	38	827.085
1.832596	0.685216	-1.712745	111	3	115	827.068
-0.785398	1.869911	2.701025	20	121	44	826.532
1.308997	0.733948	3.021411	106	12	112	826.428
0.261799	2.984978	1.954446	35	23	8	826.344
1.570796	2.456751	-1.503343	112	142	126	826.297
-1.570796	0.640596	-2.797608	109	13	134	826.254
1.047198	0.419640	2.974122	102	11	119	826.192
-1.570796	1.450119	-2.739050	124	134	41	826.143
-0.523599	0.080730	-2.622036	124	131	38	826.137
0.523599	2.153910	-1.714959	114	143	123	826.117
2.617994	2.063651	-2.044600	136	136	36	825.866
-1.308997	2.704512	1.488683	114	4	114	825.771
2.617994	1.504028	0.636812	117	16	104	825.473
-1.832596	1.025536	1.576859	111	0	116	825.408
0.261799	1.870545	-2.976234	123	0	119	825.221
-2.356194	1.195355	1.200319	106	3	118	825.219
-2.356194	1.184361	0.625864	132	129	126	824.616
0.261799	1.732874	-0.951685	107	2	120	824.562
0.261799	2.138223	1.678323	138	45	128	824.537
1.308997	1.982574	-1.115518	110	11	108	824.483
2.094395	1.658653	-2.409879	129	113	29	824.403
-1.308997	1.450119	-2.739050	22	18	33	824.301
1.308997	2.396274	-1.959260	118	132	34	824.258
-1.047198	2.115563	0.685730	116	5	110	824.130
2.094395	2.174483	2.653697	121	139	38	823.984
1.832596	0.297065	2.160177	131	138	35	823.965
1.570796	1.870545	-2.976234	125	121	35	823.865
0.523599	1.374601	-2.456031	125	134	39	823.680
1.047198	1.014500	0.906702	139	123	30	823.482
2.617994	1.872854	1.543456	93	21	124	823.336
-3.141593	1.870545	-2.976234	128	142	39	823.276
2.879793	1.194549	-0.801900	130	1	28	823.192
1.832596	2.295480	1.008277	116	129	37	823.162
1.047198	1.510910	-0.740472	118	142	114	822.992
1.308997	2.881233	-2.582574	119	0	124	822.929
0.261799	1.809167	1.213774	136	47	119	822.836
2.879793	1.195355	1.200319	112	128	28	822.730
0.785398	2.115563	0.685730	119	140	35	822.720
2.094395	1.569311	-3.003978	123	123	36	822.713
-1.047198	2.704512	1.488683	128	139	38	822.534
0.000000	1.606104	-0.451151	111	3	114	822.504
0.523599	0.960688	-0.577532	100	22	112	822.397
1.570796	2.404280	-0.174044	110	132	138	822.307
-1.047198	1.599406	1.426070	116	143	118	821.889
-1.570796	0.496451	0.593859	123	1	110	821.833
1.308997	1.555207	1.708892	2	46	127	821.582
-2.879793	2.456751	-1.503343	46	124	26	821.313
-0.261799	2.456751	-1.503343	110	6	113	821.202
1.047198	1.218453	2.777284	129	134	37	821.189
2.094395	0.960688	-0.577532	122	12	104	821.163
-3.141593	0.910508	1.903534	107	0	125	820.996
-0.523599	1.736875	3.023612	17	129	47	820.901
0.261799	1.195355	1.200319	137	123	28	820.810
2.617994	1.948085	-2.363031	136	136	38	820.662
-2.094395	2.704512	1.488683	132	133	38	820.646
-1.570796	2.174483	2.653697	129	121	35	820.525
2.356194	1.413347	-1.339188	114	3	112	820.521
0.261799	2.455966	-0.641220	114	6	111	820.424
-1.832596	1.134497	-1.109631	30	27	142	820.383
0.523599	1.741644	-2.695914	122	135	37	820.160
2.617994	1.696674	-1.253233	113	143	120	820.112
1.570796	2.579248	-2.364801	20	130	42	820.101
-0.523599	0.831641	0.616218	27	127	126	820.095
-0.785398	2.089241	-0.114193	143	42	115	820.095
2.094395	0.496451	0.593859	1	28	108	820.005
1.047198	1.756530	-2.105156	131	124	36	819.678
0.785398	2.104282	-0.813972	94	15	115	819.650
1.308997	1.809167	1.213774	130	50	124	819.615
0.785398	2.984978	1.954446	128	134	38	819.415
2.356194	2.356369	3.005869	127	137	38	819.412
0.785398	2.299159	2.264663	131	130	39	819.219
-2.617994	2.174483	2.653697	131	129	38	819.166
-3.141593	1.617114	-1.572037	136	132	34	819.130
-2.094395	0.914445	2.687814	31	109	33	819.111
-0.523599	1.025536	1.576859	110	3	130	819.078
-2.094395	0.370812	-2.547742	31	21	17	818.812
-2.879793	1.440580	2.260026	112	1	125	818.705
1.308997	2.164094	-2.991358	132	128	39	818.665
0.785398	1.450119	-2.739050	132	135	40	818.652
2.879793	2.637879	2.121598	116	18	112	818.635
1.308997	1.741644	-2.695914	127	136	40	818.620
0.000000	1.732874	-0.951685	102	5	120	818.568
-0.261799	2.153910	-1.714959	127	130	32	818.562
1.570796	2.719179	-1.780644	108	2	120	818.540
-0.523599	1.948085	-2.363031	127	130	36	818.497
-2.617994	1.433411	-1.035986	129	143	28	818.469
1.570796	1.168678	2.108595	134	47	141	818.324
-2.617994	1.195355	1.200319	106	2	120	818.103
-1.308997	1.242974	-2.977882	131	129	39	818.080
-0.261799	1.194549	-0.801900	110	2	118	818.048
-0.261799	1.875281	0.107086	6	39	117	817.929
0.785398	1.391910	3.030322	2	127	44	817.922
-2.879793	1.824694	1.850876	97	9	124	817.873
-0.785398	2.356369	3.005869	20	120	41	817.854
0.261799	1.128190	-2.288622	109	16	113	817.783
-0.785398	0.203748	0.590255	113	143	116	817.706
2.879793	0.899350	-2.069907	131	132	37	817.474
-2.879793	1.617114	-1.572037	41	117	23	817.431
1.047198	2.664082	-1.071402	95	19	120	817.357
-2.356194	1.658653	-2.409879	37	121	32	817.275
-1.832596	1.391910	3.030322	130	128	38	817.275
-2.617994	1.488617	1.159546	106	1	122	817.268
0.523599	2.979456	-1.009304	114	121	24	817.203
-1.308997	1.135834	-1.431087	118	20	108	817.081
-1.832596	0.831641	0.616218	112	4	110	816.892
0.523599	1.977582	0.969896	117	140	34	816.838
0.523599	1.699788	2.452890	22	130	42	816.711
2.617994	1.135813	-2.658866	130	111	27	816.693
1.308997	2.063651	-2.044600	129	122	36	816.659
1.047198	1.617114	-1.572037	108	2	121	816.656
1.570796	2.587733	0.232235	107	7	116	816.646
0.000000	2.760637	2.781135	120	3	113	816.402
-1.832596	2.041297	-2.664597	117	129	37	816.398
0.523599	2.379497	0.561089	124	136	37	816.257
2.094395	2.407836	1.410646	107	16	116	816.206
-2.617994	1.699788	2.452890	101	7	137	815.910
-1.047198	0.419640	2.974122	127	134	38	815.909
-2.094395	0.733948	3.021411	37	119	34	815.832
0.523599	1.391910	3.030322	106	18	121	815.332
2.617994	1.554776	0.100351	118	11	105	815.161
0.785398	2.760637	2.781135	133	35	3	815.155
2.879793	2.979456	-1.009304	31	106	29	815.148
-3.141593	1.504028	0.636812	109	3	117	815.117
-1.832596	2.863997	0.549740	119	3	117	814.930
-1.308997	1.574060	2.783565	132	129	38	814.864
2.879793	1.134796	2.434290	109	140	35	814.753
2.879793	2.881233	-2.582574	26	33	15	814.734
1.047198	2.579248	-2.364801	21	128	41	814.703
-0.785398	2.664082	-1.071402	110	143	25	814.669
1.047198	1.872854	1.543456	28	31	6	814.590
-1.047198	1.904882	-1.478089	114	4	29	814.564
0.523599	1.662363	0.915448	115	1	31	814.327
1.832596	2.587733	0.232235	115	140	35	814.315
0.523599	0.619654	-2.216909	106	7	116	814.313
-1.832596	1.658653	-2.409879	36	138	36	814.184
2.617994	1.134796	2.434290	112	141	36	813.722
-2.617994	1.450119	-2.739050	33	111	31	813.675
-2.094395	2.187132	-0.479875	50	141	12	813.589
1.047198	0.960688	-0.577532	102	17	112	813.449
-2.617994	0.733948	3.021411	110	1	134	813.363
1.308997	2.343981	-1.040456	101	4	120	813.355
-0.261799	2.089241	-0.114193	128	5	32	813.202
2.879793	2.174483	2.653697	133	132	38	813.116
2.356194	2.760637	2.781135	29	22	27	812.891
-3.141593	2.587733	0.232235	106	0	125	812.877
-3.141593	1.812176	0.656819	109	5	113	812.855
0.000000	1.948085	-2.363031	116	131	35	812.772
2.617994	2.456751	-1.503343	30	108	31	812.752
2.094395	1.948085	-2.363031	127	135	38	812.731
-2.617994	1.756530	-2.105156	133	137	36	812.597
-2.617994	1.870545	-2.976234	106	24	119	812.442
-1.047198	2.404280	-0.174044	137	46	126	812.191
1.832596	1.948085	-2.363031	128	135	38	812.143
0.523599	1.904882	-1.478089	108	1	122	812.107
-2.094395	1.134497	-1.109631	33	25	143	812.047
0.261799	1.617114	-1.572037	101	4	128	812.024
-2.617994	0.419640	2.974122	118	2	119	811.986
-0.785398	2.456751	-1.503343	108	139	29	811.785
1.308997	2.001437	0.381215	112	141	33	811.743
-2.879793	1.504028	0.636812	107	2	119	811.722
1.570796	1.134796	2.434290	127	140	36	811.598
-2.617994	1.134497	-1.109631	120	3	29	811.294
1.832596	1.184361	0.625864	114	25	103	811.259
2.617994	1.256302	0.062705	118	16	101	811.247
-0.785398	2.104282	-0.813972	114	138	23	811.187
-2.094395	2.881233	-2.582574	139	136	38	811.091
1.308997	1.812176	0.656819	114	13	109	811.071
-0.523599	2.478122	2.609777	130	132	37	811.037
-2.094395	0.700570	1.559208	109	143	121	810.979
2.617994	1.732874	-0.951685	113	0	120	810.812
-2.094395	1.904882	-1.478089	138	129	29	810.751
-0.261799	1.824694	1.850876	25	32	14	810.562
-2.094395	1.184361	0.625864	143	6	108	810.538
-1.832596	2.456751	-1.503343	137	48	122	810.344
2.879793	1.872854	1.543456	94	16	124	810.228
-0.523599	0.906588	1.252948	130	125	30	810.175
-1.308997	0.458961	-0.107937	96	14	123	810.124
2.094395	2.295480	1.008277	116	129	37	810.055
-0.785398	0.496451	0.593859	115	0	112	809.863
-0.785398	0.910508	1.903534	108	4	133	809.705
2.617994	1.374601	-2.456031	5	104	35	809.629
-1.308997	2.760637	2.781135	118	114	28	809.467
-2.356194	2.073035	2.027405	117	137	37	809.466
-2.356194	1.662363	0.915448	101	9	114	809.427
2.094395	0.899350	-2.069907	108	3	117	809.351
-2.356194	2.299159	2.264663	104	5	139	809.328
-2.879793	2.404280	-0.174044	120	9	106	809.297
2.356194	1.909857	-0.381669	110	2	120	809.218
-0.523599	1.242974	-2.977882	131	137	39	809.203
-1.047198	1.433411	-1.035986	112	126	27	809.188
-1.570796	1.824694	1.850876	23	98	16	809.188
2.356194	1.732874	-0.951685	108	2	120	808.921
1.047198	0.370812	-2.547742	105	2	119	808.847
1.570796	0.929350	-2.910676	129	120	36	808.789
0.261799	2.393226	1.857173	139	43	132	808.707
-2.879793	1.909857	-0.381669	45	117	3	808.654
-3.141593	2.153910	-1.714959	49	129	26	808.554
-2.879793	1.948085	-2.363031	130	140	37	808.439
-1.570796	2.063651	-2.044600	117	139	36	808.165
0.785398	2.343981	-1.040456	114	3	111	808.137
2.094395	2.664082	-1.071402	118	4	112	808.124
-2.356194	2.863997	0.549740	114	8	109	808.065
0.785398	2.719179	-1.780644	114	4	111	807.999
1.570796	0.080730	-2.622036	100	7	132	807.908
-2.879793	2.174483	2.653697	132	133	39	807.763
-0.261799	2.704512	1.488683	129	136	38	807.760
2.094395	2.719179	-1.780644	27	107	33	807.742
0.261799	1.977582	0.969896	2	42	122	807.640
1.047198	1.391910	3.030322	119	141	39	807.371
1.570796	2.407836	1.410646	120	131	37	807.316
-1.047198	2.579248	-2.364801	128	139	37	807.210
2.094395	0.831641	0.616218	126	43	103	807.182
-0.785398	1.367556	0.358405	109	3	117	806.951
2.094395	0.297065	2.160177	112	8	112	806.802
-1.832596	0.700570	1.559208	119	9	108	806.455
1.832596	1.247695	1.809890	127	140	34	806.285
1.308997	1.617114	-1.572037	108	5	111	806.108
-2.094395	2.115563	0.685730	116	4	112	806.105
1.047198	2.455966	-0.641220	93	15	116	806.105
0.523599	1.195355	1.200319	50	4	11	805.917
-2.094395	1.242974	-2.977882	126	8	118	805.911
0.785398	1.440580	2.260026	36	19	27	805.855
-1.047198	2.104282	-0.813972	131	49	127	805.750
-2.879793	0.080730	-2.622036	136	143	118	805.734
-2.879793	1.756530	-2.105156	136	135	36	805.727
1.047198	1.766067	2.153843	127	139	37	805.491
0.000000	1.433411	-1.035986	111	132	27	805.433
0.785398	2.396274	-1.959260	128	120	34	805.341
-2.356194	2.592629	0.909713	116	143	118	805.311
0.000000	1.256302	0.062705	4	13	105	805.205
-1.308997	2.724429	-0.348782	32	19	20	805.172
2.617994	1.683268	0.374177	121	4	112	805.168
-0.523599	0.864993	2.278281	134	128	35	805.123
2.356194	2.104282	-0.813972	111	1	116	804.913
-1.047198	2.295480	1.008277	114	5	111	804.860
-2.356194	2.637879	2.121598	127	135	37	804.725
0.785398	2.089241	-0.114193	114	38	102	804.630
1.308997	2.295480	1.008277	113	16	114	804.365
0.261799	1.113094	-0.272241	112	0	114	804.285
-2.094395	0.866395	-2.492918	123	141	36	804.198
-1.308997	2.295480	1.008277	120	5	108	804.078
-1.832596	0.080730	-2.622036	31	27	11	804.047
2.356194	1.699788	2.452890	124	134	38	804.032
0.261799	1.683268	0.374177	112	6	113	804.003
-1.047198	1.168678	2.108595	137	138	35	803.957
-2.617994	1.809167	1.213774	105	1	126	803.956
0.261799	1.662363	0.915448	119	2	31	803.945
0.000000	2.174483	2.653697	129	135	38	803.912
-0.523599	1.545873	-1.877082	9	21	27	803.883
-1.570796	1.433411	-1.035986	118	16	108	803.661
-2.879793	2.138223	1.678323	102	8	115	803.361
-2.879793	0.418037	1.360082	119	118	23	803.330
-0.523599	2.724429	-0.348782	113	6	19	803.249
-2.094395	0.762244	-0.273349	129	41	107	803.057
-1.047198	1.335669	0.897240	106	6	112	802.846
-1.308997	2.404280	-0.174044	118	12	106	802.523
1.308997	0.929350	-2.910676	123	135	39	802.384
-1.570796	2.881233	-2.582574	104	14	114	802.187
-1.047198	2.984978	1.954446	114	4	113	802.164
0.785398	0.929350	-2.910676	131	141	39	802.120
0.785398	1.510910	-0.740472	123	129	23	802.081
-0.785398	1.214854	-1.966664	19	25	22	802.016
-2.879793	0.700570	1.559208	113	143	121	802.006
-2.094395	0.290380	-0.796960	105	18	109	801.774
2.094395	2.478122	2.609777	134	136	38	801.730
-0.785398	0.685216	-1.712745	137	44	126	801.465
-1.570796	0.591903	2.010408	124	126	37	801.204
-2.356194	1.569311	-3.003978	119	140	39	801.130
-2.356194	0.906588	1.252948	130	2	110	801.105
0.523599	2.138223	1.678323	6	42	126	801.052
0.000000	0.899350	-2.069907	105	47	134	800.952
0.785398	2.247462	0.191623	118	43	105	800.946
-3.141593	2.299159	2.264663	108	17	116	800.883
0.261799	1.433411	-1.035986	107	19	105	800.841
-0.523599	1.599406	1.426070	121	2	115	800.786
-2.879793	2.719179	-1.780644	128	131	37	800.730
-1.570796	2.396274	-1.959260	114	140	33	800.720
2.356194	1.134497	-1.109631	134	130	30	800.683
0.000000	2.115563	0.685730	133	49	118	800.627
-2.879793	1.510910	-0.740472	47	121	3	800.448
2.879793	2.073035	2.027405	127	117	32	800.376
-1.570796	2.180315	-1.357379	136	48	135	800.367
-2.094395	2.760637	2.781135	131	138	38	800.315
-2.094395	0.640596	-2.797608	126	135	38	800.312
-1.570796	2.073035	2.027405	130	112	27	800.292
2.094395	1.045978	0.343692	132	20	102	800.265
2.879793	1.050534	3.042579	131	137	37	800.184
0.523599	2.396274	-1.959260	113	2	34	800.076
-0.785398	2.704512	1.488683	129	132	38	799.928
-0.785398	2.343981	-1.040456	108	4	22	799.906
2.617994	1.417623	-0.202254	113	1	117	799.871
2.879793	1.766067	2.153843	126	128	37	799.830
0.000000	2.089241	-0.114193	4	44	126	799.605
-0.523599	2.664082	-1.071402	106	140	25	799.592
-0.261799	0.619654	-2.216909	123	131	36	799.578
-1.570796	0.418037	1.360082	120	143	114	799.423
0.785398	1.413430	2.550734	124	137	37	799.185
-2.879793	2.041297	-2.664597	135	130	37	799.006
-2.617994	2.041297	-2.664597	107	24	119	798.795
0.785398	2.881233	-2.582574	118	2	115	798.693
-0.785398	1.113094	-0.272241	112	12	107	798.632
-1.308997	0.418037	1.360082	116	1	114	798.621
-2.879793	2.407836	1.410646	104	5	135	798.604
0.785398	0.640596	-2.797608	104	11	116	798.570
-0.785398	0.640596	-2.797608	22	40	11	798.406
1.832596	2.637879	2.121598	133	138	38	798.341
2.094395	2.299159	2.264663	118	22	113	798.333
2.356194	1.696674	-1.253233	108	1	122	798.332
0.261799	2.299159	2.264663	132	131	38	798.320
0.785398	1.506530	1.988858	39	20	22	798.285
1.832596	2.704512	1.488683	106	19	120	798.245
1.832596	0.674054	1.013609	126	48	108	798.162
-0.785398	2.299159	2.264663	21	111	39	798.116
-2.879793	1.134497	-1.109631	124	2	30	798.086
-2.617994	2.153910	-1.714959	135	126	32	798.078
-1.308997	1.904882	-1.478089	125	47	139	798.041
0.261799	1.391910	3.030322	128	139	39	798.007
-1.308997	2.478122	2.609777	26	105	27	797.918
-1.047198	0.864993	2.278281	46	116	7	797.531
-2.879793	1.998705	2.370472	106	141	31	797.443
1.047198	2.592629	0.909713	125	134	37	797.426
-0.261799	1.662363	0.915448	128	143	30	797.401
2.094395	1.696674	-1.253233	117	2	110	797.399
-0.261799	1.545873	-1.877082	126	138	35	797.275
-2.094395	1.617114	-1.572037	29	32	11	797.266
-1.832596	2.881233	-2.582574	102	18	115	797.174
-1.047198	1.766067	2.153843	44	120	29	797.172
-2.617994	2.001437	0.381215	114	0	116	797.080
0.785398	2.587733	0.232235	115	48	112	797.074
2.356194	1.872854	1.543456	94	26	124	796.965
2.617994	0.297065	2.160177	117	5	110	796.948
-0.785398	0.370812	-2.547742	139	46	123	796.891
1.047198	1.736875	3.023612	126	136	40	796.749
2.617994	2.104282	-0.813972	120	120	29	796.534
0.000000	1.741644	-2.695914	129	126	38	796.522
-1.832596	2.349581	-2.702517	122	142	37	796.479
-0.785398	1.184361	0.625864	111	1	121	796.302
1.832596	0.992645	-1.723759	109	2	118	796.212
-0.785398	1.135834	-1.431087	117	123	30	796.144
0.261799	1.135834	-1.431087	122	127	31	796.119
1.047198	0.910508	1.903534	128	52	119	796.114
-1.308997	1.662363	0.915448	116	1	114	796.046
1.047198	1.128190	-2.288622	118	23	20	795.975
1.570796	0.914445	2.687814	120	142	38	795.897
-1.570796	0.850607	-1.335383	135	48	118	795.832
1.308997	1.599406	1.426070	141	47	129	795.801
2.356194	0.571433	-1.188419	114	6	112	795.629
-3.141593	1.134796	2.434290	98	13	127	795.462
-2.094395	2.041297	-2.664597	18	139	45	795.417
2.094395	1.809167	1.213774	97	28	117	795.298
-1.047198	1.440580	2.260026	138	137	36	795.159
2.094395	0.929350	-2.910676	117	137	39	795.132
-1.832596	1.872854	1.543456	19	98	9	795.062
-0.261799	1.870545	-2.976234	128	129	38	795.053
0.523599	1.736875	3.023612	120	41	2	794.948
0.261799	1.310100	1.488307	130	6	30	794.909
1.308997	2.104282	-0.813972	112	143	115	794.869
2.879793	1.846342	-1.796954	134	133	36	794.815
0.000000	0.674054	1.013609	116	6	111	794.812
0.000000	1.836682	-0.676006	103	7	116	794.596
-2.617994	2.984978	1.954446	140	104	29	794.484
2.094395	1.812176	0.656819	97	22	113	794.304
-1.570796	1.256302	0.062705	114	18	102	794.234
2.879793	0.929350	-2.910676	22	107	35	794.174
-2.356194	2.001437	0.381215	121	8	105	794.104
0.000000	1.875281	0.107086	112	5	112	794.047
1.308997	1.606104	-0.451151	109	6	108	793.955
-2.879793	2.356369	3.005869	111	22	114	793.844
-1.308997	2.881233	-2.582574	108	14	108	793.825
1.047198	2.187132	-0.479875	95	17	112	793.770
-1.047198	0.379747	-1.713059	4	47	133	793.699
-2.617994	1.325504	-1.671296	44	120	20	793.634
0.261799	1.658653	-2.409879	121	127	40	793.391
-0.785398	1.134796	2.434290	132	128	34	793.358
-1.570796	2.404280	-0.174044	116	13	107	793.318
-0.785398	2.153910	-1.714959	110	138	32	793.257
0.261799	1.569311	-3.003978	132	132	40	793.209
1.047198	1.194549	-0.801900	110	5	109	793.174
-0.523599	0.914445	2.687814	30	4	39	793.153
1.832596	1.050534	3.042579	120	136	40	793.041
-3.141593	0.297065	2.160177	106	6	114	793.039
1.832596	2.063651	-2.044600	132	127	36	793.007
-2.356194	2.984978	1.954446	0	102	29	792.961
-0.785398	1.128190	-2.288622	126	139	38	792.958
-2.094395	1.662363	0.915448	109	5	111	792.940
1.570796	1.335669	0.897240	119	138	134	792.881
2.617994	2.356369	3.005869	133	135	38	792.707
2.617994	1.824694	1.850876	93	23	128	792.660
-2.094395	1.448123	-2.163292	132	142	37	792.634
0.261799	1.194549	-0.801900	127	126	27	792.569
-1.047198	0.992645	-1.723759	121	140	36	792.556
-0.523599	2.089241	-0.114193	130	50	117	792.533
2.356194	2.251330	-2.330739	108	6	121	792.455
0.000000	2.108018	1.311430	139	45	124	792.402
0.261799	2.187132	-0.479875	117	5	109	792.390
1.047198	1.310100	1.488307	118	45	111	792.351
0.785398	1.809167	1.213774	143	46	133	792.281
0.261799	1.214854	-1.966664	102	11	116	792.270
-3.141593	1.699788	2.452890	130	132	38	792.215
-0.785398	2.396274	-1.959260	142	142	40	792.007
2.617994	1.809167	1.213774	95	19	118	791.970
-0.523599	1.335669	0.897240	113	2	115	791.960
0.523599	1.310100	1.488307	115	16	120	791.910
1.047198	1.977582	0.969896	113	136	35	791.890
1.570796	2.379497	0.561089	116	137	36	791.815
-3.141593	2.089241	-0.114193	123	1	110	791.657
-0.785398	1.134497	-1.109631	3	42	125	791.640
1.308997	1.662363	0.915448	117	16	108	791.560
-0.523599	1.045978	0.343692	113	0	121	791.490
0.261799	1.014500	0.906702	12	16	107	791.146
0.261799	0.203748	0.590255	117	143	121	791.115
0.785398	2.592629	0.909713	135	48	122	791.016
-2.356194	1.214854	-1.966664	127	1	37	790.935
-1.570796	1.809167	1.213774	103	5	119	790.917
0.785398	1.574060	2.783565	133	139	38	790.856
2.094395	1.846342	-1.796954	131	124	36	790.499
-2.094395	2.073035	2.027405	129	132	37	790.408
1.047198	2.115563	0.685730	122	47	109	790.187
2.094395	1.433411	-1.035986	107	2	122	790.099
-2.356194	1.413430	2.550734	109	2	130	790.003
-0.785398	1.554776	0.100351	114	2	115	789.856
1.308997	1.450119	-2.739050	119	22	25	789.664
2.356194	1.135834	-1.431087	131	130	33	789.542
2.617994	1.025536	1.576859	95	26	115	789.389
-3.141593	1.135813	-2.658866	120	136	40	789.377
0.261799	1.872854	1.543456	138	46	124	789.291
2.617994	2.979456	-1.009304	36	111	26	789.140
1.308997	1.025536	1.576859	1	47	130	789.074
0.785398	1.617114	-1.572037	102	11	111	788.933
-1.832596	0.290380	-0.796960	106	16	109	788.883
2.879793	2.579248	-2.364801	24	140	42	788.861
-1.832596	1.256302	0.062705	112	22	101	788.717
0.523599	1.194549	-0.801900	114	14	104	788.636
-2.879793	0.379747	-1.713059	33	22	12	788.625
-1.570796	1.658653	-2.409879	127	137	38	788.431
1.570796	1.374601	-2.456031	132	130	39	788.182
1.308997	2.704512	1.488683	135	48	128	788.037
-2.617994	2.592629	0.909713	114	2	110	788.023
-1.570796	2.356369	3.005869	129	140	37	788.022
0.523599	1.135834	-1.431087	104	3	124	787.882
-1.570796	1.909857	-0.381669	114	12	111	787.470
0.785398	1.310100	1.488307	133	14	113	787.086
1.832596	2.760637	2.781135	17	6	42	787.048
-2.617994	1.310100	1.488307	111	11	109	786.993
1.047198	2.295480	1.008277	117	133	37	786.896
0.261799	1.824694	1.850876	47	12	18	786.785
-1.832596	1.325504	-1.671296	127	142	35	786.726
2.617994	0.914445	2.687814	109	143	33	786.680
-1.308997	1.606104	-0.451151	140	39	110	786.523
2.879793	2.063651	-2.044600	140	140	35	786.514
-3.141593	1.606104	-0.451151	38	111	143	786.426
-2.356194	1.488617	1.159546	106	2	117	786.378
1.308997	2.588535	-2.976617	44	126	32	786.235
0.523599	0.910508	1.903534	128	45	112	786.233
2.356194	0.910508	1.903534	133	143	34	786.096
-0.523599	1.168678	2.108595	134	124	33	786.005
2.356194	2.041297	-2.664597	139	5	39	785.893
-1.832596	2.404280	-0.174044	113	13	109	785.863
2.879793	1.335669	0.897240	110	21	103	785.775
-1.308997	0.419640	2.974122	127	132	38	785.667
-2.094395	1.050534	3.042579	122	9	119	785.445
-1.570796	1.683268	0.374177	0	122	127	785.254
2.879793	1.756530	-2.105156	15	108	37	785.188
0.000000	1.242974	-2.977882	123	139	40	785.078
2.094395	1.662363	0.915448	98	26	112	784.973
2.617994	2.174483	2.653697	136	138	39	784.917
2.617994	2.033014	2.977192	127	135	38	784.899
-1.308997	1.569311	-3.003978	133	133	39	784.715
1.047198	2.299159	2.264663	32	25	18	784.633
-0.523599	0.929350	-2.910676	117	19	116	784.554
-0.261799	1.699788	2.452890	130	136	38	784.545
0.523599	2.001437	0.381215	121	4	113	784.519
2.094395	0.850607	-1.335383	119	4	110	784.439
-0.261799	1.741644	-2.695914	129	126	38	784.438
0.261799	1.606104	-0.451151	108	6	110	784.371
1.047198	0.618092	2.539118	115	53	129	784.367
-1.570796	2.863997	0.549740	116	7	111	784.352
2.617994	1.310100	1.488307	115	129	31	784.331
-3.141593	2.187132	-0.479875	43	111	9	784.222
-0.261799	1.256302	0.062705	109	5	111	784.066
2.356194	2.180315	-1.357379	117	125	31	784.021
-0.785398	1.247695	1.809890	139	135	35	783.906
0.785398	2.251330	-2.330739	114	143	130	783.848
-2.617994	2.295480	1.008277	26	103	8	783.668
-1.047198	1.870545	-2.976234	131	132	38	783.600
1.308997	1.736875	3.023612	124	137	41	783.588
-1.832596	1.045978	0.343692	110	12	106	783.534
-1.832596	0.203748	0.590255	97	11	129	783.478
-1.308997	1.696674	-1.253233	122	21	108	783.337
-0.261799	2.592629	0.909713	136	47	124	783.336
0.523599	1.506530	1.988858	130	142	35	783.300
1.832596	2.073035	2.027405	32	24	20	783.203
-1.570796	1.554776	0.100351	143	127	126	783.169
0.000000	2.393226	1.857173	49	120	19	782.928
-1.047198	2.153910	-1.714959	112	141	32	782.904
2.356194	1.555207	1.708892	119	131	33	782.897
0.785398	1.025536	1.576859	122	7	126	782.830
-2.094395	1.134796	2.434290	114	0	126	782.784
1.570796	2.863997	0.549740	128	135	37	782.676
-0.523599	1.696674	-1.253233	118	136	27	782.674
0.785398	1.247695	1.809890	142	46	136	782.602
0.000000	0.418037	1.360082	122	4	116	782.533
-2.094395	0.831641	0.616218	105	11	109	782.458
-3.141593	1.335669	0.897240	102	5	120	782.423
0.523599	0.906588	1.252948	126	5	126	782.035
-1.570796	0.379747	-1.713059	119	133	37	781.945
0.523599	1.440580	2.260026	125	141	37	781.865
-1.308997	1.325504	-1.671296	121	0	35	781.847
1.570796	2.251330	-2.330739	121	124	35	781.644
-1.570796	1.732874	-0.951685	143	45	118	781.621
2.879793	2.299159	2.264663	127	136	39	781.620
-2.879793	1.846342	-1.796954	130	139	36	781.382
-0.261799	2.299159	2.264663	131	130	38	781.367
-2.617994	2.108018	1.311430	126	124	36	780.962
-3.141593	0.850607	-1.335383	119	3	109	780.897
-1.570796	1.696674	-1.253233	16	45	3	780.887
-2.356194	2.033014	2.977192	122	139	39	780.772
2.094395	2.592629	0.909713	120	133	38	780.762
-2.617994	1.214854	-1.966664	130	143	37	780.736
1.047198	2.180315	-1.357379	105	12	112	780.717
-2.094395	1.812176	0.656819	113	7	108	780.658
-1.308997	1.301460	-0.509251	99	13	117	780.614
1.832596	2.456751	-1.503343	121	115	29	780.538
-2.356194	1.875281	0.107086	118	14	102	780.526
0.000000	2.637879	2.121598	133	123	35	780.448
-0.261799	1.417623	-0.202254	110	2	116	780.428
0.261799	1.812176	0.656819	121	2	32	780.396
-2.356194	0.914445	2.687814	124	117	35	780.233
0.523599	1.809167	1.213774	143	43	124	780.215
-0.523599	2.299159	2.264663	130	133	38	780.002
-1.308997	2.396274	-1.959260	112	138	33	779.904
1.047198	1.440580	2.260026	123	140	36	779.891
-1.832596	1.569311	-3.003978	128	134	39	779.885
-0.523599	2.592629	0.909713	51	125	7	779.806
-1.832596	1.135813	-2.658866	104	16	130	779.767
2.617994	2.153910	-1.714959	136	133	34	779.736
-0.785398	2.180315	-1.357379	109	1	27	779.482
-1.308997	0.615174	-0.666022	97	29	115	779.440
-1.047198	2.343981	-1.040456	30	25	16	779.320
-2.094395	0.615174	-0.666022	115	9	110	778.968
-1.570796	1.374601	-2.456031	130	46	142	778.828
2.356194	1.134796	2.434290	113	0	117	778.819
-1.832596	2.396274	-1.959260	116	142	33	778.748
-0.785398	1.325504	-1.671296	118	22	109	778.704
-0.523599	0.290380	-0.796960	111	1	120	778.695
-2.094395	0.571433	-1.188419	119	139	36	778.540
-1.047198	0.297065	2.160177	31	100	9	778.520
1.570796	1.045978	0.343692	117	23	102	778.490
-2.879793	0.866955	-0.931351	122	143	33	778.298
-1.832596	2.138223	1.678323	137	133	35	778.294
0.261799	1.504028	0.636812	121	2	117	778.258
-1.832596	2.063651	-2.044600	122	139	35	778.166
-0.785398	2.478122	2.609777	38	124	32	778.022
2.094395	2.396274	-1.959260	23	107	36	777.968
0.523599	2.108018	1.311430	33	27	7	777.906
2.879793	1.128190	-2.288622	127	135	39	777.848
2.617994	2.863997	0.549740	104	8	137	777.709
-1.308997	1.014500	0.906702	114	3	108	777.672
2.879793	0.290380	-0.796960	117	9	107	777.625
-2.094395	1.218453	2.777284	28	113	38	777.360
-1.832596	0.866395	-2.492918	107	15	133	777.269
-2.617994	2.979456	-1.009304	33	24	10	777.266
-1.047198	0.914445	2.687814	128	130	37	777.209
-0.785398	2.592629	0.909713	130	139	37	777.137
1.308997	1.504028	0.636812	111	30	104	777.106
-2.617994	2.760637	2.781135	113	16	113	777.094
1.047198	1.662363	0.915448	113	16	113	776.988
2.879793	2.396274	-1.959260	48	130	29	776.971
-2.879793	2.724429	-0.348782	45	116	16	776.862
-0.785398	1.448123	-2.163292	132	142	36	776.859
-2.356194	1.977582	0.969896	111	2	111	776.815
-0.523599	1.135813	-2.658866	132	46	139	776.734
2.094395	2.180315	-1.357379	115	125	31	776.525
-1.570796	1.134497	-1.109631	118	132	28	776.499
-2.356194	0.615174	-0.666022	111	10	110	776.457
-2.356194	0.929350	-2.910676	42	117	30	776.446
-2.617994	1.846342	-1.796954	38	139	34	776.419
0.785398	1.766067	2.153843	129	138	37	776.325
0.523599	1.574060	2.783565	130	136	39	776.325
0.000000	1.194549	-0.801900	103	5	119	776.311
2.356194	0.960688	-0.577532	124	12	104	776.297
-3.141593	2.579248	-2.364801	24	141	43	776.163
-1.570796	0.866955	-0.931351	132	46	114	775.953
1.308997	0.914445	2.687814	141	0	40	775.945
-0.261799	0.992645	-1.723759	121	128	32	775.931
0.785398	0.910508	1.903534	124	47	112	775.730
-0.261799	2.979456	-1.009304	104	15	113	775.597
0.000000	2.001437	0.381215	128	143	34	775.505
2.356194	1.050534	3.042579	115	143	37	775.463
-3.141593	2.073035	2.027405	128	119	34	775.461
-1.047198	2.863997	0.549740	33	25	5	775.242
-1.308997	2.153910	-1.714959	114	1	32	775.235
1.570796	2.041297	-2.664597	117	129	36	774.789
0.261799	1.134497	-1.109631	110	3	116	774.761
-2.879793	2.979456	-1.009304	129	132	37	774.708
1.308997	2.637879	2.121598	130	139	37	774.561
1.570796	0.762244	-0.273349	124	1	117	774.518
-1.047198	2.396274	-1.959260	110	135	33	774.458
-3.141593	2.592629	0.909713	99	6	116	774.443
2.356194	0.914445	2.687814	130	135	38	774.296
-1.570796	1.325504	-1.671296	128	2	33	774.223
-1.570796	0.960688	-0.577532	141	40	113	774.202
2.617994	0.866955	-0.931351	131	138	33	774.161
-2.617994	1.721184	-0.153948	8	20	105	773.903
1.570796	1.875281	0.107086	113	7	110	773.857
1.047198	1.545873	-1.877082	121	125	36	773.796
-2.356194	0.418037	1.360082	103	4	118	773.688
-1.047198	1.699788	2.452890	135	137	38	773.625
2.879793	1.683268	0.374177	115	8	109	773.528
-1.832596	2.033014	2.977192	125	127	39	773.343
1.308997	0.496451	0.593859	116	18	105	773.293
0.523599	1.617114	-1.572037	100	15	111	773.088
0.785398	1.374601	-2.456031	104	5	124	772.979
-2.879793	1.977582	0.969896	108	1	124	772.974
0.000000	0.619654	-2.216909	105	16	112	772.710
-0.785398	0.992645	-1.723759	108	19	115	772.614
-2.879793	1.413347	-1.339188	125	0	29	772.574
1.570796	0.297065	2.160177	128	140	36	772.524
-1.570796	1.846342	-1.796954	36	20	21	772.480
1.570796	1.325504	-1.671296	115	1	112	772.473
1.308997	1.195355	1.200319	3	45	123	772.452
-1.832596	0.591903	2.010408	117	143	120	772.388
-1.308997	1.134497	-1.109631	119	15	108	772.280
2.617994	2.478122	2.609777	126	29	31	772.173
-0.523599	0.866395	-2.492918	133	46	133	772.107
-3.141593	1.168678	2.108595	125	127	34	772.106
-1.832596	1.574060	2.783565	114	1	128	772.086
-1.832596	1.218453	2.777284	126	127	36	772.009
1.570796	1.413430	2.550734	117	135	37	771.998
0.785398	1.135834	-1.431087	108	8	109	771.965
1.047198	2.001437	0.381215	114	143	33	771.960
-2.617994	1.045978	0.343692	132	119	22	771.621
2.879793	1.374601	-2.456031	129	122	38	771.459
0.000000	1.869911	2.701025	129	138	37	771.378
0.523599	1.869911	2.701025	128	133	40	771.256
-3.141593	1.554776	0.100351	107	5	114	771.210
0.523599	1.218453	2.777284	27	11	40	771.202
-2.356194	2.343981	-1.040456	135	127	32	771.104
0.261799	1.025536	1.576859	127	5	122	771.096
-2.879793	1.696674	-1.253233	118	8	20	771.089
0.000000	1.683268	0.374177	114	3	114	770.925
-0.785398	1.977582	0.969896	116	2	113	770.833
0.785398	0.685216	-1.712745	105	4	122	770.755
1.308997	2.664082	-1.071402	131	109	27	770.640
2.356194	1.870545	-2.976234	132	125	35	770.510
-0.785398	0.864993	2.278281	115	3	130	770.431
0.785398	2.138223	1.678323	33	27	8	770.344
1.570796	0.864993	2.278281	122	143	35	770.320
-0.261799	2.001437	0.381215	131	142	34	770.266
-2.356194	0.674054	1.013609	123	3	109	770.203
-3.141593	1.982574	-1.115518	106	7	121	770.168
1.832596	1.335669	0.897240	115	49	113	770.044
-0.523599	1.824694	1.850876	129	1	113	770.036
1.308997	1.506530	1.988858	2	47	133	769.973
-0.261799	0.618092	2.539118	133	133	36	769.826
-0.523599	2.979456	-1.009304	100	22	112	769.807
-2.879793	1.450119	-2.739050	125	127	41	769.786
1.308997	2.455966	-0.641220	96	10	117	769.675
-0.523599	0.496451	0.593859	120	0	111	769.597
2.617994	0.929350	-2.910676	112	0	140	769.430
0.261799	2.073035	2.027405	49	125	23	769.424
-1.047198	0.762244	-0.273349	99	13	116	769.257
-1.832596	0.370812	-2.547742	127	139	37	769.174
-2.879793	1.662363	0.915448	108	2	119	769.038
-1.832596	2.637879	2.121598	101	13	113	769.038
1.047198	1.504028	0.636812	119	11	107	768.976
2.094395	0.866395	-2.492918	110	143	139	768.800
1.570796	0.906588	1.252948	140	47	131	768.512
-2.094395	1.870545	-2.976234	127	136	39	768.441
-2.094395	1.367556	0.358405	103	16	109	768.390
2.356194	0.866955	-0.931351	133	136	33	768.381
