144	1.2	0
-2.356194	1.574060	2.783565
0.000000	0.000000	0.000000
../data/3_zdock/HER2_m.pdb	37.529	5.447	5.464
../data/3_zdock/antibody_m/l13_2.pdb	-10.858	2.707	2.378
2.879793	1.554776	0.100351	110	10	116	1492.932
-1.570796	1.948085	-2.363031	132	48	124	1457.828
2.356194	0.960688	-0.577532	113	19	108	1439.268
-1.570796	2.251330	-2.330739	133	48	124	1422.107
2.879793	1.256302	0.062705	111	13	112	1377.553
2.094395	1.194549	-0.801900	119	8	113	1367.162
2.879793	1.367556	0.358405	109	12	115	1348.513
-3.141593	1.554776	0.100351	112	8	116	1338.251
2.879793	1.168678	2.108595	120	1	130	1324.312
-1.832596	2.349581	-2.702517	133	48	130	1322.117
-3.141593	1.696674	-1.253233	113	6	110	1317.662
2.879793	1.025536	1.576859	105	11	122	1290.381
2.617994	2.104282	-0.813972	108	5	119	1268.375
-2.617994	2.174483	2.653697	125	139	36	1263.994
-2.094395	1.113094	-0.272241	111	14	106	1258.674
-3.141593	0.591903	2.010408	113	2	122	1256.610
-1.832596	1.301460	-0.509251	116	15	104	1250.200
1.047198	1.128190	-2.288622	114	0	121	1248.271
1.047198	2.299159	2.264663	126	121	33	1247.218
-2.617994	1.869911	2.701025	129	134	36	1241.368
2.879793	1.696674	-1.253233	109	8	110	1229.129
-1.308997	2.396274	-1.959260	133	48	122	1223.227
2.356194	0.864993	2.278281	117	143	124	1218.382
2.617994	1.025536	1.576859	102	15	122	1215.038
1.308997	0.370812	-2.547742	111	2	121	1212.726
2.617994	1.506530	1.988858	104	14	131	1212.175
-2.617994	1.998705	2.370472	133	139	37	1211.527
-2.094395	1.450119	-2.739050	127	2	32	1205.578
-1.308997	2.063651	-2.044600	131	49	120	1205.268
1.570796	1.998705	2.370472	135	130	35	1204.142
2.356194	2.456751	-1.503343	116	1	115	1199.692
2.094395	0.762244	-0.273349	113	23	108	1197.733
0.000000	2.637879	2.121598	129	131	34	1194.843
-0.523599	2.863997	0.549740	128	130	33	1193.969
1.832596	1.194549	-0.801900	116	8	113	1188.852
2.879793	2.104282	-0.813972	117	3	114	1186.514
-2.094395	2.979456	-1.009304	128	126	31	1186.001
2.356194	1.982574	-1.115518	108	5	118	1185.261
2.879793	0.080730	-2.622036	119	4	118	1183.337
2.617994	1.732874	-0.951685	112	7	113	1183.098
2.879793	1.504028	0.636812	106	8	126	1180.711
-2.879793	1.699788	2.452890	126	129	37	1176.684
-1.570796	2.579248	-2.364801	133	48	127	1175.430
2.617994	1.247695	1.809890	103	13	126	1172.440
-1.047198	2.704512	1.488683	121	134	35	1172.338
0.261799	2.393226	1.857173	130	131	36	1169.399
2.617994	1.194549	-0.801900	114	13	108	1168.355
-1.570796	1.872854	1.543456	130	137	37	1167.203
2.879793	0.864993	2.278281	123	4	117	1164.789
2.617994	0.619654	-2.216909	122	11	110	1163.003
-2.356194	1.184361	0.625864	15	103	7	1162.168
2.617994	0.910508	1.903534	103	13	122	1160.303
2.617994	2.587733	0.232235	118	123	21	1159.894
0.785398	1.506530	1.988858	131	135	37	1159.877
0.000000	2.393226	1.857173	127	131	36	1152.463
-2.356194	2.588535	-2.976617	127	140	33	1152.079
2.356194	0.850607	-1.335383	125	5	117	1150.822
1.832596	2.299159	2.264663	129	126	35	1148.566
2.879793	1.247695	1.809890	106	10	126	1147.196
2.879793	1.982574	-1.115518	107	6	115	1146.529
-2.094395	1.417623	-0.202254	114	9	108	1146.038
-2.094395	1.301460	-0.509251	114	15	104	1145.250
-1.832596	2.393226	1.857173	127	138	35	1144.928
-3.141593	1.732874	-0.951685	109	6	112	1144.329
2.617994	2.180315	-1.357379	105	4	118	1144.028
2.617994	1.367556	0.358405	107	14	115	1143.470
2.879793	0.591903	2.010408	119	1	120	1141.918
0.261799	2.478122	2.609777	123	131	34	1138.175
-1.832596	2.579248	-2.364801	129	143	30	1137.602
2.879793	1.836682	-0.676006	115	8	110	1130.997
2.356194	0.685216	-1.712745	118	15	108	1130.676
-2.879793	2.174483	2.653697	127	138	36	1129.330
-1.308997	1.998705	2.370472	124	131	36	1128.941
1.047198	2.393226	1.857173	131	127	35	1127.013
-1.570796	2.063651	-2.044600	135	46	119	1125.270
2.617994	1.184361	0.625864	107	16	115	1124.270
1.570796	2.579248	-2.364801	130	122	29	1124.089
2.617994	1.836682	-0.676006	108	8	115	1122.465
-1.308997	2.637879	2.121598	124	124	31	1118.295
2.879793	1.014500	0.906702	110	13	114	1117.571
-3.141593	2.187132	-0.479875	114	2	118	1111.972
2.617994	0.850607	-1.335383	118	17	105	1111.476
1.308997	2.455966	-0.641220	117	11	107	1110.471
-2.617994	1.045978	0.343692	104	11	113	1110.130
1.570796	0.080730	-2.622036	121	3	113	1109.595
-2.617994	1.247695	1.809890	108	4	125	1108.317
-2.617994	1.256302	0.062705	105	12	110	1108.074
-2.879793	0.418037	1.360082	119	0	118	1106.369
2.356194	0.419640	2.974122	122	1	116	1105.852
-3.141593	1.413347	-1.339188	115	10	106	1104.740
-3.141593	0.831641	0.616218	112	16	110	1104.266
2.879793	1.506530	1.988858	106	11	130	1103.989
2.356194	0.866395	-2.492918	115	13	108	1103.228
-1.308997	1.658653	-2.409879	127	50	121	1103.168
-2.879793	1.310100	1.488307	127	134	37	1101.465
-0.785398	2.984978	1.954446	119	136	35	1100.309
-2.617994	2.984978	1.954446	125	2	33	1100.247
-1.047198	0.419640	2.974122	34	26	10	1100.062
2.356194	0.910508	1.903534	101	16	122	1099.953
-0.261799	2.174483	2.653697	130	126	36	1099.195
0.000000	2.299159	2.264663	126	134	36	1097.906
0.523599	2.637879	2.121598	128	127	35	1097.894
-0.261799	2.033014	2.977192	20	14	28	1097.375
-2.617994	1.606104	-0.451151	109	2	117	1096.388
2.356194	1.194549	-0.801900	124	10	108	1095.281
-1.308997	1.948085	-2.363031	127	50	124	1093.961
-0.785398	1.510910	-0.740472	134	39	121	1093.763
2.617994	1.417623	-0.202254	105	14	113	1093.073
1.570796	1.374601	-2.456031	112	3	116	1092.069
-1.832596	2.251330	-2.330739	137	46	125	1090.861
-1.570796	1.440580	2.260026	127	134	36	1090.858
-1.308997	1.448123	-2.163292	127	48	114	1090.852
1.308997	0.080730	-2.622036	120	2	114	1090.744
1.308997	1.998705	2.370472	135	130	36	1090.589
1.832596	1.448123	-2.163292	110	6	111	1090.169
0.523599	0.685216	-1.712745	128	2	111	1089.410
-3.141593	0.910508	1.903534	112	5	122	1089.221
2.356194	1.301460	-0.509251	109	16	110	1088.764
2.356194	1.732874	-0.951685	108	8	114	1088.601
1.047198	0.992645	-1.723759	119	12	105	1088.179
2.094395	1.904882	-1.478089	111	6	113	1087.162
-1.570796	1.135813	-2.658866	130	50	122	1087.113
-1.308997	1.756530	-2.105156	129	49	118	1084.830
1.570796	2.349581	-2.702517	129	128	32	1084.671
-0.523599	1.824694	1.850876	128	138	37	1084.474
-2.617994	0.674054	1.013609	107	5	119	1083.343
2.617994	2.343981	-1.040456	110	11	109	1082.398
2.617994	1.982574	-1.115518	103	8	115	1082.030
-1.832596	2.041297	-2.664597	134	48	129	1081.791
-1.570796	2.704512	1.488683	124	120	31	1081.285
-3.141593	2.455966	-0.641220	107	5	117	1080.050
-2.879793	1.998705	2.370472	123	134	37	1079.967
-3.141593	1.555207	1.708892	107	8	128	1079.466
2.879793	0.850607	-1.335383	119	16	106	1079.105
-3.141593	1.909857	-0.381669	110	4	117	1077.094
1.047198	1.214854	-1.966664	119	8	107	1076.642
2.617994	0.571433	-1.188419	119	22	105	1076.299
1.308997	2.251330	-2.330739	128	121	29	1076.171
-1.832596	1.242974	-2.977882	126	143	35	1075.996
1.570796	2.343981	-1.040456	119	6	109	1075.587
2.094395	0.591903	2.010408	117	0	119	1074.953
-2.617994	1.113094	-0.272241	112	2	116	1074.587
-2.879793	1.506530	1.988858	131	141	36	1074.133
2.356194	1.113094	-0.272241	109	20	109	1073.465
-2.617994	0.709924	0.218797	102	16	110	1072.228
1.570796	0.370812	-2.547742	120	4	111	1072.048
-3.141593	1.506530	1.988858	109	8	130	1072.014
1.047198	0.080730	-2.622036	111	2	119	1071.743
-3.141593	1.683268	0.374177	109	6	122	1071.529
-2.879793	1.045978	0.343692	101	15	113	1070.704
-1.570796	2.041297	-2.664597	130	49	130	1070.551
1.308997	0.290380	-0.796960	121	7	115	1069.136
2.094395	1.869911	2.701025	132	133	37	1068.443
1.570796	1.448123	-2.163292	112	2	118	1068.147
2.094395	0.850607	-1.335383	121	4	117	1065.650
-3.141593	1.247695	1.809890	108	7	126	1065.617
-2.617994	2.588535	-2.976617	129	138	33	1065.219
-1.047198	2.349581	-2.702517	120	137	33	1064.823
2.356194	2.979456	-1.009304	120	136	32	1063.751
-0.523599	2.033014	2.977192	23	15	28	1062.867
-3.141593	1.998705	2.370472	124	134	37	1061.982
2.094395	1.134497	-1.109631	120	5	116	1061.090
1.570796	2.063651	-2.044600	109	4	117	1059.951
-3.141593	0.618092	2.539118	119	2	122	1059.456
-2.356194	1.909857	-0.381669	117	3	113	1058.384
-1.570796	1.998705	2.370472	125	129	37	1058.224
2.879793	1.683268	0.374177	107	9	123	1057.536
0.000000	0.906588	1.252948	116	15	123	1057.147
-0.261799	2.637879	2.121598	118	136	35	1057.123
2.356194	2.073035	2.027405	134	134	36	1056.705
-0.261799	2.478122	2.609777	126	129	35	1056.237
1.047198	2.349581	-2.702517	126	125	32	1056.225
2.617994	1.756530	-2.105156	134	131	28	1056.159
2.879793	2.979456	-1.009304	115	143	122	1055.654
2.094395	2.393226	1.857173	136	133	36	1055.562
-2.356194	0.961715	0.014085	107	13	109	1055.187
2.356194	2.001437	0.381215	104	14	116	1054.621
0.000000	1.872854	1.543456	126	131	38	1054.427
-2.356194	2.478122	2.609777	130	0	34	1054.258
-1.047198	2.396274	-1.959260	129	50	122	1053.805
-0.785398	2.760637	2.781135	118	127	33	1053.804
-1.832596	2.704512	1.488683	121	120	30	1053.617
2.879793	1.310100	1.488307	104	11	124	1053.475
-0.785398	2.704512	1.488683	121	133	35	1053.195
-2.356194	1.256302	0.062705	109	9	110	1052.372
-2.356194	1.113094	-0.272241	117	0	115	1052.293
-1.308997	2.984978	1.954446	125	137	33	1051.951
1.308997	2.579248	-2.364801	129	123	30	1051.138
2.094395	0.419640	2.974122	118	1	117	1050.169
2.879793	1.732874	-0.951685	119	8	107	1048.887
-1.308997	2.251330	-2.330739	128	50	125	1047.633
-2.356194	1.417623	-0.202254	112	1	119	1047.488
-2.617994	1.367556	0.358405	105	7	114	1046.855
1.047198	2.343981	-1.040456	117	6	110	1046.661
-1.047198	2.984978	1.954446	121	121	31	1046.633
2.094395	0.370812	-2.547742	35	105	5	1046.332
-2.356194	1.696674	-1.253233	43	119	6	1046.124
1.047198	0.290380	-0.796960	117	6	114	1046.062
0.523599	1.766067	2.153843	7	136	44	1045.283
2.879793	1.904882	-1.478089	112	4	112	1044.247
2.094395	0.685216	-1.712745	116	14	109	1044.113
-3.141593	1.836682	-0.676006	118	6	110	1043.244
1.047198	1.875281	0.107086	7	47	139	1043.242
1.047198	1.448123	-2.163292	107	2	120	1042.891
-1.832596	1.417623	-0.202254	117	9	107	1041.680
2.094395	2.299159	2.264663	131	127	35	1041.318
-1.047198	0.899350	-2.069907	131	39	113	1039.255
2.356194	2.407836	1.410646	137	137	37	1039.046
-3.141593	1.025536	1.576859	121	4	119	1038.196
-0.523599	2.478122	2.609777	122	130	34	1036.747
-2.879793	0.906588	1.252948	119	143	124	1036.393
0.261799	1.555207	1.708892	121	137	37	1036.043
0.523599	2.478122	2.609777	118	133	32	1035.401
-2.879793	0.831641	0.616218	101	13	115	1035.208
2.356194	1.168678	2.108595	115	143	130	1035.205
-2.356194	0.709924	0.218797	105	12	111	1035.134
-2.094395	2.637879	2.121598	129	141	34	1035.087
2.879793	0.618092	2.539118	115	2	122	1034.062
-1.832596	0.203748	0.590255	125	1	114	1032.944
2.879793	0.906588	1.252948	103	14	118	1032.611
-2.356194	2.637879	2.121598	129	142	34	1032.369
2.356194	2.299159	2.264663	132	131	35	1032.207
2.879793	0.297065	2.160177	121	2	114	1032.054
-1.832596	2.247462	0.191623	113	5	111	1031.803
1.570796	1.440580	2.260026	121	139	38	1031.661
-2.879793	2.299159	2.264663	125	141	35	1030.850
-1.832596	0.910508	1.903534	46	121	23	1030.667
2.356194	1.134497	-1.109631	111	13	114	1030.534
-1.570796	1.555207	1.708892	136	140	37	1030.421
-3.141593	0.297065	2.160177	126	2	114	1029.993
-2.879793	1.367556	0.358405	101	11	115	1029.436
0.523599	0.379747	-1.713059	119	7	109	1029.393
1.308997	2.396274	-1.959260	114	2	114	1029.240
-3.141593	1.325504	-1.671296	117	8	109	1028.873
2.094395	1.617114	-1.572037	118	14	103	1028.819
2.617994	0.297065	2.160177	116	0	119	1028.710
-1.308997	2.592629	0.909713	125	130	35	1028.035
0.523599	2.379497	0.561089	31	20	23	1027.312
2.356194	1.247695	1.809890	101	17	126	1027.191
2.617994	1.683268	0.374177	107	13	113	1026.535
-1.570796	1.448123	-2.163292	131	46	114	1026.308
1.570796	0.290380	-0.796960	124	8	115	1026.271
-2.617994	1.766067	2.153843	121	129	37	1026.205
2.356194	0.992645	-1.723759	115	11	111	1026.177
2.094395	2.295480	1.008277	111	21	117	1026.065
-2.356194	1.168678	2.108595	115	3	129	1025.924
-0.785398	1.045978	0.343692	116	142	122	1024.709
-1.570796	1.756530	-2.105156	133	47	117	1024.658
-2.094395	2.863997	0.549740	123	132	34	1024.553
-2.094395	2.393226	1.857173	129	136	35	1024.241
2.617994	1.606104	-0.451151	106	11	114	1023.757
0.000000	0.571433	-1.188419	132	1	111	1023.277
0.785398	2.343981	-1.040456	108	8	116	1023.167
0.261799	1.872854	1.543456	126	131	38	1022.245
-1.832596	2.379497	0.561089	110	3	115	1019.821
1.570796	1.242974	-2.977882	132	132	36	1019.689
2.617994	1.998705	2.370472	127	131	36	1019.634
2.356194	1.374601	-2.456031	111	8	112	1019.138
-1.047198	2.295480	1.008277	125	127	37	1018.905
-0.523599	2.174483	2.653697	130	128	36	1018.483
-2.617994	1.875281	0.107086	107	4	119	1018.233
-2.617994	0.961715	0.014085	112	2	119	1017.954
-1.832596	2.637879	2.121598	121	0	35	1016.827
1.047198	0.619654	-2.216909	111	3	118	1015.960
2.356194	0.700570	1.559208	115	143	124	1015.822
1.570796	1.134497	-1.109631	108	20	108	1015.708
0.785398	0.619654	-2.216909	107	6	118	1015.684
-0.785398	2.579248	-2.364801	121	141	29	1014.074
0.261799	1.554776	0.100351	123	137	38	1013.621
-3.141593	0.864993	2.278281	121	8	115	1013.346
-2.617994	2.455966	-0.641220	28	107	23	1012.871
1.570796	1.450119	-2.739050	134	127	34	1012.868
2.879793	2.455966	-0.641220	103	8	117	1012.611
-2.094395	1.256302	0.062705	112	7	109	1012.249
-2.094395	0.496451	0.593859	123	0	115	1012.223
-0.785398	1.766067	2.153843	128	131	37	1011.901
0.523599	2.592629	0.909713	134	133	35	1011.377
0.523599	2.251330	-2.330739	130	132	29	1011.280
-3.141593	2.104282	-0.813972	119	4	111	1011.117
0.785398	1.128190	-2.288622	122	128	30	1010.489
0.785398	1.440580	2.260026	0	138	42	1010.482
-3.141593	2.984978	1.954446	131	142	33	1008.553
-2.879793	1.247695	1.809890	111	5	125	1008.280
2.356194	1.135813	-2.658866	113	9	111	1006.869
-1.047198	2.760637	2.781135	122	127	31	1006.632
-2.356194	2.108018	1.311430	125	138	38	1005.837
2.356194	1.184361	0.625864	105	19	114	1005.580
1.832596	1.440580	2.260026	119	138	38	1005.291
-2.879793	1.766067	2.153843	121	129	37	1005.112
-2.879793	1.909857	-0.381669	114	2	117	1004.396
2.094395	0.866955	-0.931351	123	9	113	1003.727
2.094395	2.407836	1.410646	139	138	37	1003.547
2.094395	0.571433	-1.188419	124	7	115	1002.623
2.356194	1.128190	-2.288622	119	3	117	1002.057
2.356194	2.174483	2.653697	136	119	30	1001.145
-1.570796	2.343981	-1.040456	131	125	31	1000.928
2.617994	1.904882	-1.478089	107	6	113	999.957
1.047198	2.174483	2.653697	134	125	36	999.320
-3.141593	1.045978	0.343692	99	19	113	998.084
-1.570796	2.637879	2.121598	120	124	33	997.747
-1.832596	1.998705	2.370472	30	122	34	995.851
2.356194	1.696674	-1.253233	113	6	113	995.451
-2.617994	1.699788	2.452890	127	130	37	995.238
-2.879793	0.297065	2.160177	130	5	113	995.004
2.356194	1.014500	0.906702	116	131	34	994.961
1.570796	2.984978	1.954446	134	124	32	994.937
1.308997	2.153910	-1.714959	113	4	111	994.240
-1.570796	2.393226	1.857173	120	142	37	993.991
-1.570796	0.640596	-2.797608	139	44	118	993.810
1.570796	2.396274	-1.959260	106	5	118	993.771
2.617994	0.733948	3.021411	116	2	125	993.731
-2.879793	0.709924	0.218797	99	11	117	993.674
-0.523599	2.349581	-2.702517	125	137	31	993.573
-0.785398	2.478122	2.609777	128	126	34	993.373
2.617994	2.588535	-2.976617	137	126	30	993.212
2.617994	1.869911	2.701025	128	139	37	991.768
2.879793	1.194549	-0.801900	110	9	115	991.387
-2.094395	0.762244	-0.273349	107	16	106	991.204
1.047198	1.014500	0.906702	122	133	31	991.081
-1.308997	2.115563	0.685730	130	123	35	990.589
2.617994	0.618092	2.539118	122	7	113	990.582
-2.879793	2.637879	2.121598	129	2	34	990.407
-0.785398	1.545873	-1.877082	116	15	106	990.122
2.356194	1.135834	-1.431087	117	6	116	989.364
-3.141593	2.588535	-2.976617	131	1	32	988.750
-3.141593	0.906588	1.252948	115	4	120	987.750
-2.617994	2.863997	0.549740	119	119	28	987.731
-0.523599	1.545873	-1.877082	117	15	106	987.574
2.617994	1.510910	-0.740472	111	10	111	987.471
1.047198	2.455966	-0.641220	108	12	113	987.234
-1.832596	0.960688	-0.577532	112	18	103	987.055
0.785398	1.904882	-1.478089	108	4	116	986.721
-3.141593	1.335669	0.897240	103	8	125	986.678
-1.570796	1.658653	-2.409879	132	48	120	986.309
2.356194	1.417623	-0.202254	104	14	119	986.207
2.094395	1.699788	2.452890	131	135	37	985.369
1.047198	0.685216	-1.712745	112	14	105	984.874
2.879793	1.555207	1.708892	106	11	129	984.685
2.094395	2.719179	-1.780644	115	143	119	983.389
-2.094395	1.168678	2.108595	120	2	128	983.303
1.570796	2.478122	2.609777	136	134	35	982.186
2.879793	1.335669	0.897240	109	11	117	982.122
-1.570796	0.458961	-0.107937	115	6	110	981.905
2.879793	0.419640	2.974122	122	6	114	981.733
2.617994	1.812176	0.656819	104	14	115	981.481
2.617994	1.301460	-0.509251	110	14	110	981.358
2.617994	0.640596	-2.797608	117	11	113	981.219
2.879793	1.440580	2.260026	121	2	134	981.048
-2.617994	1.194549	-0.801900	109	8	108	980.991
-2.094395	0.961715	0.014085	110	10	108	980.330
1.047198	2.456751	-1.503343	129	127	26	980.274
1.832596	2.637879	2.121598	135	130	34	979.978
-0.523599	1.417623	-0.202254	137	40	120	979.578
2.356194	0.379747	-1.713059	123	5	118	979.105
-2.094395	1.242974	-2.977882	128	142	35	979.080
1.047198	1.135834	-1.431087	114	1	115	979.015
1.308997	2.724429	-0.348782	106	15	113	978.599
2.879793	1.218453	2.777284	116	4	126	978.314
2.356194	0.866955	-0.931351	113	16	112	978.100
1.308997	2.299159	2.264663	128	121	34	977.760
-1.047198	1.128190	-2.288622	134	42	117	977.698
2.356194	1.683268	0.374177	106	16	113	977.616
2.879793	1.721184	-0.153948	112	7	116	977.561
-1.570796	2.984978	1.954446	116	123	31	976.972
0.261799	0.685216	-1.712745	124	2	111	976.953
1.570796	2.664082	-1.071402	115	5	112	975.785
-2.879793	1.606104	-0.451151	113	3	116	975.338
-2.356194	1.045978	0.343692	107	8	112	974.329
0.261799	2.760637	2.781135	122	126	33	974.203
-2.617994	0.850607	-1.335383	36	138	134	974.171
-1.832596	0.458961	-0.107937	133	127	130	974.139
2.617994	1.168678	2.108595	120	143	129	973.092
-1.570796	0.929350	-2.910676	131	143	35	973.062
2.356194	0.831641	0.616218	112	133	32	972.963
1.832596	0.850607	-1.335383	113	17	108	972.622
0.261799	2.637879	2.121598	125	130	35	972.583
-1.570796	2.138223	1.678323	125	139	37	972.542
-1.832596	1.135813	-2.658866	128	2	32	972.495
2.356194	1.812176	0.656819	103	18	115	972.085
-1.047198	1.766067	2.153843	128	130	36	971.990
2.879793	2.579248	-2.364801	135	134	31	971.324
2.356194	2.863997	0.549740	114	15	110	971.235
2.356194	0.591903	2.010408	108	3	120	970.904
1.570796	2.299159	2.264663	129	125	35	970.447
2.879793	0.700570	1.559208	112	0	123	969.285
-1.047198	2.637879	2.121598	122	124	33	969.269
-2.879793	2.881233	-2.582574	137	130	31	969.187
2.879793	0.910508	1.903534	117	0	126	969.061
-0.785398	1.846342	-1.796954	120	18	105	968.754
-2.356194	1.683268	0.374177	109	2	122	968.552
-0.261799	1.417623	-0.202254	135	43	120	968.398
2.879793	1.184361	0.625864	108	13	114	967.967
0.523599	2.063651	-2.044600	123	130	27	967.696
-2.617994	1.184361	0.625864	104	7	117	967.532
-2.356194	1.662363	0.915448	16	101	15	967.031
0.523599	0.850607	-1.335383	109	2	117	966.896
-0.523599	2.592629	0.909713	129	33	1	966.765
0.785398	2.984978	1.954446	124	128	33	966.570
2.879793	1.617114	-1.572037	114	8	108	966.165
2.879793	1.417623	-0.202254	113	10	112	965.500
0.000000	1.809167	1.213774	131	132	37	965.064
2.094395	0.960688	-0.577532	121	12	110	964.951
-2.617994	0.418037	1.360082	124	142	119	964.283
1.570796	2.115563	0.685730	110	19	119	963.898
-1.570796	0.960688	-0.577532	114	15	103	963.399
2.617994	0.591903	2.010408	119	142	120	963.308
1.832596	1.699788	2.452890	126	135	39	963.286
2.094395	1.696674	-1.253233	111	10	109	963.253
-1.047198	1.025536	1.576859	134	127	34	963.131
2.094395	0.866395	-2.492918	113	13	107	962.997
2.094395	2.379497	0.561089	135	130	36	962.252
-2.879793	0.591903	2.010408	117	1	121	962.203
1.308997	1.812176	0.656819	123	18	114	962.023
-3.141593	1.256302	0.062705	113	11	111	961.890
-1.308997	1.310100	1.488307	112	3	123	961.715
0.523599	2.984978	1.954446	122	129	32	961.420
-2.094395	2.349581	-2.702517	33	137	33	961.284
-2.617994	1.909857	-0.381669	112	9	108	961.189
0.261799	1.736875	3.023612	106	13	115	960.918
-0.785398	1.732874	-0.951685	134	42	124	960.809
-2.617994	2.587733	0.232235	105	8	112	960.715
0.000000	1.555207	1.708892	123	137	38	960.367
1.047198	2.704512	1.488683	131	128	36	960.178
1.570796	0.615174	-0.666022	122	10	112	959.597
-2.617994	0.831641	0.616218	103	9	115	959.432
-1.832596	2.456751	-1.503343	134	124	28	958.699
-1.832596	2.115563	0.685730	112	0	118	958.655
0.785398	2.637879	2.121598	128	128	36	958.040
-1.570796	1.050534	3.042579	121	142	37	957.870
2.356194	0.297065	2.160177	112	3	115	957.854
-2.094395	2.396274	-1.959260	134	122	25	957.531
2.356194	1.699788	2.452890	124	138	38	957.474
-0.261799	0.379747	-1.713059	100	13	115	957.466
2.617994	0.419640	2.974122	117	3	117	957.439
1.047198	1.699788	2.452890	131	132	36	957.299
1.047198	2.180315	-1.357379	110	6	113	957.114
-2.356194	2.984978	1.954446	122	2	33	957.038
2.879793	1.135834	-1.431087	119	12	106	956.610
-2.356194	0.496451	0.593859	107	7	114	956.452
-1.047198	1.014500	0.906702	117	0	123	956.387
2.879793	1.812176	0.656819	107	9	129	956.144
-0.261799	1.433411	-1.035986	7	37	122	955.838
2.879793	1.195355	1.200319	109	12	117	955.453
-2.094395	0.929350	-2.910676	131	143	35	955.319
2.356194	0.618092	2.539118	115	143	122	955.066
1.570796	0.866955	-0.931351	112	23	106	955.001
1.832596	0.571433	-1.188419	121	6	115	954.594
-1.047198	1.569311	-3.003978	23	25	19	954.414
1.832596	2.704512	1.488683	140	137	35	954.329
-2.094395	2.180315	-1.357379	112	143	127	953.787
-3.141593	2.115563	0.685730	125	138	37	953.656
-0.261799	2.138223	1.678323	18	119	42	953.468
0.000000	2.478122	2.609777	121	132	34	952.905
0.523599	0.992645	-1.723759	106	5	114	952.630
1.832596	1.846342	-1.796954	110	4	116	952.435
-1.832596	1.977582	0.969896	110	3	116	952.412
-1.308997	1.554776	0.100351	111	3	113	952.364
-2.356194	1.134796	2.434290	118	3	132	951.750
2.617994	1.696674	-1.253233	116	4	113	951.320
-3.141593	0.418037	1.360082	112	143	122	951.207
-2.879793	2.187132	-0.479875	114	0	120	951.193
1.570796	1.135813	-2.658866	106	7	113	951.038
2.879793	0.831641	0.616218	110	18	109	950.941
0.000000	1.045978	0.343692	120	1	34	950.900
-2.356194	1.506530	1.988858	112	3	129	950.797
-0.785398	2.349581	-2.702517	119	137	33	950.764
0.261799	1.256302	0.062705	123	143	36	950.567
-3.141593	0.700570	1.559208	118	1	120	949.462
-2.356194	1.301460	-0.509251	120	17	102	949.427
-3.141593	1.310100	1.488307	108	8	124	949.416
2.617994	1.766067	2.153843	9	123	44	949.256
1.308997	1.699788	2.452890	4	113	41	949.234
-1.047198	1.391910	3.030322	25	24	19	947.930
1.570796	1.869911	2.701025	133	124	35	945.904
1.832596	0.685216	-1.712745	115	13	107	945.891
-2.094395	2.108018	1.311430	126	139	38	945.695
1.047198	2.073035	2.027405	125	126	36	945.647
1.308997	2.393226	1.857173	130	128	35	945.372
-2.879793	1.325504	-1.671296	119	8	107	945.003
-2.617994	1.506530	1.988858	121	123	36	944.558
2.617994	0.864993	2.278281	117	1	124	944.403
1.308997	2.637879	2.121598	127	131	36	944.082
2.094395	1.433411	-1.035986	117	4	115	943.562
0.261799	0.709924	0.218797	119	6	28	943.210
1.308997	1.756530	-2.105156	106	5	118	943.178
1.570796	2.881233	-2.582574	119	124	30	943.154
-2.094395	0.709924	0.218797	109	8	111	942.765
-1.308997	1.025536	1.576859	113	3	127	942.599
1.832596	2.396274	-1.959260	115	143	118	942.586
2.617994	2.073035	2.027405	133	134	37	942.553
-2.356194	1.699788	2.452890	127	131	38	942.404
2.356194	1.025536	1.576859	103	5	131	942.253
0.523599	2.138223	1.678323	127	126	37	942.111
-0.261799	1.214854	-1.966664	135	39	128	942.106
-2.356194	0.831641	0.616218	108	6	116	941.450
2.094395	1.128190	-2.288622	110	13	108	941.157
0.523599	2.760637	2.781135	119	129	32	940.583
2.879793	2.343981	-1.040456	104	3	122	940.349
-2.617994	2.187132	-0.479875	114	3	114	940.344
2.094395	1.218453	2.777284	111	4	117	939.687
0.785398	2.588535	-2.976617	132	120	33	938.910
2.879793	0.733948	3.021411	122	2	122	938.688
2.879793	1.113094	-0.272241	116	15	107	938.202
1.832596	0.615174	-0.666022	115	26	105	937.763
0.261799	2.174483	2.653697	129	129	38	937.262
2.094395	2.704512	1.488683	138	131	35	937.023
-1.047198	1.335669	0.897240	119	1	117	936.856
-0.785398	1.301460	-0.509251	111	2	115	936.784
2.356194	1.510910	-0.740472	118	6	113	936.769
2.617994	2.001437	0.381215	106	10	115	936.751
2.879793	2.592629	0.909713	124	143	35	936.703
1.832596	1.904882	-1.478089	111	15	105	936.661
1.308997	2.719179	-1.780644	114	0	119	936.654
-2.356194	1.554776	0.100351	106	4	120	936.604
-0.785398	0.866395	-2.492918	129	42	115	936.350
-3.141593	1.617114	-1.572037	118	7	107	936.235
-2.094395	2.247462	0.191623	109	6	111	936.098
-2.617994	0.203748	0.590255	109	3	116	936.063
-1.832596	1.555207	1.708892	133	140	38	935.953
2.356194	1.134796	2.434290	115	2	121	935.840
2.617994	1.554776	0.100351	105	11	121	935.244
-2.356194	1.606104	-0.451151	112	12	106	935.205
2.617994	2.664082	-1.071402	112	2	116	934.885
0.785398	1.696674	-1.253233	110	4	114	934.845
0.785398	1.256302	0.062705	119	13	113	933.890
-1.308997	1.846342	-1.796954	131	47	115	933.455
-2.617994	2.478122	2.609777	118	140	36	933.082
-2.094395	2.407836	1.410646	122	118	29	932.640
1.570796	2.153910	-1.714959	118	3	111	932.615
2.356194	1.756530	-2.105156	136	127	27	932.335
2.356194	2.180315	-1.357379	116	5	110	932.333
2.094395	2.478122	2.609777	134	123	32	932.241
-2.094395	2.379497	0.561089	106	5	115	931.578
2.617994	1.256302	0.062705	110	15	112	931.170
1.308997	1.128190	-2.288622	115	3	114	930.952
1.308997	1.168678	2.108595	119	140	38	930.738
0.785398	2.664082	-1.071402	135	143	32	930.475
0.523599	0.899350	-2.069907	102	6	120	930.440
-1.047198	1.554776	0.100351	115	2	112	930.066
2.879793	1.050534	3.042579	117	5	124	929.951
-3.141593	1.721184	-0.153948	115	5	114	929.749
-0.785398	2.393226	1.857173	119	139	36	929.743
1.832596	1.617114	-1.572037	116	15	103	929.440
-3.141593	1.812176	0.656819	16	106	16	929.254
-1.570796	1.506530	1.988858	126	129	36	929.206
2.094395	0.640596	-2.797608	119	143	122	928.807
2.617994	1.135834	-1.431087	2	11	106	928.372
-2.617994	1.417623	-0.202254	107	3	119	928.356
-2.356194	2.396274	-1.959260	131	140	29	928.211
-2.356194	1.367556	0.358405	109	5	113	928.153
-1.047198	2.174483	2.653697	121	133	37	927.667
1.570796	0.640596	-2.797608	113	2	114	927.565
-0.523599	1.506530	1.988858	121	135	37	927.246
1.308997	1.448123	-2.163292	107	4	118	926.958
2.356194	1.846342	-1.796954	27	107	140	926.693
1.832596	2.115563	0.685730	110	18	119	926.666
-1.570796	1.195355	1.200319	135	134	37	926.469
2.617994	1.113094	-0.272241	114	14	110	926.403
2.617994	0.929350	-2.910676	116	6	118	926.100
1.308997	1.977582	0.969896	134	135	37	925.959
1.308997	2.456751	-1.503343	113	3	114	925.929
2.879793	0.640596	-2.797608	121	10	113	925.807
1.570796	2.073035	2.027405	130	121	37	925.649
0.785398	2.587733	0.232235	127	50	130	925.395
-1.047198	0.866955	-0.931351	113	17	103	925.318
-1.832596	1.050534	3.042579	123	141	37	925.182
-1.308997	0.709924	0.218797	143	16	110	925.080
-2.617994	2.407836	1.410646	127	138	36	924.987
1.832596	0.992645	-1.723759	111	12	110	924.616
2.094395	1.440580	2.260026	118	137	39	924.424
1.570796	2.637879	2.121598	134	124	34	924.188
2.356194	1.998705	2.370472	129	126	35	924.107
-3.141593	1.184361	0.625864	108	6	123	924.095
-2.356194	1.450119	-2.739050	130	143	33	924.075
2.094395	2.588535	-2.976617	129	134	34	923.901
2.879793	1.766067	2.153843	129	137	37	923.840
-2.617994	1.836682	-0.676006	115	12	105	923.216
-0.523599	0.370812	-2.547742	114	3	113	922.850
-3.141593	1.014500	0.906702	111	11	114	922.833
-1.570796	0.615174	-0.666022	107	17	105	922.742
-2.879793	0.700570	1.559208	124	3	117	922.685
1.832596	0.618092	2.539118	106	4	118	922.596
0.261799	1.721184	-0.153948	130	135	37	922.435
2.356194	1.554776	0.100351	109	14	110	922.421
0.785398	2.349581	-2.702517	124	125	32	922.350
1.047198	0.370812	-2.547742	112	5	112	922.043
2.356194	2.115563	0.685730	101	16	119	921.993
-2.094395	0.203748	0.590255	117	141	127	921.537
2.094395	1.113094	-0.272241	109	21	109	921.497
-2.617994	1.301460	-0.509251	115	4	111	921.288
1.047198	1.554776	0.100351	122	138	36	921.258
-2.094395	1.721184	-0.153948	24	105	142	921.090
-0.261799	1.606104	-0.451151	134	44	120	920.695
0.261799	2.455966	-0.641220	7	44	132	920.379
-2.356194	2.863997	0.549740	108	5	112	920.208
-2.617994	2.637879	2.121598	130	141	35	920.156
2.356194	1.433411	-1.035986	112	10	111	919.700
0.000000	2.073035	2.027405	129	135	36	919.367
-2.094395	1.045978	0.343692	109	3	119	918.996
2.879793	1.998705	2.370472	126	132	37	918.956
0.785398	1.367556	0.358405	5	45	134	918.793
2.094395	2.073035	2.027405	133	128	36	918.338
-1.570796	1.214854	-1.966664	31	24	142	917.992
-2.879793	1.836682	-0.676006	110	5	112	917.946
-1.832596	2.138223	1.678323	126	132	38	917.775
-2.879793	2.588535	-2.976617	131	136	33	917.596
2.356194	2.033014	2.977192	37	111	26	917.343
-1.308997	2.407836	1.410646	121	136	37	916.997
-2.356194	1.869911	2.701025	128	136	37	916.990
-2.879793	2.115563	0.685730	125	138	38	916.593
-0.785398	1.433411	-1.035986	134	40	120	916.310
1.308997	1.554776	0.100351	123	135	37	915.690
-1.832596	1.741644	-2.695914	135	47	128	915.650
-1.047198	0.914445	2.687814	129	135	38	914.907
2.356194	0.906588	1.252948	120	125	34	914.877
0.000000	1.662363	0.915448	2	38	131	914.581
-0.261799	0.960688	-0.577532	30	137	126	914.483
1.308997	2.407836	1.410646	136	131	37	914.335
1.570796	1.545873	-1.877082	115	13	104	914.269
-0.261799	1.998705	2.370472	122	136	36	914.127
2.356194	1.214854	-1.966664	118	5	115	913.906
-1.047198	1.184361	0.625864	115	1	118	913.906
-2.617994	0.370812	-2.547742	115	18	108	913.678
-1.570796	0.618092	2.539118	130	132	38	913.667
2.094395	0.992645	-1.723759	113	11	110	913.532
-1.308997	2.138223	1.678323	127	138	37	913.485
-2.356194	2.174483	2.653697	120	136	38	913.414
0.785398	0.850607	-1.335383	113	1	115	913.239
1.047198	0.203748	0.590255	38	24	5	912.934
-2.617994	1.555207	1.708892	131	137	39	912.908
-1.832596	0.733948	3.021411	127	139	38	912.812
0.000000	2.108018	1.311430	130	127	37	912.791
1.832596	2.393226	1.857173	130	133	36	912.383
1.832596	2.153910	-1.714959	109	7	113	912.255
-2.094395	1.440580	2.260026	129	127	37	912.231
-2.094395	0.618092	2.539118	129	134	39	911.920
2.879793	0.992645	-1.723759	123	12	106	911.354
2.094395	1.391910	3.030322	110	4	117	911.219
0.261799	0.419640	2.974122	108	5	118	911.176
2.617994	0.674054	1.013609	114	1	122	911.032
0.261799	1.504028	0.636812	35	23	2	910.828
-0.523599	2.637879	2.121598	121	131	35	910.354
-1.047198	1.699788	2.452890	127	134	37	910.267
1.047198	1.134796	2.434290	107	5	115	910.261
2.617994	0.866955	-0.931351	119	17	107	910.159
1.570796	1.617114	-1.572037	113	18	103	909.914
1.570796	0.618092	2.539118	121	2	113	909.893
-1.570796	0.762244	-0.273349	113	9	107	909.722
0.785398	2.592629	0.909713	140	133	34	909.599
-0.785398	2.637879	2.121598	120	131	36	909.270
0.000000	0.685216	-1.712745	101	9	117	909.264
-1.832596	1.367556	0.358405	23	101	7	909.152
2.617994	0.290380	-0.796960	124	47	109	908.792
0.261799	0.866955	-0.931351	111	4	112	908.760
2.617994	1.195355	1.200319	107	14	118	908.693
2.879793	1.045978	0.343692	110	15	112	908.489
2.356194	0.929350	-2.910676	114	9	112	908.468
2.617994	1.875281	0.107086	108	10	113	908.426
-1.047198	1.836682	-0.676006	20	33	0	908.375
-3.141593	2.299159	2.264663	121	141	35	908.222
2.356194	1.367556	0.358405	100	19	118	908.180
-1.047198	2.478122	2.609777	122	128	34	908.059
-1.308997	1.836682	-0.676006	109	11	109	907.586
2.356194	1.506530	1.988858	103	17	130	907.234
1.047198	2.719179	-1.780644	105	7	113	907.182
0.261799	1.506530	1.988858	118	135	37	906.859
2.094395	0.618092	2.539118	110	2	118	906.780
-0.523599	0.674054	1.013609	119	1	131	906.758
0.261799	2.033014	2.977192	126	132	36	906.726
-1.832596	2.592629	0.909713	106	3	118	906.521
1.570796	1.699788	2.452890	132	128	37	906.448
1.570796	1.756530	-2.105156	111	4	115	906.036
-1.047198	1.909857	-0.381669	115	7	107	906.036
-2.879793	0.674054	1.013609	104	8	119	905.880
1.570796	0.458961	-0.107937	116	29	106	905.851
2.879793	1.134497	-1.109631	115	14	105	905.678
1.832596	2.174483	2.653697	127	119	33	905.467
-1.832596	0.762244	-0.273349	110	13	107	905.191
-2.356194	2.089241	-0.114193	109	1	123	905.152
-0.523599	1.301460	-0.509251	107	0	121	905.075
0.000000	2.984978	1.954446	123	127	32	904.760
2.094395	1.683268	0.374177	105	18	113	904.638
-0.785398	0.685216	-1.712745	119	37	106	904.588
0.785398	0.961715	0.014085	114	3	31	904.316
0.523599	2.356369	3.005869	131	125	35	904.215
2.617994	0.418037	1.360082	119	0	118	904.050
-0.261799	1.870545	-2.976234	120	134	36	903.715
-1.832596	2.881233	-2.582574	123	0	31	903.635
-1.308997	0.960688	-0.577532	116	13	103	903.554
0.523599	1.256302	0.062705	119	143	36	903.506
0.523599	1.135834	-1.431087	120	143	116	903.504
-0.261799	1.982574	-1.115518	131	48	126	903.328
-2.094395	2.299159	2.264663	132	141	35	903.318
1.832596	0.419640	2.974122	113	1	117	902.728
1.832596	2.478122	2.609777	134	122	33	902.623
2.617994	1.658653	-2.409879	131	133	31	902.531
-2.617994	0.914445	2.687814	118	2	131	902.362
1.308997	1.545873	-1.877082	112	14	104	902.287
2.879793	1.134796	2.434290	114	2	131	902.208
-1.570796	0.992645	-1.723759	111	5	115	902.097
0.000000	1.824694	1.850876	123	129	38	901.941
-2.356194	1.766067	2.153843	17	127	43	901.859
0.523599	1.168678	2.108595	127	138	37	901.372
1.570796	2.588535	-2.976617	130	129	34	901.216
0.523599	2.393226	1.857173	131	126	36	901.138
-2.094395	0.458961	-0.107937	98	14	118	900.540
-1.570796	1.218453	2.777284	107	13	133	900.483
2.617994	1.721184	-0.153948	111	7	119	900.479
-0.261799	0.615174	-0.666022	112	143	122	900.414
2.094395	2.456751	-1.503343	112	2	115	900.396
1.570796	0.379747	-1.713059	131	8	108	900.383
-0.785398	0.700570	1.559208	122	4	130	899.623
2.094395	1.214854	-1.966664	104	14	115	899.611
1.308997	1.134796	2.434290	134	133	39	899.550
0.523599	2.001437	0.381215	142	43	127	899.289
1.047198	0.866395	-2.492918	102	9	115	898.740
-1.570796	1.184361	0.625864	107	1	125	898.616
-2.094395	1.367556	0.358405	20	102	4	898.434
-2.356194	2.587733	0.232235	19	102	26	898.213
-2.094395	1.128190	-2.288622	135	46	116	898.166
2.617994	1.440580	2.260026	128	139	39	898.156
2.356194	0.961715	0.014085	112	19	110	897.995
2.094395	0.615174	-0.666022	115	25	105	897.813
1.832596	1.998705	2.370472	133	128	35	897.770
2.617994	0.615174	-0.666022	118	21	106	897.612
-2.094395	2.588535	-2.976617	125	141	33	897.578
2.094395	0.733948	3.021411	116	0	119	897.316
1.832596	2.138223	1.678323	134	132	39	897.186
0.785398	2.760637	2.781135	119	129	31	897.166
2.356194	1.904882	-1.478089	113	2	117	897.083
-0.785398	2.588535	-2.976617	115	34	4	896.991
0.000000	2.760637	2.781135	120	128	33	896.873
0.000000	2.138223	1.678323	32	7	33	896.846
1.832596	1.736875	3.023612	108	4	116	896.804
-2.617994	2.295480	1.008277	118	139	37	896.657
1.832596	2.063651	-2.044600	129	123	27	896.622
0.000000	1.599406	1.426070	128	136	38	896.593
-0.261799	2.455966	-0.641220	0	45	126	896.500
-0.785398	2.251330	-2.330739	119	141	31	896.455
1.308997	1.310100	1.488307	132	137	37	896.202
0.523599	1.413430	2.550734	142	138	41	896.150
2.617994	1.134796	2.434290	120	2	120	896.078
2.094395	0.910508	1.903534	102	5	127	896.010
1.570796	1.554776	0.100351	123	135	37	895.971
1.832596	0.960688	-0.577532	119	11	111	895.937
-1.308997	1.050534	3.042579	126	139	38	895.682
-0.785398	1.135813	-2.658866	131	45	121	895.662
2.617994	2.478122	2.609777	134	129	35	895.567
-2.356194	2.247462	0.191623	106	9	111	895.552
0.000000	0.379747	-1.713059	101	7	120	895.353
2.356194	0.619654	-2.216909	126	9	109	895.320
-3.141593	1.134497	-1.109631	116	12	106	895.308
0.000000	1.741644	-2.695914	107	16	112	895.286
0.261799	1.135834	-1.431087	104	6	115	895.116
-0.785398	1.699788	2.452890	132	134	37	895.113
1.047198	1.766067	2.153843	132	133	37	895.027
2.356194	0.370812	-2.547742	39	107	5	894.861
-2.879793	2.356369	3.005869	128	134	35	894.711
0.000000	1.870545	-2.976234	107	18	112	894.595
-3.141593	0.733948	3.021411	133	3	120	894.485
-1.832596	1.194549	-0.801900	116	21	101	894.424
2.617994	1.433411	-1.035986	115	8	110	894.283
-1.832596	2.760637	2.781135	126	137	33	894.158
-1.047198	2.407836	1.410646	120	135	37	893.851
2.879793	2.588535	-2.976617	136	135	33	893.591
1.047198	1.440580	2.260026	141	133	42	893.368
-1.047198	2.588535	-2.976617	120	137	32	893.006
-1.047198	0.700570	1.559208	116	3	133	892.819
-2.617994	1.599406	1.426070	124	139	38	892.726
-2.094395	1.510910	-0.740472	127	18	101	892.722
-0.261799	1.128190	-2.288622	133	39	128	892.643
0.000000	0.203748	0.590255	124	8	115	892.636
0.523599	1.872854	1.543456	126	132	38	892.505
-2.356194	0.203748	0.590255	114	1	116	892.222
-2.879793	1.875281	0.107086	109	7	110	892.156
-2.617994	2.356369	3.005869	127	134	35	892.070
2.617994	0.960688	-0.577532	114	17	107	891.982
2.617994	1.014500	0.906702	117	129	34	891.672
0.000000	1.506530	1.988858	118	137	37	891.526
2.879793	1.869911	2.701025	130	139	38	891.268
1.047198	1.982574	-1.115518	111	7	110	891.224
0.785398	1.135834	-1.431087	109	3	116	891.095
1.308997	2.704512	1.488683	132	131	36	891.005
-1.308997	2.349581	-2.702517	124	143	32	890.496
0.523599	1.335669	0.897240	120	16	117	890.426
-1.047198	0.831641	0.616218	113	1	121	890.182
-2.356194	1.413430	2.550734	123	15	118	890.172
1.570796	2.164094	-2.991358	134	117	31	889.856
-2.617994	2.073035	2.027405	106	11	128	889.492
-1.570796	1.741644	-2.695914	131	49	127	889.490
2.879793	2.984978	1.954446	134	139	33	889.451
0.785398	0.914445	2.687814	109	7	111	889.405
2.879793	2.187132	-0.479875	101	12	114	889.369
-1.832596	2.407836	1.410646	121	141	37	889.183
-2.356194	1.875281	0.107086	107	3	123	889.158
0.523599	2.588535	-2.976617	127	127	34	889.075
-1.832596	1.812176	0.656819	110	1	117	888.976
2.617994	1.413430	2.550734	119	1	122	888.670
0.523599	1.247695	1.809890	127	138	37	888.581
1.832596	2.073035	2.027405	125	129	37	888.369
-2.356194	2.063651	-2.044600	133	138	29	888.316
-2.879793	1.721184	-0.153948	111	2	121	888.038
1.047198	0.899350	-2.069907	121	4	109	887.782
-0.523599	0.864993	2.278281	133	46	140	887.613
2.356194	1.977582	0.969896	133	121	35	887.397
-2.356194	1.904882	-1.478089	44	120	11	887.280
-1.047198	1.506530	1.988858	124	133	37	887.150
0.000000	2.407836	1.410646	129	121	36	887.149
-3.141593	2.592629	0.909713	121	143	37	886.855
1.308997	0.910508	1.903534	132	140	37	886.838
0.261799	0.850607	-1.335383	106	4	117	886.758
-2.617994	1.554776	0.100351	106	6	116	886.551
-1.308997	2.719179	-1.780644	123	142	30	886.402
2.356194	1.721184	-0.153948	110	10	112	886.361
-3.141593	1.168678	2.108595	122	5	118	886.035
-2.617994	2.063651	-2.044600	36	116	22	885.942
2.094395	2.637879	2.121598	136	131	34	885.704
0.261799	1.869911	2.701025	126	135	38	885.528
0.000000	0.866395	-2.492918	112	42	115	885.416
1.832596	1.869911	2.701025	131	133	36	885.340
1.570796	0.685216	-1.712745	125	10	106	885.215
-2.879793	0.910508	1.903534	105	6	123	885.142
-0.785398	1.606104	-0.451151	115	4	109	885.062
2.617994	2.760637	2.781135	137	131	32	885.051
2.617994	1.045978	0.343692	111	20	108	884.937
1.570796	1.135834	-1.431087	107	16	109	884.831
-1.308997	2.588535	-2.976617	118	134	34	884.745
-0.261799	2.984978	1.954446	123	127	32	884.730
1.047198	1.545873	-1.877082	110	15	104	884.692
-2.879793	1.184361	0.625864	106	6	119	884.314
2.617994	1.555207	1.708892	104	14	130	884.295
0.523599	1.242974	-2.977882	105	5	116	884.228
-2.094395	1.977582	0.969896	104	6	117	884.190
1.832596	2.295480	1.008277	119	22	112	884.168
-1.047198	1.135813	-2.658866	135	44	120	884.141
-2.617994	2.001437	0.381215	115	2	113	884.128
-0.523599	0.619654	-2.216909	116	40	109	883.938
-0.261799	2.579248	-2.364801	114	135	31	883.930
-0.785398	1.448123	-2.163292	117	126	26	883.509
2.617994	0.700570	1.559208	107	2	123	883.502
0.000000	1.050534	3.042579	124	130	36	883.350
2.094395	2.979456	-1.009304	107	6	112	883.159
0.523599	0.619654	-2.216909	101	7	123	883.125
2.356194	1.824694	1.850876	118	140	37	882.908
1.832596	0.866955	-0.931351	119	8	114	882.891
2.356194	2.588535	-2.976617	133	135	35	882.693
1.832596	1.184361	0.625864	97	28	122	882.671
0.785398	1.045978	0.343692	122	14	114	882.537
1.047198	1.256302	0.062705	120	13	112	882.226
-1.308997	1.335669	0.897240	113	0	121	882.113
-1.832596	2.108018	1.311430	120	140	38	881.773
-1.308997	1.367556	0.358405	110	1	118	881.771
1.832596	2.379497	0.561089	112	17	117	881.558
-0.261799	1.168678	2.108595	138	43	128	881.529
1.308997	0.899350	-2.069907	120	3	111	881.488
1.832596	2.979456	-1.009304	118	126	28	881.476
-0.785398	1.658653	-2.409879	118	142	32	881.410
1.047198	1.696674	-1.253233	112	2	115	881.377
2.356194	1.909857	-0.381669	100	14	131	881.364
-0.785398	1.128190	-2.288622	131	43	117	881.250
-1.308997	2.579248	-2.364801	128	51	128	881.156
2.094395	0.864993	2.278281	118	142	123	881.122
-0.261799	1.741644	-2.695914	106	19	113	881.074
-0.523599	2.579248	-2.364801	115	137	31	880.707
-2.356194	2.033014	2.977192	127	136	37	880.661
0.523599	1.554776	0.100351	121	137	39	880.594
-2.617994	2.041297	-2.664597	34	118	28	879.873
-2.617994	0.762244	-0.273349	128	122	28	879.808
0.261799	1.050534	3.042579	125	131	36	879.683
-1.570796	0.910508	1.903534	108	6	137	879.652
-0.785398	0.733948	3.021411	123	129	39	879.571
-2.617994	0.864993	2.278281	123	132	39	879.442
-0.785398	2.063651	-2.044600	130	44	134	879.434
2.617994	0.914445	2.687814	122	5	114	879.287
-0.523599	2.587733	0.232235	29	18	19	879.188
0.785398	0.496451	0.593859	137	46	123	879.140
2.094395	1.014500	0.906702	116	133	34	878.915
-2.356194	0.762244	-0.273349	105	19	106	878.880
1.308997	2.881233	-2.582574	114	142	125	878.855
0.261799	0.992645	-1.723759	103	8	114	878.646
-2.617994	2.760637	2.781135	129	143	33	878.627
-1.832596	2.180315	-1.357379	132	123	28	878.555
-2.356194	0.674054	1.013609	109	2	119	878.470
-0.523599	0.618092	2.539118	122	45	111	878.282
1.047198	2.396274	-1.959260	109	4	114	877.787
0.000000	1.554776	0.100351	125	136	38	877.651
0.261799	2.299159	2.264663	129	136	36	877.106
-2.617994	1.721184	-0.153948	107	1	123	876.989
1.832596	2.089241	-0.114193	109	12	116	876.988
-0.785398	1.325504	-1.671296	116	128	25	876.935
-1.832596	0.961715	0.014085	108	5	118	876.760
-2.617994	2.180315	-1.357379	119	123	27	876.663
2.094395	1.721184	-0.153948	108	12	112	876.305
-1.047198	1.606104	-0.451151	111	5	111	876.180
1.570796	0.762244	-0.273349	125	43	107	876.025
1.832596	0.370812	-2.547742	115	8	110	876.025
-1.308997	1.741644	-2.695914	127	51	126	875.883
1.832596	1.134497	-1.109631	116	5	116	875.858
-0.785398	0.571433	-1.188419	108	16	106	875.836
1.570796	2.455966	-0.641220	120	9	107	875.706
-2.094395	2.073035	2.027405	25	117	35	875.471
0.785398	1.168678	2.108595	123	138	38	875.370
0.000000	1.721184	-0.153948	130	133	38	875.307
2.879793	2.393226	1.857173	131	141	38	875.212
1.308997	0.762244	-0.273349	114	31	106	875.114
-2.879793	0.961715	0.014085	107	4	119	875.103
-0.785398	1.506530	1.988858	129	132	38	874.683
-1.047198	0.640596	-2.797608	121	136	38	874.485
2.094395	1.168678	2.108595	128	133	38	874.473
-1.570796	0.866395	-2.492918	118	139	37	874.168
-1.570796	1.168678	2.108595	116	6	128	874.048
2.617994	0.080730	-2.622036	111	8	117	873.883
-1.832596	0.080730	-2.622036	36	25	5	873.828
2.094395	0.899350	-2.069907	107	16	112	873.802
2.356194	2.478122	2.609777	133	132	35	873.644
2.356194	1.448123	-2.163292	107	8	117	873.201
-3.141593	2.349581	-2.702517	140	136	31	873.175
1.570796	1.658653	-2.409879	110	3	118	873.015
1.308997	2.664082	-1.071402	116	7	109	872.458
-1.832596	2.984978	1.954446	114	124	31	872.444
-2.879793	2.863997	0.549740	116	120	28	872.417
1.308997	1.135813	-2.658866	106	3	124	872.280
-2.094395	2.984978	1.954446	133	140	34	872.221
0.261799	0.379747	-1.713059	119	0	114	872.132
2.879793	1.325504	-1.671296	121	7	108	872.055
1.047198	1.417623	-0.202254	117	12	113	871.827
0.785398	1.766067	2.153843	5	133	44	871.667
-1.570796	1.450119	-2.739050	132	50	125	871.383
-3.141593	0.709924	0.218797	104	7	118	871.321
-2.356194	2.579248	-2.364801	22	127	36	871.282
-3.141593	2.863997	0.549740	119	0	36	871.251
-0.785398	0.850607	-1.335383	109	23	102	871.058
-1.570796	2.174483	2.653697	122	133	37	870.885
2.617994	1.310100	1.488307	103	14	126	870.694
-3.141593	1.574060	2.783565	131	134	38	870.682
-1.308997	0.864993	2.278281	132	133	37	870.677
0.785398	2.138223	1.678323	128	128	37	870.557
0.261799	1.134796	2.434290	123	137	38	870.397
-3.141593	2.587733	0.232235	116	118	25	870.374
1.047198	1.756530	-2.105156	105	13	107	870.345
0.785398	2.001437	0.381215	137	138	36	870.320
2.879793	0.914445	2.687814	115	5	123	870.257
-1.832596	1.574060	2.783565	108	15	127	870.236
2.356194	1.242974	-2.977882	114	6	113	870.190
-1.570796	1.025536	1.576859	108	5	128	870.176
-0.261799	0.571433	-1.188419	128	2	110	869.810
-1.570796	1.504028	0.636812	109	5	115	869.707
1.832596	1.128190	-2.288622	116	143	123	869.615
-0.785398	0.615174	-0.666022	122	143	116	869.584
-3.141593	1.662363	0.915448	104	7	128	869.511
2.617994	1.846342	-1.796954	111	3	116	869.084
1.308997	2.063651	-2.044600	117	0	116	869.041
1.832596	2.588535	-2.976617	130	132	34	869.024
-0.785398	0.496451	0.593859	116	143	125	868.978
2.356194	1.869911	2.701025	130	119	32	868.748
-2.356194	2.295480	1.008277	115	138	37	868.654
0.261799	2.073035	2.027405	129	132	37	868.432
1.832596	2.407836	1.410646	141	138	38	868.293
0.785398	1.413430	2.550734	133	126	38	868.035
2.094395	1.325504	-1.671296	128	0	115	867.891
-1.308997	0.899350	-2.069907	135	39	113	867.880
-1.308997	1.128190	-2.288622	138	41	116	867.519
1.832596	1.545873	-1.877082	118	12	103	867.504
0.000000	1.025536	1.576859	123	46	118	867.169
1.047198	2.881233	-2.582574	109	0	126	867.154
0.261799	1.569311	-3.003978	109	12	112	867.053
-0.261799	2.164094	-2.991358	119	129	36	867.028
0.785398	1.554776	0.100351	125	136	36	866.869
1.832596	1.135834	-1.431087	109	15	110	866.737
-2.879793	2.592629	0.909713	120	120	25	866.716
-0.523599	2.724429	-0.348782	132	126	34	866.682
-1.047198	0.619654	-2.216909	105	12	110	866.660
0.785398	1.617114	-1.572037	106	5	116	866.615
-1.047198	0.733948	3.021411	137	46	125	866.473
1.832596	1.433411	-1.035986	113	4	116	866.457
-1.570796	0.080730	-2.622036	142	27	110	866.316
2.094395	1.977582	0.969896	129	130	36	866.267
-0.523599	1.909857	-0.381669	43	13	141	866.219
-3.141593	1.766067	2.153843	120	129	37	866.090
2.094395	1.301460	-0.509251	117	10	111	866.019
-0.261799	1.413430	2.550734	132	43	133	866.008
-1.570796	1.367556	0.358405	106	3	119	866.007
1.570796	1.510910	-0.740472	103	25	110	865.956
2.879793	1.606104	-0.451151	109	8	113	865.916
-3.141593	1.510910	-0.740472	107	12	107	865.897
0.261799	2.251330	-2.330739	129	135	29	865.820
-1.047198	1.374601	-2.456031	136	44	122	865.799
1.832596	0.619654	-2.216909	34	106	2	865.625
0.261799	2.247462	0.191623	33	22	18	865.375
-2.356194	2.592629	0.909713	121	117	27	865.237
2.617994	0.866395	-2.492918	129	3	118	865.211
-0.785398	2.456751	-1.503343	136	46	134	865.191
1.047198	0.864993	2.278281	132	136	37	864.965
-0.261799	0.203748	0.590255	120	7	115	864.780
-1.308997	2.343981	-1.040456	40	6	23	864.582
-2.879793	1.846342	-1.796954	112	5	110	864.510
0.261799	2.089241	-0.114193	140	43	119	864.262
1.047198	1.367556	0.358405	121	17	112	863.991
2.617994	2.984978	1.954446	136	133	33	863.963
1.832596	2.863997	0.549740	133	137	34	863.923
2.094395	2.247462	0.191623	103	13	118	863.901
1.308997	2.174483	2.653697	135	125	35	863.538
-1.570796	2.349581	-2.702517	125	143	32	863.485
-2.879793	1.450119	-2.739050	130	137	35	863.431
2.094395	1.606104	-0.451151	100	21	112	863.056
0.523599	1.214854	-1.966664	120	127	27	862.847
-3.141593	0.080730	-2.622036	123	5	118	862.361
-3.141593	1.504028	0.636812	109	5	126	862.335
0.000000	1.256302	0.062705	126	142	36	862.151
-2.094395	2.089241	-0.114193	111	9	107	862.038
-1.308997	0.379747	-1.713059	106	7	113	861.726
-2.617994	0.866955	-0.931351	126	133	127	861.703
-1.047198	0.591903	2.010408	131	126	37	861.521
2.356194	2.379497	0.561089	101	14	122	861.452
-2.094395	2.041297	-2.664597	34	125	29	861.368
-1.308997	1.440580	2.260026	128	134	38	861.208
-2.879793	0.379747	-1.713059	38	22	1	860.984
0.785398	0.379747	-1.713059	127	127	132	860.851
-3.141593	0.992645	-1.723759	133	142	30	860.767
-1.832596	1.948085	-2.363031	137	47	124	860.438
-2.879793	1.256302	0.062705	103	16	110	860.407
1.047198	1.998705	2.370472	133	130	37	860.263
0.523599	0.961715	0.014085	119	4	31	860.103
-1.308997	0.866395	-2.492918	116	138	36	860.040
-1.832596	0.914445	2.687814	125	134	39	859.934
1.047198	2.637879	2.121598	128	129	36	859.758
2.617994	0.899350	-2.069907	126	8	110	859.636
-3.141593	1.195355	1.200319	115	2	125	859.317
-0.261799	2.356369	3.005869	121	18	32	859.243
2.356194	0.899350	-2.069907	123	8	111	858.991
2.879793	2.073035	2.027405	120	136	36	858.990
0.523599	1.812176	0.656819	143	42	130	858.927
2.879793	2.349581	-2.702517	138	136	33	858.788
0.000000	0.496451	0.593859	123	4	128	858.699
0.523599	1.045978	0.343692	113	143	34	858.643
-2.617994	2.592629	0.909713	115	142	37	858.601
-2.094395	1.554776	0.100351	115	4	111	858.536
-1.047198	0.379747	-1.713059	111	4	111	858.520
1.570796	1.214854	-1.966664	118	11	105	858.479
0.261799	0.910508	1.903534	119	43	115	858.357
0.261799	1.824694	1.850876	127	134	38	858.206
2.094395	1.510910	-0.740472	115	6	113	858.187
-2.879793	1.440580	2.260026	124	123	37	858.117
-2.094395	1.374601	-2.456031	129	4	30	858.085
2.356194	0.418037	1.360082	112	0	121	858.008
2.879793	0.674054	1.013609	119	0	122	858.004
-2.879793	0.864993	2.278281	110	4	126	857.856
2.617994	2.979456	-1.009304	110	0	121	857.711
2.617994	0.906588	1.252948	117	0	124	857.617
1.832596	2.587733	0.232235	136	135	36	857.342
1.570796	2.393226	1.857173	135	125	36	857.162
2.617994	1.545873	-1.877082	107	7	119	857.142
-0.261799	2.349581	-2.702517	126	135	32	856.973
1.308997	1.367556	0.358405	127	50	123	856.560
1.308997	0.619654	-2.216909	117	6	108	856.171
-3.141593	1.599406	1.426070	109	7	124	856.135
2.094395	2.592629	0.909713	116	20	111	856.084
-3.141593	0.866955	-0.931351	111	5	117	855.978
-1.308997	2.704512	1.488683	123	133	35	855.938
0.000000	0.297065	2.160177	30	28	10	855.930
-2.094395	0.700570	1.559208	4	2	119	855.911
-2.879793	1.510910	-0.740472	111	6	109	855.650
-2.879793	0.290380	-0.796960	140	21	110	855.637
2.356194	1.256302	0.062705	104	19	113	855.482
2.356194	1.413347	-1.339188	129	1	114	855.311
0.000000	2.719179	-1.780644	111	136	29	855.180
2.094395	1.374601	-2.456031	107	10	112	855.091
-1.308997	1.256302	0.062705	116	2	112	854.877
2.356194	1.606104	-0.451151	104	14	114	854.693
-0.261799	2.760637	2.781135	114	132	34	854.685
-1.832596	0.866395	-2.492918	131	49	118	854.600
-3.141593	1.218453	2.777284	130	126	37	854.394
-0.523599	0.762244	-0.273349	113	143	120	854.059
-0.785398	1.184361	0.625864	120	0	118	853.775
2.094395	0.619654	-2.216909	123	0	119	853.727
-2.356194	1.998705	2.370472	121	135	38	853.696
-1.832596	2.396274	-1.959260	136	126	26	853.687
0.261799	1.599406	1.426070	126	137	38	853.682
0.785398	1.310100	1.488307	136	42	1	853.475
0.000000	0.960688	-0.577532	31	139	127	853.475
2.879793	2.456751	-1.503343	123	110	20	853.262
-0.785398	2.407836	1.410646	126	134	36	853.134
0.000000	2.174483	2.653697	137	124	38	853.060
-1.832596	1.872854	1.543456	6	108	39	852.914
-1.308997	0.961715	0.014085	113	2	115	852.887
0.523599	1.506530	1.988858	116	135	36	852.867
-2.879793	1.335669	0.897240	105	5	122	852.725
-3.141593	2.760637	2.781135	125	141	33	852.718
2.356194	2.760637	2.781135	137	128	32	852.705
-2.879793	1.025536	1.576859	111	6	121	852.607
-0.785398	2.164094	-2.991358	131	140	33	852.594
-1.570796	2.592629	0.909713	125	130	34	852.579
1.832596	1.214854	-1.966664	118	2	113	852.456
1.308997	1.113094	-0.272241	111	2	31	852.382
-0.523599	1.194549	-0.801900	112	2	115	852.087
-0.261799	0.674054	1.013609	50	1	16	851.913
2.094395	2.063651	-2.044600	113	5	107	851.742
0.785398	1.555207	1.708892	131	136	37	851.737
2.879793	1.574060	2.783565	111	9	138	851.507
1.832596	1.113094	-0.272241	103	24	114	851.336
-1.832596	0.709924	0.218797	104	3	126	851.217
-3.141593	2.089241	-0.114193	106	4	128	851.039
-1.308997	1.766067	2.153843	120	134	37	850.828
2.356194	1.875281	0.107086	107	12	114	850.824
-0.523599	1.732874	-0.951685	107	4	115	850.769
-2.879793	2.073035	2.027405	117	135	36	850.646
-1.832596	1.184361	0.625864	102	4	124	850.644
-2.094395	1.569311	-3.003978	124	0	35	850.573
2.879793	2.478122	2.609777	131	140	34	850.406
-1.832596	2.863997	0.549740	22	106	31	850.175
-1.570796	2.478122	2.609777	129	136	34	850.173
1.308997	2.343981	-1.040456	116	8	110	849.660
2.356194	2.393226	1.857173	132	16	36	849.568
-1.832596	0.615174	-0.666022	99	19	113	849.467
-2.617994	1.310100	1.488307	127	135	37	849.446
-0.523599	1.683268	0.374177	30	21	15	849.297
-1.570796	1.683268	0.374177	115	3	111	849.251
-1.570796	0.709924	0.218797	109	1	126	849.058
-2.879793	2.579248	-2.364801	139	136	31	848.752
0.523599	2.587733	0.232235	132	129	36	848.548
-1.047198	0.866395	-2.492918	133	42	116	848.485
0.261799	2.664082	-1.071402	112	139	26	848.236
2.879793	0.571433	-1.188419	119	20	106	848.149
-0.261799	2.379497	0.561089	131	133	36	847.974
-0.261799	2.881233	-2.582574	1	136	39	847.771
-0.523599	1.696674	-1.253233	133	44	121	847.666
0.523599	2.299159	2.264663	121	130	37	847.628
-1.047198	2.393226	1.857173	123	122	35	847.594
0.261799	1.870545	-2.976234	108	15	112	847.577
1.570796	1.904882	-1.478089	126	125	22	847.557
0.261799	1.045978	0.343692	117	1	34	847.556
-2.356194	0.864993	2.278281	130	136	38	847.429
-1.047198	2.299159	2.264663	129	126	34	847.359
-3.141593	0.379747	-1.713059	138	19	107	847.262
1.047198	2.979456	-1.009304	142	134	37	847.199
-2.879793	2.138223	1.678323	105	11	124	847.115
-2.094395	2.704512	1.488683	119	120	30	846.997
0.261799	1.998705	2.370472	118	137	36	846.985
0.261799	1.413430	2.550734	142	140	41	846.840
1.832596	1.809167	1.213774	129	131	39	846.836
-2.617994	0.591903	2.010408	123	124	39	846.692
2.094395	1.488617	1.159546	122	131	39	846.494
-2.617994	1.846342	-1.796954	137	132	26	846.494
2.879793	0.370812	-2.547742	124	16	107	846.492
2.617994	2.349581	-2.702517	139	132	33	846.453
-3.141593	2.073035	2.027405	129	140	38	846.437
-0.261799	0.700570	1.559208	115	14	124	846.333
-3.141593	1.433411	-1.035986	111	9	107	846.272
-0.523599	2.001437	0.381215	138	39	130	846.233
2.356194	1.050534	3.042579	112	5	117	846.172
-2.094395	0.960688	-0.577532	129	124	29	845.886
-3.141593	2.001437	0.381215	100	8	130	845.795
1.308997	1.242974	-2.977882	122	131	36	845.649
1.047198	2.984978	1.954446	44	123	28	845.640
1.047198	0.379747	-1.713059	124	9	108	845.622
2.356194	0.615174	-0.666022	116	22	106	845.559
2.879793	0.899350	-2.069907	121	13	106	845.414
-2.356194	2.349581	-2.702517	25	126	36	845.358
2.879793	1.433411	-1.035986	1	117	132	845.227
2.094395	1.599406	1.426070	127	127	39	845.205
2.617994	2.393226	1.857173	131	139	37	845.179
0.261799	2.404280	-0.174044	140	45	123	844.990
1.047198	2.115563	0.685730	135	135	38	844.957
-2.356194	1.948085	-2.363031	131	136	32	844.951
-1.308997	1.450119	-2.739050	28	26	11	844.680
-1.308997	2.153910	-1.714959	142	46	132	844.652
0.000000	2.343981	-1.040456	113	0	23	844.363
-1.570796	2.295480	1.008277	108	1	121	844.247
0.000000	2.247462	0.191623	34	20	15	844.070
-3.141593	1.391910	3.030322	115	6	139	843.828
2.094395	1.195355	1.200319	121	129	36	843.673
1.570796	1.824694	1.850876	130	130	38	843.638
2.617994	1.391910	3.030322	111	7	133	843.583
-1.570796	2.407836	1.410646	122	137	37	843.557
-1.047198	1.809167	1.213774	32	113	31	843.458
-2.094395	1.875281	0.107086	117	0	118	843.387
0.785398	1.504028	0.636812	120	16	116	843.276
-0.785398	1.134497	-1.109631	126	38	108	843.202
-3.141593	1.450119	-2.739050	132	135	35	843.194
-1.047198	2.153910	-1.714959	131	47	117	843.129
2.094395	2.396274	-1.959260	112	133	26	843.087
0.785398	2.180315	-1.357379	116	1	114	842.935
-1.308997	0.615174	-0.666022	110	13	106	842.930
-0.523599	1.510910	-0.740472	115	4	109	842.476
0.000000	2.001437	0.381215	132	135	37	842.419
-1.570796	0.203748	0.590255	0	130	128	842.327
-0.261799	2.863997	0.549740	51	131	18	842.316
-0.785398	1.617114	-1.572037	121	12	107	842.162
-2.879793	0.419640	2.974122	118	2	123	841.852
0.785398	2.478122	2.609777	129	133	35	841.841
2.356194	0.914445	2.687814	117	4	114	841.832
-1.047198	0.290380	-0.796960	104	8	114	841.723
2.879793	1.875281	0.107086	109	6	120	841.698
-1.308997	2.073035	2.027405	127	124	35	841.683
-2.879793	1.696674	-1.253233	110	2	121	841.656
1.308997	2.073035	2.027405	126	129	37	841.565
-2.617994	1.214854	-1.966664	128	142	29	841.480
1.308997	1.982574	-1.115518	115	6	109	841.474
-1.832596	1.699788	2.452890	44	135	29	841.436
0.785398	0.618092	2.539118	108	4	119	841.418
2.617994	1.448123	-2.163292	117	5	112	841.274
0.785398	1.869911	2.701025	131	123	37	840.913
2.356194	1.195355	1.200319	99	22	119	840.770
1.570796	2.456751	-1.503343	112	5	110	840.728
-1.570796	2.588535	-2.976617	119	134	34	840.674
2.879793	0.418037	1.360082	107	2	122	840.508
2.879793	1.413347	-1.339188	112	12	106	840.151
-0.261799	2.108018	1.311430	39	126	33	839.884
1.832596	1.756530	-2.105156	115	7	107	839.835
1.832596	2.592629	0.909713	110	21	119	839.641
2.617994	1.134497	-1.109631	119	12	108	839.527
-3.141593	1.367556	0.358405	107	5	122	839.413
2.356194	1.325504	-1.671296	115	5	120	839.243
1.308997	1.195355	1.200319	132	142	35	839.067
-3.141593	1.809167	1.213774	104	8	134	839.028
1.832596	1.135813	-2.658866	111	4	113	838.992
2.879793	0.615174	-0.666022	136	17	107	838.832
0.523599	2.349581	-2.702517	114	0	116	838.762
-2.617994	1.440580	2.260026	127	125	36	838.615
1.832596	1.721184	-0.153948	108	15	137	838.419
-2.356194	2.379497	0.561089	102	8	115	838.128
-0.523599	1.448123	-2.163292	139	42	126	838.071
-1.832596	2.153910	-1.714959	135	122	25	838.013
1.047198	2.089241	-0.114193	5	47	138	837.898
1.047198	1.413430	2.550734	105	8	114	837.887
-1.570796	2.073035	2.027405	124	124	35	837.761
1.308997	1.194549	-0.801900	107	26	108	837.718
1.047198	1.134497	-1.109631	134	125	24	837.597
0.785398	1.809167	1.213774	132	39	5	837.580
-3.141593	2.979456	-1.009304	121	133	32	837.573
1.308997	1.374601	-2.456031	107	3	123	837.567
-1.832596	2.588535	-2.976617	124	142	32	837.526
1.047198	1.904882	-1.478089	121	0	113	837.479
1.570796	2.251330	-2.330739	126	123	31	837.442
-0.785398	0.619654	-2.216909	107	9	110	837.412
-0.261799	1.696674	-1.253233	129	47	121	837.371
1.832596	2.164094	-2.991358	136	117	31	837.244
-1.570796	2.299159	2.264663	128	133	35	837.217
-3.141593	0.496451	0.593859	118	0	118	836.965
-0.523599	2.138223	1.678323	17	118	42	836.926
1.047198	2.001437	0.381215	127	130	37	836.884
-1.308997	2.760637	2.781135	120	138	34	836.844
0.000000	1.977582	0.969896	133	128	40	836.684
-1.570796	2.664082	-1.071402	128	126	33	836.638
0.785398	0.992645	-1.723759	122	9	106	836.589
-0.785398	0.418037	1.360082	134	130	36	836.455
-2.356194	1.247695	1.809890	113	2	125	836.362
-2.356194	2.153910	-1.714959	39	120	22	836.330
1.570796	1.113094	-0.272241	116	14	109	836.290
-2.879793	1.214854	-1.966664	133	143	28	836.062
-0.785398	0.290380	-0.796960	109	5	114	836.060
1.570796	1.325504	-1.671296	106	9	113	835.801
-1.570796	1.699788	2.452890	128	130	38	835.779
-3.141593	1.846342	-1.796954	114	3	112	835.610
1.308997	1.948085	-2.363031	107	3	123	835.446
0.261799	0.290380	-0.796960	137	127	129	835.365
-1.832596	1.869911	2.701025	125	133	38	835.351
2.356194	2.247462	0.191623	104	10	118	835.018
0.261799	1.440580	2.260026	127	131	38	834.938
1.570796	2.001437	0.381215	111	16	118	834.703
-1.047198	1.617114	-1.572037	118	7	114	834.657
1.832596	1.606104	-0.451151	99	22	117	834.599
1.570796	1.194549	-0.801900	108	24	107	834.328
1.832596	2.719179	-1.780644	110	1	120	834.189
1.308997	0.203748	0.590255	34	27	4	834.168
-2.879793	1.417623	-0.202254	113	15	103	834.133
-1.047198	2.115563	0.685730	132	125	36	834.122
-3.141593	1.050534	3.042579	133	125	35	834.078
2.879793	1.448123	-2.163292	120	4	112	834.000
-2.617994	2.299159	2.264663	129	142	36	833.832
-2.356194	2.299159	2.264663	128	138	37	833.814
-0.261799	1.325504	-1.671296	127	130	25	833.751
2.356194	0.640596	-2.797608	118	2	120	833.684
-2.356194	2.760637	2.781135	115	0	33	833.655
-3.141593	1.417623	-0.202254	116	9	110	833.612
2.094395	1.998705	2.370472	127	123	36	833.577
0.261799	2.138223	1.678323	125	126	38	833.438
1.047198	1.846342	-1.796954	113	2	114	833.423
-0.523599	1.982574	-1.115518	13	42	130	833.262
-0.785398	1.998705	2.370472	123	132	37	833.102
-3.141593	1.113094	-0.272241	116	129	134	832.954
2.617994	0.370812	-2.547742	127	10	109	832.952
-3.141593	2.295480	1.008277	123	138	38	832.900
-2.879793	1.554776	0.100351	114	4	117	832.602
-2.356194	1.510910	-0.740472	125	17	101	832.342
0.261799	1.247695	1.809890	117	142	35	832.334
-2.617994	0.419640	2.974122	29	22	18	832.312
-1.047198	2.719179	-1.780644	121	142	29	832.249
0.261799	0.418037	1.360082	38	24	10	832.043
-1.570796	1.662363	0.915448	110	2	118	831.968
2.356194	2.579248	-2.364801	132	127	32	831.831
-1.308997	2.881233	-2.582574	104	17	108	831.737
-0.261799	2.396274	-1.959260	113	140	29	831.704
2.617994	1.504028	0.636812	105	17	112	831.548
-1.308997	1.904882	-1.478089	37	20	141	831.516
-0.523599	0.914445	2.687814	122	47	115	831.505
1.832596	2.033014	2.977192	132	131	37	831.446
-2.356194	0.619654	-2.216909	39	22	3	831.410
0.523599	1.599406	1.426070	32	14	31	831.394
-2.879793	2.104282	-0.813972	142	141	114	831.328
-1.047198	1.045978	0.343692	111	143	122	831.319
2.356194	1.045978	0.343692	98	20	117	831.213
2.094395	0.379747	-1.713059	120	20	105	831.174
-1.570796	2.863997	0.549740	35	121	29	831.094
-1.832596	1.256302	0.062705	22	104	1	830.801
-0.523599	2.984978	1.954446	121	125	33	830.754
-1.308997	1.014500	0.906702	118	142	122	830.722
-2.879793	2.089241	-0.114193	118	112	19	830.651
-1.570796	1.335669	0.897240	108	2	121	830.444
0.785398	1.184361	0.625864	123	17	114	830.394
-2.879793	1.904882	-1.478089	112	1	120	830.364
2.094395	2.579248	-2.364801	113	142	117	830.327
2.879793	1.488617	1.159546	108	10	120	829.947
0.261799	1.301460	-0.509251	115	2	114	829.831
-2.094395	1.766067	2.153843	17	128	44	829.739
2.617994	1.413347	-1.339188	105	9	121	829.622
1.308997	1.417623	-0.202254	116	142	36	829.374
2.356194	1.391910	3.030322	114	4	117	829.116
-0.785398	2.073035	2.027405	126	125	37	829.012
-2.094395	0.297065	2.160177	114	7	118	828.972
-2.879793	1.014500	0.906702	117	1	121	828.669
1.832596	1.325504	-1.671296	106	11	112	828.520
-0.261799	0.640596	-2.797608	114	7	109	828.418
2.879793	2.001437	0.381215	107	8	116	828.086
0.785398	0.685216	-1.712745	109	16	105	828.044
-0.261799	2.393226	1.857173	127	133	36	827.947
2.356194	2.396274	-1.959260	27	102	6	827.859
-2.094395	1.662363	0.915448	20	100	16	827.551
0.261799	2.704512	1.488683	40	125	32	827.535
0.261799	2.295480	1.008277	30	17	25	827.391
-0.785398	1.134796	2.434290	127	131	39	827.331
-3.141593	1.135834	-1.431087	121	12	105	827.312
-2.617994	0.640596	-2.797608	117	14	110	827.134
-1.570796	1.982574	-1.115518	110	19	106	827.131
-1.308997	2.393226	1.857173	117	140	37	827.122
1.308997	2.180315	-1.357379	115	7	108	827.109
-1.308997	1.214854	-1.966664	27	24	142	826.703
1.570796	2.719179	-1.780644	125	121	30	826.635
2.879793	0.929350	-2.910676	120	7	117	826.598
0.000000	1.134497	-1.109631	7	40	133	826.576
-2.617994	2.579248	-2.364801	136	136	30	826.382
1.047198	2.588535	-2.976617	115	129	30	826.381
2.094395	1.506530	1.988858	133	121	37	826.330
-1.047198	2.724429	-0.348782	135	127	33	826.323
-2.094395	1.904882	-1.478089	113	143	123	826.270
-1.832596	1.554776	0.100351	112	3	113	826.183
2.094395	1.736875	3.023612	112	2	115	826.075
1.308997	2.349581	-2.702517	127	126	32	826.012
2.094395	2.174483	2.653697	130	120	33	825.570
-1.832596	1.413430	2.550734	118	7	131	825.514
0.785398	1.448123	-2.163292	125	126	27	825.462
-3.141593	0.960688	-0.577532	1	143	121	825.414
2.094395	0.914445	2.687814	112	4	115	825.308
1.047198	1.658653	-2.409879	112	2	116	825.300
-2.356194	2.404280	-0.174044	30	109	23	825.293
-3.141593	0.961715	0.014085	101	6	123	825.281
2.879793	2.115563	0.685730	104	9	119	825.267
-3.141593	2.881233	-2.582574	136	128	30	825.141
0.523599	0.674054	1.013609	2	139	133	825.125
-2.356194	1.809167	1.213774	127	132	39	825.077
-1.832596	0.418037	1.360082	5	4	115	824.876
-2.617994	0.910508	1.903534	110	3	123	824.806
1.832596	2.760637	2.781135	129	126	34	824.767
-2.879793	2.704512	1.488683	132	137	36	824.732
1.047198	1.504028	0.636812	121	21	112	824.666
0.261799	2.456751	-1.503343	110	138	26	824.641
-3.141593	0.685216	-1.712745	112	11	112	824.597
-0.785398	2.404280	-0.174044	28	26	6	824.594
-2.879793	1.736875	3.023612	138	137	37	824.518
-2.879793	0.618092	2.539118	135	4	117	824.376
-3.141593	2.664082	-1.071402	120	116	27	824.203
0.785398	1.982574	-1.115518	112	5	113	824.141
2.617994	2.396274	-1.959260	31	104	5	824.047
2.094395	1.413430	2.550734	116	140	37	823.845
2.356194	1.766067	2.153843	119	142	38	823.694
1.832596	1.374601	-2.456031	111	4	113	823.649
1.570796	1.846342	-1.796954	111	11	107	823.584
-2.094395	2.115563	0.685730	109	6	112	823.572
1.308997	2.115563	0.685730	110	21	119	823.320
-2.094395	2.592629	0.909713	104	6	115	823.319
-0.523599	0.850607	-1.335383	110	21	102	823.137
2.617994	2.379497	0.561089	103	10	122	822.997
-0.523599	0.992645	-1.723759	119	43	112	822.836
-2.356194	2.073035	2.027405	130	141	38	822.798
2.879793	0.379747	-1.713059	138	17	107	822.495
0.261799	1.113094	-0.272241	119	1	116	822.466
1.570796	0.960688	-0.577532	110	27	106	822.176
2.094395	1.242974	-2.977882	108	7	117	822.126
-0.785398	2.138223	1.678323	121	137	39	822.076
0.000000	0.831641	0.616218	116	3	30	822.067
-1.308997	2.041297	-2.664597	142	45	128	822.023
1.308997	1.658653	-2.409879	106	3	123	821.564
-2.879793	1.134796	2.434290	112	4	131	821.487
2.094395	1.247695	1.809890	124	137	39	821.382
2.879793	1.599406	1.426070	128	133	39	821.275
-2.356194	2.356369	3.005869	123	143	36	821.164
-1.570796	1.256302	0.062705	114	1	115	821.123
1.308997	1.440580	2.260026	124	136	39	821.000
-1.308997	1.374601	-2.456031	126	50	118	820.998
1.832596	1.948085	-2.363031	128	126	30	820.945
-1.047198	2.138223	1.678323	127	138	37	820.855
2.879793	0.961715	0.014085	118	15	109	820.745
-1.047198	2.041297	-2.664597	123	139	33	820.709
2.879793	1.699788	2.452890	23	122	41	820.694
-3.141593	0.615174	-0.666022	136	19	106	820.586
1.832596	0.640596	-2.797608	117	0	119	820.574
2.879793	2.174483	2.653697	130	134	34	820.506
0.261799	0.864993	2.278281	116	50	130	820.484
-3.141593	0.674054	1.013609	112	15	110	820.418
2.094395	1.846342	-1.796954	114	3	115	820.365
0.261799	1.168678	2.108595	131	47	127	820.363
0.523599	1.699788	2.452890	1	134	43	820.324
2.879793	0.709924	0.218797	129	17	108	820.323
-0.261799	2.153910	-1.714959	113	1	25	820.186
-2.879793	1.617114	-1.572037	112	3	116	820.134
-2.617994	0.960688	-0.577532	17	128	128	820.132
0.785398	1.732874	-0.951685	121	2	110	820.011
0.523599	0.831641	0.616218	42	20	6	819.951
2.617994	2.407836	1.410646	132	127	36	819.951
0.523599	1.417623	-0.202254	127	143	35	819.715
2.617994	1.699788	2.452890	125	138	38	819.665
1.570796	1.310100	1.488307	131	135	37	819.640
-1.308997	1.545873	-1.877082	128	47	112	819.620
2.879793	1.756530	-2.105156	120	4	109	819.604
2.879793	1.545873	-1.877082	117	4	111	819.568
0.000000	0.929350	-2.910676	119	132	36	819.243
-1.308997	1.391910	3.030322	26	19	29	819.035
1.047198	2.407836	1.410646	132	132	36	818.938
2.356194	1.504028	0.636812	99	20	118	818.890
-1.832596	2.979456	-1.009304	128	126	32	818.860
-1.047198	1.948085	-2.363031	123	143	30	818.769
0.523599	2.247462	0.191623	140	45	126	818.586
2.094395	1.809167	1.213774	129	133	39	818.442
-0.261799	1.555207	1.708892	124	136	38	818.417
2.094395	1.756530	-2.105156	110	4	114	818.382
-1.047198	1.998705	2.370472	127	128	37	818.356
2.617994	1.574060	2.783565	30	111	33	818.300
2.356194	2.719179	-1.780644	117	133	29	818.265
-0.261799	2.592629	0.909713	124	132	35	817.924
-0.523599	2.251330	-2.330739	117	140	31	817.734
-1.047198	2.579248	-2.364801	117	139	32	817.659
-1.570796	1.824694	1.850876	130	142	37	817.385
0.523599	1.998705	2.370472	117	136	36	817.188
-2.617994	0.496451	0.593859	103	11	114	817.122
-0.261799	0.297065	2.160177	35	26	10	816.887
-0.261799	1.440580	2.260026	29	15	30	816.781
0.523599	1.721184	-0.153948	130	136	36	816.760
1.570796	1.301460	-0.509251	107	28	108	816.645
-1.308997	0.419640	2.974122	38	24	10	816.504
0.785398	2.299159	2.264663	134	131	37	816.476
0.000000	2.115563	0.685730	123	137	37	816.207
2.356194	1.413430	2.550734	114	1	122	816.199
0.523599	2.115563	0.685730	32	23	14	816.188
-2.879793	1.433411	-1.035986	112	4	111	816.163
2.617994	2.115563	0.685730	103	13	119	816.158
-2.617994	2.104282	-0.813972	24	101	16	815.992
-3.141593	0.914445	2.687814	119	6	121	815.787
0.523599	2.164094	-2.991358	117	142	121	815.648
-2.879793	1.413347	-1.339188	116	6	108	815.582
2.879793	1.391910	3.030322	112	7	137	815.555
1.832596	2.881233	-2.582574	119	125	30	815.482
-1.832596	1.214854	-1.966664	116	2	29	815.479
-1.047198	1.846342	-1.796954	104	13	117	815.436
-2.879793	2.180315	-1.357379	23	102	21	815.254
-0.785398	0.914445	2.687814	136	47	131	815.254
2.617994	0.685216	-1.712745	126	5	119	815.061
-1.832596	0.674054	1.013609	3	2	116	814.882
-0.523599	2.588535	-2.976617	126	131	31	814.855
0.785398	1.242974	-2.977882	109	2	115	814.645
-1.570796	1.128190	-2.288622	118	139	33	814.474
1.308997	2.041297	-2.664597	122	127	33	814.393
2.356194	1.836682	-0.676006	116	4	111	814.296
-0.261799	1.872854	1.543456	126	130	39	814.238
2.356194	2.881233	-2.582574	122	124	31	814.181
-2.879793	0.619654	-2.216909	115	13	109	814.014
0.000000	1.194549	-0.801900	120	0	113	814.012
-2.879793	2.349581	-2.702517	135	143	33	813.903
2.617994	1.050534	3.042579	118	5	116	813.898
-0.261799	2.587733	0.232235	128	128	36	813.896
-1.047198	1.510910	-0.740472	107	8	113	813.835
2.094395	1.875281	0.107086	105	14	114	813.742
0.785398	2.063651	-2.044600	129	133	27	813.358
-2.617994	2.115563	0.685730	111	1	117	813.289
1.570796	0.619654	-2.216909	120	3	112	813.250
0.261799	2.001437	0.381215	1	41	127	813.046
0.785398	2.356369	3.005869	113	132	31	812.980
-2.879793	2.407836	1.410646	129	140	37	812.926
-2.094395	1.433411	-1.035986	129	25	100	812.925
-1.308997	0.700570	1.559208	111	4	135	812.868
-1.832596	1.128190	-2.288622	42	127	8	812.694
1.570796	2.863997	0.549740	131	31	28	812.690
-2.879793	2.478122	2.609777	120	140	36	812.589
-1.308997	0.458961	-0.107937	125	4	109	812.456
-0.523599	1.998705	2.370472	123	134	36	812.270
2.617994	1.909857	-0.381669	112	4	121	812.212
-1.570796	0.899350	-2.069907	120	141	33	811.897
0.261799	0.571433	-1.188419	14	117	132	811.887
0.261799	2.343981	-1.040456	29	26	16	811.875
0.261799	0.929350	-2.910676	108	6	113	811.763
1.047198	2.478122	2.609777	132	132	36	811.760
0.785398	0.370812	-2.547742	100	7	126	811.609
-2.094395	0.370812	-2.547742	39	23	5	811.521
-0.523599	2.115563	0.685730	48	121	16	811.486
2.879793	1.510910	-0.740472	108	7	114	811.414
-1.570796	0.379747	-1.713059	102	9	115	811.325
-2.617994	2.664082	-1.071402	34	105	5	811.324
-0.261799	0.850607	-1.335383	124	3	109	811.241
1.570796	2.592629	0.909713	117	20	111	811.103
-1.047198	0.571433	-1.188419	106	19	105	811.091
-0.523599	0.297065	2.160177	38	24	10	811.082
1.047198	1.325504	-1.671296	115	15	104	811.067
2.879793	2.164094	-2.991358	11	107	33	811.039
-1.308997	1.662363	0.915448	133	129	38	811.033
2.094395	1.982574	-1.115518	115	0	118	810.984
-2.094395	1.812176	0.656819	135	135	37	810.536
2.356194	2.108018	1.311430	111	22	117	810.250
-3.141593	1.699788	2.452890	124	137	39	810.055
0.785398	0.615174	-0.666022	43	138	135	809.940
0.523599	2.343981	-1.040456	109	139	22	809.787
1.308997	0.866395	-2.492918	111	6	110	809.783
-1.832596	1.766067	2.153843	33	118	32	809.683
-2.356194	1.440580	2.260026	128	125	37	809.498
0.785398	0.899350	-2.069907	106	3	120	809.466
-2.879793	1.301460	-0.509251	108	9	109	809.336
2.094395	1.413347	-1.339188	119	20	101	809.121
0.261799	1.683268	0.374177	3	40	124	809.108
-1.832596	1.113094	-0.272241	105	10	110	809.097
0.261799	1.909857	-0.381669	127	51	124	809.092
2.094395	1.335669	0.897240	117	134	39	809.067
0.261799	2.187132	-0.479875	113	2	17	808.900
0.523599	0.914445	2.687814	106	9	111	808.868
1.832596	1.574060	2.783565	123	135	38	808.804
0.523599	1.218453	2.777284	102	8	119	808.750
-2.356194	1.977582	0.969896	133	107	26	808.740
-0.785398	0.458961	-0.107937	110	143	127	808.740
0.785398	0.866395	-2.492918	99	13	115	808.508
-0.785398	1.014500	0.906702	138	138	35	808.476
-0.261799	0.733948	3.021411	125	129	38	808.421
-1.047198	1.413430	2.550734	112	21	116	808.411
0.523599	0.591903	2.010408	114	50	124	808.338
-2.094395	2.295480	1.008277	106	5	117	808.282
1.570796	1.413430	2.550734	124	139	38	808.218
-2.094395	1.948085	-2.363031	129	138	32	807.998
-2.356194	2.704512	1.488683	116	122	30	807.997
1.832596	1.413430	2.550734	118	140	37	807.860
-0.261799	2.073035	2.027405	126	136	36	807.820
-0.261799	1.045978	0.343692	123	1	34	807.809
-2.879793	2.396274	-1.959260	136	133	29	807.756
-3.141593	2.478122	2.609777	11	122	40	807.651
-1.047198	1.721184	-0.153948	113	3	111	807.570
2.617994	2.637879	2.121598	130	138	36	807.403
0.785398	1.325504	-1.671296	108	5	112	807.375
2.094395	2.153910	-1.714959	112	1	118	807.285
-2.356194	1.555207	1.708892	130	139	40	807.274
-2.617994	1.134796	2.434290	114	3	132	807.018
2.617994	1.488617	1.159546	100	14	129	807.016
-0.523599	2.393226	1.857173	126	132	37	806.851
2.356194	0.762244	-0.273349	117	21	106	806.832
2.879793	2.664082	-1.071402	101	5	118	806.801
1.308997	0.960688	-0.577532	112	28	106	806.552
-1.570796	2.108018	1.311430	125	114	29	806.479
-0.785398	1.247695	1.809890	131	128	37	806.405
0.523599	1.875281	0.107086	130	50	120	806.305
1.047198	2.664082	-1.071402	137	136	33	806.281
-2.617994	0.733948	3.021411	122	14	112	806.152
-3.141593	1.606104	-0.451151	103	7	114	806.117
0.785398	1.846342	-1.796954	104	4	119	806.087
0.000000	1.812176	0.656819	4	38	127	805.947
-0.261799	0.618092	2.539118	5	44	137	805.754
-2.879793	1.168678	2.108595	107	5	128	805.690
-2.879793	2.063651	-2.044600	137	130	29	805.679
-2.617994	1.014500	0.906702	105	5	120	805.550
2.879793	1.909857	-0.381669	108	7	114	805.417
0.261799	2.984978	1.954446	128	122	34	805.400
1.832596	1.417623	-0.202254	107	15	131	805.350
-1.308997	1.168678	2.108595	128	130	38	805.279
0.261799	2.356369	3.005869	122	141	117	805.201
2.094395	2.664082	-1.071402	112	7	108	804.976
-0.785398	1.982574	-1.115518	36	19	139	804.945
-1.308997	1.869911	2.701025	129	48	141	804.916
-1.308997	0.866955	-0.931351	111	21	102	804.913
-2.617994	2.456751	-1.503343	25	111	29	804.805
2.879793	0.866955	-0.931351	137	15	105	804.667
-0.523599	0.290380	-0.796960	129	125	133	804.547
0.261799	0.674054	1.013609	116	13	125	804.532
-1.570796	2.760637	2.781135	124	138	33	804.398
-2.094395	0.910508	1.903534	44	115	23	804.376
-0.523599	1.870545	-2.976234	121	134	36	804.299
-0.523599	2.719179	-1.780644	115	139	30	804.110
-0.523599	0.700570	1.559208	127	8	124	803.962
1.570796	2.356369	3.005869	126	134	36	803.902
-1.308997	2.164094	-2.991358	124	135	34	803.890
-0.261799	0.370812	-2.547742	108	6	112	803.812
-0.523599	1.569311	-3.003978	122	46	136	803.809
-2.617994	2.379497	0.561089	99	11	115	803.753
-1.832596	0.297065	2.160177	117	7	118	803.660
0.000000	0.866955	-0.931351	113	0	116	803.639
2.617994	2.174483	2.653697	18	118	42	803.590
1.308997	2.478122	2.609777	127	116	30	803.503
1.832596	0.733948	3.021411	110	3	116	803.441
1.308997	2.588535	-2.976617	115	127	30	803.438
-0.523599	0.866395	-2.492918	126	43	115	803.305
1.832596	0.591903	2.010408	133	142	39	803.124
-3.141593	1.440580	2.260026	110	7	131	802.917
-1.308997	1.184361	0.625864	116	0	117	802.894
-2.617994	1.413430	2.550734	121	13	117	802.771
-0.523599	1.555207	1.708892	133	141	38	802.035
-1.047198	0.709924	0.218797	107	4	115	802.027
-0.785398	1.756530	-2.105156	132	44	129	801.953
0.261799	1.367556	0.358405	117	139	38	801.760
-0.523599	2.881233	-2.582574	113	131	32	801.718
1.308997	2.164094	-2.991358	126	131	34	801.625
1.308997	0.961715	0.014085	124	46	109	801.521
-1.047198	1.417623	-0.202254	110	1	116	801.495
-1.308997	2.379497	0.561089	127	121	35	801.193
-1.570796	1.766067	2.153843	121	132	38	801.186
-1.570796	2.979456	-1.009304	52	133	16	801.120
2.094395	1.574060	2.783565	122	136	39	801.023
-1.047198	0.674054	1.013609	118	143	127	800.973
-2.879793	0.914445	2.687814	129	134	39	800.966
2.094395	1.545873	-1.877082	120	10	103	800.788
-3.141593	1.135813	-2.658866	31	104	18	800.672
-1.308997	0.762244	-0.273349	107	3	120	800.516
-3.141593	0.929350	-2.910676	119	10	114	800.170
2.094395	2.881233	-2.582574	19	106	34	799.986
-1.570796	1.812176	0.656819	111	4	113	799.861
0.523599	2.881233	-2.582574	107	3	116	799.689
1.047198	2.379497	0.561089	122	14	119	799.658
1.308997	1.662363	0.915448	136	16	115	799.534
-0.523599	1.606104	-0.451151	111	2	112	799.469
1.832596	0.379747	-1.713059	119	19	105	799.382
-2.617994	2.164094	-2.991358	132	132	33	799.345
1.308997	2.979456	-1.009304	140	131	37	799.329
2.617994	2.592629	0.909713	116	19	110	799.243
1.570796	0.419640	2.974122	109	5	113	799.230
1.308997	0.458961	-0.107937	140	126	34	799.219
0.523599	1.555207	1.708892	120	137	37	799.179
2.356194	2.664082	-1.071402	118	132	30	799.084
-0.261799	2.180315	-1.357379	113	4	21	799.010
2.617994	1.128190	-2.288622	121	3	118	798.993
-2.617994	1.812176	0.656819	129	134	38	798.967
-0.261799	1.824694	1.850876	122	128	37	798.922
-0.523599	1.658653	-2.409879	116	142	33	798.905
-0.523599	1.135834	-1.431087	122	42	110	798.819
-1.570796	0.961715	0.014085	107	2	122	798.749
1.308997	0.864993	2.278281	132	138	38	798.743
1.832596	2.356369	3.005869	125	135	36	798.729
0.000000	0.992645	-1.723759	6	36	125	798.492
-0.523599	0.615174	-0.666022	111	3	113	798.469
-0.785398	1.599406	1.426070	29	122	39	798.351
0.523599	1.977582	0.969896	31	26	11	798.156
-2.094395	1.050534	3.042579	107	18	135	798.051
-1.570796	1.247695	1.809890	109	5	129	797.822
-2.879793	1.569311	-3.003978	126	138	36	797.804
2.094395	1.948085	-2.363031	132	128	31	797.574
-1.308997	1.555207	1.708892	130	131	36	797.504
-3.141593	0.419640	2.974122	126	8	113	797.365
2.094395	1.417623	-0.202254	102	17	119	797.190
-0.785398	0.929350	-2.910676	121	133	36	797.013
2.356194	2.592629	0.909713	129	134	37	796.883
-1.832596	2.356369	3.005869	117	142	35	796.728
-1.308997	2.089241	-0.114193	114	5	110	796.700
-1.832596	1.135834	-1.431087	110	4	118	796.629
-2.094395	1.135813	-2.658866	125	3	34	795.965
-2.356194	2.115563	0.685730	116	143	117	795.920
-1.047198	1.310100	1.488307	131	120	34	795.846
1.308997	1.450119	-2.739050	106	4	129	795.830
2.356194	0.571433	-1.188419	118	22	104	795.822
-3.141593	1.488617	1.159546	103	7	129	795.733
-3.141593	2.356369	3.005869	133	135	33	795.642
0.000000	2.379497	0.561089	124	134	37	795.433
1.047198	1.872854	1.543456	24	3	41	795.411
-0.785398	1.214854	-1.966664	141	39	117	795.374
-2.879793	2.760637	2.781135	135	131	33	794.976
-1.570796	1.413430	2.550734	105	12	129	794.815
2.094395	2.138223	1.678323	123	137	36	794.791
1.570796	2.174483	2.653697	125	118	33	794.771
1.570796	1.736875	3.023612	130	130	37	794.759
-1.308997	0.496451	0.593859	31	122	135	794.573
1.832596	1.335669	0.897240	118	141	38	794.431
1.047198	2.063651	-2.044600	113	1	117	794.395
-3.141593	2.041297	-2.664597	37	113	26	794.344
0.261799	0.080730	-2.622036	117	2	112	794.202
-2.356194	0.591903	2.010408	0	3	118	794.027
-2.094395	1.658653	-2.409879	42	123	16	793.931
-1.047198	0.906588	1.252948	112	1	130	793.613
1.047198	0.961715	0.014085	128	44	110	793.586
2.879793	2.295480	1.008277	133	43	130	793.555
-0.261799	1.014500	0.906702	131	3	34	793.340
-2.356194	0.458961	-0.107937	96	18	118	793.109
0.261799	1.606104	-0.451151	129	45	111	792.914
0.523599	2.396274	-1.959260	126	17	29	792.887
-2.879793	0.929350	-2.910676	126	1	37	792.806
-1.570796	0.914445	2.687814	124	135	39	792.660
0.261799	1.662363	0.915448	33	22	10	792.422
1.570796	1.433411	-1.035986	104	20	109	792.334
2.356194	1.599406	1.426070	128	128	39	792.252
-2.356194	2.041297	-2.664597	34	121	28	792.232
-2.094395	1.696674	-1.253233	46	127	8	791.988
1.047198	1.977582	0.969896	28	19	27	791.977
0.785398	1.134796	2.434290	104	8	113	791.919
-1.570796	1.014500	0.906702	112	143	123	791.874
1.570796	2.760637	2.781135	129	124	34	791.765
-0.523599	1.218453	2.777284	120	51	134	791.514
0.000000	2.180315	-1.357379	136	142	28	791.501
-2.094395	2.356369	3.005869	120	0	35	791.284
1.832596	0.080730	-2.622036	127	4	111	791.273
-2.356194	1.756530	-2.105156	47	5	142	791.125
1.832596	0.864993	2.278281	102	5	123	790.941
1.308997	0.992645	-1.723759	122	7	107	790.871
-0.785398	0.674054	1.013609	113	1	132	790.804
0.523599	1.824694	1.850876	121	130	37	790.698
0.261799	1.875281	0.107086	134	48	121	790.668
-0.523599	2.704512	1.488683	127	129	34	790.617
-1.832596	2.073035	2.027405	124	2	38	790.458
-2.356194	2.001437	0.381215	102	5	134	790.439
-1.047198	1.367556	0.358405	113	0	117	790.386
0.000000	1.135813	-2.658866	109	11	109	790.371
-1.832596	1.440580	2.260026	112	7	131	790.292
2.356194	2.089241	-0.114193	107	7	116	790.292
0.523599	1.050534	3.042579	105	6	116	790.232
-2.356194	1.242974	-2.977882	121	4	35	790.117
-1.047198	1.696674	-1.253233	115	15	105	789.977
-0.261799	1.135813	-2.658866	116	130	35	789.876
-0.785398	1.809167	1.213774	35	116	32	789.734
-2.879793	0.992645	-1.723759	130	0	30	789.435
1.570796	0.297065	2.160177	112	2	116	789.408
0.785398	0.831641	0.616218	39	24	6	789.359
1.308997	2.033014	2.977192	140	133	37	789.299
1.308997	1.325504	-1.671296	114	143	118	789.207
1.308997	0.379747	-1.713059	127	7	109	789.175
1.308997	1.413347	-1.339188	135	126	23	788.987
1.832596	1.658653	-2.409879	109	3	117	788.977
-3.141593	2.579248	-2.364801	137	135	32	788.965
-1.047198	1.050534	3.042579	126	136	38	788.953
-0.261799	1.448123	-2.163292	135	40	127	788.930
1.047198	0.458961	-0.107937	124	12	112	788.921
-0.261799	1.662363	0.915448	136	42	127	788.911
-0.523599	1.846342	-1.796954	139	43	131	788.867
0.523599	0.615174	-0.666022	42	135	134	788.787
1.047198	1.824694	1.850876	122	130	38	788.644
-2.617994	2.349581	-2.702517	25	122	36	788.626
0.261799	0.733948	3.021411	127	130	38	788.554
2.094395	2.115563	0.685730	128	134	36	788.529
-1.047198	1.904882	-1.478089	121	7	113	788.446
-1.832596	2.404280	-0.174044	117	2	114	788.424
-2.617994	2.153910	-1.714959	117	1	115	788.421
1.570796	2.704512	1.488683	131	133	37	788.399
0.261799	2.379497	0.561089	130	134	37	788.221
0.523599	2.104282	-0.813972	110	141	18	788.193
0.000000	1.128190	-2.288622	140	38	127	788.061
0.523599	1.904882	-1.478089	135	128	126	788.034
-0.785398	1.812176	0.656819	135	121	36	787.980
1.832596	1.977582	0.969896	110	20	118	787.977
-3.141593	2.724429	-0.348782	122	131	32	787.834
-2.617994	2.089241	-0.114193	106	3	122	787.828
-2.356194	2.138223	1.678323	131	130	35	787.788
-2.879793	2.664082	-1.071402	27	109	28	787.687
-1.570796	1.809167	1.213774	128	129	40	787.588
1.832596	1.982574	-1.115518	99	14	115	787.555
2.356194	2.587733	0.232235	116	124	21	787.313
-1.047198	0.929350	-2.910676	117	131	38	787.216
-2.094395	1.599406	1.426070	132	134	38	787.057
-0.523599	2.247462	0.191623	35	17	13	787.016
2.879793	2.108018	1.311430	128	141	40	786.738
-0.523599	1.134796	2.434290	126	132	39	786.650
1.570796	2.033014	2.977192	135	120	34	786.588
-1.047198	1.555207	1.708892	131	137	38	786.568
-2.356194	0.297065	2.160177	111	7	117	786.339
2.617994	1.872854	1.543456	131	131	40	786.319
-1.047198	1.450119	-2.739050	24	28	9	786.250
-1.308997	1.683268	0.374177	111	2	114	786.128
0.000000	0.850607	-1.335383	107	7	111	785.984
-3.141593	2.251330	-2.330739	140	133	29	785.885
0.785398	2.881233	-2.582574	104	2	126	785.831
0.261799	0.618092	2.539118	130	131	39	785.802
0.785398	1.699788	2.452890	1	132	43	785.687
-2.094395	2.579248	-2.364801	128	137	31	785.614
-1.570796	2.356369	3.005869	122	131	35	785.549
1.308997	2.108018	1.311430	129	136	39	785.507
-0.261799	0.992645	-1.723759	116	41	112	785.449
-0.261799	0.458961	-0.107937	16	13	112	785.430
2.094395	2.251330	-2.330739	115	0	112	785.424
-1.832596	2.001437	0.381215	114	2	113	785.383
-2.356194	2.164094	-2.991358	25	123	36	785.323
-0.261799	1.025536	1.576859	115	15	122	785.253
0.785398	1.050534	3.042579	129	128	37	785.246
0.261799	2.863997	0.549740	138	130	33	785.235
1.832596	1.554776	0.100351	114	134	38	785.190
1.047198	0.709924	0.218797	115	34	108	785.154
0.261799	1.417623	-0.202254	129	142	36	785.148
1.308997	1.256302	0.062705	117	15	111	785.033
0.000000	1.168678	2.108595	115	142	34	785.032
-0.261799	1.869911	2.701025	129	131	38	784.952
0.261799	2.104282	-0.813972	112	48	117	784.851
-3.141593	0.850607	-1.335383	111	8	114	784.741
2.094395	0.297065	2.160177	107	5	115	784.665
2.356194	2.187132	-0.479875	122	121	22	784.566
-2.356194	2.979456	-1.009304	38	105	12	784.486
-1.832596	1.168678	2.108595	44	126	27	784.405
2.094395	1.050534	3.042579	113	1	120	784.294
2.094395	2.041297	-2.664597	137	112	27	784.262
-1.047198	0.615174	-0.666022	124	142	115	784.207
-2.617994	1.510910	-0.740472	141	128	125	784.167
-3.141593	1.869911	2.701025	21	117	40	784.043
0.523599	2.174483	2.653697	129	131	38	783.932
-3.141593	1.448123	-2.163292	131	138	30	783.792
-2.879793	1.113094	-0.272241	103	4	122	783.768
2.617994	0.961715	0.014085	114	19	107	783.650
2.094395	2.356369	3.005869	118	143	117	783.555
-2.879793	1.555207	1.708892	126	139	38	783.539
2.356194	1.440580	2.260026	118	143	132	783.457
2.356194	1.450119	-2.739050	118	4	111	783.454
2.879793	1.824694	1.850876	104	13	139	783.243
1.047198	1.574060	2.783565	133	116	35	783.241
2.094395	0.458961	-0.107937	127	137	132	783.188
-2.879793	2.404280	-0.174044	111	1	126	783.181
-2.617994	1.683268	0.374177	104	4	121	783.006
-1.832596	1.824694	1.850876	107	6	125	782.846
-0.523599	1.904882	-1.478089	7	43	128	782.711
2.879793	2.379497	0.561089	116	141	36	782.617
-2.356194	1.846342	-1.796954	137	136	26	782.567
0.261799	0.591903	2.010408	119	51	125	782.557
2.094395	2.108018	1.311430	132	135	39	782.532
0.000000	0.709924	0.218797	49	141	142	782.532
0.785398	1.113094	-0.272241	120	6	116	782.323
0.261799	0.906588	1.252948	40	21	15	782.215
2.094395	2.724429	-0.348782	119	125	22	782.203
-1.047198	0.496451	0.593859	27	100	15	782.180
1.308997	2.760637	2.781135	119	128	32	782.114
1.832596	1.301460	-0.509251	101	24	115	781.854
-1.308997	0.831641	0.616218	113	143	121	781.680
-3.141593	0.619654	-2.216909	114	14	110	781.537
-1.047198	2.063651	-2.044600	126	50	120	781.451
-1.570796	2.455966	-0.641220	117	13	107	781.002
-2.094395	2.164094	-2.991358	103	23	122	780.889
-2.617994	1.756530	-2.105156	136	132	29	780.856
-2.094395	0.899350	-2.069907	124	46	108	780.681
2.879793	0.685216	-1.712745	110	13	111	780.643
-3.141593	0.203748	0.590255	114	1	116	780.602
1.308997	1.413430	2.550734	109	5	112	780.229
2.094395	1.766067	2.153843	120	143	39	780.122
-1.047198	1.658653	-2.409879	122	143	32	780.051
2.617994	0.992645	-1.723759	120	6	116	779.989
-2.617994	1.504028	0.636812	130	128	38	779.717
0.523599	1.846342	-1.796954	113	21	143	779.566
2.879793	1.662363	0.915448	101	11	129	779.488
1.047198	2.760637	2.781135	126	131	35	779.356
-2.094395	2.174483	2.653697	128	140	37	779.308
-2.356194	0.733948	3.021411	130	140	38	779.240
-2.617994	2.033014	2.977192	130	138	37	779.107
-0.261799	2.588535	-2.976617	116	131	33	779.031
-1.308997	1.617114	-1.572037	33	21	139	779.008
1.832596	2.247462	0.191623	132	135	36	779.002
0.000000	1.184361	0.625864	114	142	35	778.979
-2.617994	1.977582	0.969896	138	102	28	778.916
-2.617994	2.108018	1.311430	128	132	37	778.745
0.000000	2.979456	-1.009304	29	22	24	778.594
-0.261799	1.247695	1.809890	138	44	133	778.457
-0.785398	2.153910	-1.714959	133	45	132	778.418
2.356194	1.809167	1.213774	129	123	35	778.357
-1.308997	2.664082	-1.071402	130	127	33	778.317
0.523599	1.440580	2.260026	126	132	38	778.142
2.094395	0.290380	-0.796960	6	24	109	778.136
-0.261799	0.080730	-2.622036	115	0	117	778.029
-1.308997	2.104282	-0.813972	113	14	106	778.029
-0.261799	1.050534	3.042579	124	124	36	778.015
-1.570796	0.864993	2.278281	125	8	122	777.992
1.308997	2.001437	0.381215	131	14	109	777.913
-3.141593	0.899350	-2.069907	114	10	111	777.841
2.879793	1.977582	0.969896	107	11	135	777.789
0.785398	1.998705	2.370472	127	139	37	777.788
-0.523599	0.203748	0.590255	113	10	114	777.668
0.261799	2.881233	-2.582574	115	125	32	777.664
2.879793	2.299159	2.264663	124	142	35	777.626
2.879793	1.214854	-1.966664	118	8	109	777.388
0.261799	0.458961	-0.107937	47	137	139	777.262
-0.785398	0.370812	-2.547742	101	12	114	777.250
0.785398	1.417623	-0.202254	127	4	115	777.229
1.570796	0.899350	-2.069907	29	104	143	777.168
2.094395	2.343981	-1.040456	96	19	116	777.118
2.617994	2.356369	3.005869	135	127	34	777.111
-1.832596	1.875281	0.107086	29	102	3	777.045
0.785398	0.929350	-2.910676	121	130	36	776.939
-3.141593	2.343981	-1.040456	120	113	22	776.874
1.570796	0.866395	-2.492918	114	2	117	776.810
1.308997	1.214854	-1.966664	122	6	108	776.744
-1.308997	0.914445	2.687814	127	136	38	776.707
2.617994	1.809167	1.213774	102	13	139	776.637
-2.094395	2.063651	-2.044600	131	140	30	776.576
-0.785398	1.025536	1.576859	140	46	130	776.467
-2.617994	2.404280	-0.174044	26	108	24	776.438
2.094395	1.045978	0.343692	98	26	117	776.162
-2.617994	1.824694	1.850876	107	9	124	776.026
-1.570796	2.180315	-1.357379	136	124	28	775.908
-3.141593	0.370812	-2.547742	128	140	37	775.906
0.785398	1.599406	1.426070	134	40	4	775.852
-0.785398	2.724429	-0.348782	130	124	34	775.833
-0.785398	2.719179	-1.780644	118	141	29	775.731
-0.523599	1.168678	2.108595	136	44	127	775.461
-1.832596	2.587733	0.232235	108	143	131	775.230
2.094395	1.025536	1.576859	99	26	120	775.224
-1.308997	0.910508	1.903534	116	4	131	775.197
-2.617994	1.168678	2.108595	126	118	34	775.180
-0.261799	1.904882	-1.478089	118	135	22	775.040
-3.141593	2.063651	-2.044600	29	103	18	775.008
0.785398	2.164094	-2.991358	129	127	35	774.989
-2.094395	2.138223	1.678323	123	0	39	774.919
0.523599	2.033014	2.977192	121	141	125	774.871
0.000000	2.881233	-2.582574	112	136	32	774.775
2.094395	1.448123	-2.163292	105	12	111	774.403
-1.832596	2.033014	2.977192	122	139	37	774.329
-1.047198	0.910508	1.903534	125	9	123	774.312
1.308997	1.135834	-1.431087	118	1	113	774.239
-0.261799	0.290380	-0.796960	129	5	108	774.206
-2.356194	1.504028	0.636812	108	2	118	774.201
1.308997	0.866955	-0.931351	113	28	103	773.969
1.308997	1.846342	-1.796954	117	1	113	773.719
-1.308997	2.295480	1.008277	124	130	37	773.666
-1.832596	1.683268	0.374177	118	143	116	773.538
0.000000	0.640596	-2.797608	118	6	108	773.376
-1.047198	1.218453	2.777284	23	30	17	773.315
0.785398	2.456751	-1.503343	114	3	112	773.255
0.261799	2.719179	-1.780644	110	134	28	773.085
0.000000	1.413430	2.550734	128	117	34	772.945
-3.141593	1.134796	2.434290	123	143	131	772.889
-2.617994	1.732874	-0.951685	38	111	5	772.864
-0.785398	1.836682	-0.676006	40	13	139	772.811
-2.356194	1.836682	-0.676006	117	12	104	772.789
-3.141593	2.108018	1.311430	130	127	37	772.714
-0.261799	1.367556	0.358405	121	139	38	772.583
2.879793	0.866395	-2.492918	29	108	2	772.520
0.785398	1.756530	-2.105156	103	3	125	772.417
-1.047198	1.545873	-1.877082	115	15	105	772.400
-1.570796	2.115563	0.685730	129	127	37	772.386
-0.785398	2.299159	2.264663	121	127	37	772.324
2.617994	1.218453	2.777284	109	6	131	772.139
2.094395	2.180315	-1.357379	126	118	24	771.980
-0.261799	1.450119	-2.739050	105	15	115	771.711
-1.047198	1.741644	-2.695914	123	138	35	771.651
-0.785398	0.992645	-1.723759	108	33	104	771.618
-2.356194	1.214854	-1.966664	126	143	29	771.540
2.879793	2.404280	-0.174044	127	139	36	771.463
-2.879793	1.218453	2.777284	44	119	25	771.130
0.523599	2.073035	2.027405	125	130	38	770.912
1.570796	1.128190	-2.288622	116	4	110	770.891
-3.141593	1.545873	-1.877082	121	8	106	770.870
0.261799	2.407836	1.410646	129	129	38	770.768
-1.570796	2.456751	-1.503343	132	126	30	770.695
2.617994	0.831641	0.616218	101	13	117	770.633
-3.141593	0.866395	-2.492918	115	11	111	770.522
2.356194	0.674054	1.013609	114	125	32	770.468
1.047198	0.618092	2.539118	114	2	113	770.375
2.094395	1.732874	-0.951685	115	3	114	770.334
-2.356194	1.721184	-0.153948	112	143	122	770.230
-1.047198	0.685216	-1.712745	121	38	106	770.140
1.308997	2.138223	1.678323	132	128	37	770.129
0.785398	1.134497	-1.109631	114	4	110	770.094
-0.523599	1.617114	-1.572037	130	46	120	770.039
-2.356194	0.914445	2.687814	124	15	112	770.020
1.047198	1.599406	1.426070	21	8	40	769.448
0.000000	2.104282	-0.813972	115	2	18	769.443
-2.356194	1.824694	1.850876	114	5	125	769.345
1.832596	2.579248	-2.364801	128	122	32	769.268
0.000000	1.214854	-1.966664	103	4	119	769.213
-1.308997	1.909857	-0.381669	109	7	112	769.186
-1.047198	1.168678	2.108595	128	131	38	769.153
-0.261799	2.115563	0.685730	34	17	14	769.086
0.261799	1.391910	3.030322	101	12	114	769.047
1.308997	0.618092	2.539118	117	1	114	769.045
1.832596	1.599406	1.426070	126	126	39	768.880
0.000000	1.998705	2.370472	122	137	36	768.744
1.832596	2.349581	-2.702517	127	126	34	768.737
-2.356194	1.335669	0.897240	107	0	123	768.598
-2.617994	1.574060	2.783565	34	109	22	768.402
1.308997	2.379497	0.561089	109	20	120	768.315
-1.832596	1.809167	1.213774	126	136	40	768.290
2.879793	2.407836	1.410646	115	14	119	768.180
-0.261799	1.134796	2.434290	125	134	39	768.072
-2.879793	1.448123	-2.163292	129	140	30	768.047
-2.356194	1.812176	0.656819	114	2	113	767.976
0.261799	1.135813	-2.658866	103	4	131	767.917
-0.785398	1.310100	1.488307	132	126	34	767.727
2.617994	2.187132	-0.479875	98	17	114	767.600
1.832596	0.700570	1.559208	108	12	7	767.508
-2.617994	2.343981	-1.040456	31	107	22	767.506
0.785398	2.073035	2.027405	136	135	38	767.502
0.000000	2.587733	0.232235	128	130	36	767.334
-2.356194	1.982574	-1.115518	43	116	11	767.301
-2.094395	1.504028	0.636812	27	100	17	767.125
0.785398	1.413347	-1.339188	109	5	113	767.112
2.094395	2.001437	0.381215	101	19	111	767.095
-3.141593	2.180315	-1.357379	115	125	27	767.066
0.785398	2.396274	-1.959260	128	131	27	767.060
-1.570796	0.850607	-1.335383	133	30	106	766.763
2.879793	2.863997	0.549740	119	124	23	766.755
-1.570796	0.685216	-1.712745	133	35	109	766.740
-0.523599	1.135813	-2.658866	127	46	119	766.639
-1.308997	1.113094	-0.272241	1	140	116	766.550
-1.832596	1.325504	-1.671296	131	38	105	766.146
